Left Branch: 3, Right Branch: 3, Iterations: 100
Linear characteristic probability 2^-32
Nr of Solutions: 67435
Probability distribution: {32: 16, 34: 352, 35: 18, 36: 3461, 37: 2699, 38: 25964, 39: 34925}
Probability impact: {32: '-28.00', 34: '-25.54', 35: '-30.83', 36: '-24.24', 37: '-25.60', 38: '-23.34', 39: '-23.91'}
Linear probability 2^-21.92
Input Mask:  [0, 0, 0, 0, 0, 1, 1, 1, 1, 1, 1, 1, 0, 0, 0, 0, 0, 0, 0, 0, 1, 1, 0, 1, 0, 0, 0, 0, 0, 0, 0, 0]
Output Mask: [0, 0, 0, 0, 0, 1, 1, 1, 1, 1, 0, 0, 0, 0, 0, 0, 0, 0, 0, 0, 1, 1, 0, 1, 0, 0, 0, 0, 0, 0, 0, 0]

Linear characteristic probability 2^-32
Nr of Solutions: 27511
Probability distribution: {32: 16, 34: 256, 35: 18, 36: 1928, 37: 1247, 38: 11146, 39: 12900}
Probability impact: {32: '-28.00', 34: '-26.00', 35: '-30.83', 36: '-25.09', 37: '-26.72', 38: '-24.56', 39: '-25.34'}
Linear probability 2^-22.99
Input Mask:  [1, 0, 0, 1, 0, 0, 0, 0, 0, 0, 0, 0, 0, 0, 1, 1, 0, 0, 0, 0, 0, 0, 0, 0, 0, 0, 0, 0, 1, 0, 0, 0]
Output Mask: [1, 0, 0, 1, 0, 0, 0, 0, 0, 0, 0, 0, 0, 0, 1, 0, 0, 0, 0, 0, 0, 0, 0, 0, 0, 0, 0, 0, 1, 0, 1, 0]

Linear characteristic probability 2^-32
Nr of Solutions: 51358
Probability distribution: {32: 16, 33: 24, 34: 266, 35: 428, 36: 1994, 37: 3634, 38: 13898, 39: 31098}
Probability impact: {32: '-28.00', 33: '-28.42', 34: '-25.94', 35: '-26.26', 36: '-25.04', 37: '-25.17', 38: '-24.24', 39: '-24.08'}
Linear probability 2^-22.27
Input Mask:  [0, 0, 0, 0, 0, 0, 0, 0, 0, 0, 0, 0, 1, 0, 0, 1, 1, 0, 0, 1, 0, 0, 0, 0, 0, 0, 0, 0, 1, 0, 1, 1]
Output Mask: [0, 0, 0, 0, 0, 0, 0, 0, 0, 0, 0, 0, 0, 1, 0, 1, 1, 0, 0, 1, 0, 0, 0, 0, 0, 0, 0, 0, 1, 1, 1, 1]

Linear characteristic probability 2^-32
Nr of Solutions: 31710
Probability distribution: {32: 16, 34: 240, 35: 40, 36: 1666, 37: 1539, 38: 10668, 39: 17541}
Probability impact: {32: '-28.00', 34: '-26.09', 35: '-29.68', 36: '-25.30', 37: '-26.41', 38: '-24.62', 39: '-24.90'}
Linear probability 2^-22.93
Input Mask:  [1, 1, 1, 0, 0, 0, 0, 0, 0, 0, 0, 0, 0, 0, 0, 0, 1, 1, 0, 1, 0, 0, 0, 0, 0, 0, 0, 0, 1, 1, 1, 0]
Output Mask: [1, 1, 1, 0, 0, 0, 0, 0, 0, 0, 0, 0, 0, 0, 0, 0, 0, 0, 0, 1, 0, 0, 0, 0, 0, 0, 0, 0, 1, 0, 1, 0]

Linear characteristic probability 2^-32
Nr of Solutions: 34776
Probability distribution: {32: 8, 34: 176, 35: 22, 36: 1766, 37: 1330, 38: 13100, 39: 18374}
Probability impact: {32: '-29.00', 34: '-26.54', 35: '-30.54', 36: '-25.21', 37: '-26.62', 38: '-24.32', 39: '-24.83'}
Linear probability 2^-22.88
Input Mask:  [0, 0, 0, 0, 0, 0, 0, 0, 0, 0, 1, 0, 0, 0, 0, 0, 0, 0, 0, 0, 0, 1, 1, 0, 1, 1, 0, 0, 0, 0, 0, 0]
Output Mask: [0, 0, 0, 0, 0, 0, 0, 0, 0, 0, 1, 0, 0, 0, 0, 0, 0, 0, 0, 0, 0, 1, 1, 0, 1, 1, 0, 0, 0, 0, 0, 0]

Linear characteristic probability 2^-32
Nr of Solutions: 47746
Probability distribution: {32: 8, 33: 16, 34: 154, 35: 399, 36: 1437, 37: 4156, 38: 11532, 39: 30044}
Probability impact: {32: '-29.00', 33: '-29.00', 34: '-26.73', 35: '-26.36', 36: '-25.51', 37: '-24.98', 38: '-24.51', 39: '-24.13'}
Linear probability 2^-22.47
Input Mask:  [0, 0, 0, 0, 0, 0, 0, 0, 0, 0, 1, 1, 0, 0, 0, 0, 0, 0, 0, 0, 1, 1, 0, 0, 0, 0, 1, 0, 0, 0, 0, 0]
Output Mask: [0, 0, 0, 0, 0, 0, 0, 0, 1, 1, 0, 0, 0, 0, 0, 0, 0, 0, 0, 0, 0, 0, 1, 0, 1, 0, 0, 0, 0, 0, 0, 0]

Linear characteristic probability 2^-32
Nr of Solutions: 32508
Probability distribution: {32: 16, 34: 256, 35: 8, 36: 2006, 37: 1022, 38: 13394, 39: 15806}
Probability impact: {32: '-28.00', 34: '-26.00', 35: '-32.00', 36: '-25.03', 37: '-27.00', 38: '-24.29', 39: '-25.05'}
Linear probability 2^-22.84
Input Mask:  [0, 0, 0, 0, 1, 0, 0, 0, 0, 0, 0, 0, 0, 0, 0, 0, 0, 0, 0, 0, 1, 0, 1, 0, 0, 1, 1, 0, 0, 0, 0, 0]
Output Mask: [0, 0, 0, 0, 1, 0, 0, 0, 0, 0, 0, 0, 0, 0, 0, 0, 0, 0, 0, 0, 1, 0, 1, 0, 0, 1, 1, 0, 0, 0, 0, 0]

Linear characteristic probability 2^-32
Nr of Solutions: 24768
Probability distribution: {32: 8, 34: 168, 35: 20, 36: 1552, 37: 754, 38: 10656, 39: 11610}
Probability impact: {32: '-29.00', 34: '-26.61', 35: '-30.68', 36: '-25.40', 37: '-27.44', 38: '-24.62', 39: '-25.50'}
Linear probability 2^-23.25
Input Mask:  [0, 0, 0, 0, 1, 1, 0, 0, 0, 0, 0, 0, 0, 0, 0, 0, 0, 0, 0, 0, 0, 1, 0, 0, 1, 0, 1, 1, 0, 0, 0, 0]
Output Mask: [0, 0, 0, 0, 1, 1, 0, 0, 0, 0, 0, 0, 0, 0, 0, 0, 0, 0, 0, 0, 0, 1, 0, 0, 1, 0, 1, 1, 0, 0, 0, 0]

Linear characteristic probability 2^-32
Nr of Solutions: 36108
Probability distribution: {32: 24, 34: 344, 35: 20, 36: 2301, 37: 1737, 38: 13708, 39: 17974}
Probability impact: {32: '-27.42', 34: '-25.57', 35: '-30.68', 36: '-24.83', 37: '-26.24', 38: '-24.26', 39: '-24.87'}
Linear probability 2^-22.62
Input Mask:  [0, 0, 0, 0, 0, 0, 0, 0, 0, 0, 0, 0, 1, 1, 1, 0, 1, 0, 0, 1, 0, 0, 0, 0, 0, 0, 0, 0, 1, 1, 1, 1]
Output Mask: [0, 0, 0, 0, 0, 0, 0, 0, 0, 0, 0, 0, 0, 1, 0, 1, 0, 1, 0, 1, 0, 0, 0, 0, 0, 0, 0, 0, 1, 1, 1, 1]

Linear characteristic probability 2^-32
Nr of Solutions: 46939
Probability distribution: {32: 8, 34: 131, 35: 131, 36: 1237, 37: 3130, 38: 12154, 39: 30148}
Probability impact: {32: '-29.00', 34: '-26.97', 35: '-27.97', 36: '-25.73', 37: '-25.39', 38: '-24.43', 39: '-24.12'}
Linear probability 2^-22.64
Input Mask:  [0, 0, 0, 0, 0, 0, 0, 0, 0, 0, 0, 0, 0, 1, 0, 0, 0, 1, 0, 1, 0, 0, 0, 0, 0, 0, 0, 0, 0, 1, 1, 0]
Output Mask: [0, 0, 0, 0, 0, 0, 0, 0, 0, 0, 0, 0, 0, 1, 0, 1, 1, 0, 0, 0, 0, 0, 0, 0, 0, 0, 0, 0, 1, 0, 1, 1]

Linear characteristic probability 2^-32
Nr of Solutions: 24646
Probability distribution: {32: 2, 33: 4, 34: 36, 35: 69, 36: 393, 37: 1503, 38: 5768, 39: 16871}
Probability impact: {32: '-31.00', 33: '-31.00', 34: '-28.83', 35: '-28.89', 36: '-27.38', 37: '-26.45', 38: '-25.51', 39: '-24.96'}
Linear probability 2^-23.70
Input Mask:  [0, 0, 0, 0, 0, 0, 0, 0, 1, 1, 0, 0, 0, 0, 0, 0, 0, 0, 0, 0, 0, 1, 0, 1, 0, 0, 0, 1, 0, 0, 0, 0]
Output Mask: [1, 0, 0, 0, 0, 0, 0, 0, 0, 0, 0, 0, 0, 0, 0, 0, 1, 0, 1, 0, 0, 0, 0, 0, 0, 0, 0, 0, 0, 1, 1, 0]

Linear characteristic probability 2^-32
Nr of Solutions: 29562
Probability distribution: {32: 8, 34: 128, 35: 12, 36: 1013, 37: 1120, 38: 8531, 39: 18750}
Probability impact: {32: '-29.00', 34: '-27.00', 35: '-31.42', 36: '-26.02', 37: '-26.87', 38: '-24.94', 39: '-24.81'}
Linear probability 2^-23.29
Input Mask:  [1, 0, 0, 0, 0, 0, 0, 0, 0, 0, 0, 0, 0, 0, 0, 0, 1, 0, 1, 0, 0, 0, 0, 0, 0, 0, 0, 0, 0, 1, 1, 0]
Output Mask: [1, 0, 1, 1, 0, 0, 0, 0, 0, 0, 0, 0, 0, 0, 0, 0, 1, 0, 0, 0, 0, 0, 0, 0, 0, 0, 0, 0, 0, 0, 1, 1]

Linear characteristic probability 2^-32
Nr of Solutions: 32806
Probability distribution: {32: 16, 34: 248, 35: 16, 36: 1796, 37: 1136, 38: 13138, 39: 16456}
Probability impact: {32: '-28.00', 34: '-26.05', 35: '-31.00', 36: '-25.19', 37: '-26.85', 38: '-24.32', 39: '-24.99'}
Linear probability 2^-22.87
Input Mask:  [0, 0, 0, 1, 0, 0, 0, 0, 0, 0, 0, 0, 1, 1, 0, 0, 0, 0, 0, 0, 0, 0, 0, 0, 0, 0, 0, 0, 0, 1, 0, 1]
Output Mask: [0, 0, 0, 1, 0, 0, 0, 0, 0, 0, 0, 0, 1, 1, 0, 0, 0, 0, 0, 0, 0, 0, 0, 0, 0, 0, 0, 0, 0, 1, 0, 1]

Linear characteristic probability 2^-32
Nr of Solutions: 53826
Probability distribution: {32: 1, 33: 3, 34: 31, 35: 147, 36: 815, 37: 3600, 38: 12932, 39: 36297}
Probability impact: {32: '-32.00', 33: '-31.42', 34: '-29.05', 35: '-27.80', 36: '-26.33', 37: '-25.19', 38: '-24.34', 39: '-23.85'}
Linear probability 2^-22.60
Input Mask:  [0, 0, 0, 0, 0, 0, 0, 0, 1, 0, 0, 0, 0, 0, 0, 0, 0, 0, 0, 0, 1, 0, 0, 0, 1, 0, 1, 0, 0, 0, 0, 0]
Output Mask: [0, 0, 0, 0, 1, 1, 0, 0, 1, 0, 0, 1, 0, 0, 0, 0, 0, 0, 0, 0, 1, 1, 1, 0, 0, 0, 0, 0, 0, 0, 0, 0]

Linear characteristic probability 2^-32
Nr of Solutions: 21784
Probability distribution: {32: 8, 34: 144, 35: 6, 36: 1288, 37: 738, 38: 9626, 39: 9974}
Probability impact: {32: '-29.00', 34: '-26.83', 35: '-32.42', 36: '-25.67', 37: '-27.47', 38: '-24.77', 39: '-25.72'}
Linear probability 2^-23.44
Input Mask:  [0, 0, 0, 0, 0, 1, 0, 0, 1, 0, 1, 1, 0, 0, 0, 0, 0, 0, 0, 0, 0, 0, 0, 1, 0, 0, 0, 0, 0, 0, 0, 0]
Output Mask: [0, 0, 0, 0, 0, 1, 0, 0, 1, 0, 1, 1, 0, 0, 0, 0, 0, 0, 0, 0, 0, 0, 0, 1, 0, 0, 0, 0, 0, 0, 0, 0]

Linear characteristic probability 2^-32
Nr of Solutions: 29482
Probability distribution: {32: 8, 33: 8, 34: 112, 35: 178, 36: 1027, 37: 2104, 38: 8134, 39: 17911}
Probability impact: {32: '-29.00', 33: '-30.00', 34: '-27.19', 35: '-27.52', 36: '-26.00', 37: '-25.96', 38: '-25.01', 39: '-24.87'}
Linear probability 2^-23.16
Input Mask:  [0, 0, 0, 0, 0, 0, 0, 0, 0, 0, 0, 0, 1, 1, 0, 0, 0, 0, 1, 0, 0, 0, 0, 0, 0, 0, 0, 0, 0, 1, 0, 0]
Output Mask: [0, 1, 0, 1, 0, 0, 0, 0, 0, 0, 0, 0, 0, 0, 0, 0, 0, 0, 0, 1, 0, 0, 0, 0, 0, 0, 0, 0, 0, 1, 1, 1]

Linear characteristic probability 2^-32
Nr of Solutions: 28646
Probability distribution: {32: 8, 34: 130, 35: 65, 36: 980, 37: 1699, 38: 7568, 39: 18196}
Probability impact: {32: '-29.00', 34: '-26.98', 35: '-28.98', 36: '-26.06', 37: '-26.27', 38: '-25.11', 39: '-24.85'}
Linear probability 2^-23.27
Input Mask:  [0, 0, 0, 0, 0, 1, 1, 0, 1, 1, 0, 0, 0, 0, 0, 0, 0, 0, 0, 0, 0, 0, 0, 0, 1, 0, 1, 0, 0, 0, 0, 0]
Output Mask: [0, 0, 0, 0, 0, 1, 0, 1, 0, 0, 0, 0, 0, 0, 0, 0, 0, 0, 0, 0, 0, 1, 1, 1, 1, 0, 0, 1, 0, 0, 0, 0]

Linear characteristic probability 2^-32
Nr of Solutions: 23032
Probability distribution: {32: 1, 33: 4, 34: 36, 35: 103, 36: 663, 37: 2069, 38: 6589, 39: 13567}
Probability impact: {32: '-32.00', 33: '-31.00', 34: '-28.83', 35: '-28.31', 36: '-26.63', 37: '-25.99', 38: '-25.31', 39: '-25.27'}
Linear probability 2^-23.59
Input Mask:  [1, 1, 1, 0, 0, 0, 0, 0, 0, 0, 0, 0, 1, 0, 0, 0, 0, 0, 1, 1, 0, 0, 0, 0, 0, 0, 0, 0, 0, 0, 0, 0]
Output Mask: [0, 0, 0, 0, 0, 0, 0, 0, 0, 0, 0, 0, 0, 1, 0, 1, 0, 1, 0, 1, 0, 0, 0, 0, 0, 0, 0, 0, 1, 0, 1, 1]

Linear characteristic probability 2^-32
Nr of Solutions: 54314
Probability distribution: {32: 16, 34: 280, 35: 68, 36: 2440, 37: 2696, 38: 18562, 39: 30252}
Probability impact: {32: '-28.00', 34: '-25.87', 35: '-28.91', 36: '-24.75', 37: '-25.60', 38: '-23.82', 39: '-24.12'}
Linear probability 2^-22.26
Input Mask:  [1, 1, 1, 0, 0, 0, 0, 0, 0, 0, 0, 0, 0, 0, 0, 0, 1, 1, 1, 1, 0, 0, 0, 0, 0, 0, 0, 0, 1, 1, 1, 0]
Output Mask: [1, 1, 1, 0, 0, 0, 0, 0, 0, 0, 0, 0, 0, 0, 0, 0, 1, 1, 1, 1, 0, 0, 0, 0, 0, 0, 0, 0, 1, 1, 1, 0]

Linear characteristic probability 2^-32
Nr of Solutions: 58380
Probability distribution: {32: 24, 34: 364, 35: 196, 36: 2736, 37: 4052, 38: 18874, 39: 32134}
Probability impact: {32: '-27.42', 34: '-25.49', 35: '-27.39', 36: '-24.58', 37: '-25.02', 38: '-23.80', 39: '-24.03'}
Linear probability 2^-22.06
Input Mask:  [0, 0, 0, 0, 0, 0, 0, 0, 0, 0, 0, 0, 0, 1, 0, 1, 1, 0, 0, 0, 0, 0, 0, 0, 0, 0, 0, 0, 0, 0, 0, 1]
Output Mask: [0, 0, 0, 0, 0, 0, 0, 0, 0, 0, 0, 0, 0, 1, 0, 1, 1, 0, 0, 0, 0, 0, 0, 0, 0, 0, 0, 0, 0, 0, 0, 1]

Linear characteristic probability 2^-32
Nr of Solutions: 38805
Probability distribution: {32: 8, 33: 8, 34: 136, 35: 151, 36: 1233, 37: 2638, 38: 10839, 39: 23792}
Probability impact: {32: '-29.00', 33: '-30.00', 34: '-26.91', 35: '-27.76', 36: '-25.73', 37: '-25.63', 38: '-24.60', 39: '-24.46'}
Linear probability 2^-22.82
Input Mask:  [0, 0, 0, 0, 0, 0, 0, 0, 0, 0, 1, 0, 0, 0, 0, 0, 0, 0, 0, 0, 1, 0, 1, 1, 0, 1, 0, 1, 0, 0, 0, 0]
Output Mask: [0, 0, 0, 0, 1, 0, 0, 0, 0, 0, 0, 0, 0, 0, 0, 0, 0, 0, 0, 0, 0, 1, 0, 1, 0, 0, 1, 0, 0, 0, 0, 0]

Linear characteristic probability 2^-32
Nr of Solutions: 34786
Probability distribution: {32: 16, 34: 240, 35: 64, 36: 1974, 37: 1610, 38: 12946, 39: 17936}
Probability impact: {32: '-28.00', 34: '-26.09', 35: '-29.00', 36: '-25.05', 37: '-26.35', 38: '-24.34', 39: '-24.87'}
Linear probability 2^-22.77
Input Mask:  [0, 0, 0, 0, 0, 0, 0, 0, 1, 1, 0, 0, 0, 0, 0, 0, 0, 0, 0, 0, 0, 0, 1, 0, 0, 1, 0, 0, 0, 0, 0, 0]
Output Mask: [0, 0, 0, 0, 0, 0, 0, 0, 1, 1, 0, 0, 0, 0, 0, 0, 0, 0, 0, 0, 0, 0, 1, 0, 0, 1, 0, 0, 0, 0, 0, 0]

Linear characteristic probability 2^-32
Nr of Solutions: 28784
Probability distribution: {32: 8, 34: 152, 35: 6, 36: 1332, 37: 898, 38: 11348, 39: 15040}
Probability impact: {32: '-29.00', 34: '-26.75', 35: '-32.42', 36: '-25.62', 37: '-27.19', 38: '-24.53', 39: '-25.12'}
Linear probability 2^-23.18
Input Mask:  [0, 0, 0, 0, 0, 0, 1, 0, 0, 0, 0, 0, 0, 0, 0, 0, 0, 0, 0, 0, 1, 1, 0, 0, 0, 0, 1, 0, 0, 0, 0, 0]
Output Mask: [0, 0, 0, 0, 0, 0, 1, 0, 0, 0, 0, 0, 0, 0, 0, 0, 0, 0, 0, 0, 1, 1, 0, 0, 0, 0, 1, 0, 0, 0, 0, 0]

Linear characteristic probability 2^-32
Nr of Solutions: 29636
Probability distribution: {32: 16, 34: 248, 35: 14, 36: 1837, 37: 1321, 38: 11418, 39: 14782}
Probability impact: {32: '-28.00', 34: '-26.05', 35: '-31.19', 36: '-25.16', 37: '-26.63', 38: '-24.52', 39: '-25.15'}
Linear probability 2^-22.95
Input Mask:  [0, 0, 0, 0, 0, 0, 0, 0, 0, 0, 0, 0, 1, 0, 0, 0, 0, 0, 1, 1, 0, 0, 0, 0, 0, 0, 0, 0, 0, 0, 1, 0]
Output Mask: [0, 0, 0, 0, 0, 0, 0, 0, 0, 0, 0, 0, 1, 0, 0, 0, 0, 1, 0, 0, 0, 0, 0, 0, 0, 0, 0, 0, 0, 0, 1, 0]

Linear characteristic probability 2^-32
Nr of Solutions: 44770
Probability distribution: {32: 8, 34: 146, 35: 173, 36: 1310, 37: 2845, 38: 10659, 39: 29629}
Probability impact: {32: '-29.00', 34: '-26.81', 35: '-27.57', 36: '-25.64', 37: '-25.53', 38: '-24.62', 39: '-24.15'}
Linear probability 2^-22.69
Input Mask:  [0, 0, 0, 0, 0, 0, 0, 0, 0, 1, 0, 1, 0, 0, 0, 0, 0, 0, 0, 0, 1, 0, 0, 0, 1, 0, 1, 1, 0, 0, 0, 0]
Output Mask: [0, 0, 0, 0, 0, 0, 0, 0, 1, 1, 1, 1, 0, 0, 0, 0, 0, 0, 0, 0, 0, 0, 1, 0, 0, 1, 0, 0, 0, 0, 0, 0]

Linear characteristic probability 2^-32
Nr of Solutions: 28370
Probability distribution: {32: 8, 34: 160, 35: 8, 36: 1514, 37: 832, 38: 11472, 39: 14376}
Probability impact: {32: '-29.00', 34: '-26.68', 35: '-32.00', 36: '-25.44', 37: '-27.30', 38: '-24.51', 39: '-25.19'}
Linear probability 2^-23.15
Input Mask:  [0, 0, 0, 0, 0, 0, 0, 1, 1, 1, 0, 0, 0, 0, 0, 0, 0, 0, 0, 0, 1, 0, 1, 1, 0, 0, 0, 0, 0, 0, 0, 0]
Output Mask: [0, 0, 0, 0, 0, 0, 0, 1, 1, 1, 0, 0, 0, 0, 0, 0, 0, 0, 0, 0, 1, 0, 1, 1, 0, 0, 0, 0, 0, 0, 0, 0]

Linear characteristic probability 2^-32
Nr of Solutions: 46739
Probability distribution: {32: 8, 33: 8, 34: 145, 35: 151, 36: 1414, 37: 2800, 38: 12398, 39: 29815}
Probability impact: {32: '-29.00', 33: '-30.00', 34: '-26.82', 35: '-27.76', 36: '-25.53', 37: '-25.55', 38: '-24.40', 39: '-24.14'}
Linear probability 2^-22.61
Input Mask:  [0, 1, 1, 1, 0, 0, 0, 0, 0, 0, 0, 0, 1, 1, 1, 1, 1, 1, 0, 1, 0, 0, 0, 0, 0, 0, 0, 0, 0, 0, 0, 0]
Output Mask: [1, 0, 0, 1, 0, 0, 0, 0, 0, 0, 0, 0, 0, 0, 0, 0, 0, 0, 1, 0, 0, 0, 0, 0, 0, 0, 0, 0, 1, 0, 0, 1]

Linear characteristic probability 2^-32
Nr of Solutions: 25499
Probability distribution: {32: 8, 34: 152, 35: 8, 36: 1346, 37: 781, 38: 9728, 39: 13476}
Probability impact: {32: '-29.00', 34: '-26.75', 35: '-32.00', 36: '-25.61', 37: '-27.39', 38: '-24.75', 39: '-25.28'}
Linear probability 2^-23.31
Input Mask:  [0, 0, 0, 0, 0, 1, 1, 1, 0, 1, 1, 1, 0, 0, 0, 0, 0, 0, 0, 0, 1, 0, 1, 1, 0, 0, 0, 0, 0, 0, 0, 0]
Output Mask: [0, 0, 0, 0, 0, 0, 0, 1, 0, 1, 1, 1, 0, 0, 0, 0, 0, 0, 0, 0, 1, 0, 1, 1, 0, 0, 0, 0, 0, 0, 0, 0]

Linear characteristic probability 2^-32
Nr of Solutions: 49682
Probability distribution: {32: 16, 34: 272, 35: 100, 36: 2572, 37: 2600, 38: 17298, 39: 26824}
Probability impact: {32: '-28.00', 34: '-25.91', 35: '-28.36', 36: '-24.67', 37: '-25.66', 38: '-23.92', 39: '-24.29'}
Linear probability 2^-22.32
Input Mask:  [0, 0, 0, 0, 0, 0, 0, 0, 0, 0, 0, 0, 1, 0, 0, 0, 0, 1, 1, 1, 0, 0, 0, 0, 0, 0, 0, 0, 0, 1, 0, 1]
Output Mask: [0, 0, 0, 0, 0, 0, 0, 0, 0, 0, 0, 0, 1, 0, 0, 0, 0, 1, 1, 1, 0, 0, 0, 0, 0, 0, 0, 0, 0, 1, 0, 1]

Linear characteristic probability 2^-32
Nr of Solutions: 33247
Probability distribution: {32: 8, 34: 168, 35: 32, 36: 1565, 37: 1256, 38: 11699, 39: 18519}
Probability impact: {32: '-29.00', 34: '-26.61', 35: '-30.00', 36: '-25.39', 37: '-26.71', 38: '-24.49', 39: '-24.82'}
Linear probability 2^-22.98
Input Mask:  [0, 0, 0, 0, 0, 1, 1, 1, 1, 0, 0, 0, 0, 0, 0, 0, 0, 0, 0, 0, 0, 0, 0, 0, 0, 0, 0, 1, 0, 0, 0, 0]
Output Mask: [0, 0, 0, 0, 0, 1, 1, 1, 1, 0, 0, 1, 0, 0, 0, 0, 0, 0, 0, 0, 0, 0, 0, 0, 0, 1, 1, 1, 0, 0, 0, 0]

Linear characteristic probability 2^-32
Nr of Solutions: 44570
Probability distribution: {32: 8, 33: 8, 34: 160, 35: 165, 36: 1722, 37: 2885, 38: 14178, 39: 25444}
Probability impact: {32: '-29.00', 33: '-30.00', 34: '-26.68', 35: '-27.63', 36: '-25.25', 37: '-25.51', 38: '-24.21', 39: '-24.36'}
Linear probability 2^-22.57
Input Mask:  [0, 0, 0, 0, 0, 0, 0, 0, 0, 0, 0, 0, 1, 0, 0, 1, 1, 1, 0, 1, 0, 0, 0, 0, 0, 0, 0, 0, 1, 0, 1, 0]
Output Mask: [0, 0, 0, 0, 0, 0, 0, 0, 0, 0, 0, 0, 0, 0, 1, 0, 1, 1, 1, 1, 0, 0, 0, 0, 0, 0, 0, 0, 1, 1, 1, 0]

Linear characteristic probability 2^-32
Nr of Solutions: 32772
Probability distribution: {32: 8, 34: 176, 35: 12, 36: 1720, 37: 1222, 38: 13408, 39: 16226}
Probability impact: {32: '-29.00', 34: '-26.54', 35: '-31.42', 36: '-25.25', 37: '-26.74', 38: '-24.29', 39: '-25.01'}
Linear probability 2^-22.94
Input Mask:  [0, 0, 0, 0, 0, 0, 1, 1, 0, 0, 0, 0, 0, 0, 0, 0, 0, 0, 0, 0, 0, 0, 1, 0, 0, 0, 1, 0, 0, 0, 0, 0]
Output Mask: [0, 0, 0, 0, 0, 0, 1, 1, 0, 0, 0, 0, 0, 0, 0, 0, 0, 0, 0, 0, 0, 0, 1, 0, 0, 0, 1, 0, 0, 0, 0, 0]

Linear characteristic probability 2^-32
Nr of Solutions: 28707
Probability distribution: {32: 1, 33: 3, 34: 21, 35: 74, 36: 446, 37: 1707, 38: 6804, 39: 19651}
Probability impact: {32: '-32.00', 33: '-31.42', 34: '-29.61', 35: '-28.79', 36: '-27.20', 37: '-26.26', 38: '-25.27', 39: '-24.74'}
Linear probability 2^-23.52
Input Mask:  [1, 1, 0, 0, 0, 0, 0, 0, 0, 0, 0, 0, 1, 0, 0, 1, 0, 0, 0, 0, 0, 0, 0, 0, 0, 0, 0, 0, 0, 0, 0, 1]
Output Mask: [0, 0, 0, 0, 1, 0, 0, 0, 0, 1, 0, 0, 0, 0, 0, 0, 0, 0, 0, 0, 0, 1, 0, 0, 0, 0, 0, 0, 0, 0, 0, 0]

Linear characteristic probability 2^-32
Nr of Solutions: 24894
Probability distribution: {32: 2, 33: 4, 34: 36, 35: 69, 36: 393, 37: 1547, 38: 5956, 39: 16887}
Probability impact: {32: '-31.00', 33: '-31.00', 34: '-28.83', 35: '-28.89', 36: '-27.38', 37: '-26.40', 38: '-25.46', 39: '-24.96'}
Linear probability 2^-23.68
Input Mask:  [0, 0, 0, 0, 0, 0, 0, 0, 0, 0, 0, 0, 1, 1, 0, 0, 0, 1, 0, 1, 0, 0, 0, 0, 0, 0, 0, 0, 0, 0, 0, 1]
Output Mask: [0, 0, 0, 0, 1, 0, 0, 0, 0, 0, 0, 0, 0, 0, 0, 0, 0, 0, 0, 0, 1, 0, 1, 0, 1, 0, 1, 1, 0, 0, 0, 0]

Linear characteristic probability 2^-32
Nr of Solutions: 27600
Probability distribution: {32: 16, 34: 240, 35: 28, 36: 1750, 37: 1286, 38: 11130, 39: 13150}
Probability impact: {32: '-28.00', 34: '-26.09', 35: '-30.19', 36: '-25.23', 37: '-26.67', 38: '-24.56', 39: '-25.32'}
Linear probability 2^-23.02
Input Mask:  [0, 0, 0, 0, 0, 0, 0, 0, 0, 0, 0, 0, 0, 0, 0, 1, 0, 1, 0, 1, 0, 0, 0, 0, 0, 0, 0, 0, 0, 0, 1, 0]
Output Mask: [0, 0, 0, 0, 0, 0, 0, 0, 0, 0, 0, 0, 0, 0, 0, 1, 0, 1, 0, 1, 0, 0, 0, 0, 0, 0, 0, 0, 0, 0, 1, 0]

Linear characteristic probability 2^-32
Nr of Solutions: 40149
Probability distribution: {32: 8, 34: 196, 35: 62, 36: 2066, 37: 1817, 38: 14194, 39: 21806}
Probability impact: {32: '-29.00', 34: '-26.39', 35: '-29.05', 36: '-24.99', 37: '-26.17', 38: '-24.21', 39: '-24.59'}
Linear probability 2^-22.67
Input Mask:  [0, 1, 1, 0, 0, 0, 0, 0, 0, 0, 0, 0, 0, 0, 0, 0, 0, 1, 0, 1, 0, 0, 0, 0, 0, 0, 0, 0, 1, 0, 1, 1]
Output Mask: [0, 1, 1, 0, 0, 0, 0, 0, 0, 0, 0, 0, 0, 0, 0, 0, 1, 1, 1, 0, 0, 0, 0, 0, 0, 0, 0, 0, 0, 1, 1, 0]

Linear characteristic probability 2^-32
Nr of Solutions: 24484
Probability distribution: {32: 8, 34: 144, 35: 18, 36: 1354, 37: 792, 38: 10056, 39: 12112}
Probability impact: {32: '-29.00', 34: '-26.83', 35: '-30.83', 36: '-25.60', 37: '-27.37', 38: '-24.70', 39: '-25.44'}
Linear probability 2^-23.33
Input Mask:  [0, 0, 0, 0, 0, 0, 0, 0, 0, 1, 1, 0, 0, 0, 0, 0, 0, 0, 0, 0, 0, 0, 1, 0, 0, 1, 0, 1, 0, 0, 0, 0]
Output Mask: [0, 0, 0, 0, 0, 0, 0, 0, 0, 1, 1, 0, 0, 0, 0, 0, 0, 0, 0, 0, 0, 0, 1, 0, 0, 1, 0, 1, 0, 0, 0, 0]

Linear characteristic probability 2^-32
Nr of Solutions: 29348
Probability distribution: {32: 1, 33: 3, 34: 21, 35: 74, 36: 422, 37: 1851, 38: 6985, 39: 19991}
Probability impact: {32: '-32.00', 33: '-31.42', 34: '-29.61', 35: '-28.79', 36: '-27.28', 37: '-26.15', 38: '-25.23', 39: '-24.71'}
Linear probability 2^-23.48
Input Mask:  [0, 1, 1, 1, 0, 0, 0, 0, 0, 0, 0, 0, 1, 0, 0, 0, 0, 0, 0, 0, 0, 0, 0, 0, 0, 0, 0, 0, 0, 0, 0, 1]
Output Mask: [0, 0, 0, 0, 1, 0, 0, 0, 0, 1, 0, 0, 0, 0, 0, 0, 0, 0, 0, 0, 0, 0, 1, 1, 0, 0, 0, 0, 0, 0, 0, 0]

Linear characteristic probability 2^-32
Nr of Solutions: 37554
Probability distribution: {32: 8, 34: 176, 35: 28, 36: 1758, 37: 1430, 38: 14070, 39: 20084}
Probability impact: {32: '-29.00', 34: '-26.54', 35: '-30.19', 36: '-25.22', 37: '-26.52', 38: '-24.22', 39: '-24.71'}
Linear probability 2^-22.80
Input Mask:  [0, 0, 0, 0, 0, 0, 0, 0, 0, 0, 1, 1, 0, 0, 0, 0, 0, 0, 0, 0, 0, 1, 0, 0, 1, 0, 1, 1, 0, 0, 0, 0]
Output Mask: [0, 0, 0, 0, 0, 0, 0, 0, 0, 0, 1, 1, 0, 0, 0, 0, 0, 0, 0, 0, 0, 1, 0, 0, 1, 0, 1, 1, 0, 0, 0, 0]

Linear characteristic probability 2^-32
Nr of Solutions: 24737
Probability distribution: {32: 16, 34: 240, 35: 8, 36: 1700, 37: 1199, 38: 10211, 39: 11363}
Probability impact: {32: '-28.00', 34: '-26.09', 35: '-32.00', 36: '-25.27', 37: '-26.77', 38: '-24.68', 39: '-25.53'}
Linear probability 2^-23.13
Input Mask:  [0, 0, 0, 0, 0, 0, 1, 1, 0, 1, 1, 1, 0, 0, 0, 0, 0, 0, 0, 0, 0, 1, 0, 0, 0, 0, 0, 0, 0, 0, 0, 0]
Output Mask: [0, 0, 0, 0, 0, 0, 1, 1, 0, 0, 0, 1, 0, 0, 0, 0, 0, 0, 0, 0, 0, 1, 0, 0, 0, 0, 0, 0, 0, 0, 0, 0]

Linear characteristic probability 2^-32
Nr of Solutions: 71496
Probability distribution: {32: 8, 33: 8, 34: 184, 35: 259, 36: 2136, 37: 4382, 38: 19248, 39: 45271}
Probability impact: {32: '-29.00', 33: '-30.00', 34: '-26.48', 35: '-26.98', 36: '-24.94', 37: '-24.90', 38: '-23.77', 39: '-23.53'}
Linear probability 2^-22.01
Input Mask:  [1, 1, 1, 0, 0, 0, 0, 0, 0, 0, 0, 0, 0, 0, 0, 0, 0, 1, 1, 1, 0, 0, 0, 0, 0, 0, 0, 0, 1, 1, 0, 0]
Output Mask: [1, 1, 1, 0, 0, 0, 0, 0, 0, 0, 0, 0, 0, 0, 0, 0, 0, 0, 0, 1, 0, 0, 0, 0, 0, 0, 0, 0, 1, 1, 0, 0]

Linear characteristic probability 2^-32
Nr of Solutions: 38457
Probability distribution: {32: 8, 34: 112, 35: 97, 36: 884, 37: 2476, 38: 8474, 39: 26406}
Probability impact: {32: '-29.00', 34: '-27.19', 35: '-28.40', 36: '-26.21', 37: '-25.73', 38: '-24.95', 39: '-24.31'}
Linear probability 2^-22.98
Input Mask:  [1, 1, 0, 0, 0, 0, 0, 0, 0, 0, 0, 0, 0, 0, 0, 0, 0, 0, 0, 1, 0, 0, 0, 0, 0, 0, 0, 0, 1, 1, 0, 0]
Output Mask: [0, 0, 0, 1, 0, 0, 0, 0, 0, 0, 0, 0, 1, 0, 1, 0, 0, 1, 0, 1, 0, 0, 0, 0, 0, 0, 0, 0, 0, 0, 0, 0]

Linear characteristic probability 2^-32
Nr of Solutions: 31289
Probability distribution: {32: 8, 34: 160, 35: 28, 36: 1488, 37: 1318, 38: 11143, 39: 17144}
Probability impact: {32: '-29.00', 34: '-26.68', 35: '-30.19', 36: '-25.46', 37: '-26.64', 38: '-24.56', 39: '-24.93'}
Linear probability 2^-23.05
Input Mask:  [0, 0, 0, 0, 0, 0, 1, 1, 0, 0, 0, 0, 0, 0, 0, 0, 0, 0, 0, 0, 0, 1, 1, 0, 0, 1, 0, 0, 0, 0, 0, 0]
Output Mask: [0, 0, 0, 0, 0, 0, 1, 1, 0, 0, 0, 0, 0, 0, 0, 0, 0, 0, 0, 0, 1, 0, 1, 1, 0, 0, 1, 1, 0, 0, 0, 0]

Linear characteristic probability 2^-32
Nr of Solutions: 44533
Probability distribution: {32: 16, 34: 240, 35: 74, 36: 2037, 37: 2446, 38: 14062, 39: 25658}
Probability impact: {32: '-28.00', 34: '-26.09', 35: '-28.79', 36: '-25.01', 37: '-25.74', 38: '-24.22', 39: '-24.35'}
Linear probability 2^-22.53
Input Mask:  [0, 0, 0, 0, 0, 0, 0, 0, 0, 0, 0, 0, 1, 1, 0, 0, 0, 0, 1, 0, 0, 0, 0, 0, 0, 0, 0, 0, 0, 1, 1, 0]
Output Mask: [0, 0, 0, 0, 0, 0, 0, 0, 0, 0, 0, 0, 1, 1, 0, 0, 0, 0, 1, 0, 0, 0, 0, 0, 0, 0, 0, 0, 0, 1, 0, 0]

Linear characteristic probability 2^-32
Nr of Solutions: 21077
Probability distribution: {32: 2, 33: 4, 34: 26, 35: 53, 36: 284, 37: 1159, 38: 4665, 39: 14884}
Probability impact: {32: '-31.00', 33: '-31.00', 34: '-29.30', 35: '-29.27', 36: '-27.85', 37: '-26.82', 38: '-25.81', 39: '-25.14'}
Linear probability 2^-23.98
Input Mask:  [0, 0, 0, 0, 0, 0, 0, 0, 1, 1, 0, 0, 0, 0, 0, 0, 0, 0, 0, 0, 0, 1, 0, 1, 0, 1, 1, 1, 0, 0, 0, 0]
Output Mask: [0, 1, 1, 1, 0, 0, 0, 0, 0, 0, 0, 0, 1, 0, 0, 1, 0, 0, 0, 0, 0, 0, 0, 0, 0, 0, 0, 0, 1, 0, 1, 0]

Linear characteristic probability 2^-32
Nr of Solutions: 43783
Probability distribution: {32: 16, 34: 240, 35: 74, 36: 2029, 37: 2404, 38: 13979, 39: 25041}
Probability impact: {32: '-28.00', 34: '-26.09', 35: '-28.79', 36: '-25.01', 37: '-25.77', 38: '-24.23', 39: '-24.39'}
Linear probability 2^-22.55
Input Mask:  [0, 0, 0, 0, 0, 0, 0, 0, 1, 1, 0, 0, 0, 0, 0, 0, 0, 0, 0, 0, 0, 0, 1, 0, 0, 1, 1, 0, 0, 0, 0, 0]
Output Mask: [0, 0, 0, 0, 0, 0, 0, 0, 1, 1, 0, 0, 0, 0, 0, 0, 0, 0, 0, 0, 0, 0, 1, 1, 0, 1, 0, 0, 0, 0, 0, 0]

Linear characteristic probability 2^-32
Nr of Solutions: 36632
Probability distribution: {32: 16, 34: 272, 35: 18, 36: 2145, 37: 1352, 38: 13965, 39: 18864}
Probability impact: {32: '-28.00', 34: '-25.91', 35: '-30.83', 36: '-24.93', 37: '-26.60', 38: '-24.23', 39: '-24.80'}
Linear probability 2^-22.71
Input Mask:  [0, 1, 0, 1, 0, 0, 0, 0, 0, 0, 0, 0, 0, 0, 0, 0, 1, 1, 1, 1, 0, 0, 0, 0, 0, 0, 0, 0, 1, 1, 1, 0]
Output Mask: [0, 1, 0, 1, 0, 0, 0, 0, 0, 0, 0, 0, 0, 0, 0, 0, 1, 0, 1, 1, 0, 0, 0, 0, 0, 0, 0, 0, 0, 1, 0, 1]

Linear characteristic probability 2^-32
Nr of Solutions: 30192
Probability distribution: {32: 2, 33: 4, 34: 28, 35: 47, 36: 375, 37: 1597, 38: 6766, 39: 21373}
Probability impact: {32: '-31.00', 33: '-31.00', 34: '-29.19', 35: '-29.45', 36: '-27.45', 37: '-26.36', 38: '-25.28', 39: '-24.62'}
Linear probability 2^-23.50
Input Mask:  [1, 1, 1, 1, 0, 0, 0, 0, 0, 0, 0, 0, 0, 0, 0, 0, 1, 0, 1, 0, 0, 0, 0, 0, 0, 0, 0, 0, 0, 1, 0, 0]
Output Mask: [0, 0, 0, 0, 0, 0, 0, 0, 1, 1, 1, 1, 0, 0, 0, 0, 0, 0, 0, 0, 1, 1, 1, 0, 0, 1, 1, 1, 0, 0, 0, 0]

Linear characteristic probability 2^-32
Nr of Solutions: 41801
Probability distribution: {32: 24, 34: 348, 35: 67, 36: 2358, 37: 2007, 38: 14745, 39: 22252}
Probability impact: {32: '-27.42', 34: '-25.56', 35: '-28.93', 36: '-24.80', 37: '-26.03', 38: '-24.15', 39: '-24.56'}
Linear probability 2^-22.48
Input Mask:  [0, 0, 0, 0, 0, 0, 0, 0, 0, 1, 0, 0, 0, 0, 0, 0, 0, 0, 0, 0, 1, 1, 1, 0, 0, 1, 1, 0, 0, 0, 0, 0]
Output Mask: [0, 0, 0, 0, 0, 0, 0, 0, 0, 1, 0, 0, 0, 0, 0, 0, 0, 0, 0, 0, 0, 1, 0, 1, 0, 1, 1, 0, 0, 0, 0, 0]

Linear characteristic probability 2^-32
Nr of Solutions: 46498
Probability distribution: {32: 16, 34: 272, 35: 8, 36: 2273, 37: 2057, 38: 15950, 39: 25922}
Probability impact: {32: '-28.00', 34: '-25.91', 35: '-32.00', 36: '-24.85', 37: '-25.99', 38: '-24.04', 39: '-24.34'}
Linear probability 2^-22.46
Input Mask:  [0, 0, 0, 0, 1, 1, 0, 1, 0, 0, 1, 1, 0, 0, 0, 0, 0, 0, 0, 0, 0, 0, 0, 0, 1, 0, 1, 1, 0, 0, 0, 0]
Output Mask: [0, 0, 0, 0, 1, 1, 0, 1, 0, 0, 1, 1, 0, 0, 0, 0, 0, 0, 0, 0, 0, 0, 0, 0, 1, 1, 1, 1, 0, 0, 0, 0]

Linear characteristic probability 2^-32
Nr of Solutions: 39590
Probability distribution: {32: 16, 34: 264, 35: 44, 36: 2280, 37: 1372, 38: 16178, 39: 19436}
Probability impact: {32: '-28.00', 34: '-25.96', 35: '-29.54', 36: '-24.85', 37: '-26.58', 38: '-24.02', 39: '-24.75'}
Linear probability 2^-22.60
Input Mask:  [1, 0, 1, 1, 0, 0, 0, 0, 0, 0, 0, 0, 1, 0, 0, 0, 0, 0, 0, 0, 0, 0, 0, 0, 0, 0, 0, 0, 0, 1, 0, 0]
Output Mask: [1, 0, 1, 1, 0, 0, 0, 0, 0, 0, 0, 0, 1, 0, 0, 0, 0, 0, 0, 0, 0, 0, 0, 0, 0, 0, 0, 0, 0, 1, 0, 0]

Linear characteristic probability 2^-32
Nr of Solutions: 25050
Probability distribution: {32: 8, 34: 144, 35: 4, 36: 1248, 37: 752, 38: 9592, 39: 13302}
Probability impact: {32: '-29.00', 34: '-26.83', 35: '-33.00', 36: '-25.71', 37: '-27.45', 38: '-24.77', 39: '-25.30'}
Linear probability 2^-23.36
Input Mask:  [0, 0, 0, 0, 0, 0, 1, 1, 1, 1, 0, 1, 0, 0, 0, 0, 0, 0, 0, 0, 0, 0, 0, 0, 1, 0, 0, 0, 0, 0, 0, 0]
Output Mask: [0, 0, 0, 0, 0, 0, 1, 1, 1, 1, 0, 1, 0, 0, 0, 0, 0, 0, 0, 0, 0, 0, 0, 0, 1, 0, 1, 0, 0, 0, 0, 0]

Linear characteristic probability 2^-32
Nr of Solutions: 41301
Probability distribution: {32: 24, 34: 348, 35: 72, 36: 2387, 37: 2058, 38: 15174, 39: 21238}
Probability impact: {32: '-27.42', 34: '-25.56', 35: '-28.83', 36: '-24.78', 37: '-25.99', 38: '-24.11', 39: '-24.63'}
Linear probability 2^-22.48
Input Mask:  [0, 0, 0, 0, 0, 0, 0, 0, 0, 1, 0, 0, 0, 0, 0, 0, 0, 0, 0, 0, 0, 1, 0, 1, 0, 1, 1, 0, 0, 0, 0, 0]
Output Mask: [0, 0, 0, 0, 0, 0, 0, 0, 0, 1, 0, 0, 0, 0, 0, 0, 0, 0, 0, 0, 0, 1, 0, 1, 1, 0, 1, 1, 0, 0, 0, 0]

Linear characteristic probability 2^-32
Nr of Solutions: 36926
Probability distribution: {32: 8, 34: 196, 35: 62, 36: 2042, 37: 1742, 38: 13666, 39: 19210}
Probability impact: {32: '-29.00', 34: '-26.39', 35: '-29.05', 36: '-25.00', 37: '-26.23', 38: '-24.26', 39: '-24.77'}
Linear probability 2^-22.75
Input Mask:  [0, 1, 1, 0, 0, 0, 0, 0, 0, 0, 0, 0, 0, 0, 0, 0, 1, 1, 1, 0, 0, 0, 0, 0, 0, 0, 0, 0, 1, 0, 1, 1]
Output Mask: [0, 1, 1, 0, 0, 0, 0, 0, 0, 0, 0, 0, 0, 0, 0, 0, 0, 1, 0, 1, 0, 0, 0, 0, 0, 0, 0, 0, 1, 0, 1, 1]

Linear characteristic probability 2^-32
Nr of Solutions: 29017
Probability distribution: {32: 8, 34: 168, 36: 1538, 37: 1075, 38: 11437, 39: 14791}
Probability impact: {32: '-29.00', 34: '-26.61', 36: '-25.41', 37: '-26.93', 38: '-24.52', 39: '-25.15'}
Linear probability 2^-23.11
Input Mask:  [1, 0, 0, 1, 0, 0, 0, 0, 0, 0, 0, 0, 1, 0, 1, 1, 0, 0, 0, 0, 0, 0, 0, 0, 0, 0, 0, 0, 1, 1, 0, 0]
Output Mask: [0, 1, 0, 1, 0, 0, 0, 0, 0, 0, 0, 0, 1, 1, 1, 1, 0, 0, 0, 0, 0, 0, 0, 0, 0, 0, 0, 0, 1, 1, 1, 1]

Linear characteristic probability 2^-32
Nr of Solutions: 41766
Probability distribution: {32: 24, 34: 336, 35: 72, 36: 2408, 37: 2248, 38: 14640, 39: 22038}
Probability impact: {32: '-27.42', 34: '-25.61', 35: '-28.83', 36: '-24.77', 37: '-25.87', 38: '-24.16', 39: '-24.57'}
Linear probability 2^-22.47
Input Mask:  [0, 0, 0, 0, 0, 0, 0, 0, 0, 0, 0, 0, 0, 0, 1, 1, 1, 1, 0, 0, 0, 0, 0, 0, 0, 0, 0, 0, 0, 0, 1, 0]
Output Mask: [0, 0, 0, 0, 0, 0, 0, 0, 0, 0, 0, 0, 0, 0, 1, 1, 1, 1, 0, 0, 0, 0, 0, 0, 0, 0, 0, 0, 0, 0, 1, 0]

Linear characteristic probability 2^-32
Nr of Solutions: 59056
Probability distribution: {32: 8, 34: 204, 35: 118, 36: 2420, 37: 2824, 38: 20180, 39: 33302}
Probability impact: {32: '-29.00', 34: '-26.33', 35: '-28.12', 36: '-24.76', 37: '-25.54', 38: '-23.70', 39: '-23.98'}
Linear probability 2^-22.20
Input Mask:  [0, 0, 0, 0, 0, 1, 1, 0, 0, 0, 0, 0, 0, 0, 0, 0, 0, 0, 0, 0, 0, 1, 0, 1, 0, 1, 1, 0, 0, 0, 0, 0]
Output Mask: [0, 0, 0, 0, 0, 1, 1, 0, 0, 0, 0, 0, 0, 0, 0, 0, 0, 0, 0, 0, 0, 1, 0, 1, 0, 1, 1, 0, 0, 0, 0, 0]

Linear characteristic probability 2^-32
Nr of Solutions: 58380
Probability distribution: {32: 24, 34: 364, 35: 196, 36: 2736, 37: 4052, 38: 18874, 39: 32134}
Probability impact: {32: '-27.42', 34: '-25.49', 35: '-27.39', 36: '-24.58', 37: '-25.02', 38: '-23.80', 39: '-24.03'}
Linear probability 2^-22.06
Input Mask:  [0, 0, 0, 0, 0, 0, 0, 0, 0, 1, 0, 1, 0, 0, 0, 0, 0, 0, 0, 0, 1, 0, 0, 0, 0, 0, 0, 1, 0, 0, 0, 0]
Output Mask: [0, 0, 0, 0, 0, 0, 0, 0, 0, 1, 0, 1, 0, 0, 0, 0, 0, 0, 0, 0, 1, 0, 0, 0, 0, 0, 0, 1, 0, 0, 0, 0]

Linear characteristic probability 2^-32
Nr of Solutions: 24768
Probability distribution: {32: 8, 34: 168, 35: 20, 36: 1552, 37: 754, 38: 10656, 39: 11610}
Probability impact: {32: '-29.00', 34: '-26.61', 35: '-30.68', 36: '-25.40', 37: '-27.44', 38: '-24.62', 39: '-25.50'}
Linear probability 2^-23.25
Input Mask:  [1, 1, 0, 0, 0, 0, 0, 0, 0, 0, 0, 0, 0, 0, 0, 0, 0, 1, 0, 0, 0, 0, 0, 0, 0, 0, 0, 0, 1, 0, 1, 1]
Output Mask: [1, 1, 0, 0, 0, 0, 0, 0, 0, 0, 0, 0, 0, 0, 0, 0, 0, 1, 0, 0, 0, 0, 0, 0, 0, 0, 0, 0, 1, 0, 1, 1]

Linear characteristic probability 2^-32
Nr of Solutions: 46216
Probability distribution: {32: 24, 33: 4, 34: 360, 35: 102, 36: 2388, 37: 2140, 38: 15980, 39: 25218}
Probability impact: {32: '-27.42', 33: '-31.00', 34: '-25.51', 35: '-28.33', 36: '-24.78', 37: '-25.94', 38: '-24.04', 39: '-24.38'}
Linear probability 2^-22.37
Input Mask:  [0, 0, 0, 0, 0, 0, 0, 0, 1, 0, 1, 1, 0, 0, 0, 0, 0, 0, 0, 0, 1, 0, 1, 0, 1, 0, 0, 0, 0, 0, 0, 0]
Output Mask: [0, 0, 0, 0, 0, 0, 0, 0, 1, 0, 1, 1, 0, 0, 0, 0, 0, 0, 0, 0, 1, 0, 1, 0, 1, 0, 0, 0, 0, 0, 0, 0]

Linear characteristic probability 2^-32
Nr of Solutions: 43848
Probability distribution: {32: 16, 34: 280, 35: 18, 36: 2452, 37: 1954, 38: 17284, 39: 21844}
Probability impact: {32: '-28.00', 34: '-25.87', 35: '-30.83', 36: '-24.74', 37: '-26.07', 38: '-23.92', 39: '-24.59'}
Linear probability 2^-22.46
Input Mask:  [0, 0, 0, 1, 0, 0, 0, 0, 0, 0, 0, 0, 1, 1, 0, 0, 0, 0, 0, 1, 0, 0, 0, 0, 0, 0, 0, 0, 0, 0, 0, 0]
Output Mask: [0, 0, 0, 1, 0, 0, 0, 0, 0, 0, 0, 0, 1, 1, 0, 0, 0, 0, 0, 1, 0, 0, 0, 0, 0, 0, 0, 0, 0, 0, 0, 0]

Linear characteristic probability 2^-32
Nr of Solutions: 47691
Probability distribution: {32: 8, 34: 196, 35: 82, 36: 2165, 37: 2226, 38: 16649, 39: 26365}
Probability impact: {32: '-29.00', 34: '-26.39', 35: '-28.64', 36: '-24.92', 37: '-25.88', 38: '-23.98', 39: '-24.31'}
Linear probability 2^-22.47
Input Mask:  [0, 1, 1, 0, 0, 0, 0, 0, 0, 0, 0, 0, 0, 0, 0, 0, 0, 1, 0, 1, 0, 0, 0, 0, 0, 0, 0, 0, 0, 1, 1, 0]
Output Mask: [1, 0, 1, 1, 0, 0, 0, 0, 0, 0, 0, 0, 0, 0, 0, 0, 0, 1, 0, 1, 0, 0, 0, 0, 0, 0, 0, 0, 1, 0, 1, 1]

Linear characteristic probability 2^-32
Nr of Solutions: 35826
Probability distribution: {32: 16, 34: 256, 36: 2026, 37: 1678, 38: 13870, 39: 17980}
Probability impact: {32: '-28.00', 34: '-26.00', 36: '-25.02', 37: '-26.29', 38: '-24.24', 39: '-24.87'}
Linear probability 2^-22.73
Input Mask:  [0, 0, 0, 0, 1, 0, 1, 0, 1, 0, 0, 0, 0, 0, 0, 0, 0, 0, 0, 0, 0, 0, 1, 0, 0, 0, 0, 0, 0, 0, 0, 0]
Output Mask: [0, 0, 0, 0, 1, 0, 1, 0, 1, 0, 0, 0, 0, 0, 0, 0, 0, 0, 0, 0, 0, 0, 1, 0, 0, 0, 0, 0, 0, 0, 0, 0]

Linear characteristic probability 2^-32
Nr of Solutions: 27944
Probability distribution: {32: 8, 34: 160, 35: 10, 36: 1536, 37: 1006, 38: 11364, 39: 13860}
Probability impact: {32: '-29.00', 34: '-26.68', 35: '-31.68', 36: '-25.42', 37: '-27.03', 38: '-24.53', 39: '-25.24'}
Linear probability 2^-23.15
Input Mask:  [0, 0, 0, 0, 0, 1, 0, 0, 0, 0, 0, 1, 0, 0, 0, 0, 0, 0, 0, 0, 0, 0, 0, 0, 1, 1, 0, 0, 0, 0, 0, 0]
Output Mask: [0, 0, 0, 0, 0, 1, 0, 0, 0, 0, 0, 1, 0, 0, 0, 0, 0, 0, 0, 0, 0, 0, 0, 0, 1, 1, 0, 0, 0, 0, 0, 0]

Linear characteristic probability 2^-32
Nr of Solutions: 27277
Probability distribution: {32: 8, 34: 168, 35: 25, 36: 1583, 37: 1005, 38: 10851, 39: 13637}
Probability impact: {32: '-29.00', 34: '-26.61', 35: '-30.36', 36: '-25.37', 37: '-27.03', 38: '-24.59', 39: '-25.26'}
Linear probability 2^-23.16
Input Mask:  [0, 0, 0, 1, 0, 0, 0, 0, 0, 0, 0, 0, 0, 0, 0, 0, 0, 0, 1, 1, 0, 0, 0, 0, 0, 0, 0, 0, 1, 0, 0, 0]
Output Mask: [0, 0, 0, 1, 0, 0, 0, 0, 0, 0, 0, 0, 0, 0, 0, 0, 0, 0, 1, 0, 0, 0, 0, 0, 0, 0, 0, 0, 1, 0, 0, 0]

Linear characteristic probability 2^-32
Nr of Solutions: 36967
Probability distribution: {32: 16, 34: 240, 35: 64, 36: 1960, 37: 1821, 38: 12963, 39: 19903}
Probability impact: {32: '-28.00', 34: '-26.09', 35: '-29.00', 36: '-25.06', 37: '-26.17', 38: '-24.34', 39: '-24.72'}
Linear probability 2^-22.72
Input Mask:  [0, 0, 0, 0, 0, 0, 0, 0, 0, 0, 0, 0, 1, 1, 1, 1, 0, 0, 1, 1, 0, 0, 0, 0, 0, 0, 0, 0, 0, 1, 0, 0]
Output Mask: [0, 0, 0, 0, 0, 0, 0, 0, 0, 0, 0, 0, 1, 1, 0, 0, 0, 0, 1, 1, 0, 0, 0, 0, 0, 0, 0, 0, 0, 1, 1, 0]

Linear characteristic probability 2^-32
Nr of Solutions: 36822
Probability distribution: {32: 16, 34: 264, 35: 18, 36: 2112, 37: 1492, 38: 13882, 39: 19038}
Probability impact: {32: '-28.00', 34: '-25.96', 35: '-30.83', 36: '-24.96', 37: '-26.46', 38: '-24.24', 39: '-24.78'}
Linear probability 2^-22.70
Input Mask:  [0, 0, 0, 0, 0, 1, 0, 1, 0, 0, 1, 0, 0, 0, 0, 0, 0, 0, 0, 0, 0, 0, 0, 0, 1, 0, 0, 0, 0, 0, 0, 0]
Output Mask: [0, 0, 0, 0, 0, 1, 0, 1, 0, 0, 1, 0, 0, 0, 0, 0, 0, 0, 0, 0, 0, 0, 0, 0, 1, 0, 0, 0, 0, 0, 0, 0]

Linear characteristic probability 2^-32
Nr of Solutions: 24276
Probability distribution: {32: 1, 33: 3, 34: 21, 35: 74, 36: 394, 37: 1537, 38: 5878, 39: 16368}
Probability impact: {32: '-32.00', 33: '-31.42', 34: '-29.61', 35: '-28.79', 36: '-27.38', 37: '-26.41', 38: '-25.48', 39: '-25.00'}
Linear probability 2^-23.73
Input Mask:  [0, 1, 1, 1, 0, 0, 0, 0, 0, 0, 0, 0, 1, 0, 0, 0, 0, 0, 0, 0, 0, 0, 0, 0, 0, 0, 0, 0, 0, 1, 1, 1]
Output Mask: [0, 0, 0, 0, 1, 0, 0, 0, 0, 1, 1, 0, 0, 0, 0, 0, 0, 0, 0, 0, 0, 0, 1, 1, 0, 0, 0, 0, 0, 0, 0, 0]

Linear characteristic probability 2^-32
Nr of Solutions: 47020
Probability distribution: {32: 16, 33: 8, 34: 230, 35: 209, 36: 1674, 37: 3026, 38: 12445, 39: 29412}
Probability impact: {32: '-28.00', 33: '-30.00', 34: '-26.15', 35: '-27.29', 36: '-25.29', 37: '-25.44', 38: '-24.40', 39: '-24.16'}
Linear probability 2^-22.49
Input Mask:  [0, 0, 0, 0, 0, 0, 0, 0, 0, 0, 0, 0, 0, 1, 0, 1, 1, 0, 0, 0, 0, 0, 0, 0, 0, 0, 0, 0, 0, 1, 1, 1]
Output Mask: [1, 0, 0, 0, 0, 0, 0, 0, 0, 0, 0, 0, 0, 0, 0, 1, 0, 0, 0, 0, 0, 0, 0, 0, 0, 0, 0, 0, 1, 0, 1, 1]

Linear characteristic probability 2^-32
Nr of Solutions: 41849
Probability distribution: {32: 8, 33: 8, 34: 142, 35: 230, 36: 1542, 37: 2883, 38: 11512, 39: 25524}
Probability impact: {32: '-29.00', 33: '-30.00', 34: '-26.85', 35: '-27.15', 36: '-25.41', 37: '-25.51', 38: '-24.51', 39: '-24.36'}
Linear probability 2^-22.67
Input Mask:  [0, 0, 0, 0, 0, 0, 0, 0, 0, 0, 0, 0, 0, 1, 0, 1, 1, 0, 1, 0, 0, 0, 0, 0, 0, 0, 0, 0, 0, 0, 0, 1]
Output Mask: [0, 0, 0, 0, 0, 0, 0, 0, 0, 0, 0, 0, 1, 0, 1, 0, 0, 1, 1, 1, 0, 0, 0, 0, 0, 0, 0, 0, 1, 0, 0, 1]

Linear characteristic probability 2^-32
Nr of Solutions: 45209
Probability distribution: {32: 8, 34: 104, 35: 109, 36: 1136, 37: 2979, 38: 11339, 39: 29534}
Probability impact: {32: '-29.00', 34: '-27.30', 35: '-28.23', 36: '-25.85', 37: '-25.46', 38: '-24.53', 39: '-24.15'}
Linear probability 2^-22.72
Input Mask:  [0, 0, 0, 0, 0, 0, 0, 0, 0, 0, 0, 1, 0, 0, 0, 0, 0, 0, 0, 0, 1, 0, 0, 1, 0, 0, 1, 1, 0, 0, 0, 0]
Output Mask: [0, 0, 0, 0, 0, 0, 0, 0, 1, 0, 0, 0, 0, 0, 0, 0, 0, 0, 0, 0, 1, 1, 0, 0, 0, 1, 0, 1, 0, 0, 0, 0]

Linear characteristic probability 2^-32
Nr of Solutions: 35826
Probability distribution: {32: 16, 34: 256, 36: 2026, 37: 1678, 38: 13870, 39: 17980}
Probability impact: {32: '-28.00', 34: '-26.00', 36: '-25.02', 37: '-26.29', 38: '-24.24', 39: '-24.87'}
Linear probability 2^-22.73
Input Mask:  [1, 0, 1, 0, 0, 0, 0, 0, 0, 0, 0, 0, 1, 0, 0, 0, 0, 0, 1, 0, 0, 0, 0, 0, 0, 0, 0, 0, 0, 0, 0, 0]
Output Mask: [1, 0, 1, 0, 0, 0, 0, 0, 0, 0, 0, 0, 1, 0, 0, 0, 0, 0, 1, 0, 0, 0, 0, 0, 0, 0, 0, 0, 0, 0, 0, 0]

Linear characteristic probability 2^-32
Nr of Solutions: 36344
Probability distribution: {32: 8, 34: 212, 35: 46, 36: 2254, 37: 1404, 38: 14952, 39: 17468}
Probability impact: {32: '-29.00', 34: '-26.27', 35: '-29.48', 36: '-24.86', 37: '-26.54', 38: '-24.13', 39: '-24.91'}
Linear probability 2^-22.72
Input Mask:  [0, 0, 0, 0, 0, 1, 1, 0, 0, 0, 0, 0, 0, 0, 0, 0, 0, 0, 0, 0, 1, 1, 1, 0, 0, 1, 1, 0, 0, 0, 0, 0]
Output Mask: [0, 0, 0, 0, 0, 1, 1, 0, 0, 0, 0, 0, 0, 0, 0, 0, 0, 0, 0, 0, 1, 1, 1, 0, 1, 0, 1, 1, 0, 0, 0, 0]

Linear characteristic probability 2^-32
Nr of Solutions: 29404
Probability distribution: {32: 1, 33: 4, 34: 36, 35: 111, 36: 738, 37: 2360, 38: 8048, 39: 18106}
Probability impact: {32: '-32.00', 33: '-31.00', 34: '-28.83', 35: '-28.21', 36: '-26.47', 37: '-25.80', 38: '-25.03', 39: '-24.86'}
Linear probability 2^-23.31
Input Mask:  [0, 0, 0, 0, 0, 0, 0, 0, 0, 0, 0, 0, 0, 1, 0, 1, 0, 1, 0, 1, 0, 0, 0, 0, 0, 0, 0, 0, 1, 0, 1, 1]
Output Mask: [1, 0, 1, 0, 0, 0, 0, 0, 0, 0, 0, 0, 1, 0, 0, 0, 0, 0, 1, 1, 0, 0, 0, 0, 0, 0, 0, 0, 0, 0, 0, 0]

Linear characteristic probability 2^-32
Nr of Solutions: 26311
Probability distribution: {32: 8, 34: 160, 35: 2, 36: 1430, 37: 886, 38: 10356, 39: 13469}
Probability impact: {32: '-29.00', 34: '-26.68', 35: '-34.00', 36: '-25.52', 37: '-27.21', 38: '-24.66', 39: '-25.28'}
Linear probability 2^-23.24
Input Mask:  [0, 0, 1, 0, 0, 0, 0, 0, 0, 0, 0, 0, 0, 0, 0, 0, 0, 1, 0, 1, 0, 0, 0, 0, 0, 0, 0, 0, 0, 0, 1, 0]
Output Mask: [0, 0, 1, 0, 0, 0, 0, 0, 0, 0, 0, 0, 0, 0, 0, 0, 1, 0, 0, 1, 0, 0, 0, 0, 0, 0, 0, 0, 0, 0, 1, 0]

Linear characteristic probability 2^-32
Nr of Solutions: 37774
Probability distribution: {32: 8, 33: 8, 34: 144, 35: 173, 36: 1537, 37: 2430, 38: 11701, 39: 21773}
Probability impact: {32: '-29.00', 33: '-30.00', 34: '-26.83', 35: '-27.57', 36: '-25.41', 37: '-25.75', 38: '-24.49', 39: '-24.59'}
Linear probability 2^-22.78
Input Mask:  [0, 0, 0, 0, 0, 0, 0, 0, 1, 0, 1, 0, 0, 0, 0, 0, 0, 0, 0, 0, 0, 1, 1, 1, 1, 0, 0, 1, 0, 0, 0, 0]
Output Mask: [0, 0, 0, 0, 1, 0, 1, 0, 0, 0, 0, 1, 0, 0, 0, 0, 0, 0, 0, 0, 0, 0, 0, 0, 1, 1, 1, 1, 0, 0, 0, 0]

Linear characteristic probability 2^-32
Nr of Solutions: 35496
Probability distribution: {32: 8, 34: 176, 35: 24, 36: 1756, 37: 1136, 38: 13810, 39: 18586}
Probability impact: {32: '-29.00', 34: '-26.54', 35: '-30.42', 36: '-25.22', 37: '-26.85', 38: '-24.25', 39: '-24.82'}
Linear probability 2^-22.87
Input Mask:  [0, 0, 0, 0, 0, 1, 1, 1, 1, 0, 0, 1, 0, 0, 0, 0, 0, 0, 0, 0, 0, 0, 0, 0, 0, 0, 0, 1, 0, 0, 0, 0]
Output Mask: [0, 0, 0, 0, 0, 1, 1, 1, 1, 0, 0, 1, 0, 0, 0, 0, 0, 0, 0, 0, 0, 0, 0, 0, 0, 0, 0, 1, 0, 0, 0, 0]

Linear characteristic probability 2^-32
Nr of Solutions: 31710
Probability distribution: {32: 2, 33: 6, 34: 28, 35: 100, 36: 577, 37: 2156, 38: 7469, 39: 21372}
Probability impact: {32: '-31.00', 33: '-30.42', 34: '-29.19', 35: '-28.36', 36: '-26.83', 37: '-25.93', 38: '-25.13', 39: '-24.62'}
Linear probability 2^-23.31
Input Mask:  [0, 0, 0, 0, 0, 0, 0, 0, 0, 0, 0, 0, 0, 0, 1, 0, 1, 0, 1, 1, 0, 0, 0, 0, 0, 0, 0, 0, 0, 1, 0, 1]
Output Mask: [0, 0, 0, 0, 1, 0, 1, 0, 0, 0, 0, 0, 0, 0, 0, 0, 0, 0, 0, 0, 0, 0, 0, 1, 1, 0, 1, 0, 0, 0, 0, 0]

Linear characteristic probability 2^-32
Nr of Solutions: 41776
Probability distribution: {32: 24, 34: 336, 35: 22, 36: 2370, 37: 2204, 38: 16134, 39: 20686}
Probability impact: {32: '-27.42', 34: '-25.61', 35: '-30.54', 36: '-24.79', 37: '-25.89', 38: '-24.02', 39: '-24.66'}
Linear probability 2^-22.47
Input Mask:  [0, 0, 0, 0, 0, 0, 0, 0, 0, 0, 0, 0, 1, 0, 0, 0, 0, 0, 0, 1, 0, 0, 0, 0, 0, 0, 0, 0, 1, 0, 1, 0]
Output Mask: [0, 0, 0, 0, 0, 0, 0, 0, 0, 0, 0, 0, 1, 0, 0, 0, 0, 0, 0, 1, 0, 0, 0, 0, 0, 0, 0, 0, 1, 0, 1, 0]

Linear characteristic probability 2^-32
Nr of Solutions: 31395
Probability distribution: {32: 8, 34: 168, 35: 4, 36: 1546, 37: 1046, 38: 11379, 39: 17244}
Probability impact: {32: '-29.00', 34: '-26.61', 35: '-33.00', 36: '-25.41', 37: '-26.97', 38: '-24.53', 39: '-24.93'}
Linear probability 2^-23.06
Input Mask:  [0, 0, 0, 0, 0, 1, 1, 1, 0, 0, 0, 0, 0, 0, 0, 0, 0, 0, 0, 0, 0, 0, 1, 1, 0, 1, 1, 1, 0, 0, 0, 0]
Output Mask: [0, 0, 0, 0, 0, 1, 1, 1, 0, 0, 0, 0, 0, 0, 0, 0, 0, 0, 0, 0, 0, 0, 1, 1, 1, 1, 0, 0, 0, 0, 0, 0]

Linear characteristic probability 2^-32
Nr of Solutions: 35768
Probability distribution: {32: 8, 33: 8, 34: 120, 35: 139, 36: 967, 37: 2038, 38: 9313, 39: 23175}
Probability impact: {32: '-29.00', 33: '-30.00', 34: '-27.09', 35: '-27.88', 36: '-26.08', 37: '-26.01', 38: '-24.81', 39: '-24.50'}
Linear probability 2^-23.01
Input Mask:  [0, 0, 0, 0, 0, 0, 0, 0, 0, 0, 0, 0, 0, 0, 0, 1, 1, 1, 1, 1, 0, 0, 0, 0, 0, 0, 0, 0, 1, 0, 0, 0]
Output Mask: [0, 0, 1, 0, 0, 0, 0, 0, 0, 0, 0, 0, 0, 1, 1, 0, 0, 0, 1, 1, 0, 0, 0, 0, 0, 0, 0, 0, 0, 0, 0, 0]

Linear characteristic probability 2^-32
Nr of Solutions: 21826
Probability distribution: {32: 8, 34: 112, 35: 22, 36: 733, 37: 995, 38: 6468, 39: 13488}
Probability impact: {32: '-29.00', 34: '-27.19', 35: '-30.54', 36: '-26.48', 37: '-27.04', 38: '-25.34', 39: '-25.28'}
Linear probability 2^-23.67
Input Mask:  [0, 0, 0, 0, 1, 0, 1, 1, 0, 0, 0, 0, 0, 0, 0, 0, 0, 0, 0, 0, 1, 0, 0, 0, 0, 1, 0, 0, 0, 0, 0, 0]
Output Mask: [0, 0, 0, 0, 0, 1, 1, 1, 1, 0, 0, 1, 0, 0, 0, 0, 0, 0, 0, 0, 0, 0, 0, 0, 1, 0, 1, 0, 0, 0, 0, 0]

Linear characteristic probability 2^-32
Nr of Solutions: 36071
Probability distribution: {32: 24, 34: 336, 35: 30, 36: 2262, 37: 2013, 38: 13732, 39: 17674}
Probability impact: {32: '-27.42', 34: '-25.61', 35: '-30.09', 36: '-24.86', 37: '-26.02', 38: '-24.25', 39: '-24.89'}
Linear probability 2^-22.61
Input Mask:  [0, 0, 0, 0, 0, 0, 0, 0, 0, 0, 0, 0, 1, 0, 0, 1, 1, 1, 0, 1, 0, 0, 0, 0, 0, 0, 0, 0, 1, 1, 1, 0]
Output Mask: [0, 0, 0, 0, 0, 0, 0, 0, 0, 0, 0, 0, 1, 0, 0, 1, 0, 0, 0, 1, 0, 0, 0, 0, 0, 0, 0, 0, 1, 0, 1, 0]

Linear characteristic probability 2^-32
Nr of Solutions: 47583
Probability distribution: {32: 16, 34: 264, 35: 79, 36: 2300, 37: 2695, 38: 15717, 39: 26512}
Probability impact: {32: '-28.00', 34: '-25.96', 35: '-28.70', 36: '-24.83', 37: '-25.60', 38: '-24.06', 39: '-24.31'}
Linear probability 2^-22.41
Input Mask:  [0, 0, 0, 0, 0, 0, 0, 0, 0, 0, 0, 0, 0, 0, 0, 1, 1, 0, 1, 1, 0, 0, 0, 0, 0, 0, 0, 0, 0, 0, 1, 1]
Output Mask: [0, 0, 0, 0, 0, 0, 0, 0, 0, 0, 0, 0, 0, 0, 0, 1, 0, 1, 1, 0, 0, 0, 0, 0, 0, 0, 0, 0, 0, 0, 1, 1]

Linear characteristic probability 2^-32
Nr of Solutions: 23667
Probability distribution: {32: 16, 34: 240, 35: 16, 36: 1649, 37: 987, 38: 9246, 39: 11513}
Probability impact: {32: '-28.00', 34: '-26.09', 35: '-31.00', 36: '-25.31', 37: '-27.05', 38: '-24.83', 39: '-25.51'}
Linear probability 2^-23.20
Input Mask:  [0, 0, 0, 0, 1, 0, 0, 1, 0, 0, 0, 0, 0, 0, 0, 0, 0, 0, 0, 0, 1, 0, 1, 0, 0, 1, 1, 0, 0, 0, 0, 0]
Output Mask: [0, 0, 0, 0, 1, 0, 0, 0, 0, 0, 0, 0, 0, 0, 0, 0, 0, 0, 0, 0, 1, 1, 1, 0, 0, 1, 1, 0, 0, 0, 0, 0]

Linear characteristic probability 2^-32
Nr of Solutions: 23121
Probability distribution: {32: 16, 34: 240, 35: 8, 36: 1687, 37: 1140, 38: 9860, 39: 10170}
Probability impact: {32: '-28.00', 34: '-26.09', 35: '-32.00', 36: '-25.28', 37: '-26.85', 38: '-24.73', 39: '-25.69'}
Linear probability 2^-23.18
Input Mask:  [0, 0, 0, 0, 0, 0, 1, 1, 0, 0, 0, 1, 0, 0, 0, 0, 0, 0, 0, 0, 0, 1, 0, 0, 0, 0, 0, 0, 0, 0, 0, 0]
Output Mask: [0, 0, 0, 0, 0, 0, 1, 1, 0, 0, 0, 1, 0, 0, 0, 0, 0, 0, 0, 0, 0, 1, 1, 0, 0, 0, 0, 0, 0, 0, 0, 0]

Linear characteristic probability 2^-32
Nr of Solutions: 32620
Probability distribution: {32: 8, 34: 176, 35: 26, 36: 1727, 37: 1430, 38: 12505, 39: 16748}
Probability impact: {32: '-29.00', 34: '-26.54', 35: '-30.30', 36: '-25.25', 37: '-26.52', 38: '-24.39', 39: '-24.97'}
Linear probability 2^-22.94
Input Mask:  [1, 1, 1, 1, 0, 0, 0, 0, 0, 0, 0, 0, 0, 1, 0, 1, 0, 0, 0, 0, 0, 0, 0, 0, 0, 0, 0, 0, 1, 0, 0, 1]
Output Mask: [1, 0, 1, 1, 0, 0, 0, 0, 0, 0, 0, 0, 1, 1, 1, 0, 0, 0, 0, 0, 0, 0, 0, 0, 0, 0, 0, 0, 0, 1, 0, 1]

Linear characteristic probability 2^-32
Nr of Solutions: 63499
Probability distribution: {32: 8, 33: 8, 34: 120, 35: 225, 36: 1312, 37: 4264, 38: 15877, 39: 41685}
Probability impact: {32: '-29.00', 33: '-30.00', 34: '-27.09', 35: '-27.19', 36: '-25.64', 37: '-24.94', 38: '-24.05', 39: '-23.65'}
Linear probability 2^-22.25
Input Mask:  [0, 0, 0, 0, 0, 1, 1, 1, 1, 1, 1, 1, 0, 0, 0, 0, 0, 0, 0, 0, 0, 0, 0, 1, 0, 0, 0, 0, 0, 0, 0, 0]
Output Mask: [0, 0, 0, 0, 1, 1, 1, 0, 0, 0, 0, 0, 0, 0, 0, 0, 0, 0, 0, 0, 0, 0, 0, 1, 1, 1, 1, 0, 0, 0, 0, 0]

Linear characteristic probability 2^-32
Nr of Solutions: 42132
Probability distribution: {32: 16, 34: 256, 35: 16, 36: 2089, 37: 1828, 38: 15295, 39: 22632}
Probability impact: {32: '-28.00', 34: '-26.00', 35: '-31.00', 36: '-24.97', 37: '-26.16', 38: '-24.10', 39: '-24.53'}
Linear probability 2^-22.58
Input Mask:  [0, 0, 0, 0, 0, 0, 0, 0, 0, 0, 0, 0, 0, 0, 1, 0, 1, 0, 1, 1, 0, 0, 0, 0, 0, 0, 0, 0, 1, 1, 1, 0]
Output Mask: [0, 0, 0, 0, 0, 0, 0, 0, 0, 0, 0, 0, 0, 0, 1, 0, 1, 0, 1, 1, 0, 0, 0, 0, 0, 0, 0, 0, 0, 1, 0, 1]

Linear characteristic probability 2^-32
Nr of Solutions: 54978
Probability distribution: {32: 24, 34: 336, 35: 104, 36: 2589, 37: 3276, 38: 17059, 39: 31590}
Probability impact: {32: '-27.42', 34: '-25.61', 35: '-28.30', 36: '-24.66', 37: '-25.32', 38: '-23.94', 39: '-24.05'}
Linear probability 2^-22.19
Input Mask:  [0, 0, 0, 0, 0, 0, 0, 0, 0, 0, 0, 0, 0, 0, 1, 1, 1, 1, 0, 0, 0, 0, 0, 0, 0, 0, 0, 0, 1, 1, 0, 1]
Output Mask: [0, 0, 0, 0, 0, 0, 0, 0, 0, 0, 0, 0, 0, 0, 1, 1, 1, 1, 1, 1, 0, 0, 0, 0, 0, 0, 0, 0, 0, 0, 1, 0]

Linear characteristic probability 2^-32
Nr of Solutions: 25987
Probability distribution: {32: 2, 33: 6, 34: 28, 35: 100, 36: 525, 37: 1845, 38: 6193, 39: 17288}
Probability impact: {32: '-31.00', 33: '-30.42', 34: '-29.19', 35: '-28.36', 36: '-26.96', 37: '-26.15', 38: '-25.40', 39: '-24.92'}
Linear probability 2^-23.56
Input Mask:  [0, 0, 0, 0, 0, 0, 0, 0, 0, 0, 0, 0, 0, 0, 1, 0, 1, 1, 1, 1, 0, 0, 0, 0, 0, 0, 0, 0, 0, 1, 0, 1]
Output Mask: [0, 0, 0, 0, 1, 0, 1, 0, 0, 0, 0, 0, 0, 0, 0, 0, 0, 0, 0, 0, 0, 0, 0, 1, 1, 1, 1, 0, 0, 0, 0, 0]

Linear characteristic probability 2^-32
Nr of Solutions: 43026
Probability distribution: {32: 8, 33: 8, 34: 120, 35: 171, 36: 1112, 37: 3068, 38: 10781, 39: 27758}
Probability impact: {32: '-29.00', 33: '-30.00', 34: '-27.09', 35: '-27.58', 36: '-25.88', 37: '-25.42', 38: '-24.60', 39: '-24.24'}
Linear probability 2^-22.74
Input Mask:  [0, 0, 0, 0, 1, 1, 1, 0, 0, 0, 0, 0, 0, 0, 0, 0, 0, 0, 0, 0, 0, 0, 0, 1, 1, 0, 1, 0, 0, 0, 0, 0]
Output Mask: [0, 0, 0, 0, 0, 1, 1, 1, 1, 1, 0, 0, 0, 0, 0, 0, 0, 0, 0, 0, 0, 0, 0, 1, 0, 0, 0, 0, 0, 0, 0, 0]

Linear characteristic probability 2^-32
Nr of Solutions: 19690
Probability distribution: {32: 2, 33: 4, 34: 26, 35: 53, 36: 283, 37: 1111, 38: 4329, 39: 13882}
Probability impact: {32: '-31.00', 33: '-31.00', 34: '-29.30', 35: '-29.27', 36: '-27.86', 37: '-26.88', 38: '-25.92', 39: '-25.24'}
Linear probability 2^-24.06
Input Mask:  [0, 0, 0, 0, 0, 1, 1, 1, 1, 0, 0, 1, 0, 0, 0, 0, 0, 0, 0, 0, 0, 0, 0, 0, 1, 0, 1, 0, 0, 0, 0, 0]
Output Mask: [0, 0, 0, 0, 0, 0, 0, 0, 0, 0, 0, 0, 1, 1, 0, 0, 1, 1, 1, 0, 0, 0, 0, 0, 0, 0, 0, 0, 0, 1, 1, 1]

Linear characteristic probability 2^-32
Nr of Solutions: 52598
Probability distribution: {32: 16, 34: 272, 35: 12, 36: 2392, 37: 2314, 38: 18633, 39: 28959}
Probability impact: {32: '-28.00', 34: '-25.91', 35: '-31.42', 36: '-24.78', 37: '-25.82', 38: '-23.81', 39: '-24.18'}
Linear probability 2^-22.31
Input Mask:  [0, 0, 0, 0, 0, 0, 0, 1, 0, 0, 1, 1, 0, 0, 0, 0, 0, 0, 0, 0, 0, 0, 0, 0, 1, 1, 1, 1, 0, 0, 0, 0]
Output Mask: [0, 0, 0, 0, 0, 0, 0, 1, 0, 0, 1, 1, 0, 0, 0, 0, 0, 0, 0, 0, 0, 0, 0, 0, 1, 0, 1, 1, 0, 0, 0, 0]

Linear characteristic probability 2^-32
Nr of Solutions: 33181
Probability distribution: {32: 8, 33: 8, 34: 136, 35: 150, 36: 1136, 37: 2294, 38: 9000, 39: 20449}
Probability impact: {32: '-29.00', 33: '-30.00', 34: '-26.91', 35: '-27.77', 36: '-25.85', 37: '-25.84', 38: '-24.86', 39: '-24.68'}
Linear probability 2^-23.01
Input Mask:  [0, 0, 0, 0, 0, 1, 1, 0, 0, 0, 0, 0, 0, 0, 0, 0, 0, 0, 0, 0, 1, 1, 0, 0, 1, 0, 0, 1, 0, 0, 0, 0]
Output Mask: [0, 0, 0, 0, 0, 1, 0, 1, 1, 0, 1, 0, 0, 0, 0, 0, 0, 0, 0, 0, 1, 0, 0, 1, 0, 0, 0, 0, 0, 0, 0, 0]

Linear characteristic probability 2^-32
Nr of Solutions: 31698
Probability distribution: {32: 8, 34: 168, 36: 1546, 37: 1139, 38: 11811, 39: 17026}
Probability impact: {32: '-29.00', 34: '-26.61', 36: '-25.41', 37: '-26.85', 38: '-24.47', 39: '-24.94'}
Linear probability 2^-23.03
Input Mask:  [0, 1, 0, 1, 0, 0, 0, 0, 0, 0, 0, 0, 1, 0, 1, 1, 0, 0, 0, 0, 0, 0, 0, 0, 0, 0, 0, 0, 1, 1, 0, 0]
Output Mask: [0, 1, 0, 1, 0, 0, 0, 0, 0, 0, 0, 0, 1, 0, 1, 1, 0, 0, 0, 0, 0, 0, 0, 0, 0, 0, 0, 0, 1, 1, 1, 1]

Linear characteristic probability 2^-32
Nr of Solutions: 26120
Probability distribution: {32: 16, 34: 240, 35: 8, 36: 1703, 37: 1229, 38: 10431, 39: 12493}
Probability impact: {32: '-28.00', 34: '-26.09', 35: '-32.00', 36: '-25.27', 37: '-26.74', 38: '-24.65', 39: '-25.39'}
Linear probability 2^-23.09
Input Mask:  [0, 0, 0, 0, 0, 0, 1, 1, 0, 0, 0, 1, 0, 0, 0, 0, 0, 0, 0, 0, 0, 1, 1, 0, 0, 0, 0, 0, 0, 0, 0, 0]
Output Mask: [0, 0, 0, 0, 0, 0, 1, 1, 0, 1, 1, 1, 0, 0, 0, 0, 0, 0, 0, 0, 0, 1, 0, 0, 0, 0, 0, 0, 0, 0, 0, 0]

Linear characteristic probability 2^-32
Nr of Solutions: 39472
Probability distribution: {32: 8, 34: 196, 35: 70, 36: 2066, 37: 1862, 38: 14073, 39: 21197}
Probability impact: {32: '-29.00', 34: '-26.39', 35: '-28.87', 36: '-24.99', 37: '-26.14', 38: '-24.22', 39: '-24.63'}
Linear probability 2^-22.68
Input Mask:  [0, 0, 0, 0, 1, 0, 1, 1, 0, 0, 0, 0, 0, 0, 0, 0, 0, 0, 0, 0, 0, 1, 0, 1, 0, 1, 1, 0, 0, 0, 0, 0]
Output Mask: [0, 0, 0, 0, 0, 1, 1, 0, 0, 0, 0, 0, 0, 0, 0, 0, 0, 0, 0, 0, 1, 1, 1, 0, 0, 1, 1, 0, 0, 0, 0, 0]

Linear characteristic probability 2^-32
Nr of Solutions: 30801
Probability distribution: {32: 16, 34: 256, 35: 26, 36: 1928, 37: 1469, 38: 11293, 39: 15813}
Probability impact: {32: '-28.00', 34: '-26.00', 35: '-30.30', 36: '-25.09', 37: '-26.48', 38: '-24.54', 39: '-25.05'}
Linear probability 2^-22.90
Input Mask:  [0, 1, 0, 1, 0, 0, 0, 0, 0, 0, 0, 0, 0, 0, 1, 1, 0, 0, 0, 0, 0, 0, 0, 0, 0, 0, 0, 0, 1, 0, 0, 0]
Output Mask: [0, 1, 0, 1, 0, 0, 0, 0, 0, 0, 0, 0, 0, 0, 1, 0, 0, 0, 0, 0, 0, 0, 0, 0, 0, 0, 0, 0, 1, 0, 1, 0]

Linear characteristic probability 2^-32
Nr of Solutions: 25064
Probability distribution: {32: 1, 33: 3, 34: 21, 35: 74, 36: 403, 37: 1597, 38: 6168, 39: 16797}
Probability impact: {32: '-32.00', 33: '-31.42', 34: '-29.61', 35: '-28.79', 36: '-27.35', 37: '-26.36', 38: '-25.41', 39: '-24.96'}
Linear probability 2^-23.68
Input Mask:  [0, 1, 1, 1, 0, 0, 0, 0, 0, 0, 0, 0, 1, 0, 0, 1, 0, 0, 0, 0, 0, 0, 0, 0, 0, 0, 0, 0, 0, 0, 0, 1]
Output Mask: [0, 0, 0, 0, 1, 0, 0, 0, 0, 1, 1, 0, 0, 0, 0, 0, 0, 0, 0, 0, 0, 1, 0, 0, 0, 0, 0, 0, 0, 0, 0, 0]

