Left Branch: 4, Right Branch: 1, Iterations: 100
Linear characteristic probability 2^-32
Nr of Solutions: 1629
Probability distribution: {32: 1, 33: 1, 34: 4, 35: 3, 36: 20, 37: 53, 38: 246, 39: 1301}
Probability impact: {32: '-32.00', 33: '-33.00', 34: '-32.00', 35: '-33.42', 36: '-31.68', 37: '-31.27', 38: '-30.06', 39: '-28.65'}
Linear probability 2^-27.69
Input Mask:  [0, 0, 0, 1, 0, 0, 0, 0, 0, 0, 0, 0, 0, 0, 0, 0, 0, 0, 0, 0, 1, 0, 0, 0, 0, 0, 0, 0, 0, 0, 0, 1]
Output Mask: [0, 0, 0, 0, 0, 0, 0, 0, 0, 0, 0, 0, 0, 0, 0, 0, 0, 0, 0, 0, 1, 0, 0, 0, 0, 0, 0, 0, 0, 0, 0, 0]

Linear characteristic probability 2^-32
Nr of Solutions: 1920
Probability distribution: {32: 2, 34: 8, 35: 8, 36: 26, 37: 92, 38: 349, 39: 1435}
Probability impact: {32: '-31.00', 34: '-31.00', 35: '-32.00', 36: '-31.30', 37: '-30.48', 38: '-29.55', 39: '-28.51'}
Linear probability 2^-27.29
Input Mask:  [0, 0, 0, 1, 0, 0, 0, 0, 0, 0, 0, 0, 0, 0, 0, 0, 0, 0, 0, 0, 1, 0, 0, 1, 0, 0, 0, 0, 0, 0, 0, 1]
Output Mask: [0, 0, 0, 0, 0, 0, 0, 0, 0, 0, 0, 0, 0, 0, 0, 0, 0, 0, 0, 0, 1, 0, 1, 0, 0, 0, 0, 0, 0, 0, 0, 0]

Linear characteristic probability 2^-32
Nr of Solutions: 1267
Probability distribution: {32: 1, 33: 1, 34: 4, 35: 4, 36: 13, 37: 52, 38: 199, 39: 993}
Probability impact: {32: '-32.00', 33: '-33.00', 34: '-32.00', 35: '-33.00', 36: '-32.30', 37: '-31.30', 38: '-30.36', 39: '-29.04'}
Linear probability 2^-27.97
Input Mask:  [0, 0, 0, 0, 0, 0, 0, 0, 0, 0, 0, 0, 1, 1, 1, 1, 0, 1, 1, 0, 1, 0, 0, 1, 0, 0, 0, 0, 0, 0, 0, 0]
Output Mask: [0, 0, 0, 0, 0, 0, 0, 0, 0, 0, 0, 0, 0, 0, 0, 0, 0, 0, 0, 0, 1, 1, 1, 0, 0, 0, 0, 0, 0, 0, 0, 0]

Linear characteristic probability 2^-32
Nr of Solutions: 1663
Probability distribution: {32: 1, 33: 1, 34: 4, 36: 12, 37: 54, 38: 266, 39: 1325}
Probability impact: {32: '-32.00', 33: '-33.00', 34: '-32.00', 36: '-32.42', 37: '-31.25', 38: '-29.94', 39: '-28.63'}
Linear probability 2^-27.72
Input Mask:  [0, 0, 0, 1, 0, 1, 1, 0, 0, 0, 0, 0, 0, 0, 0, 0, 1, 0, 1, 1, 0, 0, 0, 0, 0, 0, 0, 0, 0, 0, 0, 0]
Output Mask: [0, 0, 0, 0, 0, 0, 0, 0, 0, 0, 0, 0, 0, 0, 0, 0, 0, 0, 0, 0, 0, 0, 0, 0, 1, 0, 0, 0, 0, 0, 0, 0]

Linear characteristic probability 2^-32
Nr of Solutions: 2424
Probability distribution: {32: 2, 34: 8, 35: 10, 36: 4, 37: 141, 38: 374, 39: 1885}
Probability impact: {32: '-31.00', 34: '-31.00', 35: '-31.68', 36: '-34.00', 37: '-29.86', 38: '-29.45', 39: '-28.12'}
Linear probability 2^-27.07
Input Mask:  [0, 0, 0, 0, 0, 0, 0, 0, 1, 0, 0, 0, 0, 0, 0, 0, 0, 0, 1, 1, 1, 0, 0, 0, 0, 0, 0, 0, 0, 0, 0, 0]
Output Mask: [0, 0, 0, 0, 0, 0, 0, 1, 0, 0, 0, 0, 0, 0, 0, 0, 0, 0, 0, 0, 0, 0, 0, 0, 0, 0, 0, 0, 0, 0, 0, 0]

Linear characteristic probability 2^-32
Nr of Solutions: 1662
Probability distribution: {32: 1, 33: 1, 34: 4, 36: 9, 37: 53, 38: 248, 39: 1346}
Probability impact: {32: '-32.00', 33: '-33.00', 34: '-32.00', 36: '-32.83', 37: '-31.27', 38: '-30.05', 39: '-28.61'}
Linear probability 2^-27.74
Input Mask:  [0, 1, 1, 0, 0, 0, 0, 1, 0, 0, 0, 0, 0, 0, 0, 0, 0, 0, 0, 0, 1, 0, 1, 1, 0, 0, 0, 0, 0, 0, 0, 0]
Output Mask: [0, 0, 0, 0, 0, 0, 0, 0, 0, 0, 0, 0, 0, 0, 0, 0, 0, 0, 0, 0, 0, 0, 0, 0, 0, 0, 0, 0, 0, 1, 0, 1]

Linear characteristic probability 2^-32
Nr of Solutions: 2037
Probability distribution: {32: 1, 33: 1, 34: 4, 35: 1, 36: 14, 37: 92, 38: 380, 39: 1544}
Probability impact: {32: '-32.00', 33: '-33.00', 34: '-32.00', 35: '-35.00', 36: '-32.19', 37: '-30.48', 38: '-29.43', 39: '-28.41'}
Linear probability 2^-27.39
Input Mask:  [1, 0, 1, 1, 0, 0, 0, 1, 0, 0, 0, 0, 0, 0, 0, 0, 0, 0, 0, 0, 0, 1, 1, 0, 0, 0, 0, 0, 0, 0, 0, 0]
Output Mask: [0, 0, 0, 0, 0, 0, 0, 0, 0, 0, 0, 0, 0, 0, 0, 0, 0, 0, 0, 0, 0, 0, 0, 0, 0, 0, 0, 0, 1, 0, 0, 0]

Linear characteristic probability 2^-32
Nr of Solutions: 1922
Probability distribution: {32: 2, 34: 8, 35: 2, 36: 14, 37: 83, 38: 331, 39: 1482}
Probability impact: {32: '-31.00', 34: '-31.00', 35: '-34.00', 36: '-32.19', 37: '-30.62', 38: '-29.63', 39: '-28.47'}
Linear probability 2^-27.39
Input Mask:  [0, 0, 0, 1, 0, 1, 1, 0, 0, 0, 0, 0, 0, 0, 0, 0, 0, 1, 1, 0, 0, 0, 0, 0, 0, 0, 0, 0, 0, 0, 0, 0]
Output Mask: [0, 0, 0, 0, 0, 0, 0, 0, 0, 0, 0, 0, 0, 0, 0, 0, 0, 0, 0, 0, 0, 0, 0, 0, 1, 0, 0, 1, 0, 0, 0, 0]

Linear characteristic probability 2^-32
Nr of Solutions: 265
Probability distribution: {32: 1, 33: 2, 34: 4, 35: 1, 36: 7, 37: 24, 38: 55, 39: 171}
Probability impact: {32: '-32.00', 33: '-32.00', 34: '-32.00', 35: '-35.00', 36: '-33.19', 37: '-32.42', 38: '-32.22', 39: '-31.58'}
Linear probability 2^-29.30
Input Mask:  [0, 0, 0, 0, 1, 1, 0, 0, 1, 0, 1, 1, 0, 0, 0, 0, 0, 1, 0, 1, 0, 0, 0, 0, 0, 0, 1, 1, 0, 0, 0, 0]
Output Mask: [0, 0, 0, 0, 0, 0, 0, 0, 0, 0, 0, 0, 0, 0, 0, 0, 0, 0, 0, 0, 1, 0, 1, 1, 0, 0, 0, 0, 0, 0, 0, 0]

Linear characteristic probability 2^-32
Nr of Solutions: 2039
Probability distribution: {32: 1, 33: 1, 34: 4, 35: 1, 36: 10, 37: 76, 38: 340, 39: 1606}
Probability impact: {32: '-32.00', 33: '-33.00', 34: '-32.00', 35: '-35.00', 36: '-32.68', 37: '-30.75', 38: '-29.59', 39: '-28.35'}
Linear probability 2^-27.45
Input Mask:  [0, 1, 1, 1, 0, 1, 1, 0, 0, 0, 0, 0, 0, 0, 0, 0, 0, 1, 1, 0, 0, 0, 0, 0, 0, 0, 0, 0, 0, 0, 0, 0]
Output Mask: [0, 0, 0, 0, 0, 0, 0, 0, 0, 0, 0, 0, 0, 0, 0, 0, 0, 0, 0, 0, 0, 0, 0, 0, 0, 1, 0, 1, 0, 0, 0, 0]

Linear characteristic probability 2^-32
Nr of Solutions: 1560
Probability distribution: {32: 1, 33: 1, 34: 4, 35: 3, 36: 19, 37: 54, 38: 266, 39: 1212}
Probability impact: {32: '-32.00', 33: '-33.00', 34: '-32.00', 35: '-33.42', 36: '-31.75', 37: '-31.25', 38: '-29.94', 39: '-28.76'}
Linear probability 2^-27.72
Input Mask:  [0, 0, 0, 0, 1, 1, 0, 1, 0, 0, 0, 0, 0, 0, 0, 0, 1, 0, 0, 0, 0, 0, 0, 0, 0, 0, 0, 1, 0, 0, 0, 0]
Output Mask: [0, 0, 0, 0, 0, 0, 0, 0, 0, 0, 0, 0, 0, 0, 0, 0, 1, 0, 0, 0, 0, 0, 0, 0, 0, 0, 0, 0, 0, 0, 0, 0]

Linear characteristic probability 2^-32
Nr of Solutions: 1945
Probability distribution: {32: 2, 34: 8, 35: 2, 36: 15, 37: 62, 38: 332, 39: 1524}
Probability impact: {32: '-31.00', 34: '-31.00', 35: '-34.00', 36: '-32.09', 37: '-31.05', 38: '-29.62', 39: '-28.43'}
Linear probability 2^-27.40
Input Mask:  [0, 0, 0, 0, 0, 0, 0, 0, 0, 0, 0, 0, 1, 0, 0, 1, 1, 0, 0, 1, 0, 1, 0, 0, 0, 0, 0, 0, 0, 0, 0, 0]
Output Mask: [0, 0, 0, 1, 0, 0, 0, 0, 0, 0, 0, 0, 0, 0, 0, 0, 0, 0, 0, 0, 0, 0, 0, 0, 0, 0, 0, 0, 0, 0, 0, 0]

Linear characteristic probability 2^-32
Nr of Solutions: 1864
Probability distribution: {32: 1, 33: 1, 34: 4, 35: 1, 36: 9, 37: 61, 38: 319, 39: 1468}
Probability impact: {32: '-32.00', 33: '-33.00', 34: '-32.00', 35: '-35.00', 36: '-32.83', 37: '-31.07', 38: '-29.68', 39: '-28.48'}
Linear probability 2^-27.57
Input Mask:  [0, 0, 0, 0, 0, 0, 0, 0, 0, 0, 0, 0, 1, 0, 0, 0, 1, 0, 0, 1, 0, 1, 0, 0, 0, 0, 0, 0, 0, 0, 0, 0]
Output Mask: [0, 1, 1, 1, 0, 0, 0, 0, 0, 0, 0, 0, 0, 0, 0, 0, 0, 0, 0, 0, 0, 0, 0, 0, 0, 0, 0, 0, 0, 0, 0, 0]

Linear characteristic probability 2^-32
Nr of Solutions: 1951
Probability distribution: {32: 1, 33: 2, 34: 4, 35: 5, 36: 13, 37: 81, 38: 324, 39: 1521}
Probability impact: {32: '-32.00', 33: '-32.00', 34: '-32.00', 35: '-32.68', 36: '-32.30', 37: '-30.66', 38: '-29.66', 39: '-28.43'}
Linear probability 2^-27.42
Input Mask:  [0, 0, 0, 0, 0, 0, 0, 0, 0, 0, 0, 0, 1, 0, 0, 0, 1, 0, 0, 0, 0, 1, 0, 0, 0, 0, 0, 0, 0, 0, 0, 0]
Output Mask: [1, 1, 0, 1, 0, 0, 0, 0, 0, 0, 0, 0, 0, 0, 0, 0, 0, 0, 0, 0, 0, 0, 0, 0, 0, 0, 0, 0, 0, 0, 0, 0]

Linear characteristic probability 2^-32
Nr of Solutions: 228
Probability distribution: {32: 1, 33: 1, 34: 4, 36: 8, 37: 15, 38: 42, 39: 157}
Probability impact: {32: '-32.00', 33: '-33.00', 34: '-32.00', 36: '-33.00', 37: '-33.09', 38: '-32.61', 39: '-31.71'}
Linear probability 2^-29.58
Input Mask:  [1, 1, 0, 0, 0, 0, 0, 0, 0, 0, 0, 0, 1, 1, 1, 1, 0, 0, 0, 0, 1, 0, 0, 1, 0, 0, 0, 0, 0, 0, 1, 1]
Output Mask: [0, 0, 0, 0, 0, 0, 0, 0, 0, 0, 0, 0, 0, 0, 0, 0, 1, 1, 0, 0, 0, 0, 0, 0, 0, 0, 0, 0, 0, 0, 0, 0]

Linear characteristic probability 2^-32
Nr of Solutions: 290
Probability distribution: {32: 2, 34: 8, 36: 7, 37: 16, 38: 56, 39: 201}
Probability impact: {32: '-31.00', 34: '-31.00', 36: '-33.19', 37: '-33.00', 38: '-32.19', 39: '-31.35'}
Linear probability 2^-29.12
Input Mask:  [0, 0, 0, 0, 1, 1, 0, 0, 1, 0, 1, 1, 0, 0, 0, 0, 1, 0, 0, 1, 0, 0, 0, 0, 0, 0, 1, 1, 0, 0, 0, 0]
Output Mask: [0, 0, 0, 0, 0, 0, 0, 0, 0, 0, 0, 0, 0, 0, 0, 0, 0, 0, 0, 0, 1, 1, 1, 1, 0, 0, 0, 0, 0, 0, 0, 0]

Linear characteristic probability 2^-32
Nr of Solutions: 2034
Probability distribution: {32: 2, 34: 8, 35: 8, 36: 28, 37: 100, 38: 368, 39: 1520}
Probability impact: {32: '-31.00', 34: '-31.00', 35: '-32.00', 36: '-31.19', 37: '-30.36', 38: '-29.48', 39: '-28.43'}
Linear probability 2^-27.22
Input Mask:  [0, 0, 0, 0, 0, 0, 0, 1, 0, 0, 0, 0, 0, 0, 0, 0, 1, 0, 0, 1, 0, 0, 0, 0, 1, 1, 0, 1, 0, 0, 0, 0]
Output Mask: [0, 0, 0, 0, 0, 0, 0, 0, 0, 0, 0, 0, 0, 0, 0, 0, 1, 0, 1, 0, 0, 0, 0, 0, 0, 0, 0, 0, 0, 0, 0, 0]

Linear characteristic probability 2^-32
Nr of Solutions: 1691
Probability distribution: {32: 2, 34: 8, 36: 10, 37: 67, 38: 275, 39: 1329}
Probability impact: {32: '-31.00', 34: '-31.00', 36: '-32.68', 37: '-30.93', 38: '-29.90', 39: '-28.62'}
Linear probability 2^-27.58
Input Mask:  [1, 0, 1, 1, 0, 0, 0, 1, 0, 0, 0, 0, 0, 0, 0, 0, 0, 0, 0, 0, 1, 0, 1, 1, 0, 0, 0, 0, 0, 0, 0, 0]
Output Mask: [0, 0, 0, 0, 0, 0, 0, 0, 0, 0, 0, 0, 0, 0, 0, 0, 0, 0, 0, 0, 0, 0, 0, 0, 0, 0, 0, 0, 1, 0, 0, 1]

Linear characteristic probability 2^-32
Nr of Solutions: 306
Probability distribution: {32: 1, 33: 2, 34: 4, 35: 1, 36: 8, 37: 25, 38: 57, 39: 208}
Probability impact: {32: '-32.00', 33: '-32.00', 34: '-32.00', 35: '-35.00', 36: '-33.00', 37: '-32.36', 38: '-32.17', 39: '-31.30'}
Linear probability 2^-29.21
Input Mask:  [1, 1, 1, 1, 0, 0, 0, 0, 0, 0, 0, 0, 1, 1, 1, 1, 0, 0, 0, 0, 0, 1, 0, 1, 0, 0, 0, 0, 0, 1, 0, 0]
Output Mask: [0, 0, 0, 0, 0, 0, 0, 0, 0, 0, 0, 0, 0, 0, 0, 0, 1, 0, 1, 1, 0, 0, 0, 0, 0, 0, 0, 0, 0, 0, 0, 0]

Linear characteristic probability 2^-32
Nr of Solutions: 318
Probability distribution: {32: 2, 34: 8, 36: 9, 37: 17, 38: 80, 39: 202}
Probability impact: {32: '-31.00', 34: '-31.00', 36: '-32.83', 37: '-32.91', 38: '-31.68', 39: '-31.34'}
Linear probability 2^-29.01
Input Mask:  [1, 1, 0, 0, 0, 0, 0, 0, 0, 0, 0, 0, 1, 1, 1, 1, 0, 0, 0, 0, 0, 1, 0, 1, 0, 0, 0, 0, 0, 0, 1, 1]
Output Mask: [0, 0, 0, 0, 0, 0, 0, 0, 0, 0, 0, 0, 0, 0, 0, 0, 1, 1, 1, 1, 0, 0, 0, 0, 0, 0, 0, 0, 0, 0, 0, 0]

Linear characteristic probability 2^-32
Nr of Solutions: 1689
Probability distribution: {32: 1, 33: 1, 34: 4, 35: 1, 36: 5, 37: 53, 38: 256, 39: 1368}
Probability impact: {32: '-32.00', 33: '-33.00', 34: '-32.00', 35: '-35.00', 36: '-33.68', 37: '-31.27', 38: '-30.00', 39: '-28.58'}
Linear probability 2^-27.73
Input Mask:  [0, 0, 0, 0, 0, 0, 0, 0, 1, 0, 0, 1, 0, 0, 0, 0, 0, 0, 1, 1, 1, 0, 0, 0, 0, 0, 0, 0, 0, 0, 0, 0]
Output Mask: [0, 0, 0, 0, 0, 1, 1, 1, 0, 0, 0, 0, 0, 0, 0, 0, 0, 0, 0, 0, 0, 0, 0, 0, 0, 0, 0, 0, 0, 0, 0, 0]

Linear characteristic probability 2^-32
Nr of Solutions: 1601
Probability distribution: {32: 1, 33: 1, 34: 4, 35: 4, 36: 15, 37: 62, 38: 249, 39: 1265}
Probability impact: {32: '-32.00', 33: '-33.00', 34: '-32.00', 35: '-33.00', 36: '-32.09', 37: '-31.05', 38: '-30.04', 39: '-28.70'}
Linear probability 2^-27.70
Input Mask:  [0, 0, 0, 0, 0, 0, 0, 1, 0, 0, 0, 0, 0, 0, 0, 0, 1, 0, 0, 0, 0, 0, 0, 0, 0, 0, 0, 1, 0, 0, 0, 0]
Output Mask: [0, 0, 0, 0, 0, 0, 0, 0, 0, 0, 0, 0, 0, 0, 0, 0, 1, 1, 1, 0, 0, 0, 0, 0, 0, 0, 0, 0, 0, 0, 0, 0]

Linear characteristic probability 2^-32
Nr of Solutions: 1442
Probability distribution: {32: 1, 33: 2, 34: 4, 35: 1, 36: 5, 37: 47, 38: 226, 39: 1156}
Probability impact: {32: '-32.00', 33: '-32.00', 34: '-32.00', 35: '-35.00', 36: '-33.68', 37: '-31.45', 38: '-30.18', 39: '-28.83'}
Linear probability 2^-27.87
Input Mask:  [0, 0, 0, 0, 0, 0, 0, 0, 1, 0, 0, 1, 0, 0, 0, 0, 0, 1, 0, 0, 1, 0, 0, 0, 0, 0, 0, 0, 0, 0, 0, 0]
Output Mask: [0, 0, 0, 0, 1, 1, 0, 1, 0, 0, 0, 0, 0, 0, 0, 0, 0, 0, 0, 0, 0, 0, 0, 0, 0, 0, 0, 0, 0, 0, 0, 0]

Linear characteristic probability 2^-32
Nr of Solutions: 272
Probability distribution: {32: 1, 33: 1, 34: 4, 36: 9, 37: 19, 38: 54, 39: 184}
Probability impact: {32: '-32.00', 33: '-33.00', 34: '-32.00', 36: '-32.83', 37: '-32.75', 38: '-32.25', 39: '-31.48'}
Linear probability 2^-29.43
Input Mask:  [0, 0, 0, 0, 1, 1, 0, 0, 1, 0, 1, 1, 0, 0, 0, 0, 0, 1, 0, 1, 0, 0, 0, 0, 0, 1, 0, 0, 0, 0, 0, 0]
Output Mask: [0, 0, 0, 0, 0, 0, 0, 0, 0, 0, 0, 0, 0, 0, 0, 0, 0, 0, 0, 0, 1, 1, 0, 0, 0, 0, 0, 0, 0, 0, 0, 0]

Linear characteristic probability 2^-33
Nr of Solutions: 7152
Probability distribution: {33: 2, 35: 18, 36: 4, 37: 93, 38: 242, 39: 1355, 40: 5438}
Probability impact: {33: '-32.00', 35: '-30.83', 36: '-34.00', 37: '-30.46', 38: '-30.08', 39: '-28.60', 40: '-27.59'}
Linear probability 2^-26.61
Input Mask:  [0, 0, 0, 0, 0, 0, 0, 0, 1, 0, 1, 1, 0, 0, 0, 0, 0, 0, 0, 0, 0, 0, 1, 0, 0, 0, 0, 0, 0, 1, 0, 0]
Output Mask: [0, 0, 0, 0, 1, 0, 0, 0, 0, 0, 0, 0, 0, 0, 0, 0, 0, 0, 0, 0, 0, 0, 0, 0, 0, 0, 0, 0, 0, 0, 0, 0]

Linear characteristic probability 2^-33
Nr of Solutions: 16237
Probability distribution: {33: 1, 34: 1, 35: 7, 36: 21, 37: 143, 38: 665, 39: 3001, 40: 12398}
Probability impact: {33: '-33.00', 34: '-34.00', 35: '-32.19', 36: '-31.61', 37: '-29.84', 38: '-28.62', 39: '-27.45', 40: '-26.40'}
Linear probability 2^-25.51
Input Mask:  [0, 1, 0, 0, 0, 0, 0, 0, 1, 0, 0, 0, 0, 0, 0, 0, 0, 0, 0, 0, 0, 0, 0, 0, 0, 0, 0, 0, 0, 0, 0, 0]
Output Mask: [0, 0, 0, 0, 0, 0, 0, 0, 0, 0, 0, 0, 0, 0, 0, 1, 0, 0, 0, 0, 0, 0, 0, 0, 0, 0, 0, 0, 0, 0, 0, 0]

Linear characteristic probability 2^-33
Nr of Solutions: 8084
Probability distribution: {33: 1, 34: 2, 35: 5, 36: 11, 37: 59, 38: 290, 39: 1458, 40: 6258}
Probability impact: {33: '-33.00', 34: '-33.00', 35: '-32.68', 36: '-32.54', 37: '-31.12', 38: '-29.82', 39: '-28.49', 40: '-27.39'}
Linear probability 2^-26.52
Input Mask:  [0, 0, 0, 0, 1, 0, 1, 1, 0, 0, 0, 0, 1, 1, 0, 0, 0, 0, 0, 0, 1, 0, 1, 1, 0, 0, 0, 0, 0, 0, 0, 0]
Output Mask: [0, 0, 0, 0, 1, 1, 0, 0, 0, 0, 0, 0, 0, 0, 0, 0, 0, 0, 0, 0, 0, 0, 0, 0, 0, 0, 0, 0, 0, 0, 0, 0]

Linear characteristic probability 2^-33
Nr of Solutions: 16911
Probability distribution: {33: 1, 34: 1, 35: 7, 36: 22, 37: 111, 38: 667, 39: 3010, 40: 13092}
Probability impact: {33: '-33.00', 34: '-34.00', 35: '-32.19', 36: '-31.54', 37: '-30.21', 38: '-28.62', 39: '-27.44', 40: '-26.32'}
Linear probability 2^-25.48
Input Mask:  [0, 0, 0, 0, 1, 0, 0, 0, 0, 0, 0, 0, 0, 1, 0, 0, 0, 0, 0, 0, 0, 0, 0, 0, 0, 0, 0, 0, 0, 0, 0, 0]
Output Mask: [0, 0, 0, 0, 0, 0, 0, 0, 0, 0, 0, 0, 0, 0, 0, 0, 0, 0, 0, 0, 0, 0, 0, 0, 0, 0, 0, 1, 0, 0, 0, 0]

Linear characteristic probability 2^-33
Nr of Solutions: 1565
Probability distribution: {33: 1, 34: 1, 35: 6, 37: 21, 38: 75, 39: 287, 40: 1174}
Probability impact: {33: '-33.00', 34: '-34.00', 35: '-32.42', 37: '-32.61', 38: '-31.77', 39: '-30.84', 40: '-29.80'}
Linear probability 2^-28.66
Input Mask:  [0, 0, 0, 0, 0, 0, 0, 0, 1, 0, 0, 1, 1, 1, 1, 0, 0, 0, 0, 1, 0, 0, 0, 0, 0, 0, 0, 0, 1, 0, 0, 1]
Output Mask: [0, 0, 0, 0, 0, 0, 0, 0, 0, 0, 0, 0, 1, 0, 0, 0, 0, 0, 0, 0, 0, 0, 0, 0, 0, 0, 0, 0, 0, 0, 0, 0]

Linear characteristic probability 2^-33
Nr of Solutions: 7320
Probability distribution: {33: 1, 34: 2, 35: 5, 36: 6, 37: 47, 38: 251, 39: 1371, 40: 5637}
Probability impact: {33: '-33.00', 34: '-33.00', 35: '-32.68', 36: '-33.42', 37: '-31.45', 38: '-30.03', 39: '-28.58', 40: '-27.54'}
Linear probability 2^-26.67
Input Mask:  [0, 0, 0, 0, 0, 1, 0, 0, 0, 0, 0, 0, 0, 0, 0, 0, 0, 0, 0, 1, 0, 0, 0, 0, 0, 0, 0, 0, 0, 0, 1, 0]
Output Mask: [0, 0, 0, 0, 0, 0, 0, 0, 0, 0, 0, 0, 0, 0, 0, 0, 0, 0, 0, 0, 0, 1, 0, 0, 0, 0, 0, 0, 0, 0, 0, 0]

Linear characteristic probability 2^-33
Nr of Solutions: 2518
Probability distribution: {33: 1, 34: 2, 35: 5, 36: 9, 37: 42, 38: 108, 39: 423, 40: 1928}
Probability impact: {33: '-33.00', 34: '-33.00', 35: '-32.68', 36: '-32.83', 37: '-31.61', 38: '-31.25', 39: '-30.28', 40: '-29.09'}
Linear probability 2^-28.00
Input Mask:  [0, 0, 0, 0, 0, 1, 0, 1, 0, 0, 0, 0, 0, 0, 0, 0, 1, 0, 1, 0, 0, 0, 1, 1, 0, 0, 0, 0, 0, 0, 0, 1]
Output Mask: [0, 0, 0, 0, 0, 0, 0, 0, 0, 0, 0, 0, 0, 0, 0, 0, 0, 0, 0, 0, 0, 0, 1, 1, 0, 0, 0, 0, 0, 0, 0, 0]

Linear characteristic probability 2^-33
Nr of Solutions: 7946
Probability distribution: {33: 2, 35: 8, 36: 9, 37: 60, 38: 353, 39: 1458, 40: 6056}
Probability impact: {33: '-32.00', 35: '-32.00', 36: '-32.83', 37: '-31.09', 38: '-29.54', 39: '-28.49', 40: '-27.44'}
Linear probability 2^-26.51
Input Mask:  [0, 0, 0, 0, 0, 0, 0, 0, 1, 0, 0, 1, 0, 0, 0, 0, 1, 0, 0, 1, 0, 0, 0, 0, 0, 0, 0, 0, 0, 0, 1, 1]
Output Mask: [0, 0, 0, 0, 0, 0, 0, 0, 0, 0, 0, 0, 1, 0, 1, 0, 0, 0, 0, 0, 0, 0, 0, 0, 0, 0, 0, 0, 0, 0, 0, 0]

Linear characteristic probability 2^-33
Nr of Solutions: 2426
Probability distribution: {33: 1, 34: 2, 35: 7, 36: 5, 37: 41, 38: 99, 39: 443, 40: 1828}
Probability impact: {33: '-33.00', 34: '-33.00', 35: '-32.19', 36: '-33.68', 37: '-31.64', 38: '-31.37', 39: '-30.21', 40: '-29.16'}
Linear probability 2^-28.03
Input Mask:  [0, 0, 0, 0, 0, 1, 0, 0, 0, 0, 0, 0, 0, 0, 1, 0, 0, 0, 1, 1, 0, 0, 0, 0, 1, 0, 1, 0, 0, 0, 0, 0]
Output Mask: [0, 0, 0, 0, 0, 0, 0, 0, 0, 0, 0, 0, 0, 1, 1, 1, 0, 0, 0, 0, 0, 0, 0, 0, 0, 0, 0, 0, 0, 0, 0, 0]

Linear characteristic probability 2^-33
Nr of Solutions: 8070
Probability distribution: {33: 3, 34: 4, 35: 2, 36: 18, 37: 90, 38: 370, 39: 1485, 40: 6098}
Probability impact: {33: '-31.42', 34: '-32.00', 35: '-34.00', 36: '-31.83', 37: '-30.51', 38: '-29.47', 39: '-28.46', 40: '-27.43'}
Linear probability 2^-26.42
Input Mask:  [0, 0, 0, 1, 0, 0, 0, 0, 0, 0, 0, 0, 0, 0, 0, 0, 0, 0, 0, 0, 1, 0, 0, 1, 0, 0, 0, 0, 1, 1, 0, 1]
Output Mask: [0, 0, 0, 0, 0, 0, 0, 0, 0, 0, 0, 0, 0, 0, 0, 0, 0, 0, 0, 0, 0, 1, 0, 1, 0, 0, 0, 0, 0, 0, 0, 0]

Linear characteristic probability 2^-33
Nr of Solutions: 7088
Probability distribution: {33: 2, 34: 4, 36: 15, 37: 57, 38: 236, 39: 1203, 40: 5571}
Probability impact: {33: '-32.00', 34: '-32.00', 36: '-32.09', 37: '-31.17', 38: '-30.12', 39: '-28.77', 40: '-27.56'}
Linear probability 2^-26.69
Input Mask:  [0, 0, 0, 0, 0, 0, 0, 0, 0, 0, 0, 0, 1, 1, 0, 0, 0, 1, 1, 0, 1, 0, 0, 0, 0, 0, 0, 0, 0, 0, 0, 0]
Output Mask: [0, 0, 0, 0, 0, 0, 0, 0, 0, 0, 0, 0, 0, 0, 0, 0, 0, 0, 0, 0, 0, 0, 0, 1, 0, 0, 0, 0, 0, 0, 0, 0]

Linear characteristic probability 2^-33
Nr of Solutions: 2431
Probability distribution: {33: 2, 35: 11, 36: 7, 37: 26, 38: 86, 39: 444, 40: 1855}
Probability impact: {33: '-32.00', 35: '-31.54', 36: '-33.19', 37: '-32.30', 38: '-31.57', 39: '-30.21', 40: '-29.14'}
Linear probability 2^-28.03
Input Mask:  [1, 1, 1, 0, 0, 1, 1, 1, 0, 0, 1, 0, 0, 0, 0, 0, 0, 0, 0, 0, 0, 0, 0, 0, 0, 0, 0, 0, 1, 1, 1, 0]
Output Mask: [0, 0, 0, 0, 1, 0, 0, 1, 0, 0, 0, 0, 0, 0, 0, 0, 0, 0, 0, 0, 0, 0, 0, 0, 0, 0, 0, 0, 0, 0, 0, 0]

Linear characteristic probability 2^-33
Nr of Solutions: 1776
Probability distribution: {33: 1, 34: 1, 35: 4, 36: 1, 37: 10, 38: 53, 39: 272, 40: 1434}
Probability impact: {33: '-33.00', 34: '-34.00', 35: '-33.00', 36: '-36.00', 37: '-33.68', 38: '-32.27', 39: '-30.91', 40: '-29.51'}
Linear probability 2^-28.65
Input Mask:  [0, 1, 1, 0, 0, 0, 0, 0, 0, 0, 0, 0, 0, 0, 0, 0, 0, 0, 1, 0, 1, 0, 0, 1, 0, 1, 0, 0, 0, 0, 0, 0]
Output Mask: [0, 0, 0, 0, 0, 0, 0, 0, 0, 0, 0, 0, 0, 0, 0, 0, 0, 0, 0, 0, 0, 0, 0, 0, 1, 1, 1, 0, 0, 0, 0, 0]

Linear characteristic probability 2^-33
Nr of Solutions: 16068
Probability distribution: {33: 1, 34: 2, 35: 6, 36: 16, 37: 117, 38: 663, 39: 3090, 40: 12173}
Probability impact: {33: '-33.00', 34: '-33.00', 35: '-32.42', 36: '-32.00', 37: '-30.13', 38: '-28.63', 39: '-27.41', 40: '-26.43'}
Linear probability 2^-25.53
Input Mask:  [0, 1, 0, 1, 0, 0, 0, 0, 0, 0, 1, 0, 0, 0, 0, 0, 0, 0, 0, 0, 0, 0, 0, 0, 0, 0, 0, 0, 0, 0, 0, 0]
Output Mask: [0, 0, 0, 0, 0, 0, 0, 0, 0, 0, 0, 0, 0, 0, 0, 0, 0, 0, 1, 0, 0, 0, 0, 0, 0, 0, 0, 0, 0, 0, 0, 0]

Linear characteristic probability 2^-33
Nr of Solutions: 6930
Probability distribution: {33: 3, 34: 4, 35: 1, 36: 13, 37: 52, 38: 224, 39: 1203, 40: 5430}
Probability impact: {33: '-31.42', 34: '-32.00', 35: '-35.00', 36: '-32.30', 37: '-31.30', 38: '-30.19', 39: '-28.77', 40: '-27.59'}
Linear probability 2^-26.71
Input Mask:  [0, 0, 0, 0, 0, 0, 0, 0, 0, 0, 0, 0, 1, 1, 0, 0, 0, 1, 1, 0, 1, 0, 0, 1, 0, 0, 0, 0, 0, 0, 0, 0]
Output Mask: [0, 0, 0, 0, 0, 0, 0, 0, 0, 0, 0, 0, 0, 0, 0, 0, 0, 0, 0, 0, 1, 0, 0, 1, 0, 0, 0, 0, 0, 0, 0, 0]

Linear characteristic probability 2^-33
Nr of Solutions: 7516
Probability distribution: {33: 1, 34: 1, 35: 4, 36: 5, 37: 57, 38: 291, 39: 1388, 40: 5769}
Probability impact: {33: '-33.00', 34: '-34.00', 35: '-33.00', 36: '-33.68', 37: '-31.17', 38: '-29.82', 39: '-28.56', 40: '-27.51'}
Linear probability 2^-26.63
Input Mask:  [0, 0, 0, 0, 0, 0, 0, 0, 0, 0, 0, 0, 0, 1, 0, 1, 0, 0, 0, 0, 1, 0, 0, 0, 0, 1, 0, 0, 0, 0, 0, 0]
Output Mask: [0, 0, 0, 0, 0, 0, 0, 0, 1, 0, 0, 0, 0, 0, 0, 0, 0, 0, 0, 0, 0, 0, 0, 0, 0, 0, 0, 0, 0, 0, 0, 0]

Linear characteristic probability 2^-33
Nr of Solutions: 3572
Probability distribution: {33: 1, 34: 1, 35: 5, 36: 4, 37: 36, 38: 167, 39: 686, 40: 2672}
Probability impact: {33: '-33.00', 34: '-34.00', 35: '-32.68', 36: '-34.00', 37: '-31.83', 38: '-30.62', 39: '-29.58', 40: '-28.62'}
Linear probability 2^-27.60
Input Mask:  [0, 1, 1, 1, 0, 1, 1, 1, 0, 0, 0, 0, 0, 1, 1, 0, 0, 0, 0, 0, 0, 1, 1, 0, 0, 0, 0, 0, 0, 0, 0, 0]
Output Mask: [0, 0, 0, 0, 0, 0, 0, 0, 0, 0, 0, 0, 0, 0, 1, 1, 0, 0, 0, 0, 0, 0, 0, 0, 0, 0, 0, 0, 0, 0, 0, 0]

Linear characteristic probability 2^-33
Nr of Solutions: 2732
Probability distribution: {33: 1, 34: 1, 35: 4, 36: 10, 37: 33, 38: 105, 39: 433, 40: 2145}
Probability impact: {33: '-33.00', 34: '-34.00', 35: '-33.00', 36: '-32.68', 37: '-31.96', 38: '-31.29', 39: '-30.24', 40: '-28.93'}
Linear probability 2^-27.97
Input Mask:  [0, 0, 0, 0, 0, 0, 0, 0, 1, 1, 0, 0, 0, 1, 0, 0, 0, 0, 0, 1, 0, 0, 0, 0, 1, 1, 1, 1, 0, 0, 0, 0]
Output Mask: [0, 0, 0, 0, 0, 0, 0, 0, 0, 0, 0, 0, 0, 0, 0, 0, 0, 0, 0, 0, 0, 0, 1, 0, 0, 0, 0, 0, 0, 0, 0, 0]

Linear characteristic probability 2^-33
Nr of Solutions: 2809
Probability distribution: {33: 1, 34: 2, 35: 6, 36: 10, 37: 24, 38: 93, 39: 450, 40: 2223}
Probability impact: {33: '-33.00', 34: '-33.00', 35: '-32.42', 36: '-32.68', 37: '-32.42', 38: '-31.46', 39: '-30.19', 40: '-28.88'}
Linear probability 2^-27.93
Input Mask:  [0, 0, 0, 0, 1, 0, 0, 0, 0, 0, 0, 0, 1, 1, 0, 0, 0, 0, 0, 0, 0, 0, 0, 0, 1, 0, 0, 0, 0, 1, 1, 0]
Output Mask: [0, 0, 0, 0, 0, 0, 0, 0, 0, 0, 0, 1, 0, 0, 0, 0, 0, 0, 0, 0, 0, 0, 0, 0, 0, 0, 0, 0, 0, 0, 0, 0]

Linear characteristic probability 2^-33
Nr of Solutions: 2656
Probability distribution: {33: 2, 35: 10, 37: 18, 38: 86, 39: 431, 40: 2109}
Probability impact: {33: '-32.00', 35: '-31.68', 37: '-32.83', 38: '-31.57', 39: '-30.25', 40: '-28.96'}
Linear probability 2^-28.02
Input Mask:  [0, 0, 0, 0, 0, 0, 0, 0, 0, 1, 1, 0, 0, 0, 0, 0, 0, 0, 1, 0, 0, 1, 1, 0, 0, 0, 0, 0, 1, 0, 1, 1]
Output Mask: [0, 0, 0, 0, 0, 0, 0, 0, 0, 0, 0, 0, 0, 0, 0, 0, 0, 0, 0, 0, 0, 1, 1, 0, 0, 0, 0, 0, 0, 0, 0, 0]

Linear characteristic probability 2^-33
Nr of Solutions: 2137
Probability distribution: {33: 1, 34: 1, 35: 4, 36: 3, 37: 11, 38: 74, 39: 357, 40: 1686}
Probability impact: {33: '-33.00', 34: '-34.00', 35: '-33.00', 36: '-34.42', 37: '-33.54', 38: '-31.79', 39: '-30.52', 40: '-29.28'}
Linear probability 2^-28.38
Input Mask:  [1, 0, 1, 1, 0, 1, 1, 0, 0, 0, 0, 0, 0, 0, 0, 0, 0, 0, 0, 1, 0, 0, 1, 0, 0, 0, 0, 0, 0, 0, 0, 0]
Output Mask: [0, 0, 0, 0, 0, 0, 0, 0, 0, 0, 0, 0, 0, 0, 0, 0, 0, 0, 0, 0, 0, 0, 0, 0, 0, 0, 0, 0, 1, 1, 1, 0]

Linear characteristic probability 2^-33
Nr of Solutions: 1733
Probability distribution: {33: 1, 34: 1, 35: 4, 36: 8, 37: 20, 38: 57, 39: 267, 40: 1375}
Probability impact: {33: '-33.00', 34: '-34.00', 35: '-33.00', 36: '-33.00', 37: '-32.68', 38: '-32.17', 39: '-30.94', 40: '-29.57'}
Linear probability 2^-28.58
Input Mask:  [1, 1, 1, 0, 1, 0, 0, 0, 0, 0, 0, 1, 0, 0, 0, 0, 0, 1, 1, 0, 0, 0, 0, 0, 0, 0, 0, 0, 0, 0, 0, 0]
Output Mask: [0, 0, 0, 0, 0, 0, 0, 0, 0, 0, 0, 0, 0, 0, 1, 0, 0, 0, 0, 0, 0, 0, 0, 0, 0, 0, 0, 0, 0, 0, 0, 0]

Linear characteristic probability 2^-33
Nr of Solutions: 1976
Probability distribution: {33: 2, 35: 8, 36: 8, 37: 18, 38: 92, 39: 311, 40: 1537}
Probability impact: {33: '-32.00', 35: '-32.00', 36: '-33.00', 37: '-32.83', 38: '-31.48', 39: '-30.72', 40: '-29.41'}
Linear probability 2^-28.31
Input Mask:  [0, 0, 0, 0, 0, 0, 0, 0, 0, 0, 0, 0, 0, 0, 0, 0, 1, 0, 1, 0, 0, 0, 0, 1, 1, 1, 0, 0, 1, 0, 0, 0]
Output Mask: [0, 0, 0, 0, 0, 0, 0, 0, 0, 0, 0, 0, 1, 0, 0, 1, 0, 0, 0, 0, 0, 0, 0, 0, 0, 0, 0, 0, 0, 0, 0, 0]

Linear characteristic probability 2^-33
Nr of Solutions: 9039
Probability distribution: {33: 2, 35: 11, 36: 16, 37: 83, 38: 337, 39: 1650, 40: 6940}
Probability impact: {33: '-32.00', 35: '-31.54', 36: '-32.00', 37: '-30.62', 38: '-29.60', 39: '-28.31', 40: '-27.24'}
Linear probability 2^-26.32
Input Mask:  [0, 1, 1, 0, 1, 0, 1, 1, 0, 0, 0, 0, 0, 0, 0, 0, 1, 1, 0, 1, 0, 0, 0, 0, 0, 0, 0, 0, 0, 0, 0, 0]
Output Mask: [1, 0, 1, 1, 0, 0, 0, 0, 0, 0, 0, 0, 0, 0, 0, 0, 0, 0, 0, 0, 0, 0, 0, 0, 0, 0, 0, 0, 0, 0, 0, 0]

Linear characteristic probability 2^-33
Nr of Solutions: 1438
Probability distribution: {33: 1, 34: 3, 35: 6, 36: 11, 37: 24, 38: 68, 39: 258, 40: 1067}
Probability impact: {33: '-33.00', 34: '-32.42', 35: '-32.42', 36: '-32.54', 37: '-32.42', 38: '-31.91', 39: '-30.99', 40: '-29.94'}
Linear probability 2^-28.58
Input Mask:  [0, 0, 0, 1, 0, 0, 0, 0, 1, 0, 1, 1, 0, 0, 0, 0, 1, 1, 1, 1, 0, 0, 0, 0, 0, 0, 0, 0, 0, 0, 1, 1]
Output Mask: [0, 0, 1, 0, 0, 0, 0, 0, 0, 0, 0, 0, 0, 0, 0, 0, 0, 0, 0, 0, 0, 0, 0, 0, 0, 0, 0, 0, 0, 0, 0, 0]

Linear characteristic probability 2^-33
Nr of Solutions: 1409
Probability distribution: {33: 2, 35: 8, 36: 3, 37: 19, 38: 62, 39: 219, 40: 1096}
Probability impact: {33: '-32.00', 35: '-32.00', 36: '-34.42', 37: '-32.75', 38: '-32.05', 39: '-31.23', 40: '-29.90'}
Linear probability 2^-28.72
Input Mask:  [0, 0, 0, 0, 0, 0, 0, 0, 0, 1, 0, 1, 1, 1, 1, 1, 0, 0, 0, 1, 0, 0, 0, 0, 0, 0, 0, 0, 1, 1, 1, 0]
Output Mask: [0, 0, 0, 0, 1, 1, 1, 0, 0, 0, 0, 0, 0, 0, 0, 0, 0, 0, 0, 0, 0, 0, 0, 0, 0, 0, 0, 0, 0, 0, 0, 0]

Linear characteristic probability 2^-33
Nr of Solutions: 1068
Probability distribution: {33: 2, 34: 4, 35: 1, 36: 5, 37: 19, 38: 55, 39: 183, 40: 799}
Probability impact: {33: '-32.00', 34: '-32.00', 35: '-35.00', 36: '-33.68', 37: '-32.75', 38: '-32.22', 39: '-31.48', 40: '-30.36'}
Linear probability 2^-28.92
Input Mask:  [0, 0, 0, 0, 1, 1, 1, 1, 1, 0, 1, 1, 0, 0, 0, 0, 0, 1, 0, 1, 0, 0, 0, 0, 0, 0, 1, 1, 0, 0, 0, 0]
Output Mask: [0, 0, 0, 0, 0, 0, 0, 0, 0, 0, 0, 0, 0, 0, 0, 0, 0, 0, 0, 0, 1, 1, 0, 1, 0, 0, 0, 0, 0, 0, 0, 0]

Linear characteristic probability 2^-33
Nr of Solutions: 7118
Probability distribution: {33: 1, 34: 2, 35: 4, 36: 3, 37: 29, 38: 194, 39: 1163, 40: 5722}
Probability impact: {33: '-33.00', 34: '-33.00', 35: '-33.00', 36: '-34.42', 37: '-32.14', 38: '-30.40', 39: '-28.82', 40: '-27.52'}
Linear probability 2^-26.79
Input Mask:  [0, 0, 0, 0, 0, 0, 0, 0, 0, 0, 1, 0, 1, 0, 0, 0, 0, 1, 1, 1, 0, 0, 0, 0, 0, 0, 0, 0, 0, 0, 0, 0]
Output Mask: [0, 0, 0, 0, 0, 0, 0, 0, 0, 0, 0, 0, 0, 0, 0, 0, 0, 1, 1, 1, 0, 0, 0, 0, 0, 0, 0, 0, 0, 0, 0, 0]

Linear characteristic probability 2^-33
Nr of Solutions: 2880
Probability distribution: {33: 2, 35: 12, 36: 9, 37: 32, 38: 95, 39: 462, 40: 2268}
Probability impact: {33: '-32.00', 35: '-31.42', 36: '-32.83', 37: '-32.00', 38: '-31.43', 39: '-30.15', 40: '-28.85'}
Linear probability 2^-27.83
Input Mask:  [0, 1, 0, 0, 0, 0, 0, 0, 1, 1, 0, 1, 0, 0, 0, 0, 0, 0, 0, 0, 0, 0, 1, 0, 0, 0, 0, 0, 0, 1, 0, 0]
Output Mask: [0, 0, 0, 0, 0, 0, 0, 0, 1, 0, 1, 0, 0, 0, 0, 0, 0, 0, 0, 0, 0, 0, 0, 0, 0, 0, 0, 0, 0, 0, 0, 0]

Linear characteristic probability 2^-33
Nr of Solutions: 2740
Probability distribution: {33: 1, 34: 1, 35: 6, 36: 7, 37: 39, 38: 114, 39: 470, 40: 2102}
Probability impact: {33: '-33.00', 34: '-34.00', 35: '-32.42', 36: '-33.19', 37: '-31.71', 38: '-31.17', 39: '-30.12', 40: '-28.96'}
Linear probability 2^-27.93
Input Mask:  [0, 0, 0, 0, 0, 0, 1, 0, 0, 0, 0, 0, 0, 0, 0, 0, 0, 1, 0, 0, 0, 0, 0, 0, 1, 0, 1, 1, 1, 0, 0, 1]
Output Mask: [0, 0, 0, 0, 0, 1, 0, 0, 0, 0, 0, 0, 0, 0, 0, 0, 0, 0, 0, 0, 0, 0, 0, 0, 0, 0, 0, 0, 0, 0, 0, 0]

Linear characteristic probability 2^-33
Nr of Solutions: 8922
Probability distribution: {33: 1, 34: 1, 35: 5, 36: 8, 37: 52, 38: 340, 39: 1665, 40: 6850}
Probability impact: {33: '-33.00', 34: '-34.00', 35: '-32.68', 36: '-33.00', 37: '-31.30', 38: '-29.59', 39: '-28.30', 40: '-27.26'}
Linear probability 2^-26.40
Input Mask:  [1, 0, 1, 0, 0, 0, 0, 1, 0, 0, 0, 0, 0, 0, 0, 0, 0, 0, 0, 0, 1, 0, 1, 0, 0, 0, 0, 0, 0, 0, 0, 0]
Output Mask: [0, 0, 0, 0, 0, 0, 0, 0, 0, 0, 0, 0, 0, 0, 0, 0, 0, 0, 0, 0, 0, 0, 0, 0, 1, 0, 1, 0, 0, 0, 0, 0]

Linear characteristic probability 2^-33
Nr of Solutions: 1900
Probability distribution: {33: 1, 34: 3, 35: 7, 36: 6, 37: 16, 38: 54, 39: 357, 40: 1456}
Probability impact: {33: '-33.00', 34: '-32.42', 35: '-32.19', 36: '-33.42', 37: '-33.00', 38: '-32.25', 39: '-30.52', 40: '-29.49'}
Linear probability 2^-28.38
Input Mask:  [0, 0, 0, 0, 0, 0, 0, 0, 0, 0, 0, 0, 0, 1, 0, 1, 0, 1, 1, 0, 1, 1, 0, 0, 0, 0, 0, 0, 1, 0, 1, 0]
Output Mask: [0, 0, 0, 0, 0, 0, 0, 0, 0, 0, 0, 0, 0, 0, 0, 0, 0, 0, 0, 1, 0, 0, 0, 0, 0, 0, 0, 0, 0, 0, 0, 0]

Linear characteristic probability 2^-33
Nr of Solutions: 7069
Probability distribution: {33: 1, 34: 2, 35: 4, 36: 9, 37: 38, 38: 256, 39: 1290, 40: 5469}
Probability impact: {33: '-33.00', 34: '-33.00', 35: '-33.00', 36: '-32.83', 37: '-31.75', 38: '-30.00', 39: '-28.67', 40: '-27.58'}
Linear probability 2^-26.73
Input Mask:  [1, 0, 1, 1, 1, 1, 1, 0, 1, 0, 0, 0, 0, 0, 0, 0, 0, 0, 0, 0, 0, 0, 0, 0, 0, 0, 0, 0, 0, 0, 0, 0]
Output Mask: [0, 0, 0, 0, 0, 0, 0, 0, 0, 0, 0, 0, 0, 0, 0, 0, 0, 0, 1, 1, 0, 0, 0, 0, 0, 0, 0, 0, 0, 0, 0, 0]

Linear characteristic probability 2^-33
Nr of Solutions: 5904
Probability distribution: {33: 1, 34: 1, 35: 5, 36: 7, 37: 40, 38: 230, 39: 1044, 40: 4576}
Probability impact: {33: '-33.00', 34: '-34.00', 35: '-32.68', 36: '-33.19', 37: '-31.68', 38: '-30.15', 39: '-28.97', 40: '-27.84'}
Linear probability 2^-26.97
Input Mask:  [0, 0, 0, 0, 1, 0, 0, 0, 0, 0, 0, 0, 0, 1, 0, 0, 1, 0, 1, 0, 0, 0, 0, 0, 0, 0, 0, 0, 0, 0, 0, 0]
Output Mask: [0, 0, 0, 0, 0, 0, 1, 0, 0, 0, 0, 0, 0, 0, 0, 0, 0, 0, 0, 0, 0, 0, 0, 0, 0, 0, 0, 0, 0, 0, 0, 0]

Linear characteristic probability 2^-33
Nr of Solutions: 1963
Probability distribution: {33: 1, 34: 1, 35: 7, 36: 9, 37: 26, 38: 54, 39: 278, 40: 1587}
Probability impact: {33: '-33.00', 34: '-34.00', 35: '-32.19', 36: '-32.83', 37: '-32.30', 38: '-32.25', 39: '-30.88', 40: '-29.37'}
Linear probability 2^-28.39
Input Mask:  [0, 1, 0, 0, 0, 0, 0, 0, 0, 0, 0, 1, 0, 0, 0, 0, 0, 0, 0, 0, 0, 0, 1, 0, 0, 0, 0, 0, 0, 1, 1, 0]
Output Mask: [0, 0, 0, 0, 0, 0, 0, 0, 1, 1, 1, 0, 0, 0, 0, 0, 0, 0, 0, 0, 0, 0, 0, 0, 0, 0, 0, 0, 0, 0, 0, 0]

Linear characteristic probability 2^-33
Nr of Solutions: 6253
Probability distribution: {33: 1, 34: 2, 35: 4, 36: 5, 37: 44, 38: 182, 39: 1031, 40: 4984}
Probability impact: {33: '-33.00', 34: '-33.00', 35: '-33.00', 36: '-33.68', 37: '-31.54', 38: '-30.49', 39: '-28.99', 40: '-27.72'}
Linear probability 2^-26.93
Input Mask:  [0, 1, 0, 0, 0, 1, 0, 1, 0, 0, 0, 0, 0, 0, 1, 0, 0, 0, 0, 0, 0, 0, 0, 0, 0, 0, 0, 0, 0, 0, 0, 0]
Output Mask: [0, 0, 0, 0, 0, 0, 0, 0, 0, 0, 0, 0, 0, 0, 0, 0, 0, 1, 0, 0, 0, 0, 0, 0, 0, 0, 0, 0, 0, 0, 0, 0]

Linear characteristic probability 2^-33
Nr of Solutions: 2704
Probability distribution: {33: 1, 34: 1, 35: 5, 36: 5, 37: 18, 38: 93, 39: 432, 40: 2149}
Probability impact: {33: '-33.00', 34: '-34.00', 35: '-32.68', 36: '-33.68', 37: '-32.83', 38: '-31.46', 39: '-30.25', 40: '-28.93'}
Linear probability 2^-28.05
Input Mask:  [0, 0, 0, 0, 1, 1, 0, 0, 0, 0, 0, 0, 0, 1, 1, 1, 0, 0, 0, 0, 0, 0, 1, 0, 0, 0, 0, 0, 1, 1, 0, 0]
Output Mask: [0, 0, 0, 0, 0, 0, 0, 0, 0, 0, 0, 0, 0, 0, 0, 0, 1, 0, 0, 1, 0, 0, 0, 0, 0, 0, 0, 0, 0, 0, 0, 0]

Linear characteristic probability 2^-33
Nr of Solutions: 2582
Probability distribution: {33: 2, 35: 9, 36: 10, 37: 28, 38: 102, 39: 435, 40: 1996}
Probability impact: {33: '-32.00', 35: '-31.83', 36: '-32.68', 37: '-32.19', 38: '-31.33', 39: '-30.24', 40: '-29.04'}
Linear probability 2^-27.96
Input Mask:  [1, 0, 1, 0, 0, 1, 0, 0, 0, 0, 0, 0, 0, 0, 0, 0, 0, 0, 0, 0, 0, 0, 0, 0, 1, 1, 1, 0, 1, 0, 1, 0]
Output Mask: [0, 0, 0, 0, 0, 0, 0, 0, 0, 0, 0, 0, 1, 1, 0, 0, 0, 0, 0, 0, 0, 0, 0, 0, 0, 0, 0, 0, 0, 0, 0, 0]

Linear characteristic probability 2^-33
Nr of Solutions: 17960
Probability distribution: {33: 1, 34: 2, 35: 7, 36: 14, 37: 133, 38: 664, 39: 3354, 40: 13785}
Probability impact: {33: '-33.00', 34: '-33.00', 35: '-32.19', 36: '-32.19', 37: '-29.94', 38: '-28.62', 39: '-27.29', 40: '-26.25'}
Linear probability 2^-25.40
Input Mask:  [0, 0, 0, 0, 0, 0, 0, 0, 0, 1, 0, 1, 0, 1, 1, 0, 0, 0, 0, 0, 0, 0, 0, 0, 0, 0, 0, 0, 0, 0, 0, 0]
Output Mask: [0, 0, 0, 0, 0, 0, 0, 0, 0, 0, 0, 0, 0, 0, 0, 0, 0, 0, 0, 0, 0, 0, 0, 0, 1, 1, 0, 0, 0, 0, 0, 0]

Linear characteristic probability 2^-33
Nr of Solutions: 6429
Probability distribution: {33: 2, 35: 8, 36: 15, 37: 46, 38: 220, 39: 1057, 40: 5081}
Probability impact: {33: '-32.00', 35: '-32.00', 36: '-32.09', 37: '-31.48', 38: '-30.22', 39: '-28.95', 40: '-27.69'}
Linear probability 2^-26.83
Input Mask:  [0, 1, 0, 0, 1, 1, 1, 0, 0, 0, 0, 0, 0, 0, 1, 0, 0, 0, 0, 0, 0, 0, 0, 0, 0, 0, 0, 0, 0, 0, 0, 0]
Output Mask: [0, 0, 0, 0, 0, 0, 0, 0, 0, 0, 0, 0, 0, 0, 0, 0, 0, 1, 1, 0, 0, 0, 0, 0, 0, 0, 0, 0, 0, 0, 0, 0]

Linear characteristic probability 2^-33
Nr of Solutions: 15985
Probability distribution: {33: 1, 34: 2, 35: 7, 36: 26, 37: 141, 38: 685, 39: 2965, 40: 12158}
Probability impact: {33: '-33.00', 34: '-33.00', 35: '-32.19', 36: '-31.30', 37: '-29.86', 38: '-28.58', 39: '-27.47', 40: '-26.43'}
Linear probability 2^-25.52
Input Mask:  [0, 0, 0, 0, 0, 1, 0, 0, 0, 0, 0, 0, 1, 0, 0, 0, 0, 0, 0, 0, 0, 0, 0, 0, 0, 0, 0, 0, 0, 0, 0, 0]
Output Mask: [0, 0, 0, 0, 0, 0, 0, 0, 1, 1, 0, 0, 0, 0, 0, 0, 0, 0, 0, 0, 0, 0, 0, 0, 0, 0, 0, 0, 0, 0, 0, 0]

Linear characteristic probability 2^-33
Nr of Solutions: 8084
Probability distribution: {33: 1, 34: 2, 35: 5, 36: 11, 37: 59, 38: 290, 39: 1458, 40: 6258}
Probability impact: {33: '-33.00', 34: '-33.00', 35: '-32.68', 36: '-32.54', 37: '-31.12', 38: '-29.82', 39: '-28.49', 40: '-27.39'}
Linear probability 2^-26.52
Input Mask:  [1, 0, 1, 1, 0, 0, 0, 0, 1, 1, 0, 0, 0, 0, 0, 0, 1, 0, 1, 1, 0, 0, 0, 0, 0, 0, 0, 0, 0, 0, 0, 0]
Output Mask: [1, 1, 0, 0, 0, 0, 0, 0, 0, 0, 0, 0, 0, 0, 0, 0, 0, 0, 0, 0, 0, 0, 0, 0, 0, 0, 0, 0, 0, 0, 0, 0]

Linear characteristic probability 2^-33
Nr of Solutions: 6922
Probability distribution: {33: 2, 35: 10, 36: 8, 37: 52, 38: 251, 39: 1204, 40: 5395}
Probability impact: {33: '-32.00', 35: '-31.68', 36: '-33.00', 37: '-31.30', 38: '-30.03', 39: '-28.77', 40: '-27.60'}
Linear probability 2^-26.72
Input Mask:  [0, 0, 0, 0, 0, 0, 0, 0, 1, 0, 1, 1, 0, 0, 0, 0, 1, 0, 0, 0, 0, 0, 0, 0, 1, 0, 1, 0, 0, 0, 0, 0]
Output Mask: [1, 1, 1, 0, 0, 0, 0, 0, 0, 0, 0, 0, 0, 0, 0, 0, 0, 0, 0, 0, 0, 0, 0, 0, 0, 0, 0, 0, 0, 0, 0, 0]

Linear characteristic probability 2^-33
Nr of Solutions: 17045
Probability distribution: {33: 2, 35: 8, 36: 15, 37: 100, 38: 626, 39: 3282, 40: 13012}
Probability impact: {33: '-32.00', 35: '-32.00', 36: '-32.09', 37: '-30.36', 38: '-28.71', 39: '-27.32', 40: '-26.33'}
Linear probability 2^-25.47
Input Mask:  [0, 0, 0, 0, 0, 0, 0, 0, 1, 1, 1, 0, 0, 1, 1, 0, 0, 0, 0, 0, 0, 0, 0, 0, 0, 0, 0, 0, 0, 0, 0, 0]
Output Mask: [0, 0, 0, 0, 0, 0, 0, 0, 0, 0, 0, 0, 0, 0, 0, 0, 0, 0, 0, 0, 0, 0, 0, 0, 0, 1, 1, 1, 0, 0, 0, 0]

Linear characteristic probability 2^-33
Nr of Solutions: 2662
Probability distribution: {33: 1, 34: 1, 35: 7, 36: 9, 37: 26, 38: 83, 39: 434, 40: 2101}
Probability impact: {33: '-33.00', 34: '-34.00', 35: '-32.19', 36: '-32.83', 37: '-32.30', 38: '-31.62', 39: '-30.24', 40: '-28.96'}
Linear probability 2^-28.01
Input Mask:  [0, 0, 0, 0, 0, 1, 0, 0, 0, 0, 0, 0, 1, 1, 0, 1, 1, 1, 0, 1, 0, 0, 0, 0, 0, 1, 0, 0, 0, 0, 0, 0]
Output Mask: [0, 0, 0, 0, 0, 0, 0, 0, 0, 0, 0, 0, 1, 1, 1, 0, 0, 0, 0, 0, 0, 0, 0, 0, 0, 0, 0, 0, 0, 0, 0, 0]

Linear characteristic probability 2^-33
Nr of Solutions: 1818
Probability distribution: {33: 1, 34: 2, 35: 5, 36: 12, 37: 26, 38: 91, 39: 323, 40: 1358}
Probability impact: {33: '-33.00', 34: '-33.00', 35: '-32.68', 36: '-32.42', 37: '-32.30', 38: '-31.49', 39: '-30.66', 40: '-29.59'}
Linear probability 2^-28.36
Input Mask:  [0, 1, 1, 1, 0, 0, 0, 0, 0, 1, 1, 0, 0, 0, 0, 0, 1, 1, 0, 0, 0, 0, 0, 0, 0, 0, 0, 0, 0, 0, 1, 1]
Output Mask: [0, 1, 0, 0, 0, 0, 0, 0, 0, 0, 0, 0, 0, 0, 0, 0, 0, 0, 0, 0, 0, 0, 0, 0, 0, 0, 0, 0, 0, 0, 0, 0]

Linear characteristic probability 2^-33
Nr of Solutions: 16438
Probability distribution: {33: 1, 34: 2, 35: 4, 36: 8, 37: 89, 38: 579, 39: 2951, 40: 12804}
Probability impact: {33: '-33.00', 34: '-33.00', 35: '-33.00', 36: '-33.00', 37: '-30.52', 38: '-28.82', 39: '-27.47', 40: '-26.36'}
Linear probability 2^-25.56
Input Mask:  [1, 1, 1, 1, 0, 1, 0, 0, 0, 0, 0, 0, 0, 0, 0, 0, 0, 0, 0, 0, 0, 0, 0, 0, 0, 0, 0, 0, 0, 0, 0, 0]
Output Mask: [0, 0, 0, 0, 0, 0, 0, 0, 0, 0, 0, 0, 0, 0, 0, 0, 0, 0, 0, 0, 0, 0, 0, 0, 1, 1, 0, 1, 0, 0, 0, 0]

Linear characteristic probability 2^-33
Nr of Solutions: 8606
Probability distribution: {33: 1, 34: 2, 35: 5, 36: 20, 37: 79, 38: 415, 39: 1618, 40: 6466}
Probability impact: {33: '-33.00', 34: '-33.00', 35: '-32.68', 36: '-31.68', 37: '-30.70', 38: '-29.30', 39: '-28.34', 40: '-27.34'}
Linear probability 2^-26.36
Input Mask:  [1, 0, 1, 1, 1, 0, 1, 1, 0, 0, 0, 0, 0, 0, 0, 0, 0, 0, 1, 0, 0, 0, 0, 0, 0, 0, 0, 0, 0, 0, 0, 0]
Output Mask: [1, 1, 1, 1, 0, 0, 0, 0, 0, 0, 0, 0, 0, 0, 0, 0, 0, 0, 0, 0, 0, 0, 0, 0, 0, 0, 0, 0, 0, 0, 0, 0]

Linear characteristic probability 2^-33
Nr of Solutions: 16327
Probability distribution: {33: 2, 34: 2, 35: 14, 36: 35, 37: 89, 38: 651, 39: 2871, 40: 12663}
Probability impact: {33: '-32.00', 34: '-33.00', 35: '-31.19', 36: '-30.87', 37: '-30.52', 38: '-28.65', 39: '-27.51', 40: '-26.37'}
Linear probability 2^-25.50
Input Mask:  [0, 0, 0, 0, 0, 0, 0, 0, 1, 1, 0, 1, 0, 0, 0, 0, 0, 1, 0, 0, 0, 0, 0, 0, 0, 0, 0, 0, 0, 0, 0, 0]
Output Mask: [0, 1, 1, 0, 0, 0, 0, 0, 0, 0, 0, 0, 0, 0, 0, 0, 0, 0, 0, 0, 0, 0, 0, 0, 0, 0, 0, 0, 0, 0, 0, 0]

Linear characteristic probability 2^-33
Nr of Solutions: 7118
Probability distribution: {33: 1, 34: 2, 35: 4, 36: 3, 37: 29, 38: 194, 39: 1163, 40: 5722}
Probability impact: {33: '-33.00', 34: '-33.00', 35: '-33.00', 36: '-34.42', 37: '-32.14', 38: '-30.40', 39: '-28.82', 40: '-27.52'}
Linear probability 2^-26.79
Input Mask:  [0, 0, 0, 0, 0, 0, 0, 0, 1, 0, 0, 0, 0, 0, 1, 0, 0, 0, 0, 0, 0, 1, 1, 1, 0, 0, 0, 0, 0, 0, 0, 0]
Output Mask: [0, 0, 0, 0, 0, 0, 0, 0, 0, 0, 0, 0, 0, 0, 0, 0, 0, 0, 0, 0, 0, 1, 1, 1, 0, 0, 0, 0, 0, 0, 0, 0]

Linear characteristic probability 2^-33
Nr of Solutions: 6441
Probability distribution: {33: 1, 34: 1, 35: 5, 36: 4, 37: 26, 38: 154, 39: 1070, 40: 5180}
Probability impact: {33: '-33.00', 34: '-34.00', 35: '-32.68', 36: '-34.00', 37: '-32.30', 38: '-30.73', 39: '-28.94', 40: '-27.66'}
Linear probability 2^-26.94
Input Mask:  [0, 0, 0, 0, 0, 0, 0, 0, 0, 1, 1, 0, 0, 0, 0, 0, 1, 0, 0, 0, 0, 0, 0, 0, 1, 0, 0, 0, 0, 0, 0, 0]
Output Mask: [0, 1, 0, 1, 0, 0, 0, 0, 0, 0, 0, 0, 0, 0, 0, 0, 0, 0, 0, 0, 0, 0, 0, 0, 0, 0, 0, 0, 0, 0, 0, 0]

Linear characteristic probability 2^-33
Nr of Solutions: 2706
Probability distribution: {33: 1, 34: 1, 35: 4, 36: 8, 37: 23, 38: 99, 39: 466, 40: 2104}
Probability impact: {33: '-33.00', 34: '-34.00', 35: '-33.00', 36: '-33.00', 37: '-32.48', 38: '-31.37', 39: '-30.14', 40: '-28.96'}
Linear probability 2^-28.01
Input Mask:  [1, 0, 1, 0, 0, 0, 0, 0, 0, 0, 0, 0, 0, 1, 0, 1, 0, 0, 0, 0, 0, 1, 0, 0, 0, 1, 0, 1, 0, 0, 0, 0]
Output Mask: [0, 0, 0, 0, 0, 0, 0, 0, 0, 0, 0, 0, 1, 1, 0, 1, 0, 0, 0, 0, 0, 0, 0, 0, 0, 0, 0, 0, 0, 0, 0, 0]

Linear characteristic probability 2^-33
Nr of Solutions: 7040
Probability distribution: {33: 2, 35: 15, 36: 15, 37: 89, 38: 224, 39: 1212, 40: 5483}
Probability impact: {33: '-32.00', 35: '-31.09', 36: '-32.09', 37: '-30.52', 38: '-30.19', 39: '-28.76', 40: '-27.58'}
Linear probability 2^-26.64
Input Mask:  [0, 1, 0, 1, 0, 0, 0, 0, 0, 0, 1, 0, 0, 0, 0, 0, 0, 0, 0, 0, 0, 0, 0, 0, 1, 0, 0, 0, 0, 0, 0, 0]
Output Mask: [0, 0, 0, 0, 0, 0, 1, 1, 0, 0, 0, 0, 0, 0, 0, 0, 0, 0, 0, 0, 0, 0, 0, 0, 0, 0, 0, 0, 0, 0, 0, 0]

Linear characteristic probability 2^-33
Nr of Solutions: 5769
Probability distribution: {33: 1, 34: 1, 35: 6, 36: 5, 37: 34, 38: 144, 39: 934, 40: 4644}
Probability impact: {33: '-33.00', 34: '-34.00', 35: '-32.42', 36: '-33.68', 37: '-31.91', 38: '-30.83', 39: '-29.13', 40: '-27.82'}
Linear probability 2^-27.07
Input Mask:  [0, 0, 0, 0, 0, 0, 0, 0, 0, 0, 0, 0, 0, 1, 1, 0, 0, 0, 0, 0, 1, 0, 0, 0, 0, 0, 0, 0, 1, 0, 1, 0]
Output Mask: [0, 0, 0, 0, 1, 0, 1, 0, 0, 0, 0, 0, 0, 0, 0, 0, 0, 0, 0, 0, 0, 0, 0, 0, 0, 0, 0, 0, 0, 0, 0, 0]

Linear characteristic probability 2^-33
Nr of Solutions: 8105
Probability distribution: {33: 1, 34: 1, 35: 6, 36: 15, 37: 59, 38: 280, 39: 1495, 40: 6248}
Probability impact: {33: '-33.00', 34: '-34.00', 35: '-32.42', 36: '-32.09', 37: '-31.12', 38: '-29.87', 39: '-28.45', 40: '-27.39'}
Linear probability 2^-26.52
Input Mask:  [0, 1, 0, 1, 0, 0, 0, 0, 0, 0, 0, 0, 0, 0, 0, 0, 0, 0, 0, 0, 1, 1, 0, 0, 0, 0, 0, 0, 0, 1, 0, 1]
Output Mask: [0, 0, 0, 0, 0, 0, 0, 0, 0, 1, 0, 1, 0, 0, 0, 0, 0, 0, 0, 0, 0, 0, 0, 0, 0, 0, 0, 0, 0, 0, 0, 0]

Linear characteristic probability 2^-33
Nr of Solutions: 2885
Probability distribution: {33: 1, 34: 1, 35: 4, 36: 3, 37: 28, 38: 145, 39: 524, 40: 2179}
Probability impact: {33: '-33.00', 34: '-34.00', 35: '-33.00', 36: '-34.42', 37: '-32.19', 38: '-30.82', 39: '-29.97', 40: '-28.91'}
Linear probability 2^-27.90
Input Mask:  [0, 0, 0, 0, 0, 1, 0, 0, 1, 1, 1, 0, 0, 1, 0, 1, 1, 0, 0, 1, 0, 0, 0, 0, 0, 0, 0, 0, 0, 0, 0, 0]
Output Mask: [0, 0, 0, 0, 0, 0, 0, 0, 0, 0, 0, 0, 0, 0, 0, 0, 1, 1, 0, 1, 0, 0, 0, 0, 0, 0, 0, 0, 0, 0, 0, 0]

Linear characteristic probability 2^-33
Nr of Solutions: 7992
Probability distribution: {33: 1, 34: 1, 35: 7, 36: 8, 37: 68, 38: 293, 39: 1549, 40: 6065}
Probability impact: {33: '-33.00', 34: '-34.00', 35: '-32.19', 36: '-33.00', 37: '-30.91', 38: '-29.81', 39: '-28.40', 40: '-27.43'}
Linear probability 2^-26.52
Input Mask:  [0, 0, 0, 0, 0, 0, 0, 0, 0, 0, 0, 0, 0, 0, 0, 0, 0, 1, 1, 1, 0, 0, 0, 0, 1, 1, 0, 0, 1, 0, 1, 1]
Output Mask: [0, 0, 0, 0, 0, 0, 0, 0, 0, 0, 0, 0, 0, 0, 0, 0, 0, 0, 0, 0, 0, 0, 0, 0, 0, 0, 1, 1, 0, 0, 0, 0]

Linear characteristic probability 2^-33
Nr of Solutions: 2586
Probability distribution: {33: 2, 35: 8, 36: 6, 37: 22, 38: 92, 39: 421, 40: 2035}
Probability impact: {33: '-32.00', 35: '-32.00', 36: '-33.42', 37: '-32.54', 38: '-31.48', 39: '-30.28', 40: '-29.01'}
Linear probability 2^-28.02
Input Mask:  [0, 0, 0, 0, 0, 0, 0, 0, 0, 0, 0, 0, 0, 0, 0, 0, 0, 0, 0, 1, 1, 0, 0, 0, 1, 0, 0, 0, 1, 1, 1, 1]
Output Mask: [0, 0, 0, 0, 0, 0, 0, 0, 1, 0, 0, 1, 0, 0, 0, 0, 0, 0, 0, 0, 0, 0, 0, 0, 0, 0, 0, 0, 0, 0, 0, 0]

Linear characteristic probability 2^-33
Nr of Solutions: 6675
Probability distribution: {33: 1, 34: 2, 35: 7, 36: 13, 37: 52, 38: 229, 39: 1165, 40: 5206}
Probability impact: {33: '-33.00', 34: '-33.00', 35: '-32.19', 36: '-32.30', 37: '-31.30', 38: '-30.16', 39: '-28.81', 40: '-27.65'}
Linear probability 2^-26.78
Input Mask:  [0, 0, 0, 0, 0, 0, 0, 0, 0, 0, 0, 0, 0, 0, 0, 0, 1, 0, 0, 0, 1, 1, 0, 0, 0, 0, 1, 0, 0, 0, 0, 0]
Output Mask: [1, 0, 1, 0, 0, 0, 0, 0, 0, 0, 0, 0, 0, 0, 0, 0, 0, 0, 0, 0, 0, 0, 0, 0, 0, 0, 0, 0, 0, 0, 0, 0]

Linear characteristic probability 2^-33
Nr of Solutions: 14340
Probability distribution: {33: 1, 34: 1, 35: 4, 36: 8, 37: 74, 38: 489, 39: 2567, 40: 11196}
Probability impact: {33: '-33.00', 34: '-34.00', 35: '-33.00', 36: '-33.00', 37: '-30.79', 38: '-29.07', 39: '-27.67', 40: '-26.55'}
Linear probability 2^-25.76
Input Mask:  [0, 0, 0, 0, 0, 0, 0, 0, 0, 0, 0, 0, 0, 0, 0, 0, 0, 0, 0, 0, 1, 1, 0, 0, 0, 0, 0, 0, 1, 1, 0, 0]
Output Mask: [0, 0, 0, 0, 0, 0, 0, 0, 0, 0, 0, 0, 0, 0, 0, 0, 0, 0, 0, 0, 0, 0, 0, 0, 0, 0, 0, 0, 0, 1, 1, 1]

Linear characteristic probability 2^-33
Nr of Solutions: 5779
Probability distribution: {33: 2, 35: 8, 36: 6, 37: 35, 38: 162, 39: 901, 40: 4665}
Probability impact: {33: '-32.00', 35: '-32.00', 36: '-33.42', 37: '-31.87', 38: '-30.66', 39: '-29.18', 40: '-27.81'}
Linear probability 2^-27.03
Input Mask:  [0, 0, 0, 0, 1, 1, 1, 1, 0, 0, 0, 0, 1, 1, 0, 0, 0, 0, 0, 0, 1, 0, 1, 1, 0, 0, 0, 0, 0, 0, 0, 0]
Output Mask: [0, 0, 0, 0, 0, 0, 0, 0, 0, 0, 0, 0, 0, 0, 0, 0, 0, 0, 0, 0, 0, 0, 0, 0, 0, 0, 0, 0, 1, 0, 1, 0]

Linear characteristic probability 2^-33
Nr of Solutions: 7424
Probability distribution: {33: 1, 34: 1, 35: 5, 36: 9, 37: 55, 38: 246, 39: 1304, 40: 5803}
Probability impact: {33: '-33.00', 34: '-34.00', 35: '-32.68', 36: '-32.83', 37: '-31.22', 38: '-30.06', 39: '-28.65', 40: '-27.50'}
Linear probability 2^-26.67
Input Mask:  [1, 0, 1, 1, 0, 0, 0, 0, 0, 0, 0, 0, 0, 0, 1, 0, 0, 0, 0, 0, 0, 0, 0, 0, 0, 0, 1, 0, 0, 0, 0, 0]
Output Mask: [0, 0, 0, 0, 0, 0, 0, 0, 0, 0, 0, 0, 0, 0, 0, 0, 0, 0, 0, 0, 0, 0, 0, 0, 0, 1, 1, 0, 0, 0, 0, 0]

Linear characteristic probability 2^-33
Nr of Solutions: 1637
Probability distribution: {33: 2, 35: 8, 36: 9, 37: 22, 38: 107, 39: 286, 40: 1203}
Probability impact: {33: '-32.00', 35: '-32.00', 36: '-32.83', 37: '-32.54', 38: '-31.26', 39: '-30.84', 40: '-29.77'}
Linear probability 2^-28.43
Input Mask:  [1, 0, 0, 0, 0, 0, 0, 0, 0, 0, 0, 0, 0, 1, 0, 1, 0, 0, 1, 1, 0, 0, 0, 1, 0, 0, 0, 0, 0, 0, 0, 0]
Output Mask: [0, 0, 0, 0, 0, 0, 0, 0, 0, 0, 0, 0, 0, 0, 0, 0, 0, 1, 0, 1, 0, 0, 0, 0, 0, 0, 0, 0, 0, 0, 0, 0]

Linear characteristic probability 2^-33
Nr of Solutions: 7918
Probability distribution: {33: 3, 34: 4, 36: 5, 37: 70, 38: 315, 39: 1468, 40: 6053}
Probability impact: {33: '-31.42', 34: '-32.00', 36: '-33.68', 37: '-30.87', 38: '-29.70', 39: '-28.48', 40: '-27.44'}
Linear probability 2^-26.51
Input Mask:  [0, 0, 0, 0, 0, 0, 0, 0, 1, 0, 0, 1, 0, 0, 0, 0, 0, 1, 0, 0, 1, 0, 0, 1, 0, 0, 0, 0, 0, 0, 0, 0]
Output Mask: [0, 0, 0, 0, 0, 1, 0, 1, 0, 0, 0, 0, 0, 0, 0, 0, 0, 0, 0, 0, 0, 0, 0, 0, 0, 0, 0, 0, 0, 0, 0, 0]

Linear characteristic probability 2^-33
Nr of Solutions: 6000
Probability distribution: {33: 1, 34: 1, 35: 4, 36: 8, 37: 28, 38: 164, 39: 912, 40: 4882}
Probability impact: {33: '-33.00', 34: '-34.00', 35: '-33.00', 36: '-33.00', 37: '-32.19', 38: '-30.64', 39: '-29.17', 40: '-27.75'}
Linear probability 2^-27.03
Input Mask:  [0, 1, 1, 1, 0, 0, 0, 0, 1, 1, 0, 0, 0, 0, 0, 0, 0, 0, 0, 0, 0, 0, 0, 0, 1, 0, 0, 0, 0, 0, 0, 0]
Output Mask: [0, 0, 0, 0, 0, 0, 0, 0, 0, 0, 1, 0, 0, 0, 0, 0, 0, 0, 0, 0, 0, 0, 0, 0, 0, 0, 0, 0, 0, 0, 0, 0]

Linear characteristic probability 2^-33
Nr of Solutions: 1786
Probability distribution: {33: 1, 34: 2, 35: 6, 36: 2, 37: 20, 38: 48, 39: 261, 40: 1446}
Probability impact: {33: '-33.00', 34: '-33.00', 35: '-32.42', 36: '-35.00', 37: '-32.68', 38: '-32.42', 39: '-30.97', 40: '-29.50'}
Linear probability 2^-28.55
Input Mask:  [0, 0, 0, 0, 1, 0, 1, 0, 0, 0, 0, 0, 1, 1, 0, 0, 0, 0, 0, 0, 0, 0, 0, 0, 1, 0, 0, 1, 0, 1, 1, 0]
Output Mask: [0, 0, 0, 0, 1, 0, 1, 1, 0, 0, 0, 0, 0, 0, 0, 0, 0, 0, 0, 0, 0, 0, 0, 0, 0, 0, 0, 0, 0, 0, 0, 0]

Linear characteristic probability 2^-33
Nr of Solutions: 6240
Probability distribution: {33: 2, 35: 8, 36: 5, 37: 46, 38: 209, 39: 1041, 40: 4929}
Probability impact: {33: '-32.00', 35: '-32.00', 36: '-33.68', 37: '-31.48', 38: '-30.29', 39: '-28.98', 40: '-27.73'}
Linear probability 2^-26.90
Input Mask:  [1, 1, 0, 0, 0, 1, 1, 0, 0, 0, 0, 0, 0, 0, 0, 0, 0, 0, 0, 0, 0, 0, 0, 0, 1, 1, 0, 1, 0, 0, 0, 0]
Output Mask: [0, 0, 0, 0, 0, 0, 0, 0, 1, 1, 0, 1, 0, 0, 0, 0, 0, 0, 0, 0, 0, 0, 0, 0, 0, 0, 0, 0, 0, 0, 0, 0]

Linear characteristic probability 2^-33
Nr of Solutions: 2506
Probability distribution: {33: 1, 34: 1, 35: 4, 36: 6, 37: 25, 38: 77, 39: 406, 40: 1986}
Probability impact: {33: '-33.00', 34: '-34.00', 35: '-33.00', 36: '-33.42', 37: '-32.36', 38: '-31.73', 39: '-30.33', 40: '-29.04'}
Linear probability 2^-28.14
Input Mask:  [0, 0, 0, 0, 0, 0, 0, 0, 0, 0, 0, 0, 0, 0, 0, 0, 1, 0, 0, 0, 0, 0, 0, 1, 1, 1, 0, 0, 1, 0, 0, 0]
Output Mask: [0, 0, 0, 0, 0, 0, 0, 0, 0, 0, 0, 0, 0, 1, 0, 1, 0, 0, 0, 0, 0, 0, 0, 0, 0, 0, 0, 0, 0, 0, 0, 0]

Linear characteristic probability 2^-33
Nr of Solutions: 2502
Probability distribution: {33: 2, 35: 9, 36: 6, 37: 31, 38: 71, 39: 428, 40: 1955}
Probability impact: {33: '-32.00', 35: '-31.83', 36: '-33.42', 37: '-32.05', 38: '-31.85', 39: '-30.26', 40: '-29.07'}
Linear probability 2^-28.04
Input Mask:  [0, 0, 0, 0, 1, 0, 0, 0, 0, 0, 0, 0, 1, 1, 0, 0, 0, 0, 0, 0, 0, 0, 0, 0, 1, 0, 0, 0, 1, 0, 1, 1]
Output Mask: [0, 0, 0, 0, 1, 1, 1, 1, 0, 0, 0, 0, 0, 0, 0, 0, 0, 0, 0, 0, 0, 0, 0, 0, 0, 0, 0, 0, 0, 0, 0, 0]

Linear characteristic probability 2^-33
Nr of Solutions: 7445
Probability distribution: {33: 1, 34: 1, 35: 9, 36: 23, 37: 73, 38: 282, 39: 1250, 40: 5806}
Probability impact: {33: '-33.00', 34: '-34.00', 35: '-31.83', 36: '-31.48', 37: '-30.81', 38: '-29.86', 39: '-28.71', 40: '-27.50'}
Linear probability 2^-26.59
Input Mask:  [0, 0, 0, 0, 1, 0, 0, 1, 0, 0, 0, 0, 0, 0, 0, 0, 0, 1, 1, 0, 0, 1, 0, 0, 0, 0, 0, 0, 0, 0, 0, 0]
Output Mask: [0, 0, 0, 0, 0, 0, 0, 0, 0, 0, 0, 0, 0, 0, 0, 0, 0, 0, 0, 0, 0, 0, 0, 0, 0, 0, 0, 0, 0, 0, 0, 1]

Linear characteristic probability 2^-33
Nr of Solutions: 15842
Probability distribution: {33: 2, 34: 2, 35: 14, 36: 34, 37: 116, 38: 685, 39: 2954, 40: 12035}
Probability impact: {33: '-32.00', 34: '-33.00', 35: '-31.19', 36: '-30.91', 37: '-30.14', 38: '-28.58', 39: '-27.47', 40: '-26.45'}
Linear probability 2^-25.51
Input Mask:  [0, 0, 0, 0, 0, 0, 0, 0, 0, 0, 0, 0, 0, 0, 1, 0, 0, 0, 0, 0, 0, 1, 0, 0, 0, 0, 0, 0, 0, 0, 0, 0]
Output Mask: [0, 0, 0, 0, 0, 1, 1, 0, 0, 0, 0, 0, 0, 0, 0, 0, 0, 0, 0, 0, 0, 0, 0, 0, 0, 0, 0, 0, 0, 0, 0, 0]

Linear characteristic probability 2^-33
Nr of Solutions: 17340
Probability distribution: {33: 1, 34: 2, 35: 4, 36: 7, 37: 96, 38: 659, 39: 3212, 40: 13359}
Probability impact: {33: '-33.00', 34: '-33.00', 35: '-33.00', 36: '-33.19', 37: '-30.42', 38: '-28.64', 39: '-27.35', 40: '-26.29'}
Linear probability 2^-25.47
Input Mask:  [0, 1, 0, 0, 1, 1, 0, 0, 0, 0, 0, 0, 0, 0, 0, 0, 0, 0, 0, 0, 0, 0, 0, 0, 0, 0, 0, 0, 0, 0, 0, 0]
Output Mask: [0, 0, 0, 0, 0, 0, 0, 0, 0, 0, 0, 0, 0, 0, 0, 0, 0, 0, 0, 0, 0, 0, 0, 0, 0, 0, 0, 0, 1, 1, 0, 1]

Linear characteristic probability 2^-33
Nr of Solutions: 7449
Probability distribution: {33: 1, 34: 2, 35: 7, 36: 27, 37: 68, 38: 307, 39: 1328, 40: 5709}
Probability impact: {33: '-33.00', 34: '-33.00', 35: '-32.19', 36: '-31.25', 37: '-30.91', 38: '-29.74', 39: '-28.62', 40: '-27.52'}
Linear probability 2^-26.57
Input Mask:  [0, 0, 0, 0, 1, 0, 0, 1, 0, 0, 0, 0, 0, 0, 0, 0, 1, 0, 1, 1, 0, 1, 0, 0, 0, 0, 0, 0, 0, 0, 0, 0]
Output Mask: [0, 0, 0, 0, 0, 0, 0, 0, 0, 0, 0, 0, 0, 0, 0, 0, 0, 0, 0, 0, 0, 0, 0, 0, 0, 0, 0, 0, 1, 1, 0, 0]

Linear characteristic probability 2^-33
Nr of Solutions: 6937
Probability distribution: {33: 1, 34: 1, 35: 5, 36: 1, 37: 24, 38: 174, 39: 1138, 40: 5593}
Probability impact: {33: '-33.00', 34: '-34.00', 35: '-32.68', 36: '-36.00', 37: '-32.42', 38: '-30.56', 39: '-28.85', 40: '-27.55'}
Linear probability 2^-26.84
Input Mask:  [0, 1, 0, 1, 0, 0, 1, 0, 0, 0, 0, 0, 0, 0, 0, 0, 0, 0, 0, 0, 0, 0, 0, 0, 0, 1, 1, 0, 0, 0, 0, 0]
Output Mask: [0, 0, 0, 0, 0, 0, 0, 0, 0, 0, 0, 0, 0, 0, 0, 0, 0, 0, 0, 0, 0, 0, 0, 0, 0, 0, 1, 0, 0, 0, 0, 0]

Linear characteristic probability 2^-33
Nr of Solutions: 9314
Probability distribution: {33: 3, 34: 4, 36: 3, 37: 46, 38: 305, 39: 1753, 40: 7200}
Probability impact: {33: '-31.42', 34: '-32.00', 36: '-34.42', 37: '-31.48', 38: '-29.75', 39: '-28.22', 40: '-27.19'}
Linear probability 2^-26.34
Input Mask:  [1, 0, 1, 1, 0, 1, 1, 1, 0, 0, 0, 0, 0, 0, 0, 0, 0, 0, 0, 0, 1, 0, 1, 1, 0, 0, 0, 0, 0, 0, 0, 0]
Output Mask: [0, 0, 0, 0, 0, 0, 0, 0, 0, 0, 0, 0, 0, 0, 0, 0, 0, 0, 0, 0, 0, 0, 0, 0, 0, 0, 0, 0, 0, 0, 1, 0]

Linear characteristic probability 2^-33
Nr of Solutions: 2929
Probability distribution: {33: 2, 35: 10, 37: 43, 38: 65, 39: 516, 40: 2293}
Probability impact: {33: '-32.00', 35: '-31.68', 37: '-31.57', 38: '-31.98', 39: '-29.99', 40: '-28.84'}
Linear probability 2^-27.86
Input Mask:  [0, 0, 0, 0, 0, 0, 1, 0, 0, 0, 0, 0, 1, 0, 0, 0, 1, 0, 0, 0, 0, 0, 0, 0, 0, 1, 1, 0, 0, 0, 0, 0]
Output Mask: [0, 0, 0, 0, 0, 0, 0, 0, 0, 0, 0, 0, 0, 1, 0, 0, 0, 0, 0, 0, 0, 0, 0, 0, 0, 0, 0, 0, 0, 0, 0, 0]

