Left Branch: 4, Right Branch: 2, Iterations: 100
Linear characteristic probability 2^-40
Nr of Solutions: 1589
Probability distribution: {40: 1, 41: 1, 42: 4, 43: 2, 44: 17, 45: 52, 46: 246, 47: 1266}
Probability impact: {40: '-40.00', 41: '-41.00', 42: '-40.00', 43: '-42.00', 44: '-39.91', 45: '-39.30', 46: '-38.06', 47: '-36.69'}
Linear probability 2^-35.74
Input Mask:  [0, 0, 0, 0, 0, 0, 0, 0, 0, 0, 0, 0, 1, 1, 0, 0, 0, 1, 1, 0, 1, 0, 0, 0, 0, 0, 0, 0, 0, 0, 0, 0]
Output Mask: [0, 0, 0, 0, 1, 1, 0, 1, 1, 0, 0, 0, 0, 0, 0, 0, 0, 0, 0, 0, 1, 1, 1, 0, 1, 1, 0, 0, 0, 0, 0, 0]

Linear characteristic probability 2^-40
Nr of Solutions: 38989
Probability distribution: {40: 8, 42: 120, 43: 25, 44: 979, 45: 1538, 46: 9567, 47: 26752}
Probability impact: {40: '-37.00', 42: '-35.09', 43: '-38.36', 44: '-34.06', 45: '-34.41', 46: '-32.78', 47: '-32.29'}
Linear probability 2^-31.01
Input Mask:  [0, 0, 0, 1, 0, 0, 0, 0, 1, 0, 0, 0, 1, 0, 1, 0, 0, 0, 0, 0, 0, 0, 1, 1, 0, 0, 1, 0, 1, 1, 0, 1]
Output Mask: [0, 0, 0, 0, 0, 1, 0, 1, 0, 0, 0, 0, 0, 0, 0, 0, 0, 0, 0, 0, 0, 0, 0, 1, 0, 0, 0, 0, 0, 0, 0, 0]

Linear characteristic probability 2^-40
Nr of Solutions: 36071
Probability distribution: {40: 2, 41: 4, 42: 26, 43: 46, 44: 313, 45: 1653, 46: 7438, 47: 26589}
Probability impact: {40: '-39.00', 41: '-39.00', 42: '-37.30', 43: '-37.48', 44: '-35.71', 45: '-34.31', 46: '-33.14', 47: '-32.30'}
Linear probability 2^-31.32
Input Mask:  [0, 0, 0, 0, 0, 1, 1, 0, 0, 0, 0, 0, 0, 1, 0, 1, 1, 0, 0, 0, 0, 1, 0, 1, 0, 1, 1, 0, 1, 1, 1, 1]
Output Mask: [0, 0, 0, 0, 0, 0, 0, 0, 1, 0, 1, 0, 0, 0, 0, 0, 0, 0, 0, 0, 0, 0, 0, 0, 0, 1, 1, 1, 0, 0, 0, 0]

Linear characteristic probability 2^-40
Nr of Solutions: 37727
Probability distribution: {40: 8, 41: 8, 42: 116, 43: 191, 44: 852, 45: 2218, 46: 8151, 47: 26183}
Probability impact: {40: '-37.00', 41: '-38.00', 42: '-35.14', 43: '-35.42', 44: '-34.27', 45: '-33.88', 46: '-33.01', 47: '-32.32'}
Linear probability 2^-30.98
Input Mask:  [0, 0, 0, 0, 1, 1, 0, 0, 0, 0, 0, 0, 0, 0, 0, 1, 1, 0, 1, 1, 0, 1, 0, 0, 1, 1, 1, 1, 1, 0, 0, 0]
Output Mask: [0, 0, 0, 0, 0, 0, 0, 0, 0, 1, 0, 0, 0, 0, 0, 0, 0, 0, 0, 0, 0, 0, 0, 0, 1, 1, 1, 0, 0, 0, 0, 0]

Linear characteristic probability 2^-40
Nr of Solutions: 40936
Probability distribution: {40: 2, 41: 6, 42: 28, 43: 65, 44: 371, 45: 1937, 46: 8397, 47: 30130}
Probability impact: {40: '-39.00', 41: '-38.42', 42: '-37.19', 43: '-36.98', 44: '-35.46', 45: '-34.08', 46: '-32.96', 47: '-32.12'}
Linear probability 2^-31.12
Input Mask:  [1, 0, 0, 0, 0, 1, 0, 1, 0, 0, 1, 0, 0, 1, 0, 1, 0, 0, 0, 0, 1, 0, 1, 0, 0, 0, 0, 0, 0, 1, 1, 0]
Output Mask: [0, 0, 0, 0, 0, 0, 0, 0, 0, 0, 0, 0, 0, 0, 0, 0, 0, 0, 0, 0, 0, 0, 0, 1, 0, 1, 1, 1, 0, 0, 0, 0]

Linear characteristic probability 2^-40
Nr of Solutions: 95561
Probability distribution: {40: 16, 41: 32, 42: 325, 43: 601, 44: 3098, 45: 7274, 46: 25096, 47: 59119}
Probability impact: {40: '-36.00', 41: '-36.00', 42: '-33.66', 43: '-33.77', 44: '-32.40', 45: '-32.17', 46: '-31.38', 47: '-31.15'}
Linear probability 2^-29.48
Input Mask:  [0, 0, 0, 0, 0, 0, 1, 0, 1, 0, 0, 1, 0, 1, 0, 0, 0, 1, 0, 0, 1, 0, 0, 0, 0, 0, 0, 0, 1, 0, 1, 1]
Output Mask: [0, 0, 0, 0, 0, 0, 0, 0, 1, 1, 1, 1, 0, 0, 0, 0, 0, 0, 0, 0, 0, 0, 0, 0, 0, 0, 0, 0, 0, 0, 0, 0]

Linear characteristic probability 2^-40
Nr of Solutions: 29636
Probability distribution: {40: 8, 41: 8, 42: 104, 43: 168, 44: 753, 45: 2152, 46: 6988, 47: 19455}
Probability impact: {40: '-37.00', 41: '-38.00', 42: '-35.30', 43: '-35.61', 44: '-34.44', 45: '-33.93', 46: '-33.23', 47: '-32.75'}
Linear probability 2^-31.24
Input Mask:  [0, 1, 0, 1, 1, 0, 1, 0, 0, 0, 0, 0, 0, 1, 0, 0, 1, 1, 1, 0, 0, 1, 0, 1, 0, 0, 1, 0, 1, 0, 0, 1]
Output Mask: [0, 0, 0, 0, 0, 0, 0, 0, 0, 1, 1, 1, 0, 0, 0, 0, 0, 0, 0, 0, 0, 0, 0, 0, 1, 1, 1, 1, 0, 0, 0, 0]

Linear characteristic probability 2^-40
Nr of Solutions: 2090
Probability distribution: {40: 1, 41: 2, 42: 4, 43: 1, 44: 9, 45: 70, 46: 372, 47: 1631}
Probability impact: {40: '-40.00', 41: '-40.00', 42: '-40.00', 43: '-43.00', 44: '-40.83', 45: '-38.87', 46: '-37.46', 47: '-36.33'}
Linear probability 2^-35.39
Input Mask:  [0, 0, 0, 0, 0, 0, 0, 0, 1, 0, 0, 0, 0, 0, 0, 0, 0, 1, 0, 0, 1, 0, 0, 1, 0, 0, 0, 0, 0, 0, 0, 0]
Output Mask: [0, 0, 0, 0, 1, 0, 1, 1, 1, 1, 1, 1, 0, 0, 0, 0, 0, 0, 0, 0, 1, 0, 1, 1, 1, 1, 0, 1, 0, 0, 0, 0]

Linear characteristic probability 2^-40
Nr of Solutions: 91867
Probability distribution: {40: 32, 42: 640, 43: 34, 44: 5646, 45: 3655, 46: 36295, 47: 45565}
Probability impact: {40: '-35.00', 42: '-32.68', 43: '-37.91', 44: '-31.54', 45: '-33.16', 46: '-30.85', 47: '-31.52'}
Linear probability 2^-29.37
Input Mask:  [1, 1, 1, 0, 0, 1, 1, 1, 1, 1, 0, 0, 1, 1, 0, 0, 0, 0, 0, 0, 1, 0, 1, 1, 0, 0, 0, 0, 1, 1, 1, 0]
Output Mask: [0, 0, 0, 0, 0, 0, 0, 0, 0, 0, 0, 0, 0, 0, 0, 0, 0, 1, 0, 0, 0, 0, 0, 0, 0, 0, 0, 0, 0, 0, 0, 0]

Linear characteristic probability 2^-40
Nr of Solutions: 60966
Probability distribution: {40: 16, 42: 248, 43: 29, 44: 2029, 45: 2394, 46: 16902, 47: 39348}
Probability impact: {40: '-36.00', 42: '-34.05', 43: '-38.14', 44: '-33.01', 45: '-33.77', 46: '-31.96', 47: '-31.74'}
Linear probability 2^-30.26
Input Mask:  [0, 1, 1, 1, 1, 1, 0, 1, 0, 0, 0, 0, 1, 1, 0, 0, 1, 1, 0, 1, 1, 1, 0, 0, 1, 1, 0, 1, 0, 0, 0, 0]
Output Mask: [0, 0, 0, 0, 0, 1, 0, 0, 0, 0, 0, 0, 0, 0, 0, 0, 0, 0, 0, 0, 1, 0, 1, 0, 0, 0, 0, 0, 0, 0, 0, 0]

Linear characteristic probability 2^-40
Nr of Solutions: 64226
Probability distribution: {40: 8, 41: 8, 42: 136, 43: 205, 44: 1337, 45: 3808, 46: 14187, 47: 44537}
Probability impact: {40: '-37.00', 41: '-38.00', 42: '-34.91', 43: '-35.32', 44: '-33.62', 45: '-33.11', 46: '-32.21', 47: '-31.56'}
Linear probability 2^-30.28
Input Mask:  [0, 0, 0, 0, 1, 0, 0, 0, 0, 0, 0, 0, 1, 1, 0, 0, 0, 1, 0, 1, 1, 0, 1, 0, 0, 1, 1, 0, 0, 0, 0, 1]
Output Mask: [0, 0, 0, 0, 0, 0, 0, 0, 0, 0, 0, 1, 0, 0, 0, 0, 0, 0, 0, 0, 0, 0, 0, 0, 0, 0, 0, 1, 0, 0, 0, 0]

Linear characteristic probability 2^-40
Nr of Solutions: 85624
Probability distribution: {40: 32, 42: 640, 43: 64, 44: 5790, 45: 3860, 46: 36054, 47: 39184}
Probability impact: {40: '-35.00', 42: '-32.68', 43: '-37.00', 44: '-31.50', 45: '-33.09', 46: '-30.86', 47: '-31.74'}
Linear probability 2^-29.40
Input Mask:  [1, 1, 0, 0, 0, 0, 0, 0, 1, 1, 0, 0, 0, 0, 1, 0, 0, 0, 0, 0, 0, 1, 0, 1, 0, 0, 0, 1, 0, 1, 1, 0]
Output Mask: [0, 0, 0, 0, 0, 0, 0, 0, 0, 0, 0, 0, 0, 0, 0, 0, 0, 0, 0, 0, 0, 0, 0, 0, 0, 0, 0, 0, 0, 0, 1, 0]

Linear characteristic probability 2^-40
Nr of Solutions: 32213
Probability distribution: {40: 8, 41: 16, 42: 120, 43: 257, 44: 1044, 45: 2913, 46: 9053, 47: 18802}
Probability impact: {40: '-37.00', 41: '-37.00', 42: '-35.09', 43: '-34.99', 44: '-33.97', 45: '-33.49', 46: '-32.86', 47: '-32.80'}
Linear probability 2^-30.97
Input Mask:  [0, 0, 0, 0, 1, 0, 1, 1, 0, 0, 0, 1, 0, 0, 1, 0, 0, 1, 1, 0, 1, 0, 1, 1, 0, 1, 1, 0, 1, 1, 0, 0]
Output Mask: [0, 0, 0, 0, 0, 0, 0, 0, 0, 0, 1, 0, 0, 0, 0, 0, 0, 0, 0, 0, 0, 0, 0, 0, 0, 0, 1, 0, 0, 0, 0, 0]

Linear characteristic probability 2^-40
Nr of Solutions: 32725
Probability distribution: {40: 2, 41: 4, 42: 26, 43: 123, 44: 652, 45: 2510, 46: 8102, 47: 21306}
Probability impact: {40: '-39.00', 41: '-39.00', 42: '-37.30', 43: '-36.06', 44: '-34.65', 45: '-33.71', 46: '-33.02', 47: '-32.62'}
Linear probability 2^-31.22
Input Mask:  [0, 0, 0, 1, 0, 0, 0, 1, 0, 1, 1, 1, 0, 0, 1, 0, 0, 1, 1, 1, 1, 0, 1, 1, 0, 0, 0, 0, 1, 1, 1, 1]
Output Mask: [0, 0, 0, 0, 1, 1, 1, 1, 0, 0, 0, 0, 0, 0, 0, 0, 0, 0, 0, 0, 0, 0, 1, 1, 0, 0, 0, 0, 0, 0, 0, 0]

Linear characteristic probability 2^-40
Nr of Solutions: 34543
Probability distribution: {40: 2, 41: 8, 42: 35, 43: 81, 44: 398, 45: 1618, 46: 7153, 47: 25248}
Probability impact: {40: '-39.00', 41: '-38.00', 42: '-36.87', 43: '-36.66', 44: '-35.36', 45: '-34.34', 46: '-33.20', 47: '-32.38'}
Linear probability 2^-31.32
Input Mask:  [0, 0, 0, 0, 1, 1, 0, 0, 0, 0, 0, 0, 1, 0, 1, 0, 0, 1, 1, 1, 0, 0, 0, 1, 1, 1, 1, 1, 0, 1, 0, 1]
Output Mask: [0, 0, 0, 0, 1, 0, 1, 0, 1, 0, 1, 1, 0, 0, 0, 0, 0, 0, 0, 0, 0, 0, 0, 0, 0, 0, 0, 0, 0, 0, 0, 0]

Linear characteristic probability 2^-40
Nr of Solutions: 45053
Probability distribution: {40: 1, 41: 13, 42: 31, 43: 210, 44: 496, 45: 2982, 46: 8847, 47: 32473}
Probability impact: {40: '-40.00', 41: '-37.30', 42: '-37.05', 43: '-35.29', 44: '-35.05', 45: '-33.46', 46: '-32.89', 47: '-32.01'}
Linear probability 2^-30.88
Input Mask:  [1, 1, 0, 0, 0, 0, 1, 0, 0, 0, 0, 0, 1, 1, 0, 0, 1, 1, 0, 1, 1, 1, 0, 0, 0, 0, 1, 0, 0, 0, 0, 0]
Output Mask: [0, 0, 0, 0, 0, 0, 1, 1, 0, 0, 0, 0, 0, 0, 0, 0, 0, 0, 0, 0, 1, 1, 0, 1, 0, 0, 0, 0, 0, 0, 0, 0]

Linear characteristic probability 2^-40
Nr of Solutions: 26554
Probability distribution: {40: 1, 41: 4, 42: 17, 43: 78, 44: 419, 45: 1922, 46: 6635, 47: 17478}
Probability impact: {40: '-40.00', 41: '-39.00', 42: '-37.91', 43: '-36.71', 44: '-35.29', 45: '-34.09', 46: '-33.30', 47: '-32.91'}
Linear probability 2^-31.58
Input Mask:  [0, 1, 1, 1, 1, 1, 1, 0, 0, 0, 1, 1, 1, 1, 0, 0, 1, 1, 0, 1, 1, 0, 1, 0, 1, 0, 0, 1, 0, 0, 0, 0]
Output Mask: [0, 0, 0, 0, 0, 0, 0, 0, 0, 0, 0, 0, 0, 0, 0, 1, 1, 1, 0, 0, 0, 0, 0, 0, 0, 0, 0, 0, 0, 0, 0, 0]

Linear characteristic probability 2^-40
Nr of Solutions: 2463
Probability distribution: {40: 2, 42: 8, 43: 2, 44: 16, 45: 97, 46: 400, 47: 1938}
Probability impact: {40: '-39.00', 42: '-39.00', 43: '-42.00', 44: '-40.00', 45: '-38.40', 46: '-37.36', 47: '-36.08'}
Linear probability 2^-35.11
Input Mask:  [0, 1, 1, 0, 0, 1, 1, 1, 0, 0, 0, 0, 0, 0, 0, 0, 0, 0, 0, 0, 0, 1, 1, 0, 0, 0, 0, 0, 0, 0, 0, 0]
Output Mask: [0, 0, 0, 0, 0, 1, 0, 0, 1, 0, 0, 0, 0, 0, 0, 0, 0, 0, 0, 0, 0, 0, 1, 1, 0, 1, 0, 1, 0, 0, 0, 0]

Linear characteristic probability 2^-40
Nr of Solutions: 34826
Probability distribution: {40: 8, 41: 8, 42: 120, 43: 150, 44: 924, 45: 2351, 46: 9193, 47: 22072}
Probability impact: {40: '-37.00', 41: '-38.00', 42: '-35.09', 43: '-35.77', 44: '-34.15', 45: '-33.80', 46: '-32.83', 47: '-32.57'}
Linear probability 2^-31.01
Input Mask:  [1, 0, 0, 0, 0, 0, 1, 0, 0, 0, 0, 0, 1, 0, 0, 0, 1, 0, 0, 0, 1, 1, 0, 0, 0, 0, 1, 0, 0, 1, 0, 1]
Output Mask: [0, 0, 0, 0, 0, 0, 1, 0, 0, 0, 0, 0, 0, 0, 0, 0, 0, 0, 0, 0, 0, 0, 0, 1, 0, 0, 0, 0, 0, 0, 0, 0]

Linear characteristic probability 2^-40
Nr of Solutions: 108030
Probability distribution: {40: 16, 41: 32, 42: 320, 43: 556, 44: 3159, 45: 7157, 46: 29258, 47: 67532}
Probability impact: {40: '-36.00', 41: '-36.00', 42: '-33.68', 43: '-33.88', 44: '-32.37', 45: '-32.19', 46: '-31.16', 47: '-30.96'}
Linear probability 2^-29.37
Input Mask:  [0, 1, 1, 0, 1, 1, 0, 1, 1, 1, 1, 0, 0, 0, 0, 0, 1, 1, 1, 1, 0, 1, 0, 1, 0, 0, 0, 0, 0, 1, 0, 1]
Output Mask: [0, 0, 0, 0, 0, 0, 1, 0, 0, 0, 0, 0, 0, 0, 0, 0, 0, 0, 0, 0, 0, 0, 0, 0, 0, 0, 0, 0, 0, 0, 0, 0]

Linear characteristic probability 2^-40
Nr of Solutions: 24289
Probability distribution: {40: 8, 42: 128, 43: 39, 44: 947, 45: 1149, 46: 6809, 47: 15209}
Probability impact: {40: '-37.00', 42: '-35.00', 43: '-37.71', 44: '-34.11', 45: '-34.83', 46: '-33.27', 47: '-33.11'}
Linear probability 2^-31.49
Input Mask:  [1, 0, 0, 0, 0, 0, 0, 1, 0, 0, 0, 0, 1, 0, 0, 0, 0, 1, 1, 1, 1, 0, 0, 0, 0, 0, 0, 1, 1, 0, 0, 0]
Output Mask: [0, 0, 0, 0, 0, 0, 1, 1, 0, 0, 0, 0, 0, 0, 0, 0, 0, 0, 0, 0, 1, 0, 0, 0, 0, 0, 0, 0, 0, 0, 0, 0]

Linear characteristic probability 2^-40
Nr of Solutions: 43305
Probability distribution: {40: 8, 42: 129, 43: 34, 44: 1156, 45: 1910, 46: 11714, 47: 28354}
Probability impact: {40: '-37.00', 42: '-34.99', 43: '-37.91', 44: '-33.83', 45: '-34.10', 46: '-32.48', 47: '-32.21'}
Linear probability 2^-30.82
Input Mask:  [1, 0, 0, 1, 0, 1, 1, 1, 0, 1, 0, 1, 0, 0, 1, 0, 0, 1, 1, 0, 0, 0, 0, 0, 1, 0, 1, 0, 0, 0, 0, 0]
Output Mask: [1, 1, 0, 1, 0, 0, 0, 0, 0, 0, 0, 0, 0, 0, 0, 0, 0, 0, 0, 1, 0, 0, 0, 0, 0, 0, 0, 0, 0, 0, 0, 0]

Linear characteristic probability 2^-40
Nr of Solutions: 26493
Probability distribution: {40: 1, 41: 4, 42: 17, 43: 98, 44: 396, 45: 1669, 46: 6348, 47: 17960}
Probability impact: {40: '-40.00', 41: '-39.00', 42: '-37.91', 43: '-36.39', 44: '-35.37', 45: '-34.30', 46: '-33.37', 47: '-32.87'}
Linear probability 2^-31.61
Input Mask:  [1, 1, 1, 1, 0, 1, 1, 0, 0, 0, 1, 1, 1, 1, 0, 1, 1, 1, 0, 1, 0, 0, 0, 0, 0, 1, 0, 0, 0, 1, 1, 1]
Output Mask: [0, 0, 0, 0, 0, 0, 0, 0, 0, 0, 0, 1, 0, 0, 0, 0, 0, 0, 0, 0, 1, 1, 1, 1, 0, 0, 0, 0, 0, 0, 0, 0]

Linear characteristic probability 2^-40
Nr of Solutions: 34887
Probability distribution: {40: 8, 42: 146, 43: 158, 44: 1248, 45: 2329, 46: 8607, 47: 22391}
Probability impact: {40: '-37.00', 42: '-34.81', 43: '-35.70', 44: '-33.71', 45: '-33.81', 46: '-32.93', 47: '-32.55'}
Linear probability 2^-30.97
Input Mask:  [1, 0, 0, 1, 0, 0, 1, 0, 0, 0, 0, 0, 0, 1, 0, 1, 0, 1, 0, 0, 1, 1, 0, 1, 1, 1, 1, 0, 0, 0, 1, 1]
Output Mask: [0, 0, 0, 0, 0, 0, 0, 0, 0, 1, 0, 0, 0, 0, 0, 0, 0, 0, 0, 0, 0, 0, 0, 0, 0, 1, 0, 0, 0, 0, 0, 0]

Linear characteristic probability 2^-40
Nr of Solutions: 54248
Probability distribution: {40: 8, 42: 176, 43: 35, 44: 1764, 45: 1948, 46: 15011, 47: 35306}
Probability impact: {40: '-37.00', 42: '-34.54', 43: '-37.87', 44: '-33.22', 45: '-34.07', 46: '-32.13', 47: '-31.89'}
Linear probability 2^-30.47
Input Mask:  [0, 1, 0, 0, 1, 1, 0, 0, 0, 0, 0, 0, 0, 0, 0, 0, 1, 1, 0, 1, 0, 0, 0, 1, 1, 1, 0, 0, 0, 0, 1, 1]
Output Mask: [0, 0, 0, 0, 1, 0, 0, 1, 0, 0, 0, 0, 0, 0, 0, 0, 0, 0, 0, 0, 1, 1, 1, 1, 0, 0, 0, 0, 0, 0, 0, 0]

Linear characteristic probability 2^-40
Nr of Solutions: 35872
Probability distribution: {40: 8, 42: 129, 43: 69, 44: 1045, 45: 2105, 46: 9220, 47: 23296}
Probability impact: {40: '-37.00', 42: '-34.99', 43: '-36.89', 44: '-33.97', 45: '-33.96', 46: '-32.83', 47: '-32.49'}
Linear probability 2^-31.02
Input Mask:  [1, 0, 0, 1, 0, 1, 0, 0, 1, 0, 0, 0, 1, 0, 1, 1, 0, 0, 0, 1, 0, 1, 0, 0, 0, 1, 0, 1, 0, 0, 0, 0]
Output Mask: [0, 0, 1, 0, 0, 0, 0, 0, 0, 0, 0, 0, 0, 0, 0, 0, 1, 0, 1, 0, 0, 0, 0, 0, 0, 0, 0, 0, 0, 0, 0, 0]

Linear characteristic probability 2^-40
Nr of Solutions: 43370
Probability distribution: {40: 8, 42: 128, 43: 32, 44: 1187, 45: 1897, 46: 11665, 47: 28453}
Probability impact: {40: '-37.00', 42: '-35.00', 43: '-38.00', 44: '-33.79', 45: '-34.11', 46: '-32.49', 47: '-32.20'}
Linear probability 2^-30.82
Input Mask:  [0, 0, 0, 0, 1, 0, 0, 0, 1, 1, 1, 1, 1, 1, 0, 1, 0, 1, 1, 0, 0, 0, 0, 1, 0, 0, 0, 0, 1, 1, 0, 1]
Output Mask: [0, 0, 0, 0, 0, 0, 0, 1, 0, 0, 0, 0, 0, 0, 0, 0, 0, 0, 0, 0, 1, 0, 0, 0, 0, 0, 0, 0, 0, 0, 0, 0]

Linear characteristic probability 2^-40
Nr of Solutions: 32578
Probability distribution: {40: 16, 41: 16, 42: 208, 43: 279, 44: 1377, 45: 2732, 46: 8980, 47: 18970}
Probability impact: {40: '-36.00', 41: '-37.00', 42: '-34.30', 43: '-34.88', 44: '-33.57', 45: '-33.58', 46: '-32.87', 47: '-32.79'}
Linear probability 2^-30.84
Input Mask:  [0, 0, 0, 1, 0, 1, 0, 1, 0, 0, 1, 0, 1, 0, 1, 0, 1, 0, 1, 0, 0, 0, 0, 0, 1, 0, 0, 0, 0, 1, 0, 0]
Output Mask: [0, 1, 0, 1, 0, 0, 0, 0, 0, 0, 0, 0, 0, 0, 0, 0, 0, 1, 0, 0, 0, 0, 0, 0, 0, 0, 0, 0, 0, 0, 0, 0]

Linear characteristic probability 2^-40
Nr of Solutions: 35155
Probability distribution: {40: 1, 41: 4, 42: 25, 43: 75, 44: 429, 45: 1957, 46: 7508, 47: 25156}
Probability impact: {40: '-40.00', 41: '-39.00', 42: '-37.36', 43: '-36.77', 44: '-35.26', 45: '-34.07', 46: '-33.13', 47: '-32.38'}
Linear probability 2^-31.28
Input Mask:  [0, 1, 0, 1, 1, 1, 1, 1, 0, 0, 0, 0, 0, 0, 1, 0, 0, 0, 0, 0, 0, 0, 0, 1, 1, 1, 0, 0, 1, 0, 1, 0]
Output Mask: [1, 0, 0, 0, 0, 0, 0, 0, 0, 0, 0, 0, 0, 0, 0, 0, 1, 1, 1, 1, 0, 0, 0, 0, 0, 0, 0, 0, 0, 0, 0, 0]

Linear characteristic probability 2^-40
Nr of Solutions: 58986
Probability distribution: {40: 8, 42: 115, 43: 52, 44: 1040, 45: 2761, 46: 13222, 47: 41788}
Probability impact: {40: '-37.00', 42: '-35.15', 43: '-37.30', 44: '-33.98', 45: '-33.57', 46: '-32.31', 47: '-31.65'}
Linear probability 2^-30.49
Input Mask:  [0, 0, 0, 0, 0, 0, 0, 1, 0, 0, 0, 0, 0, 0, 1, 1, 1, 1, 0, 0, 0, 1, 0, 0, 0, 0, 0, 1, 0, 0, 1, 0]
Output Mask: [0, 0, 0, 0, 0, 0, 0, 0, 0, 0, 0, 0, 1, 0, 0, 0, 0, 0, 0, 0, 0, 0, 0, 0, 0, 0, 0, 0, 0, 0, 1, 1]

Linear characteristic probability 2^-40
Nr of Solutions: 27900
Probability distribution: {40: 8, 42: 168, 43: 30, 44: 1557, 45: 1116, 46: 10506, 47: 14515}
Probability impact: {40: '-37.00', 42: '-34.61', 43: '-38.09', 44: '-33.40', 45: '-34.88', 46: '-32.64', 47: '-33.17'}
Linear probability 2^-31.14
Input Mask:  [1, 1, 0, 0, 0, 0, 1, 0, 0, 1, 0, 0, 0, 0, 0, 1, 1, 1, 0, 0, 0, 0, 1, 1, 0, 0, 0, 0, 1, 0, 0, 0]
Output Mask: [0, 0, 0, 0, 0, 0, 0, 0, 0, 0, 0, 0, 1, 0, 1, 1, 0, 0, 0, 0, 0, 0, 0, 0, 0, 0, 0, 0, 1, 1, 1, 0]

Linear characteristic probability 2^-40
Nr of Solutions: 25224
Probability distribution: {40: 8, 42: 128, 43: 43, 44: 1039, 45: 1532, 46: 7645, 47: 14829}
Probability impact: {40: '-37.00', 42: '-35.00', 43: '-37.57', 44: '-33.98', 45: '-34.42', 46: '-33.10', 47: '-33.14'}
Linear probability 2^-31.38
Input Mask:  [0, 0, 0, 0, 0, 0, 1, 0, 0, 1, 1, 1, 1, 1, 1, 0, 0, 1, 0, 0, 1, 1, 0, 0, 1, 0, 1, 1, 0, 1, 1, 1]
Output Mask: [0, 0, 0, 0, 0, 0, 0, 0, 0, 0, 0, 0, 0, 1, 0, 0, 0, 0, 0, 0, 0, 0, 0, 0, 0, 0, 0, 0, 1, 1, 1, 0]

Linear characteristic probability 2^-40
Nr of Solutions: 26156
Probability distribution: {40: 2, 41: 4, 42: 26, 43: 45, 44: 280, 45: 1369, 46: 6106, 47: 18324}
Probability impact: {40: '-39.00', 41: '-39.00', 42: '-37.30', 43: '-37.51', 44: '-35.87', 45: '-34.58', 46: '-33.42', 47: '-32.84'}
Linear probability 2^-31.70
Input Mask:  [1, 0, 0, 0, 0, 1, 1, 0, 1, 0, 1, 0, 1, 1, 0, 0, 1, 1, 0, 0, 0, 0, 1, 1, 0, 0, 0, 0, 1, 0, 1, 0]
Output Mask: [0, 0, 0, 0, 0, 0, 0, 0, 0, 0, 0, 0, 0, 0, 0, 0, 1, 1, 1, 0, 0, 0, 0, 0, 0, 0, 0, 0, 1, 1, 0, 0]

Linear characteristic probability 2^-40
Nr of Solutions: 1601
Probability distribution: {40: 1, 41: 1, 42: 4, 43: 2, 44: 18, 45: 54, 46: 245, 47: 1276}
Probability impact: {40: '-40.00', 41: '-41.00', 42: '-40.00', 43: '-42.00', 44: '-39.83', 45: '-39.25', 46: '-38.06', 47: '-36.68'}
Linear probability 2^-35.73
Input Mask:  [0, 0, 0, 0, 0, 0, 0, 0, 1, 1, 0, 0, 0, 0, 0, 0, 1, 0, 0, 0, 0, 1, 1, 0, 0, 0, 0, 0, 0, 0, 0, 0]
Output Mask: [0, 0, 0, 1, 0, 0, 0, 0, 0, 0, 0, 0, 1, 0, 0, 0, 0, 1, 0, 1, 0, 0, 0, 0, 0, 0, 0, 0, 1, 1, 1, 1]

Linear characteristic probability 2^-40
Nr of Solutions: 38791
Probability distribution: {40: 8, 41: 16, 42: 132, 43: 320, 44: 1179, 45: 3563, 46: 9354, 47: 24219}
Probability impact: {40: '-37.00', 41: '-37.00', 42: '-34.96', 43: '-34.68', 44: '-33.80', 45: '-33.20', 46: '-32.81', 47: '-32.44'}
Linear probability 2^-30.75
Input Mask:  [0, 0, 0, 1, 1, 1, 0, 0, 1, 0, 0, 0, 1, 1, 0, 0, 1, 0, 1, 1, 0, 0, 0, 0, 0, 0, 0, 1, 1, 1, 0, 1]
Output Mask: [0, 0, 0, 0, 0, 1, 1, 1, 0, 0, 0, 0, 0, 0, 0, 0, 0, 0, 0, 0, 1, 0, 1, 1, 0, 0, 0, 0, 0, 0, 0, 0]

Linear characteristic probability 2^-40
Nr of Solutions: 36738
Probability distribution: {40: 8, 42: 128, 43: 50, 44: 1104, 45: 2000, 46: 10025, 47: 23423}
Probability impact: {40: '-37.00', 42: '-35.00', 43: '-37.36', 44: '-33.89', 45: '-34.03', 46: '-32.71', 47: '-32.48'}
Linear probability 2^-30.98
Input Mask:  [0, 1, 0, 1, 0, 1, 1, 0, 0, 0, 1, 1, 1, 0, 0, 0, 1, 0, 0, 0, 0, 0, 0, 0, 0, 1, 0, 0, 1, 1, 0, 0]
Output Mask: [0, 0, 0, 0, 0, 0, 0, 0, 0, 0, 0, 1, 0, 0, 0, 0, 0, 0, 0, 0, 0, 0, 0, 0, 0, 1, 1, 0, 0, 0, 0, 0]

Linear characteristic probability 2^-40
Nr of Solutions: 24321
Probability distribution: {40: 2, 41: 6, 42: 37, 43: 117, 44: 525, 45: 1878, 46: 6173, 47: 15583}
Probability impact: {40: '-39.00', 41: '-38.42', 42: '-36.79', 43: '-36.13', 44: '-34.96', 45: '-34.13', 46: '-33.41', 47: '-33.07'}
Linear probability 2^-31.60
Input Mask:  [1, 1, 0, 0, 1, 0, 0, 0, 0, 0, 1, 1, 1, 0, 0, 0, 0, 0, 0, 0, 1, 1, 0, 1, 1, 0, 0, 1, 0, 0, 0, 1]
Output Mask: [0, 0, 0, 0, 0, 0, 0, 0, 0, 0, 0, 0, 1, 1, 0, 0, 1, 1, 1, 0, 0, 0, 0, 0, 0, 0, 0, 0, 0, 0, 0, 0]

Linear characteristic probability 2^-40
Nr of Solutions: 56115
Probability distribution: {40: 8, 41: 8, 42: 112, 43: 140, 44: 940, 45: 3207, 46: 12165, 47: 39535}
Probability impact: {40: '-37.00', 41: '-38.00', 42: '-35.19', 43: '-35.87', 44: '-34.12', 45: '-33.35', 46: '-32.43', 47: '-31.73'}
Linear probability 2^-30.52
Input Mask:  [1, 0, 1, 1, 0, 0, 0, 0, 0, 0, 1, 1, 1, 1, 1, 0, 0, 0, 0, 0, 0, 1, 0, 0, 1, 0, 1, 1, 1, 0, 0, 1]
Output Mask: [0, 0, 0, 0, 0, 0, 0, 0, 0, 0, 0, 0, 1, 0, 0, 0, 0, 0, 0, 0, 0, 0, 0, 0, 0, 0, 0, 0, 1, 1, 0, 1]

Linear characteristic probability 2^-40
Nr of Solutions: 58993
Probability distribution: {40: 16, 42: 217, 43: 59, 44: 1625, 45: 2795, 46: 15178, 47: 39103}
Probability impact: {40: '-36.00', 42: '-34.24', 43: '-37.12', 44: '-33.33', 45: '-33.55', 46: '-32.11', 47: '-31.75'}
Linear probability 2^-30.34
Input Mask:  [1, 1, 0, 0, 0, 0, 1, 0, 0, 0, 0, 0, 1, 1, 0, 0, 0, 0, 0, 1, 1, 1, 0, 0, 0, 0, 1, 0, 0, 0, 0, 0]
Output Mask: [0, 0, 0, 0, 0, 1, 0, 0, 0, 0, 0, 0, 0, 0, 0, 0, 0, 0, 0, 0, 1, 1, 1, 0, 0, 0, 0, 0, 0, 0, 0, 0]

Linear characteristic probability 2^-40
Nr of Solutions: 48809
Probability distribution: {40: 8, 42: 137, 43: 41, 44: 1347, 45: 2035, 46: 13822, 47: 31419}
Probability impact: {40: '-37.00', 42: '-34.90', 43: '-37.64', 44: '-33.60', 45: '-34.01', 46: '-32.25', 47: '-32.06'}
Linear probability 2^-30.64
Input Mask:  [0, 0, 0, 0, 0, 0, 0, 1, 0, 0, 0, 0, 1, 0, 1, 0, 0, 0, 1, 0, 0, 0, 1, 0, 1, 0, 0, 0, 0, 0, 0, 1]
Output Mask: [0, 0, 1, 0, 0, 0, 0, 0, 0, 0, 0, 0, 0, 0, 0, 0, 0, 0, 0, 1, 0, 0, 0, 0, 0, 0, 0, 0, 0, 0, 0, 0]

Linear characteristic probability 2^-40
Nr of Solutions: 102233
Probability distribution: {40: 32, 42: 640, 43: 116, 44: 5870, 45: 4849, 46: 37203, 47: 53523}
Probability impact: {40: '-35.00', 42: '-32.68', 43: '-36.14', 44: '-31.48', 45: '-32.76', 46: '-30.82', 47: '-31.29'}
Linear probability 2^-29.25
Input Mask:  [0, 0, 0, 1, 0, 1, 1, 0, 0, 0, 0, 0, 1, 1, 0, 0, 0, 0, 0, 0, 0, 1, 0, 1, 0, 1, 1, 0, 0, 1, 0, 1]
Output Mask: [0, 0, 0, 0, 1, 0, 0, 0, 0, 0, 0, 0, 0, 0, 0, 0, 0, 0, 0, 0, 0, 0, 0, 0, 0, 0, 0, 0, 0, 0, 0, 0]

Linear characteristic probability 2^-40
Nr of Solutions: 28539
Probability distribution: {40: 8, 42: 112, 43: 34, 44: 793, 45: 1446, 46: 7190, 47: 18956}
Probability impact: {40: '-37.00', 42: '-35.19', 43: '-37.91', 44: '-34.37', 45: '-34.50', 46: '-33.19', 47: '-32.79'}
Linear probability 2^-31.37
Input Mask:  [0, 0, 1, 0, 1, 0, 0, 0, 0, 0, 0, 1, 1, 0, 0, 0, 1, 0, 0, 0, 0, 0, 0, 1, 0, 0, 1, 0, 0, 0, 0, 0]
Output Mask: [0, 0, 0, 0, 0, 0, 0, 1, 0, 0, 0, 0, 0, 0, 0, 0, 0, 0, 0, 0, 1, 0, 1, 0, 0, 0, 0, 0, 0, 0, 0, 0]

Linear characteristic probability 2^-40
Nr of Solutions: 28157
Probability distribution: {40: 2, 41: 8, 42: 38, 43: 133, 44: 489, 45: 1626, 46: 5644, 47: 20217}
Probability impact: {40: '-39.00', 41: '-38.00', 42: '-36.75', 43: '-35.94', 44: '-35.07', 45: '-34.33', 46: '-33.54', 47: '-32.70'}
Linear probability 2^-31.51
Input Mask:  [0, 0, 1, 0, 0, 1, 0, 1, 0, 0, 1, 0, 0, 1, 0, 1, 0, 0, 0, 0, 0, 0, 0, 0, 1, 0, 0, 0, 0, 0, 1, 0]
Output Mask: [0, 0, 0, 0, 0, 0, 1, 1, 1, 1, 0, 0, 0, 0, 0, 0, 0, 0, 0, 0, 0, 0, 0, 0, 0, 0, 0, 0, 0, 0, 0, 0]

Linear characteristic probability 2^-40
Nr of Solutions: 24812
Probability distribution: {40: 16, 42: 240, 43: 24, 44: 1692, 45: 1378, 46: 9817, 47: 11645}
Probability impact: {40: '-36.00', 42: '-34.09', 43: '-38.42', 44: '-33.28', 45: '-34.57', 46: '-32.74', 47: '-33.49'}
Linear probability 2^-31.12
Input Mask:  [1, 0, 0, 0, 0, 0, 0, 0, 1, 0, 1, 0, 1, 0, 0, 0, 0, 1, 1, 1, 0, 0, 1, 0, 0, 0, 0, 1, 1, 0, 0, 0]
Output Mask: [0, 0, 0, 0, 0, 0, 0, 0, 0, 0, 0, 0, 1, 0, 0, 0, 0, 0, 0, 0, 0, 0, 0, 0, 0, 0, 0, 0, 0, 0, 0, 1]

Linear characteristic probability 2^-40
Nr of Solutions: 2371
Probability distribution: {40: 1, 41: 1, 42: 4, 43: 7, 44: 15, 45: 88, 46: 358, 47: 1897}
Probability impact: {40: '-40.00', 41: '-41.00', 42: '-40.00', 43: '-40.19', 44: '-40.09', 45: '-38.54', 46: '-37.52', 47: '-36.11'}
Linear probability 2^-35.22
Input Mask:  [0, 0, 0, 0, 0, 0, 0, 0, 0, 0, 0, 0, 1, 0, 0, 0, 1, 0, 0, 0, 0, 1, 0, 0, 0, 0, 0, 0, 0, 0, 0, 0]
Output Mask: [0, 0, 0, 1, 0, 0, 0, 0, 0, 0, 0, 0, 0, 0, 1, 1, 0, 0, 1, 1, 0, 0, 0, 0, 0, 0, 0, 0, 0, 1, 1, 1]

Linear characteristic probability 2^-40
Nr of Solutions: 27397
Probability distribution: {40: 8, 42: 128, 43: 45, 44: 978, 45: 1623, 46: 7897, 47: 16718}
Probability impact: {40: '-37.00', 42: '-35.00', 43: '-37.51', 44: '-34.07', 45: '-34.34', 46: '-33.05', 47: '-32.97'}
Linear probability 2^-31.32
Input Mask:  [1, 0, 1, 0, 0, 0, 0, 1, 1, 0, 1, 0, 1, 0, 0, 0, 0, 0, 0, 0, 1, 0, 1, 0, 0, 1, 0, 0, 1, 0, 0, 0]
Output Mask: [0, 0, 0, 0, 0, 0, 0, 0, 0, 0, 0, 0, 0, 0, 1, 1, 0, 0, 0, 0, 0, 0, 0, 0, 0, 0, 0, 0, 0, 1, 0, 1]

Linear characteristic probability 2^-40
Nr of Solutions: 108677
Probability distribution: {40: 32, 42: 640, 43: 88, 44: 5723, 45: 4882, 46: 38669, 47: 58643}
Probability impact: {40: '-35.00', 42: '-32.68', 43: '-36.54', 44: '-31.52', 45: '-32.75', 46: '-30.76', 47: '-31.16'}
Linear probability 2^-29.21
Input Mask:  [0, 0, 0, 0, 1, 0, 0, 0, 0, 0, 0, 0, 1, 0, 1, 0, 0, 0, 1, 1, 1, 0, 1, 0, 1, 0, 0, 0, 0, 1, 1, 1]
Output Mask: [0, 0, 0, 0, 0, 0, 0, 0, 0, 0, 0, 0, 0, 0, 1, 0, 0, 0, 0, 0, 0, 0, 0, 0, 0, 0, 0, 0, 0, 0, 0, 0]

Linear characteristic probability 2^-40
Nr of Solutions: 48672
Probability distribution: {40: 8, 42: 160, 43: 8, 44: 1538, 45: 1594, 46: 14088, 47: 31276}
Probability impact: {40: '-37.00', 42: '-34.68', 43: '-40.00', 44: '-33.41', 45: '-34.36', 46: '-32.22', 47: '-32.07'}
Linear probability 2^-30.63
Input Mask:  [0, 1, 0, 0, 1, 0, 1, 1, 1, 0, 1, 0, 0, 0, 0, 0, 0, 0, 1, 0, 0, 0, 1, 1, 0, 0, 0, 0, 0, 1, 1, 0]
Output Mask: [0, 0, 0, 0, 0, 0, 0, 0, 0, 1, 1, 0, 0, 0, 0, 0, 0, 0, 0, 0, 0, 0, 0, 0, 0, 0, 0, 1, 0, 0, 0, 0]

Linear characteristic probability 2^-40
Nr of Solutions: 93034
Probability distribution: {40: 16, 41: 16, 42: 320, 43: 342, 44: 3268, 45: 5934, 46: 27062, 47: 56076}
Probability impact: {40: '-36.00', 41: '-37.00', 42: '-33.68', 43: '-34.58', 44: '-32.33', 45: '-32.47', 46: '-31.28', 47: '-31.22'}
Linear probability 2^-29.55
Input Mask:  [0, 0, 0, 1, 0, 1, 1, 0, 0, 0, 0, 0, 1, 1, 0, 0, 0, 0, 0, 0, 0, 1, 0, 1, 0, 1, 1, 0, 1, 1, 1, 0]
Output Mask: [0, 0, 0, 0, 1, 0, 0, 1, 0, 0, 0, 0, 0, 0, 0, 0, 0, 0, 0, 0, 0, 0, 0, 0, 0, 0, 0, 0, 0, 0, 0, 0]

Linear characteristic probability 2^-40
Nr of Solutions: 53699
Probability distribution: {40: 8, 42: 140, 43: 85, 44: 1323, 45: 2670, 46: 12885, 47: 36588}
Probability impact: {40: '-37.00', 42: '-34.87', 43: '-36.59', 44: '-33.63', 45: '-33.62', 46: '-32.35', 47: '-31.84'}
Linear probability 2^-30.53
Input Mask:  [0, 1, 0, 1, 0, 1, 1, 0, 0, 1, 1, 0, 0, 0, 0, 0, 0, 1, 1, 1, 0, 0, 0, 0, 1, 0, 0, 0, 0, 1, 1, 1]
Output Mask: [0, 0, 0, 0, 0, 0, 0, 0, 0, 0, 0, 0, 0, 1, 1, 1, 0, 0, 0, 0, 0, 0, 0, 0, 0, 0, 0, 0, 1, 1, 0, 1]

Linear characteristic probability 2^-40
Nr of Solutions: 25058
Probability distribution: {40: 8, 42: 120, 43: 53, 44: 890, 45: 1533, 46: 6480, 47: 15974}
Probability impact: {40: '-37.00', 42: '-35.09', 43: '-37.27', 44: '-34.20', 45: '-34.42', 46: '-33.34', 47: '-33.04'}
Linear probability 2^-31.45
Input Mask:  [0, 0, 0, 1, 0, 0, 0, 0, 1, 1, 0, 0, 1, 1, 0, 0, 0, 1, 1, 0, 1, 1, 0, 1, 0, 0, 1, 1, 0, 0, 0, 1]
Output Mask: [0, 0, 0, 0, 1, 1, 1, 1, 0, 0, 0, 0, 0, 0, 0, 0, 0, 0, 0, 0, 0, 1, 1, 0, 0, 0, 0, 0, 0, 0, 0, 0]

Linear characteristic probability 2^-40
Nr of Solutions: 35617
Probability distribution: {40: 16, 42: 248, 43: 40, 44: 1807, 45: 1745, 46: 12056, 47: 19705}
Probability impact: {40: '-36.00', 42: '-34.05', 43: '-37.68', 44: '-33.18', 45: '-34.23', 46: '-32.44', 47: '-32.73'}
Linear probability 2^-30.79
Input Mask:  [1, 1, 0, 0, 0, 0, 1, 0, 1, 0, 1, 0, 0, 0, 0, 0, 0, 0, 0, 1, 0, 0, 1, 0, 1, 0, 1, 1, 1, 1, 0, 0]
Output Mask: [0, 0, 0, 1, 0, 0, 0, 0, 0, 0, 0, 0, 0, 0, 0, 0, 1, 0, 0, 0, 0, 0, 0, 0, 0, 0, 0, 0, 0, 0, 0, 0]

Linear characteristic probability 2^-40
Nr of Solutions: 32277
Probability distribution: {40: 16, 41: 10, 42: 228, 43: 172, 44: 1470, 45: 2046, 46: 9988, 47: 18347}
Probability impact: {40: '-36.00', 41: '-37.68', 42: '-34.17', 43: '-35.57', 44: '-33.48', 45: '-34.00', 46: '-32.71', 47: '-32.84'}
Linear probability 2^-30.88
Input Mask:  [0, 0, 0, 1, 0, 0, 1, 0, 1, 0, 1, 1, 1, 1, 0, 0, 0, 0, 0, 0, 0, 0, 1, 0, 0, 1, 1, 0, 0, 1, 0, 1]
Output Mask: [0, 0, 0, 0, 0, 0, 0, 0, 0, 0, 0, 0, 1, 1, 1, 0, 0, 0, 0, 0, 0, 0, 0, 0, 0, 0, 0, 0, 1, 0, 1, 0]
