Left Branch: 5, Right Branch: 0, Iterations: 100
Linear characteristic probability 2^-34
Nr of Solutions: 9464
Probability distribution: {34: 1, 35: 1, 36: 3, 37: 6, 38: 40, 39: 242, 40: 1502, 41: 7669}
Probability impact: {34: '-34.00', 35: '-35.00', 36: '-34.42', 37: '-34.42', 38: '-32.68', 39: '-31.08', 40: '-29.45', 41: '-28.10'}
Linear probability 2^-27.41
Input Mask:  [0, 1, 0, 1, 0, 0, 0, 0, 0, 0, 0, 0, 0, 0, 0, 0, 0, 0, 0, 0, 0, 0, 0, 0, 0, 0, 0, 0, 0, 0, 0, 0]
Output Mask: [0, 0, 0, 0, 0, 0, 0, 0, 0, 0, 0, 0, 0, 0, 0, 1, 0, 0, 0, 0, 0, 0, 0, 0, 0, 0, 0, 0, 0, 0, 0, 0]

Linear characteristic probability 2^-34
Nr of Solutions: 9778
Probability distribution: {34: 1, 35: 1, 37: 9, 38: 54, 39: 287, 40: 1592, 41: 7834}
Probability impact: {34: '-34.00', 35: '-35.00', 37: '-33.83', 38: '-32.25', 39: '-30.84', 40: '-29.36', 41: '-28.06'}
Linear probability 2^-27.34
Input Mask:  [1, 0, 0, 1, 0, 0, 0, 0, 0, 0, 0, 0, 0, 0, 0, 0, 0, 0, 0, 0, 0, 0, 0, 0, 0, 0, 0, 0, 0, 0, 0, 0]
Output Mask: [0, 0, 0, 0, 0, 0, 0, 0, 0, 0, 0, 0, 0, 1, 0, 0, 0, 0, 0, 0, 0, 0, 0, 0, 0, 0, 0, 0, 0, 0, 0, 0]

Linear characteristic probability 2^-34
Nr of Solutions: 9778
Probability distribution: {34: 1, 35: 1, 37: 9, 38: 54, 39: 287, 40: 1592, 41: 7834}
Probability impact: {34: '-34.00', 35: '-35.00', 37: '-33.83', 38: '-32.25', 39: '-30.84', 40: '-29.36', 41: '-28.06'}
Linear probability 2^-27.34
Input Mask:  [0, 0, 0, 0, 1, 0, 0, 1, 0, 0, 0, 0, 0, 0, 0, 0, 0, 0, 0, 0, 0, 0, 0, 0, 0, 0, 0, 0, 0, 0, 0, 0]
Output Mask: [0, 0, 0, 0, 0, 0, 0, 0, 0, 1, 0, 0, 0, 0, 0, 0, 0, 0, 0, 0, 0, 0, 0, 0, 0, 0, 0, 0, 0, 0, 0, 0]

Linear characteristic probability 2^-34
Nr of Solutions: 9464
Probability distribution: {34: 1, 35: 1, 36: 3, 37: 6, 38: 40, 39: 242, 40: 1502, 41: 7669}
Probability impact: {34: '-34.00', 35: '-35.00', 36: '-34.42', 37: '-34.42', 38: '-32.68', 39: '-31.08', 40: '-29.45', 41: '-28.10'}
Linear probability 2^-27.41
Input Mask:  [0, 0, 0, 0, 0, 1, 0, 1, 0, 0, 0, 0, 0, 0, 0, 0, 0, 0, 0, 0, 0, 0, 0, 0, 0, 0, 0, 0, 0, 0, 0, 0]
Output Mask: [0, 0, 0, 0, 0, 0, 0, 0, 0, 0, 0, 1, 0, 0, 0, 0, 0, 0, 0, 0, 0, 0, 0, 0, 0, 0, 0, 0, 0, 0, 0, 0]

Linear characteristic probability 2^-34
Nr of Solutions: 10060
Probability distribution: {34: 2, 37: 13, 38: 35, 39: 279, 40: 1589, 41: 8142}
Probability impact: {34: '-33.00', 37: '-33.30', 38: '-32.87', 39: '-30.88', 40: '-29.37', 41: '-28.01'}
Linear probability 2^-27.31
Input Mask:  [0, 0, 0, 0, 0, 0, 0, 0, 0, 0, 0, 1, 0, 0, 0, 0, 0, 0, 0, 0, 0, 0, 0, 0, 0, 0, 0, 0, 0, 0, 0, 0]
Output Mask: [0, 0, 0, 0, 0, 0, 0, 0, 1, 1, 0, 0, 0, 0, 0, 0, 0, 0, 0, 0, 0, 0, 0, 0, 0, 0, 0, 0, 0, 0, 0, 0]

Linear characteristic probability 2^-34
Nr of Solutions: 9178
Probability distribution: {34: 1, 36: 3, 37: 8, 38: 44, 39: 280, 40: 1474, 41: 7368}
Probability impact: {34: '-34.00', 36: '-34.42', 37: '-34.00', 38: '-32.54', 39: '-30.87', 40: '-29.47', 41: '-28.15'}
Linear probability 2^-27.43
Input Mask:  [0, 0, 0, 0, 0, 0, 0, 0, 0, 0, 0, 0, 0, 0, 0, 0, 0, 0, 0, 0, 0, 0, 0, 1, 0, 0, 0, 0, 0, 0, 0, 0]
Output Mask: [0, 0, 0, 0, 0, 0, 0, 0, 0, 0, 0, 0, 0, 0, 0, 0, 0, 0, 1, 1, 0, 0, 0, 0, 0, 0, 0, 0, 0, 0, 0, 0]

Linear characteristic probability 2^-34
Nr of Solutions: 9828
Probability distribution: {34: 1, 36: 3, 37: 6, 38: 56, 39: 319, 40: 1640, 41: 7803}
Probability impact: {34: '-34.00', 36: '-34.42', 37: '-34.42', 38: '-32.19', 39: '-30.68', 40: '-29.32', 41: '-28.07'}
Linear probability 2^-27.32
Input Mask:  [0, 0, 0, 0, 0, 0, 0, 0, 0, 0, 0, 0, 0, 0, 0, 0, 0, 0, 0, 0, 0, 1, 1, 1, 0, 0, 0, 0, 0, 0, 0, 0]
Output Mask: [0, 0, 0, 0, 0, 0, 0, 0, 0, 0, 0, 0, 0, 0, 0, 0, 1, 0, 1, 0, 0, 0, 0, 0, 0, 0, 0, 0, 0, 0, 0, 0]

Linear characteristic probability 2^-34
Nr of Solutions: 10060
Probability distribution: {34: 2, 37: 13, 38: 35, 39: 279, 40: 1589, 41: 8142}
Probability impact: {34: '-33.00', 37: '-33.30', 38: '-32.87', 39: '-30.88', 40: '-29.37', 41: '-28.01'}
Linear probability 2^-27.31
Input Mask:  [0, 0, 0, 0, 0, 0, 0, 0, 0, 0, 0, 0, 0, 0, 0, 1, 0, 0, 0, 0, 0, 0, 0, 0, 0, 0, 0, 0, 0, 0, 0, 0]
Output Mask: [0, 0, 0, 0, 0, 0, 0, 0, 0, 0, 0, 0, 1, 1, 0, 0, 0, 0, 0, 0, 0, 0, 0, 0, 0, 0, 0, 0, 0, 0, 0, 0]

Linear characteristic probability 2^-34
Nr of Solutions: 9724
Probability distribution: {34: 1, 36: 3, 37: 7, 38: 56, 39: 301, 40: 1593, 41: 7763}
Probability impact: {34: '-34.00', 36: '-34.42', 37: '-34.19', 38: '-32.19', 39: '-30.77', 40: '-29.36', 41: '-28.08'}
Linear probability 2^-27.34
Input Mask:  [0, 0, 0, 0, 0, 0, 0, 0, 0, 0, 0, 0, 0, 0, 0, 0, 0, 0, 0, 1, 0, 0, 0, 0, 0, 0, 0, 0, 0, 0, 0, 0]
Output Mask: [0, 0, 0, 0, 0, 0, 0, 0, 0, 0, 0, 0, 0, 0, 0, 0, 0, 0, 0, 0, 1, 0, 1, 0, 0, 0, 0, 0, 0, 0, 0, 0]

Linear characteristic probability 2^-34
Nr of Solutions: 9658
Probability distribution: {34: 1, 36: 4, 37: 7, 38: 48, 39: 303, 40: 1542, 41: 7753}
Probability impact: {34: '-34.00', 36: '-34.00', 37: '-34.19', 38: '-32.42', 39: '-30.76', 40: '-29.41', 41: '-28.08'}
Linear probability 2^-27.36
Input Mask:  [0, 0, 0, 0, 0, 0, 0, 0, 0, 0, 0, 0, 0, 0, 0, 0, 0, 1, 1, 1, 0, 0, 0, 0, 0, 0, 0, 0, 0, 0, 0, 0]
Output Mask: [0, 0, 0, 0, 0, 0, 0, 0, 0, 0, 0, 0, 0, 0, 0, 0, 0, 0, 0, 0, 0, 0, 1, 1, 0, 0, 0, 0, 0, 0, 0, 0]

Linear characteristic probability 2^-35
Nr of Solutions: 40052
Probability distribution: {35: 1, 36: 1, 37: 6, 38: 45, 39: 260, 40: 1484, 41: 7031, 42: 31224}
Probability impact: {35: '-35.00', 36: '-36.00', 37: '-34.42', 38: '-32.51', 39: '-30.98', 40: '-29.46', 41: '-28.22', 42: '-27.07'}
Linear probability 2^-26.27
Input Mask:  [0, 0, 0, 0, 0, 0, 0, 0, 0, 0, 0, 0, 0, 0, 0, 0, 0, 1, 0, 0, 0, 0, 0, 0, 0, 0, 0, 0, 0, 0, 0, 0]
Output Mask: [0, 0, 0, 0, 1, 0, 0, 1, 0, 0, 0, 0, 0, 0, 0, 0, 0, 0, 0, 0, 0, 0, 0, 0, 0, 0, 0, 0, 0, 0, 0, 0]

Linear characteristic probability 2^-35
Nr of Solutions: 43216
Probability distribution: {35: 1, 36: 2, 37: 8, 38: 53, 39: 267, 40: 1602, 41: 7593, 42: 33690}
Probability impact: {35: '-35.00', 36: '-35.00', 37: '-34.00', 38: '-32.27', 39: '-30.94', 40: '-29.35', 41: '-28.11', 42: '-26.96'}
Linear probability 2^-26.16
Input Mask:  [0, 0, 0, 0, 0, 0, 1, 1, 0, 0, 0, 0, 0, 0, 0, 0, 0, 0, 0, 0, 0, 0, 0, 0, 0, 0, 0, 0, 0, 0, 0, 0]
Output Mask: [0, 0, 0, 0, 0, 0, 0, 0, 1, 0, 1, 0, 0, 0, 0, 0, 0, 0, 0, 0, 0, 0, 0, 0, 0, 0, 0, 0, 0, 0, 0, 0]

Linear characteristic probability 2^-35
Nr of Solutions: 40576
Probability distribution: {35: 1, 36: 1, 37: 5, 38: 45, 39: 272, 40: 1436, 41: 7078, 42: 31738}
Probability impact: {35: '-35.00', 36: '-36.00', 37: '-34.68', 38: '-32.51', 39: '-30.91', 40: '-29.51', 41: '-28.21', 42: '-27.05'}
Linear probability 2^-26.26
Input Mask:  [0, 0, 0, 0, 0, 0, 0, 0, 0, 0, 0, 0, 0, 0, 0, 0, 0, 1, 1, 0, 0, 0, 0, 0, 0, 0, 0, 0, 0, 0, 0, 0]
Output Mask: [0, 0, 0, 0, 0, 1, 1, 1, 0, 0, 0, 0, 0, 0, 0, 0, 0, 0, 0, 0, 0, 0, 0, 0, 0, 0, 0, 0, 0, 0, 0, 0]

Linear characteristic probability 2^-35
Nr of Solutions: 40577
Probability distribution: {35: 1, 36: 1, 37: 8, 38: 40, 39: 228, 40: 1425, 41: 7235, 42: 31639}
Probability impact: {35: '-35.00', 36: '-36.00', 37: '-34.00', 38: '-32.68', 39: '-31.17', 40: '-29.52', 41: '-28.18', 42: '-27.05'}
Linear probability 2^-26.26
Input Mask:  [0, 0, 0, 0, 0, 0, 0, 1, 0, 0, 0, 0, 0, 0, 0, 0, 0, 0, 0, 0, 0, 0, 0, 0, 0, 0, 0, 0, 0, 0, 0, 0]
Output Mask: [0, 0, 0, 0, 0, 0, 0, 0, 0, 0, 0, 0, 0, 0, 0, 0, 0, 0, 0, 0, 0, 0, 0, 0, 0, 0, 0, 0, 0, 1, 0, 0]

Linear characteristic probability 2^-35
Nr of Solutions: 44411
Probability distribution: {35: 1, 36: 1, 37: 5, 38: 52, 39: 284, 40: 1739, 41: 8171, 42: 34158}
Probability impact: {35: '-35.00', 36: '-36.00', 37: '-34.68', 38: '-32.30', 39: '-30.85', 40: '-29.24', 41: '-28.00', 42: '-26.94'}
Linear probability 2^-26.11
Input Mask:  [0, 0, 0, 0, 0, 0, 0, 0, 0, 1, 0, 1, 0, 0, 0, 0, 0, 0, 0, 0, 0, 0, 0, 0, 0, 0, 0, 0, 0, 0, 0, 0]
Output Mask: [0, 1, 1, 1, 0, 0, 0, 0, 0, 0, 0, 0, 0, 0, 0, 0, 0, 0, 0, 0, 0, 0, 0, 0, 0, 0, 0, 0, 0, 0, 0, 0]

Linear characteristic probability 2^-35
Nr of Solutions: 38727
Probability distribution: {35: 1, 36: 2, 37: 4, 38: 42, 39: 231, 40: 1318, 41: 6814, 42: 30315}
Probability impact: {35: '-35.00', 36: '-35.00', 37: '-35.00', 38: '-32.61', 39: '-31.15', 40: '-29.64', 41: '-28.27', 42: '-27.11'}
Linear probability 2^-26.33
Input Mask:  [0, 0, 0, 0, 0, 1, 1, 1, 0, 0, 0, 0, 0, 0, 0, 0, 0, 0, 0, 0, 0, 0, 0, 0, 0, 0, 0, 0, 0, 0, 0, 0]
Output Mask: [0, 0, 0, 0, 0, 0, 0, 0, 0, 0, 0, 0, 0, 0, 0, 0, 0, 0, 0, 0, 0, 0, 0, 0, 0, 0, 0, 0, 1, 1, 0, 0]

Linear characteristic probability 2^-35
Nr of Solutions: 41458
Probability distribution: {35: 1, 36: 1, 37: 4, 38: 56, 39: 267, 40: 1530, 41: 7428, 42: 32171}
Probability impact: {35: '-35.00', 36: '-36.00', 37: '-35.00', 38: '-32.19', 39: '-30.94', 40: '-29.42', 41: '-28.14', 42: '-27.03'}
Linear probability 2^-26.21
Input Mask:  [0, 0, 0, 0, 1, 0, 0, 0, 0, 0, 0, 0, 0, 0, 0, 0, 0, 0, 0, 0, 0, 0, 0, 0, 0, 0, 0, 0, 0, 0, 0, 0]
Output Mask: [0, 0, 0, 0, 0, 0, 0, 0, 0, 0, 0, 0, 0, 0, 0, 0, 0, 1, 1, 1, 0, 0, 0, 0, 0, 0, 0, 0, 0, 0, 0, 0]

Linear characteristic probability 2^-35
Nr of Solutions: 44202
Probability distribution: {35: 1, 36: 2, 37: 7, 38: 57, 39: 332, 40: 1706, 41: 8001, 42: 34096}
Probability impact: {35: '-35.00', 36: '-35.00', 37: '-34.19', 38: '-32.17', 39: '-30.62', 40: '-29.26', 41: '-28.03', 42: '-26.94'}
Linear probability 2^-26.10
Input Mask:  [0, 0, 0, 0, 0, 0, 0, 0, 0, 0, 0, 0, 0, 0, 0, 0, 0, 1, 0, 1, 0, 0, 0, 0, 0, 0, 0, 0, 0, 0, 0, 0]
Output Mask: [0, 0, 0, 1, 0, 0, 0, 0, 0, 0, 0, 0, 0, 0, 0, 0, 0, 0, 0, 0, 0, 0, 0, 0, 0, 0, 0, 0, 0, 0, 0, 0]

Linear characteristic probability 2^-35
Nr of Solutions: 44341
Probability distribution: {35: 2, 37: 5, 38: 36, 39: 306, 40: 1671, 41: 8009, 42: 34312}
Probability impact: {35: '-34.00', 37: '-34.68', 38: '-32.83', 39: '-30.74', 40: '-29.29', 41: '-28.03', 42: '-26.93'}
Linear probability 2^-26.12
Input Mask:  [0, 0, 0, 0, 0, 0, 0, 0, 1, 1, 0, 1, 0, 0, 0, 0, 0, 0, 0, 0, 0, 0, 0, 0, 0, 0, 0, 0, 0, 0, 0, 0]
Output Mask: [0, 0, 0, 0, 0, 0, 0, 0, 0, 0, 1, 0, 0, 0, 0, 0, 0, 0, 0, 0, 0, 0, 0, 0, 0, 0, 0, 0, 0, 0, 0, 0]

Linear characteristic probability 2^-35
Nr of Solutions: 44846
Probability distribution: {35: 1, 37: 11, 38: 97, 39: 344, 40: 1900, 41: 8330, 42: 34163}
Probability impact: {35: '-35.00', 37: '-33.54', 38: '-31.40', 39: '-30.57', 40: '-29.11', 41: '-27.98', 42: '-26.94'}
Linear probability 2^-26.05
Input Mask:  [0, 0, 0, 0, 0, 0, 0, 0, 0, 0, 0, 0, 0, 0, 1, 0, 0, 0, 0, 0, 0, 0, 0, 0, 0, 0, 0, 0, 0, 0, 0, 0]
Output Mask: [0, 0, 0, 0, 0, 0, 0, 0, 0, 0, 0, 0, 0, 0, 0, 0, 1, 0, 0, 1, 0, 0, 0, 0, 0, 0, 0, 0, 0, 0, 0, 0]

Linear characteristic probability 2^-35
Nr of Solutions: 44401
Probability distribution: {35: 1, 36: 2, 37: 8, 38: 58, 39: 349, 40: 1682, 41: 8191, 42: 34110}
Probability impact: {35: '-35.00', 36: '-35.00', 37: '-34.00', 38: '-32.14', 39: '-30.55', 40: '-29.28', 41: '-28.00', 42: '-26.94'}
Linear probability 2^-26.09
Input Mask:  [0, 0, 0, 0, 0, 0, 0, 0, 0, 0, 0, 0, 1, 1, 0, 1, 0, 0, 0, 0, 0, 0, 0, 0, 0, 0, 0, 0, 0, 0, 0, 0]
Output Mask: [0, 0, 0, 0, 0, 0, 0, 0, 0, 1, 1, 0, 0, 0, 0, 0, 0, 0, 0, 0, 0, 0, 0, 0, 0, 0, 0, 0, 0, 0, 0, 0]

Linear characteristic probability 2^-35
Nr of Solutions: 40052
Probability distribution: {35: 1, 36: 1, 37: 6, 38: 45, 39: 260, 40: 1484, 41: 7031, 42: 31224}
Probability impact: {35: '-35.00', 36: '-36.00', 37: '-34.42', 38: '-32.51', 39: '-30.98', 40: '-29.46', 41: '-28.22', 42: '-27.07'}
Linear probability 2^-26.27
Input Mask:  [0, 0, 0, 0, 0, 0, 0, 0, 0, 0, 0, 0, 0, 0, 0, 0, 0, 0, 0, 0, 0, 1, 0, 0, 0, 0, 0, 0, 0, 0, 0, 0]
Output Mask: [1, 0, 0, 1, 0, 0, 0, 0, 0, 0, 0, 0, 0, 0, 0, 0, 0, 0, 0, 0, 0, 0, 0, 0, 0, 0, 0, 0, 0, 0, 0, 0]

Linear characteristic probability 2^-35
Nr of Solutions: 44941
Probability distribution: {35: 1, 36: 2, 37: 6, 38: 48, 39: 274, 40: 1641, 41: 8074, 42: 34895}
Probability impact: {35: '-35.00', 36: '-35.00', 37: '-34.42', 38: '-32.42', 39: '-30.90', 40: '-29.32', 41: '-28.02', 42: '-26.91'}
Linear probability 2^-26.10
Input Mask:  [0, 0, 0, 0, 0, 1, 0, 0, 0, 0, 0, 0, 0, 0, 0, 0, 0, 0, 0, 0, 0, 0, 0, 0, 0, 0, 0, 0, 0, 0, 0, 0]
Output Mask: [0, 0, 0, 0, 0, 0, 0, 0, 0, 1, 1, 1, 0, 0, 0, 0, 0, 0, 0, 0, 0, 0, 0, 0, 0, 0, 0, 0, 0, 0, 0, 0]

Linear characteristic probability 2^-35
Nr of Solutions: 40647
Probability distribution: {35: 1, 36: 1, 37: 4, 38: 38, 39: 220, 40: 1449, 41: 7247, 42: 31687}
Probability impact: {35: '-35.00', 36: '-36.00', 37: '-35.00', 38: '-32.75', 39: '-31.22', 40: '-29.50', 41: '-28.18', 42: '-27.05'}
Linear probability 2^-26.26
Input Mask:  [1, 0, 1, 0, 0, 0, 0, 0, 0, 0, 0, 0, 0, 0, 0, 0, 0, 0, 0, 0, 0, 0, 0, 0, 0, 0, 0, 0, 0, 0, 0, 0]
Output Mask: [0, 0, 0, 0, 0, 0, 0, 0, 0, 0, 0, 0, 0, 0, 0, 0, 0, 0, 0, 0, 0, 1, 1, 1, 0, 0, 0, 0, 0, 0, 0, 0]

Linear characteristic probability 2^-35
Nr of Solutions: 43657
Probability distribution: {35: 1, 36: 1, 37: 7, 38: 58, 39: 342, 40: 1752, 41: 7980, 42: 33516}
Probability impact: {35: '-35.00', 36: '-36.00', 37: '-34.19', 38: '-32.14', 39: '-30.58', 40: '-29.23', 41: '-28.04', 42: '-26.97'}
Linear probability 2^-26.11
Input Mask:  [0, 0, 0, 0, 0, 0, 0, 0, 0, 0, 0, 0, 0, 0, 0, 0, 1, 0, 0, 1, 0, 0, 0, 0, 0, 0, 0, 0, 0, 0, 0, 0]
Output Mask: [0, 1, 0, 0, 0, 0, 0, 0, 0, 0, 0, 0, 0, 0, 0, 0, 0, 0, 0, 0, 0, 0, 0, 0, 0, 0, 0, 0, 0, 0, 0, 0]

Linear characteristic probability 2^-35
Nr of Solutions: 40905
Probability distribution: {35: 2, 36: 2, 37: 6, 38: 44, 39: 259, 40: 1445, 41: 7343, 42: 31804}
Probability impact: {35: '-34.00', 36: '-35.00', 37: '-34.42', 38: '-32.54', 39: '-30.98', 40: '-29.50', 41: '-28.16', 42: '-27.04'}
Linear probability 2^-26.24
Input Mask:  [0, 0, 0, 0, 0, 0, 0, 0, 0, 1, 1, 0, 0, 0, 0, 0, 0, 0, 0, 0, 0, 0, 0, 0, 0, 0, 0, 0, 0, 0, 0, 0]
Output Mask: [0, 0, 0, 0, 0, 0, 0, 0, 0, 0, 0, 0, 0, 0, 0, 0, 0, 0, 0, 0, 0, 0, 0, 0, 0, 0, 0, 0, 0, 0, 1, 0]

Linear characteristic probability 2^-35
Nr of Solutions: 41661
Probability distribution: {35: 1, 36: 3, 37: 7, 38: 49, 39: 301, 40: 1486, 41: 7663, 42: 32151}
Probability impact: {35: '-35.00', 36: '-34.42', 37: '-34.19', 38: '-32.39', 39: '-30.77', 40: '-29.46', 41: '-28.10', 42: '-27.03'}
Linear probability 2^-26.20
Input Mask:  [0, 0, 0, 0, 0, 0, 0, 0, 0, 0, 0, 0, 0, 0, 0, 0, 0, 0, 0, 0, 0, 1, 0, 1, 0, 0, 0, 0, 0, 0, 0, 0]
Output Mask: [0, 0, 0, 0, 0, 0, 0, 0, 0, 0, 0, 0, 0, 0, 0, 0, 0, 0, 0, 1, 0, 0, 0, 0, 0, 0, 0, 0, 0, 0, 0, 0]

Linear characteristic probability 2^-35
Nr of Solutions: 43657
Probability distribution: {35: 1, 36: 1, 37: 7, 38: 58, 39: 342, 40: 1752, 41: 7980, 42: 33516}
Probability impact: {35: '-35.00', 36: '-36.00', 37: '-34.19', 38: '-32.14', 39: '-30.58', 40: '-29.23', 41: '-28.04', 42: '-26.97'}
Linear probability 2^-26.11
Input Mask:  [0, 0, 0, 0, 0, 0, 0, 0, 0, 0, 0, 0, 0, 0, 0, 0, 0, 0, 0, 0, 1, 0, 0, 1, 0, 0, 0, 0, 0, 0, 0, 0]
Output Mask: [0, 0, 0, 0, 0, 1, 0, 0, 0, 0, 0, 0, 0, 0, 0, 0, 0, 0, 0, 0, 0, 0, 0, 0, 0, 0, 0, 0, 0, 0, 0, 0]

Linear characteristic probability 2^-35
Nr of Solutions: 40675
Probability distribution: {35: 1, 36: 1, 37: 1, 38: 37, 39: 223, 40: 1340, 41: 7238, 42: 31834}
Probability impact: {35: '-35.00', 36: '-36.00', 37: '-37.00', 38: '-32.79', 39: '-31.20', 40: '-29.61', 41: '-28.18', 42: '-27.04'}
Linear probability 2^-26.27
Input Mask:  [0, 0, 0, 0, 0, 0, 0, 0, 0, 0, 0, 0, 0, 0, 0, 0, 1, 1, 0, 0, 0, 0, 0, 0, 0, 0, 0, 0, 0, 0, 0, 0]
Output Mask: [0, 0, 0, 0, 0, 0, 0, 0, 0, 0, 0, 0, 0, 0, 0, 0, 0, 0, 0, 0, 0, 1, 0, 0, 0, 0, 0, 0, 0, 0, 0, 0]

Linear characteristic probability 2^-35
Nr of Solutions: 40682
Probability distribution: {35: 1, 36: 2, 37: 7, 38: 49, 39: 278, 40: 1436, 41: 7258, 42: 31651}
Probability impact: {35: '-35.00', 36: '-35.00', 37: '-34.19', 38: '-32.39', 39: '-30.88', 40: '-29.51', 41: '-28.17', 42: '-27.05'}
Linear probability 2^-26.24
Input Mask:  [0, 0, 0, 0, 0, 0, 0, 0, 0, 0, 0, 0, 0, 0, 0, 0, 0, 0, 1, 0, 0, 0, 0, 0, 0, 0, 0, 0, 0, 0, 0, 0]
Output Mask: [0, 0, 0, 0, 0, 0, 0, 0, 1, 0, 1, 1, 0, 0, 0, 0, 0, 0, 0, 0, 0, 0, 0, 0, 0, 0, 0, 0, 0, 0, 0, 0]

Linear characteristic probability 2^-35
Nr of Solutions: 39772
Probability distribution: {35: 1, 36: 1, 37: 5, 38: 35, 39: 236, 40: 1326, 41: 6973, 42: 31195}
Probability impact: {35: '-35.00', 36: '-36.00', 37: '-34.68', 38: '-32.87', 39: '-31.12', 40: '-29.63', 41: '-28.23', 42: '-27.07'}
Linear probability 2^-26.30
Input Mask:  [0, 0, 0, 0, 1, 1, 0, 1, 0, 0, 0, 0, 0, 0, 0, 0, 0, 0, 0, 0, 0, 0, 0, 0, 0, 0, 0, 0, 0, 0, 0, 0]
Output Mask: [0, 0, 0, 0, 0, 0, 0, 0, 0, 0, 0, 0, 0, 0, 0, 0, 0, 0, 0, 0, 0, 0, 0, 0, 0, 0, 0, 0, 1, 0, 0, 1]

Linear characteristic probability 2^-35
Nr of Solutions: 44846
Probability distribution: {35: 1, 37: 11, 38: 97, 39: 344, 40: 1900, 41: 8330, 42: 34163}
Probability impact: {35: '-35.00', 37: '-33.54', 38: '-31.40', 39: '-30.57', 40: '-29.11', 41: '-27.98', 42: '-26.94'}
Linear probability 2^-26.05
Input Mask:  [0, 0, 0, 0, 0, 0, 0, 0, 0, 0, 1, 0, 0, 0, 0, 0, 0, 0, 0, 0, 0, 0, 0, 0, 0, 0, 0, 0, 0, 0, 0, 0]
Output Mask: [0, 0, 0, 0, 0, 0, 0, 0, 0, 0, 0, 0, 0, 0, 0, 0, 0, 0, 0, 0, 1, 0, 0, 1, 0, 0, 0, 0, 0, 0, 0, 0]

Linear characteristic probability 2^-35
Nr of Solutions: 39861
Probability distribution: {35: 1, 36: 2, 37: 4, 38: 30, 39: 263, 40: 1404, 41: 7200, 42: 30957}
Probability impact: {35: '-35.00', 36: '-35.00', 37: '-35.00', 38: '-33.09', 39: '-30.96', 40: '-29.54', 41: '-28.19', 42: '-27.08'}
Linear probability 2^-26.28
Input Mask:  [0, 0, 0, 0, 0, 0, 0, 0, 0, 0, 0, 0, 0, 0, 0, 0, 0, 0, 0, 0, 0, 0, 0, 0, 0, 0, 0, 0, 1, 0, 1, 0]
Output Mask: [0, 1, 0, 1, 0, 0, 0, 0, 0, 0, 0, 0, 0, 0, 0, 0, 0, 0, 0, 0, 0, 0, 0, 0, 0, 0, 0, 0, 0, 0, 0, 0]

Linear characteristic probability 2^-35
Nr of Solutions: 38856
Probability distribution: {35: 1, 37: 4, 38: 26, 39: 246, 40: 1254, 41: 6726, 42: 30599}
Probability impact: {35: '-35.00', 37: '-35.00', 38: '-33.30', 39: '-31.06', 40: '-29.71', 41: '-28.28', 42: '-27.10'}
Linear probability 2^-26.34
Input Mask:  [0, 0, 0, 0, 0, 0, 0, 0, 0, 0, 0, 0, 0, 0, 0, 0, 0, 0, 0, 0, 0, 0, 0, 0, 1, 0, 1, 0, 0, 0, 0, 0]
Output Mask: [0, 0, 0, 0, 0, 0, 1, 1, 0, 0, 0, 0, 0, 0, 0, 0, 0, 0, 0, 0, 0, 0, 0, 0, 0, 0, 0, 0, 0, 0, 0, 0]

Linear characteristic probability 2^-35
Nr of Solutions: 39028
Probability distribution: {35: 1, 36: 1, 37: 4, 38: 33, 39: 242, 40: 1288, 41: 6708, 42: 30751}
Probability impact: {35: '-35.00', 36: '-36.00', 37: '-35.00', 38: '-32.96', 39: '-31.08', 40: '-29.67', 41: '-28.29', 42: '-27.09'}
Linear probability 2^-26.33
Input Mask:  [1, 1, 1, 0, 0, 0, 0, 0, 0, 0, 0, 0, 0, 0, 0, 0, 0, 0, 0, 0, 0, 0, 0, 0, 0, 0, 0, 0, 0, 0, 0, 0]
Output Mask: [0, 0, 0, 0, 1, 0, 0, 0, 0, 0, 0, 0, 0, 0, 0, 0, 0, 0, 0, 0, 0, 0, 0, 0, 0, 0, 0, 0, 0, 0, 0, 0]

Linear characteristic probability 2^-35
Nr of Solutions: 44869
Probability distribution: {35: 1, 36: 2, 37: 5, 38: 61, 39: 294, 40: 1667, 41: 8048, 42: 34791}
Probability impact: {35: '-35.00', 36: '-35.00', 37: '-34.68', 38: '-32.07', 39: '-30.80', 40: '-29.30', 41: '-28.03', 42: '-26.91'}
Linear probability 2^-26.10
Input Mask:  [0, 1, 0, 0, 0, 0, 0, 0, 0, 0, 0, 0, 0, 0, 0, 0, 0, 0, 0, 0, 0, 0, 0, 0, 0, 0, 0, 0, 0, 0, 0, 0]
Output Mask: [0, 0, 0, 0, 0, 0, 0, 0, 0, 0, 0, 0, 1, 0, 1, 0, 0, 0, 0, 0, 0, 0, 0, 0, 0, 0, 0, 0, 0, 0, 0, 0]

Linear characteristic probability 2^-35
Nr of Solutions: 2912
Probability distribution: {35: 1, 38: 2, 39: 6, 40: 59, 41: 368, 42: 2476}
Probability impact: {35: '-35.00', 38: '-37.00', 39: '-36.42', 40: '-34.12', 41: '-32.48', 42: '-30.73'}
Linear probability 2^-30.16
Input Mask:  [1, 1, 1, 0, 0, 0, 0, 0, 0, 0, 0, 0, 0, 0, 0, 0, 0, 0, 0, 0, 0, 0, 0, 0, 0, 0, 0, 0, 1, 1, 0, 0]
Output Mask: [1, 0, 0, 0, 0, 0, 0, 0, 0, 0, 0, 0, 0, 0, 0, 0, 0, 0, 0, 0, 0, 0, 0, 0, 1, 0, 0, 0, 0, 0, 0, 0]

Linear characteristic probability 2^-35
Nr of Solutions: 3145
Probability distribution: {35: 1, 37: 1, 38: 2, 39: 15, 40: 80, 41: 468, 42: 2578}
Probability impact: {35: '-35.00', 37: '-37.00', 38: '-37.00', 39: '-35.09', 40: '-33.68', 41: '-32.13', 42: '-30.67'}
Linear probability 2^-29.98
Input Mask:  [0, 0, 0, 0, 0, 0, 0, 0, 0, 0, 0, 1, 0, 0, 0, 0, 0, 0, 0, 0, 0, 0, 0, 0, 0, 0, 0, 1, 0, 0, 0, 0]
Output Mask: [1, 1, 0, 0, 0, 0, 0, 0, 1, 1, 0, 1, 0, 0, 0, 0, 0, 0, 0, 0, 0, 0, 0, 0, 0, 0, 0, 0, 0, 0, 0, 0]

Linear characteristic probability 2^-35
Nr of Solutions: 42736
Probability distribution: {35: 1, 36: 2, 37: 9, 38: 48, 39: 254, 40: 1476, 41: 7522, 42: 33424}
Probability impact: {35: '-35.00', 36: '-35.00', 37: '-33.83', 38: '-32.42', 39: '-31.01', 40: '-29.47', 41: '-28.12', 42: '-26.97'}
Linear probability 2^-26.18
Input Mask:  [0, 0, 1, 1, 0, 0, 0, 0, 0, 0, 0, 0, 0, 0, 0, 0, 0, 0, 0, 0, 0, 0, 0, 0, 0, 0, 0, 0, 0, 0, 0, 0]
Output Mask: [0, 0, 0, 0, 0, 0, 0, 0, 0, 0, 0, 0, 0, 1, 1, 1, 0, 0, 0, 0, 0, 0, 0, 0, 0, 0, 0, 0, 0, 0, 0, 0]

Linear characteristic probability 2^-35
Nr of Solutions: 44103
Probability distribution: {35: 1, 36: 1, 37: 10, 38: 62, 39: 333, 40: 1680, 41: 8046, 42: 33970}
Probability impact: {35: '-35.00', 36: '-36.00', 37: '-33.68', 38: '-32.05', 39: '-30.62', 40: '-29.29', 41: '-28.03', 42: '-26.95'}
Linear probability 2^-26.10
Input Mask:  [0, 0, 0, 0, 0, 0, 0, 0, 0, 0, 0, 0, 0, 0, 0, 0, 1, 0, 1, 0, 0, 0, 0, 0, 0, 0, 0, 0, 0, 0, 0, 0]
Output Mask: [1, 0, 1, 1, 0, 0, 0, 0, 0, 0, 0, 0, 0, 0, 0, 0, 0, 0, 0, 0, 0, 0, 0, 0, 0, 0, 0, 0, 0, 0, 0, 0]

Linear characteristic probability 2^-35
Nr of Solutions: 40577
Probability distribution: {35: 1, 36: 1, 37: 8, 38: 40, 39: 228, 40: 1425, 41: 7235, 42: 31639}
Probability impact: {35: '-35.00', 36: '-36.00', 37: '-34.00', 38: '-32.68', 39: '-31.17', 40: '-29.52', 41: '-28.18', 42: '-27.05'}
Linear probability 2^-26.26
Input Mask:  [0, 0, 0, 1, 0, 0, 0, 0, 0, 0, 0, 0, 0, 0, 0, 0, 0, 0, 0, 0, 0, 0, 0, 0, 0, 0, 0, 0, 0, 0, 0, 0]
Output Mask: [0, 0, 0, 0, 0, 0, 0, 0, 0, 0, 0, 0, 0, 0, 0, 0, 0, 0, 0, 0, 0, 0, 0, 0, 0, 1, 0, 0, 0, 0, 0, 0]

Linear characteristic probability 2^-35
Nr of Solutions: 40064
Probability distribution: {35: 1, 36: 1, 37: 7, 38: 60, 39: 275, 40: 1467, 41: 7177, 42: 31076}
Probability impact: {35: '-35.00', 36: '-36.00', 37: '-34.19', 38: '-32.09', 39: '-30.90', 40: '-29.48', 41: '-28.19', 42: '-27.08'}
Linear probability 2^-26.26
Input Mask:  [0, 0, 0, 0, 0, 0, 0, 0, 0, 0, 0, 0, 0, 0, 0, 0, 0, 0, 0, 0, 0, 1, 1, 0, 0, 0, 0, 0, 0, 0, 0, 0]
Output Mask: [0, 0, 0, 0, 0, 0, 0, 0, 0, 0, 0, 0, 0, 0, 0, 0, 0, 0, 0, 0, 0, 0, 0, 0, 0, 0, 0, 0, 0, 1, 1, 1]

Linear characteristic probability 2^-35
Nr of Solutions: 42792
Probability distribution: {35: 1, 36: 3, 37: 7, 38: 57, 39: 278, 40: 1546, 41: 7686, 42: 33214}
Probability impact: {35: '-35.00', 36: '-34.42', 37: '-34.19', 38: '-32.17', 39: '-30.88', 40: '-29.41', 41: '-28.09', 42: '-26.98'}
Linear probability 2^-26.17
Input Mask:  [0, 0, 0, 0, 0, 0, 0, 0, 0, 0, 0, 0, 0, 0, 0, 0, 1, 0, 1, 1, 0, 0, 0, 0, 0, 0, 0, 0, 0, 0, 0, 0]
Output Mask: [0, 0, 0, 0, 0, 0, 0, 0, 0, 0, 0, 0, 0, 0, 0, 0, 0, 0, 0, 0, 0, 1, 1, 0, 0, 0, 0, 0, 0, 0, 0, 0]

Linear characteristic probability 2^-35
Nr of Solutions: 39732
Probability distribution: {35: 1, 36: 3, 37: 7, 38: 46, 39: 243, 40: 1346, 41: 6955, 42: 31131}
Probability impact: {35: '-35.00', 36: '-34.42', 37: '-34.19', 38: '-32.48', 39: '-31.08', 40: '-29.61', 41: '-28.24', 42: '-27.07'}
Linear probability 2^-26.29
Input Mask:  [0, 0, 0, 0, 0, 0, 0, 0, 0, 0, 0, 0, 0, 0, 0, 0, 1, 1, 0, 1, 0, 0, 0, 0, 0, 0, 0, 0, 0, 0, 0, 0]
Output Mask: [0, 0, 0, 0, 0, 0, 0, 0, 0, 0, 0, 0, 0, 0, 0, 0, 0, 0, 0, 0, 0, 0, 0, 0, 1, 1, 0, 0, 0, 0, 0, 0]

Linear characteristic probability 2^-35
Nr of Solutions: 45658
Probability distribution: {35: 1, 36: 1, 37: 14, 38: 64, 39: 333, 40: 1805, 41: 8491, 42: 34949}
Probability impact: {35: '-35.00', 36: '-36.00', 37: '-33.19', 38: '-32.00', 39: '-30.62', 40: '-29.18', 41: '-27.95', 42: '-26.91'}
Linear probability 2^-26.05
Input Mask:  [0, 0, 0, 0, 0, 0, 0, 0, 1, 1, 1, 0, 0, 0, 0, 0, 0, 0, 0, 0, 0, 0, 0, 0, 0, 0, 0, 0, 0, 0, 0, 0]
Output Mask: [0, 0, 0, 0, 0, 0, 0, 0, 0, 0, 0, 0, 0, 0, 0, 0, 0, 0, 1, 0, 0, 0, 0, 0, 0, 0, 0, 0, 0, 0, 0, 0]

Linear characteristic probability 2^-35
Nr of Solutions: 45398
Probability distribution: {35: 1, 36: 1, 37: 17, 38: 63, 39: 315, 40: 1726, 41: 8295, 42: 34980}
Probability impact: {35: '-35.00', 36: '-36.00', 37: '-32.91', 38: '-32.02', 39: '-30.70', 40: '-29.25', 41: '-27.98', 42: '-26.91'}
Linear probability 2^-26.06
Input Mask:  [0, 0, 0, 0, 0, 0, 0, 0, 0, 0, 0, 0, 0, 1, 0, 1, 0, 0, 0, 0, 0, 0, 0, 0, 0, 0, 0, 0, 0, 0, 0, 0]
Output Mask: [0, 0, 0, 0, 0, 0, 0, 0, 0, 0, 0, 0, 0, 0, 0, 0, 0, 0, 0, 0, 0, 0, 1, 0, 0, 0, 0, 0, 0, 0, 0, 0]

Linear characteristic probability 2^-35
Nr of Solutions: 3064
Probability distribution: {35: 1, 37: 1, 38: 2, 39: 13, 40: 59, 41: 447, 42: 2541}
Probability impact: {35: '-35.00', 37: '-37.00', 38: '-37.00', 39: '-35.30', 40: '-34.12', 41: '-32.20', 42: '-30.69'}
Linear probability 2^-30.05
Input Mask:  [0, 0, 0, 0, 0, 0, 0, 0, 0, 1, 1, 1, 0, 0, 0, 0, 0, 0, 0, 0, 0, 0, 0, 0, 0, 0, 0, 1, 0, 0, 0, 0]
Output Mask: [0, 0, 1, 0, 0, 0, 0, 0, 1, 1, 1, 0, 0, 0, 0, 0, 0, 0, 0, 0, 0, 0, 0, 0, 0, 0, 0, 0, 0, 0, 0, 0]

Linear characteristic probability 2^-35
Nr of Solutions: 39772
Probability distribution: {35: 1, 36: 1, 37: 5, 38: 35, 39: 236, 40: 1326, 41: 6973, 42: 31195}
Probability impact: {35: '-35.00', 36: '-36.00', 37: '-34.68', 38: '-32.87', 39: '-31.12', 40: '-29.63', 41: '-28.23', 42: '-27.07'}
Linear probability 2^-26.30
Input Mask:  [1, 1, 0, 1, 0, 0, 0, 0, 0, 0, 0, 0, 0, 0, 0, 0, 0, 0, 0, 0, 0, 0, 0, 0, 0, 0, 0, 0, 0, 0, 0, 0]
Output Mask: [0, 0, 0, 0, 0, 0, 0, 0, 0, 0, 0, 0, 0, 0, 0, 0, 0, 0, 0, 0, 0, 0, 0, 0, 1, 0, 0, 1, 0, 0, 0, 0]

Linear characteristic probability 2^-35
Nr of Solutions: 44217
Probability distribution: {35: 1, 36: 1, 37: 8, 38: 52, 39: 283, 40: 1651, 41: 8167, 42: 34054}
Probability impact: {35: '-35.00', 36: '-36.00', 37: '-34.00', 38: '-32.30', 39: '-30.86', 40: '-29.31', 41: '-28.00', 42: '-26.94'}
Linear probability 2^-26.11
Input Mask:  [0, 0, 0, 0, 0, 0, 0, 0, 0, 0, 0, 0, 1, 1, 1, 0, 0, 0, 0, 0, 0, 0, 0, 0, 0, 0, 0, 0, 0, 0, 0, 0]
Output Mask: [0, 0, 0, 0, 0, 0, 0, 0, 0, 0, 0, 0, 0, 0, 0, 0, 0, 0, 0, 0, 1, 0, 1, 1, 0, 0, 0, 0, 0, 0, 0, 0]

Linear characteristic probability 2^-35
Nr of Solutions: 42713
Probability distribution: {35: 1, 37: 5, 38: 43, 39: 272, 40: 1530, 41: 7634, 42: 33228}
Probability impact: {35: '-35.00', 37: '-34.68', 38: '-32.57', 39: '-30.91', 40: '-29.42', 41: '-28.10', 42: '-26.98'}
Linear probability 2^-26.18
Input Mask:  [0, 0, 0, 0, 0, 0, 0, 0, 0, 0, 0, 0, 0, 0, 0, 0, 1, 1, 1, 0, 0, 0, 0, 0, 0, 0, 0, 0, 0, 0, 0, 0]
Output Mask: [0, 0, 0, 0, 0, 0, 0, 0, 0, 0, 0, 0, 1, 0, 0, 0, 0, 0, 0, 0, 0, 0, 0, 0, 0, 0, 0, 0, 0, 0, 0, 0]

Linear characteristic probability 2^-35
Nr of Solutions: 11347
Probability distribution: {35: 1, 38: 4, 39: 41, 40: 264, 41: 1739, 42: 9298}
Probability impact: {35: '-35.00', 38: '-36.00', 39: '-33.64', 40: '-31.96', 41: '-30.24', 42: '-28.82'}
Linear probability 2^-28.19
Input Mask:  [0, 0, 0, 0, 0, 0, 0, 0, 0, 0, 0, 0, 0, 0, 0, 0, 1, 0, 0, 0, 0, 0, 0, 0, 0, 0, 0, 0, 0, 0, 0, 0]
Output Mask: [0, 0, 0, 0, 0, 0, 0, 0, 1, 0, 1, 0, 0, 0, 0, 0, 1, 0, 1, 0, 0, 0, 0, 0, 0, 0, 0, 0, 0, 0, 0, 0]

Linear characteristic probability 2^-35
Nr of Solutions: 42792
Probability distribution: {35: 1, 36: 3, 37: 7, 38: 57, 39: 278, 40: 1546, 41: 7686, 42: 33214}
Probability impact: {35: '-35.00', 36: '-34.42', 37: '-34.19', 38: '-32.17', 39: '-30.88', 40: '-29.41', 41: '-28.09', 42: '-26.98'}
Linear probability 2^-26.17
Input Mask:  [0, 0, 0, 0, 0, 0, 0, 0, 0, 0, 0, 0, 0, 0, 0, 0, 0, 0, 0, 0, 1, 0, 1, 1, 0, 0, 0, 0, 0, 0, 0, 0]
Output Mask: [0, 0, 0, 0, 0, 0, 0, 0, 0, 0, 0, 0, 0, 0, 0, 0, 0, 1, 1, 0, 0, 0, 0, 0, 0, 0, 0, 0, 0, 0, 0, 0]

Linear characteristic probability 2^-35
Nr of Solutions: 40862
Probability distribution: {35: 1, 36: 1, 37: 5, 38: 27, 39: 264, 40: 1417, 41: 7188, 42: 31959}
Probability impact: {35: '-35.00', 36: '-36.00', 37: '-34.68', 38: '-33.25', 39: '-30.96', 40: '-29.53', 41: '-28.19', 42: '-27.04'}
Linear probability 2^-26.26
Input Mask:  [0, 0, 0, 0, 0, 0, 0, 0, 0, 0, 0, 0, 0, 0, 0, 0, 0, 0, 0, 0, 0, 0, 1, 0, 0, 0, 0, 0, 0, 0, 0, 0]
Output Mask: [0, 0, 0, 0, 0, 0, 0, 0, 0, 0, 0, 0, 0, 0, 1, 0, 0, 0, 0, 0, 0, 0, 0, 0, 0, 0, 0, 0, 0, 0, 0, 0]

Linear characteristic probability 2^-35
Nr of Solutions: 2511
Probability distribution: {35: 1, 38: 1, 39: 6, 40: 48, 41: 326, 42: 2129}
Probability impact: {35: '-35.00', 38: '-38.00', 39: '-36.42', 40: '-34.42', 41: '-32.65', 42: '-30.94'}
Linear probability 2^-30.37
Input Mask:  [0, 1, 0, 1, 0, 0, 0, 0, 0, 0, 0, 0, 0, 0, 0, 0, 0, 0, 0, 0, 0, 0, 0, 0, 0, 0, 0, 0, 1, 1, 0, 0]
Output Mask: [1, 1, 1, 1, 0, 0, 0, 0, 0, 0, 0, 0, 0, 0, 0, 0, 0, 0, 0, 0, 0, 0, 0, 0, 1, 0, 0, 0, 0, 0, 0, 0]

Linear characteristic probability 2^-35
Nr of Solutions: 40465
Probability distribution: {35: 2, 36: 2, 37: 5, 38: 40, 39: 242, 40: 1460, 41: 7379, 42: 31335}
Probability impact: {35: '-34.00', 36: '-35.00', 37: '-34.68', 38: '-32.68', 39: '-31.08', 40: '-29.49', 41: '-28.15', 42: '-27.06'}
Linear probability 2^-26.25
Input Mask:  [0, 0, 0, 0, 0, 0, 0, 0, 0, 0, 0, 0, 0, 1, 0, 0, 0, 0, 0, 0, 0, 0, 0, 0, 0, 0, 0, 0, 0, 0, 0, 0]
Output Mask: [0, 0, 0, 0, 0, 0, 0, 0, 0, 0, 0, 0, 0, 0, 0, 0, 0, 0, 0, 0, 0, 0, 0, 0, 0, 0, 1, 0, 0, 0, 0, 0]

Linear characteristic probability 2^-35
Nr of Solutions: 43878
Probability distribution: {35: 1, 37: 6, 38: 51, 39: 315, 40: 1632, 41: 7902, 42: 33971}
Probability impact: {35: '-35.00', 37: '-34.42', 38: '-32.33', 39: '-30.70', 40: '-29.33', 41: '-28.05', 42: '-26.95'}
Linear probability 2^-26.13
Input Mask:  [0, 0, 0, 0, 0, 0, 0, 0, 0, 0, 0, 0, 0, 0, 0, 0, 0, 0, 0, 0, 1, 0, 1, 0, 0, 0, 0, 0, 0, 0, 0, 0]
Output Mask: [0, 0, 0, 0, 0, 0, 0, 0, 1, 0, 0, 0, 0, 0, 0, 0, 0, 0, 0, 0, 0, 0, 0, 0, 0, 0, 0, 0, 0, 0, 0, 0]

Linear characteristic probability 2^-35
Nr of Solutions: 42013
Probability distribution: {35: 1, 36: 2, 37: 4, 38: 31, 39: 268, 40: 1546, 41: 7617, 42: 32544}
Probability impact: {35: '-35.00', 36: '-35.00', 37: '-35.00', 38: '-33.05', 39: '-30.93', 40: '-29.41', 41: '-28.10', 42: '-27.01'}
Linear probability 2^-26.20
Input Mask:  [0, 0, 0, 0, 0, 0, 0, 0, 0, 0, 0, 0, 0, 0, 0, 0, 0, 0, 0, 0, 0, 0, 0, 0, 1, 1, 1, 0, 0, 0, 0, 0]
Output Mask: [0, 0, 0, 0, 0, 1, 0, 1, 0, 0, 0, 0, 0, 0, 0, 0, 0, 0, 0, 0, 0, 0, 0, 0, 0, 0, 0, 0, 0, 0, 0, 0]

Linear characteristic probability 2^-35
Nr of Solutions: 40264
Probability distribution: {35: 1, 37: 4, 38: 24, 39: 247, 40: 1358, 41: 7057, 42: 31573}
Probability impact: {35: '-35.00', 37: '-35.00', 38: '-33.42', 39: '-31.05', 40: '-29.59', 41: '-28.22', 42: '-27.05'}
Linear probability 2^-26.29
Input Mask:  [0, 0, 0, 0, 0, 0, 0, 0, 0, 0, 0, 0, 0, 0, 0, 0, 0, 0, 0, 0, 0, 0, 0, 0, 0, 0, 0, 0, 1, 1, 1, 0]
Output Mask: [0, 0, 1, 1, 0, 0, 0, 0, 0, 0, 0, 0, 0, 0, 0, 0, 0, 0, 0, 0, 0, 0, 0, 0, 0, 0, 0, 0, 0, 0, 0, 0]

Linear characteristic probability 2^-35
Nr of Solutions: 41410
Probability distribution: {35: 1, 36: 1, 37: 6, 38: 40, 39: 277, 40: 1485, 41: 7322, 42: 32278}
Probability impact: {35: '-35.00', 36: '-36.00', 37: '-34.42', 38: '-32.68', 39: '-30.89', 40: '-29.46', 41: '-28.16', 42: '-27.02'}
Linear probability 2^-26.22
Input Mask:  [0, 0, 0, 0, 0, 0, 0, 0, 0, 0, 0, 0, 0, 0, 0, 0, 0, 0, 0, 0, 0, 0, 1, 1, 0, 0, 0, 0, 0, 0, 0, 0]
Output Mask: [0, 0, 0, 0, 0, 0, 0, 0, 0, 0, 0, 0, 1, 0, 1, 1, 0, 0, 0, 0, 0, 0, 0, 0, 0, 0, 0, 0, 0, 0, 0, 0]

Linear characteristic probability 2^-35
Nr of Solutions: 41504
Probability distribution: {35: 1, 37: 4, 38: 43, 39: 217, 40: 1388, 41: 7269, 42: 32582}
Probability impact: {35: '-35.00', 37: '-35.00', 38: '-32.57', 39: '-31.24', 40: '-29.56', 41: '-28.17', 42: '-27.01'}
Linear probability 2^-26.24
Input Mask:  [0, 0, 0, 0, 0, 0, 0, 0, 0, 0, 0, 0, 0, 0, 0, 0, 0, 0, 0, 0, 1, 1, 1, 0, 0, 0, 0, 0, 0, 0, 0, 0]
Output Mask: [0, 0, 0, 0, 0, 0, 0, 0, 1, 1, 0, 1, 0, 0, 0, 0, 0, 0, 0, 0, 0, 0, 0, 0, 0, 0, 0, 0, 0, 0, 0, 0]

Linear characteristic probability 2^-35
Nr of Solutions: 10759
Probability distribution: {35: 1, 36: 1, 37: 1, 38: 9, 39: 38, 40: 223, 41: 1624, 42: 8862}
Probability impact: {35: '-35.00', 36: '-36.00', 37: '-37.00', 38: '-34.83', 39: '-33.75', 40: '-32.20', 41: '-30.33', 42: '-28.89'}
Linear probability 2^-28.26
Input Mask:  [0, 0, 0, 0, 0, 0, 0, 0, 0, 0, 0, 0, 0, 0, 0, 0, 0, 0, 1, 0, 0, 0, 0, 0, 0, 0, 0, 0, 0, 1, 0, 1]
Output Mask: [0, 0, 0, 0, 0, 0, 0, 0, 0, 0, 0, 0, 0, 0, 0, 0, 0, 0, 0, 0, 0, 0, 0, 1, 0, 0, 0, 0, 0, 0, 0, 0]

Linear characteristic probability 2^-35
Nr of Solutions: 3145
Probability distribution: {35: 1, 37: 1, 38: 2, 39: 15, 40: 80, 41: 468, 42: 2578}
Probability impact: {35: '-35.00', 37: '-37.00', 38: '-37.00', 39: '-35.09', 40: '-33.68', 41: '-32.13', 42: '-30.67'}
Linear probability 2^-29.98
Input Mask:  [0, 0, 0, 0, 0, 0, 0, 0, 0, 0, 0, 0, 0, 0, 0, 1, 0, 0, 0, 0, 0, 0, 0, 0, 0, 0, 0, 0, 0, 0, 0, 1]
Output Mask: [0, 0, 0, 0, 1, 1, 0, 0, 0, 0, 0, 0, 1, 1, 0, 1, 0, 0, 0, 0, 0, 0, 0, 0, 0, 0, 0, 0, 0, 0, 0, 0]

Linear characteristic probability 2^-35
Nr of Solutions: 12744
Probability distribution: {35: 1, 38: 9, 39: 55, 40: 307, 41: 2030, 42: 10342}
Probability impact: {35: '-35.00', 38: '-34.83', 39: '-33.22', 40: '-31.74', 41: '-30.01', 42: '-28.66'}
Linear probability 2^-28.00
Input Mask:  [0, 0, 0, 0, 0, 0, 0, 0, 0, 0, 0, 0, 0, 1, 1, 0, 0, 0, 0, 0, 0, 0, 0, 0, 0, 0, 0, 0, 0, 0, 0, 0]
Output Mask: [1, 0, 0, 1, 0, 0, 0, 0, 0, 0, 0, 0, 0, 0, 0, 0, 0, 1, 0, 1, 0, 0, 0, 0, 0, 0, 0, 0, 0, 0, 0, 0]

Linear characteristic probability 2^-35
Nr of Solutions: 3500
Probability distribution: {35: 1, 37: 1, 38: 3, 39: 14, 40: 85, 41: 544, 42: 2852}
Probability impact: {35: '-35.00', 37: '-37.00', 38: '-36.42', 39: '-35.19', 40: '-33.59', 41: '-31.91', 42: '-30.52'}
Linear probability 2^-29.83
Input Mask:  [0, 0, 0, 0, 0, 0, 0, 0, 0, 0, 0, 0, 0, 1, 1, 1, 0, 0, 0, 0, 0, 0, 0, 0, 0, 0, 0, 0, 0, 0, 0, 1]
Output Mask: [0, 0, 0, 0, 1, 1, 0, 0, 0, 0, 0, 0, 1, 1, 1, 0, 0, 0, 0, 0, 0, 0, 0, 0, 0, 0, 0, 0, 0, 0, 0, 0]

Linear characteristic probability 2^-35
Nr of Solutions: 2274
Probability distribution: {35: 1, 38: 1, 39: 8, 40: 41, 41: 288, 42: 1935}
Probability impact: {35: '-35.00', 38: '-38.00', 39: '-36.00', 40: '-34.64', 41: '-32.83', 42: '-31.08'}
Linear probability 2^-30.51
Input Mask:  [0, 0, 0, 0, 0, 0, 0, 0, 1, 1, 0, 0, 0, 0, 0, 0, 0, 0, 0, 0, 0, 0, 1, 1, 0, 0, 0, 0, 0, 0, 0, 0]
Output Mask: [0, 0, 0, 1, 0, 0, 0, 0, 0, 1, 0, 1, 0, 0, 0, 0, 0, 0, 0, 0, 0, 0, 0, 0, 0, 0, 0, 0, 0, 0, 0, 0]

Linear characteristic probability 2^-35
Nr of Solutions: 10107
Probability distribution: {35: 1, 37: 1, 38: 3, 39: 36, 40: 242, 41: 1466, 42: 8358}
Probability impact: {35: '-35.00', 37: '-37.00', 38: '-36.42', 39: '-33.83', 40: '-32.08', 41: '-30.48', 42: '-28.97'}
Linear probability 2^-28.36
Input Mask:  [0, 0, 0, 0, 0, 0, 0, 0, 0, 0, 0, 0, 0, 0, 0, 0, 0, 0, 1, 1, 0, 0, 0, 0, 0, 0, 0, 0, 0, 0, 0, 0]
Output Mask: [1, 0, 0, 0, 0, 0, 0, 0, 0, 0, 0, 0, 0, 0, 0, 0, 0, 1, 1, 0, 0, 0, 0, 0, 0, 0, 0, 0, 0, 0, 0, 0]

Linear characteristic probability 2^-35
Nr of Solutions: 11569
Probability distribution: {35: 1, 36: 1, 37: 1, 38: 7, 39: 46, 40: 296, 41: 1786, 42: 9431}
Probability impact: {35: '-35.00', 36: '-36.00', 37: '-37.00', 38: '-35.19', 39: '-33.48', 40: '-31.79', 41: '-30.20', 42: '-28.80'}
Linear probability 2^-28.14
Input Mask:  [0, 0, 0, 0, 0, 0, 0, 0, 0, 0, 0, 0, 0, 0, 0, 0, 0, 0, 0, 0, 1, 0, 0, 0, 0, 0, 0, 0, 0, 0, 0, 0]
Output Mask: [0, 0, 0, 0, 0, 0, 0, 0, 0, 0, 0, 0, 1, 0, 1, 0, 0, 0, 0, 0, 0, 0, 0, 0, 0, 0, 0, 0, 0, 1, 1, 0]

Linear characteristic probability 2^-35
Nr of Solutions: 40675
Probability distribution: {35: 1, 36: 1, 37: 1, 38: 37, 39: 223, 40: 1340, 41: 7238, 42: 31834}
Probability impact: {35: '-35.00', 36: '-36.00', 37: '-37.00', 38: '-32.79', 39: '-31.20', 40: '-29.61', 41: '-28.18', 42: '-27.04'}
Linear probability 2^-26.27
Input Mask:  [0, 0, 0, 0, 0, 0, 0, 0, 0, 0, 0, 0, 0, 0, 0, 0, 0, 0, 0, 0, 1, 1, 0, 0, 0, 0, 0, 0, 0, 0, 0, 0]
Output Mask: [0, 0, 0, 0, 0, 0, 0, 0, 0, 0, 0, 0, 0, 0, 0, 0, 0, 1, 0, 0, 0, 0, 0, 0, 0, 0, 0, 0, 0, 0, 0, 0]

Linear characteristic probability 2^-35
Nr of Solutions: 2798
Probability distribution: {35: 1, 38: 2, 39: 8, 40: 51, 41: 344, 42: 2392}
Probability impact: {35: '-35.00', 38: '-37.00', 39: '-36.00', 40: '-34.33', 41: '-32.57', 42: '-30.78'}
Linear probability 2^-30.22
Input Mask:  [1, 1, 1, 0, 0, 0, 0, 0, 0, 0, 0, 0, 0, 0, 0, 0, 0, 0, 0, 0, 0, 0, 0, 0, 0, 0, 0, 0, 1, 1, 1, 1]
Output Mask: [1, 0, 0, 0, 0, 0, 0, 0, 0, 0, 0, 0, 0, 0, 0, 0, 0, 0, 0, 0, 0, 0, 0, 0, 1, 1, 1, 1, 0, 0, 0, 0]

Linear characteristic probability 2^-35
Nr of Solutions: 3355
Probability distribution: {35: 1, 37: 1, 38: 2, 39: 11, 40: 89, 41: 498, 42: 2753}
Probability impact: {35: '-35.00', 37: '-37.00', 38: '-37.00', 39: '-35.54', 40: '-33.52', 41: '-32.04', 42: '-30.57'}
Linear probability 2^-29.90
Input Mask:  [0, 0, 0, 0, 0, 0, 0, 0, 0, 0, 0, 0, 0, 0, 0, 0, 1, 0, 1, 1, 0, 0, 0, 0, 0, 0, 0, 0, 1, 0, 1, 1]
Output Mask: [1, 1, 1, 1, 0, 0, 0, 0, 0, 0, 0, 0, 0, 0, 0, 0, 0, 0, 0, 0, 0, 0, 0, 0, 1, 1, 1, 1, 0, 0, 0, 0]

Linear characteristic probability 2^-35
Nr of Solutions: 10904
Probability distribution: {35: 1, 38: 9, 39: 47, 40: 262, 41: 1724, 42: 8861}
Probability impact: {35: '-35.00', 38: '-34.83', 39: '-33.45', 40: '-31.97', 41: '-30.25', 42: '-28.89'}
Linear probability 2^-28.23
Input Mask:  [0, 0, 0, 0, 0, 0, 0, 0, 0, 1, 0, 0, 0, 0, 0, 0, 0, 0, 0, 0, 0, 0, 0, 0, 0, 0, 0, 0, 0, 0, 0, 0]
Output Mask: [0, 0, 0, 0, 0, 1, 1, 1, 0, 0, 0, 0, 0, 0, 0, 0, 0, 0, 0, 0, 0, 1, 0, 1, 0, 0, 0, 0, 0, 0, 0, 0]

Linear characteristic probability 2^-35
Nr of Solutions: 3697
Probability distribution: {35: 1, 37: 1, 38: 4, 39: 21, 40: 107, 41: 606, 42: 2957}
Probability impact: {35: '-35.00', 37: '-37.00', 38: '-36.00', 39: '-34.61', 40: '-33.26', 41: '-31.76', 42: '-30.47'}
Linear probability 2^-29.72
Input Mask:  [0, 0, 0, 0, 0, 0, 0, 0, 0, 0, 0, 1, 0, 0, 0, 0, 0, 0, 0, 0, 0, 0, 0, 0, 0, 1, 1, 1, 0, 0, 0, 0]
Output Mask: [1, 1, 0, 0, 0, 0, 0, 0, 1, 1, 1, 0, 0, 0, 0, 0, 0, 0, 0, 0, 0, 0, 0, 0, 0, 0, 0, 0, 0, 0, 0, 0]

Linear characteristic probability 2^-35
Nr of Solutions: 41829
Probability distribution: {35: 1, 37: 1, 38: 38, 39: 289, 40: 1527, 41: 7568, 42: 32405}
Probability impact: {35: '-35.00', 37: '-37.00', 38: '-32.75', 39: '-30.83', 40: '-29.42', 41: '-28.11', 42: '-27.02'}
Linear probability 2^-26.21
Input Mask:  [0, 0, 0, 0, 0, 0, 0, 0, 0, 0, 0, 0, 1, 0, 0, 0, 0, 0, 0, 0, 0, 0, 0, 0, 0, 0, 0, 0, 0, 0, 0, 0]
Output Mask: [1, 1, 1, 0, 0, 0, 0, 0, 0, 0, 0, 0, 0, 0, 0, 0, 0, 0, 0, 0, 0, 0, 0, 0, 0, 0, 0, 0, 0, 0, 0, 0]

Linear characteristic probability 2^-35
Nr of Solutions: 39028
Probability distribution: {35: 1, 36: 1, 37: 4, 38: 33, 39: 242, 40: 1288, 41: 6708, 42: 30751}
Probability impact: {35: '-35.00', 36: '-36.00', 37: '-35.00', 38: '-32.96', 39: '-31.08', 40: '-29.67', 41: '-28.29', 42: '-27.09'}
Linear probability 2^-26.33
Input Mask:  [0, 0, 0, 0, 1, 1, 1, 0, 0, 0, 0, 0, 0, 0, 0, 0, 0, 0, 0, 0, 0, 0, 0, 0, 0, 0, 0, 0, 0, 0, 0, 0]
Output Mask: [1, 0, 0, 0, 0, 0, 0, 0, 0, 0, 0, 0, 0, 0, 0, 0, 0, 0, 0, 0, 0, 0, 0, 0, 0, 0, 0, 0, 0, 0, 0, 0]

Linear characteristic probability 2^-35
Nr of Solutions: 2847
Probability distribution: {35: 1, 37: 1, 38: 3, 39: 12, 40: 56, 41: 384, 42: 2390}
Probability impact: {35: '-35.00', 37: '-37.00', 38: '-36.42', 39: '-35.42', 40: '-34.19', 41: '-32.42', 42: '-30.78'}
Linear probability 2^-30.15
Input Mask:  [0, 0, 0, 0, 0, 0, 0, 0, 0, 0, 0, 0, 1, 1, 0, 0, 0, 1, 0, 0, 0, 0, 0, 0, 0, 0, 0, 0, 0, 0, 0, 0]
Output Mask: [0, 0, 0, 0, 0, 0, 0, 1, 0, 0, 0, 0, 0, 0, 1, 1, 0, 0, 0, 0, 0, 0, 0, 0, 0, 0, 0, 0, 0, 0, 0, 0]

Linear characteristic probability 2^-35
Nr of Solutions: 2923
Probability distribution: {35: 1, 37: 1, 38: 4, 39: 9, 40: 69, 41: 408, 42: 2431}
Probability impact: {35: '-35.00', 37: '-37.00', 38: '-36.00', 39: '-35.83', 40: '-33.89', 41: '-32.33', 42: '-30.75'}
Linear probability 2^-30.10
Input Mask:  [0, 0, 0, 0, 0, 0, 0, 0, 0, 0, 0, 0, 0, 0, 0, 0, 0, 0, 0, 0, 0, 1, 1, 0, 1, 1, 1, 1, 0, 0, 0, 0]
Output Mask: [0, 0, 0, 0, 1, 0, 0, 0, 0, 0, 0, 0, 0, 0, 0, 0, 0, 0, 0, 0, 0, 0, 0, 0, 0, 0, 0, 0, 1, 0, 0, 0]

Linear characteristic probability 2^-35
Nr of Solutions: 2319
Probability distribution: {35: 1, 38: 1, 39: 10, 40: 42, 41: 296, 42: 1969}
Probability impact: {35: '-35.00', 38: '-38.00', 39: '-35.68', 40: '-34.61', 41: '-32.79', 42: '-31.06'}
Linear probability 2^-30.47
Input Mask:  [0, 0, 0, 0, 0, 0, 0, 0, 0, 0, 0, 0, 1, 1, 0, 0, 0, 0, 1, 1, 0, 0, 0, 0, 0, 0, 0, 0, 0, 0, 0, 0]
Output Mask: [0, 0, 0, 0, 0, 1, 0, 0, 0, 0, 0, 0, 0, 1, 0, 1, 0, 0, 0, 0, 0, 0, 0, 0, 0, 0, 0, 0, 0, 0, 0, 0]

Linear characteristic probability 2^-35
Nr of Solutions: 3605
Probability distribution: {35: 1, 37: 2, 38: 4, 39: 22, 40: 80, 41: 548, 42: 2948}
Probability impact: {35: '-35.00', 37: '-36.00', 38: '-36.00', 39: '-34.54', 40: '-33.68', 41: '-31.90', 42: '-30.47'}
Linear probability 2^-29.77
Input Mask:  [0, 0, 0, 0, 0, 0, 0, 0, 0, 1, 1, 1, 0, 0, 0, 0, 0, 0, 0, 0, 0, 0, 0, 0, 0, 1, 1, 1, 0, 0, 0, 0]
Output Mask: [0, 0, 1, 0, 0, 0, 0, 0, 1, 1, 0, 1, 0, 0, 0, 0, 0, 0, 0, 0, 0, 0, 0, 0, 0, 0, 0, 0, 0, 0, 0, 0]

Linear characteristic probability 2^-35
Nr of Solutions: 41829
Probability distribution: {35: 1, 37: 1, 38: 38, 39: 289, 40: 1527, 41: 7568, 42: 32405}
Probability impact: {35: '-35.00', 37: '-37.00', 38: '-32.75', 39: '-30.83', 40: '-29.42', 41: '-28.11', 42: '-27.02'}
Linear probability 2^-26.21
Input Mask:  [0, 0, 0, 0, 0, 0, 0, 0, 1, 0, 0, 0, 0, 0, 0, 0, 0, 0, 0, 0, 0, 0, 0, 0, 0, 0, 0, 0, 0, 0, 0, 0]
Output Mask: [0, 0, 0, 0, 1, 1, 1, 0, 0, 0, 0, 0, 0, 0, 0, 0, 0, 0, 0, 0, 0, 0, 0, 0, 0, 0, 0, 0, 0, 0, 0, 0]

Linear characteristic probability 2^-35
Nr of Solutions: 43900
Probability distribution: {35: 1, 37: 7, 38: 58, 39: 328, 40: 1722, 41: 8058, 42: 33726}
Probability impact: {35: '-35.00', 37: '-34.19', 38: '-32.14', 39: '-30.64', 40: '-29.25', 41: '-28.02', 42: '-26.96'}
Linear probability 2^-26.11
Input Mask:  [0, 0, 0, 0, 0, 0, 0, 0, 0, 0, 0, 0, 1, 0, 0, 1, 0, 0, 0, 0, 0, 0, 0, 0, 0, 0, 0, 0, 0, 0, 0, 0]
Output Mask: [1, 1, 0, 1, 0, 0, 0, 0, 0, 0, 0, 0, 0, 0, 0, 0, 0, 0, 0, 0, 0, 0, 0, 0, 0, 0, 0, 0, 0, 0, 0, 0]

Linear characteristic probability 2^-35
Nr of Solutions: 43900
Probability distribution: {35: 1, 37: 7, 38: 58, 39: 328, 40: 1722, 41: 8058, 42: 33726}
Probability impact: {35: '-35.00', 37: '-34.19', 38: '-32.14', 39: '-30.64', 40: '-29.25', 41: '-28.02', 42: '-26.96'}
Linear probability 2^-26.11
Input Mask:  [0, 0, 0, 0, 0, 0, 0, 0, 1, 0, 0, 1, 0, 0, 0, 0, 0, 0, 0, 0, 0, 0, 0, 0, 0, 0, 0, 0, 0, 0, 0, 0]
Output Mask: [0, 0, 0, 0, 1, 1, 0, 1, 0, 0, 0, 0, 0, 0, 0, 0, 0, 0, 0, 0, 0, 0, 0, 0, 0, 0, 0, 0, 0, 0, 0, 0]

