Left Branch: 5, Right Branch: 1, Iterations: 100
Linear characteristic probability 2^-36
Nr of Solutions: 32053
Probability distribution: {36: 2, 37: 2, 38: 10, 39: 30, 40: 126, 41: 794, 42: 4874, 43: 26215}
Probability impact: {36: '-35.00', 37: '-36.00', 38: '-34.68', 39: '-34.09', 40: '-33.02', 41: '-31.37', 42: '-29.75', 43: '-28.32'}
Linear probability 2^-27.67
Input Mask:  [0, 0, 0, 0, 1, 0, 0, 1, 0, 0, 0, 0, 0, 0, 0, 0, 0, 0, 0, 0, 0, 0, 0, 0, 0, 0, 0, 0, 0, 0, 0, 0]
Output Mask: [0, 0, 0, 0, 0, 0, 0, 0, 1, 0, 0, 0, 0, 0, 0, 0, 0, 0, 0, 0, 0, 0, 0, 0, 0, 0, 0, 0, 0, 0, 0, 0]

Linear characteristic probability 2^-36
Nr of Solutions: 31565
Probability distribution: {36: 1, 37: 2, 38: 10, 39: 34, 40: 143, 41: 768, 42: 4769, 43: 25838}
Probability impact: {36: '-36.00', 37: '-36.00', 38: '-34.68', 39: '-33.91', 40: '-32.84', 41: '-31.42', 42: '-29.78', 43: '-28.34'}
Linear probability 2^-27.69
Input Mask:  [0, 0, 0, 0, 0, 1, 0, 1, 0, 0, 0, 0, 0, 0, 0, 0, 0, 0, 0, 0, 0, 0, 0, 0, 0, 0, 0, 0, 0, 0, 0, 0]
Output Mask: [0, 0, 0, 0, 0, 0, 0, 0, 1, 0, 0, 1, 0, 0, 0, 0, 0, 0, 0, 0, 0, 0, 0, 0, 0, 0, 0, 0, 0, 0, 0, 0]

Linear characteristic probability 2^-36
Nr of Solutions: 31773
Probability distribution: {36: 2, 37: 2, 38: 14, 39: 32, 40: 155, 41: 780, 42: 4809, 43: 25979}
Probability impact: {36: '-35.00', 37: '-36.00', 38: '-34.19', 39: '-34.00', 40: '-32.72', 41: '-31.39', 42: '-29.77', 43: '-28.33'}
Linear probability 2^-27.67
Input Mask:  [0, 1, 0, 1, 0, 0, 0, 0, 0, 0, 0, 0, 0, 0, 0, 0, 0, 0, 0, 0, 0, 0, 0, 0, 0, 0, 0, 0, 0, 0, 0, 0]
Output Mask: [0, 0, 0, 0, 0, 0, 0, 0, 0, 0, 0, 0, 1, 0, 0, 0, 0, 0, 0, 0, 0, 0, 0, 0, 0, 0, 0, 0, 0, 0, 0, 0]

Linear characteristic probability 2^-36
Nr of Solutions: 31557
Probability distribution: {36: 1, 37: 2, 38: 8, 39: 26, 40: 115, 41: 770, 42: 4708, 43: 25927}
Probability impact: {36: '-36.00', 37: '-36.00', 38: '-35.00', 39: '-34.30', 40: '-33.15', 41: '-31.41', 42: '-29.80', 43: '-28.34'}
Linear probability 2^-27.70
Input Mask:  [1, 0, 0, 1, 0, 0, 0, 0, 0, 0, 0, 0, 0, 0, 0, 0, 0, 0, 0, 0, 0, 0, 0, 0, 0, 0, 0, 0, 0, 0, 0, 0]
Output Mask: [0, 0, 0, 0, 0, 0, 0, 0, 0, 0, 0, 0, 1, 0, 0, 1, 0, 0, 0, 0, 0, 0, 0, 0, 0, 0, 0, 0, 0, 0, 0, 0]

Linear characteristic probability 2^-36
Nr of Solutions: 35636
Probability distribution: {36: 2, 37: 2, 38: 8, 39: 20, 40: 105, 41: 890, 42: 5444, 43: 29165}
Probability impact: {36: '-35.00', 37: '-36.00', 38: '-35.00', 39: '-34.68', 40: '-33.29', 41: '-31.20', 42: '-29.59', 43: '-28.17'}
Linear probability 2^-27.53
Input Mask:  [0, 0, 0, 0, 0, 0, 0, 0, 0, 0, 0, 1, 0, 0, 0, 0, 0, 0, 0, 0, 0, 0, 0, 0, 0, 0, 0, 0, 0, 0, 0, 0]
Output Mask: [0, 0, 0, 0, 0, 0, 0, 0, 0, 1, 0, 1, 0, 0, 0, 0, 0, 0, 0, 0, 0, 0, 0, 0, 0, 0, 0, 0, 0, 0, 0, 0]

Linear characteristic probability 2^-36
Nr of Solutions: 35636
Probability distribution: {36: 2, 37: 2, 38: 8, 39: 20, 40: 105, 41: 890, 42: 5444, 43: 29165}
Probability impact: {36: '-35.00', 37: '-36.00', 38: '-35.00', 39: '-34.68', 40: '-33.29', 41: '-31.20', 42: '-29.59', 43: '-28.17'}
Linear probability 2^-27.53
Input Mask:  [0, 0, 0, 0, 0, 0, 0, 0, 0, 0, 0, 0, 0, 0, 0, 1, 0, 0, 0, 0, 0, 0, 0, 0, 0, 0, 0, 0, 0, 0, 0, 0]
Output Mask: [0, 0, 0, 0, 0, 0, 0, 0, 0, 0, 0, 0, 0, 1, 0, 1, 0, 0, 0, 0, 0, 0, 0, 0, 0, 0, 0, 0, 0, 0, 0, 0]

Linear characteristic probability 2^-36
Nr of Solutions: 33590
Probability distribution: {36: 2, 38: 14, 39: 20, 40: 170, 41: 905, 42: 5224, 43: 27255}
Probability impact: {36: '-35.00', 38: '-34.19', 39: '-34.68', 40: '-32.59', 41: '-31.18', 42: '-29.65', 43: '-28.27'}
Linear probability 2^-27.58
Input Mask:  [0, 0, 0, 0, 0, 0, 0, 0, 0, 0, 0, 0, 0, 0, 0, 0, 0, 0, 0, 1, 0, 0, 0, 0, 0, 0, 0, 0, 0, 0, 0, 0]
Output Mask: [0, 0, 0, 0, 0, 0, 0, 0, 0, 0, 0, 0, 0, 0, 0, 0, 0, 0, 0, 0, 1, 1, 0, 1, 0, 0, 0, 0, 0, 0, 0, 0]

Linear characteristic probability 2^-36
Nr of Solutions: 33430
Probability distribution: {36: 1, 37: 2, 38: 8, 39: 21, 40: 125, 41: 862, 42: 5181, 43: 27230}
Probability impact: {36: '-36.00', 37: '-36.00', 38: '-35.00', 39: '-34.61', 40: '-33.03', 41: '-31.25', 42: '-29.66', 43: '-28.27'}
Linear probability 2^-27.61
Input Mask:  [0, 0, 0, 0, 0, 0, 0, 0, 0, 0, 0, 0, 0, 0, 0, 0, 0, 1, 1, 1, 0, 0, 0, 0, 0, 0, 0, 0, 0, 0, 0, 0]
Output Mask: [0, 0, 0, 0, 0, 0, 0, 0, 0, 0, 0, 0, 0, 0, 0, 0, 0, 0, 0, 0, 0, 0, 0, 1, 0, 0, 0, 0, 0, 0, 0, 0]

Linear characteristic probability 2^-36
Nr of Solutions: 33637
Probability distribution: {36: 1, 37: 1, 38: 7, 39: 19, 40: 167, 41: 852, 42: 5229, 43: 27361}
Probability impact: {36: '-36.00', 37: '-37.00', 38: '-35.19', 39: '-34.75', 40: '-32.62', 41: '-31.27', 42: '-29.65', 43: '-28.26'}
Linear probability 2^-27.60
Input Mask:  [0, 0, 0, 0, 0, 0, 0, 0, 0, 0, 0, 0, 0, 0, 0, 0, 0, 0, 0, 0, 0, 0, 0, 1, 0, 0, 0, 0, 0, 0, 0, 0]
Output Mask: [0, 0, 0, 0, 0, 0, 0, 0, 0, 0, 0, 0, 0, 0, 0, 0, 0, 0, 1, 0, 0, 0, 0, 0, 0, 0, 0, 0, 0, 0, 0, 0]

Linear characteristic probability 2^-36
Nr of Solutions: 34510
Probability distribution: {36: 2, 38: 16, 39: 19, 40: 164, 41: 955, 42: 5353, 43: 28001}
Probability impact: {36: '-35.00', 38: '-34.00', 39: '-34.75', 40: '-32.64', 41: '-31.10', 42: '-29.61', 43: '-28.23'}
Linear probability 2^-27.55
Input Mask:  [0, 0, 0, 0, 0, 0, 0, 0, 0, 0, 0, 0, 0, 0, 0, 0, 0, 0, 0, 0, 0, 1, 1, 1, 0, 0, 0, 0, 0, 0, 0, 0]
Output Mask: [0, 0, 0, 0, 0, 0, 0, 0, 0, 0, 0, 0, 0, 0, 0, 0, 1, 1, 0, 1, 0, 0, 0, 0, 0, 0, 0, 0, 0, 0, 0, 0]

Linear characteristic probability 2^-37
Nr of Solutions: 150298
Probability distribution: {37: 1, 38: 2, 39: 11, 40: 107, 41: 774, 42: 4536, 43: 25153, 44: 119714}
Probability impact: {37: '-37.00', 38: '-37.00', 39: '-35.54', 40: '-33.26', 41: '-31.40', 42: '-29.85', 43: '-28.38', 44: '-27.13'}
Linear probability 2^-26.41
Input Mask:  [0, 0, 0, 0, 0, 0, 0, 0, 0, 0, 0, 0, 0, 0, 0, 0, 0, 0, 0, 0, 0, 1, 0, 1, 0, 0, 0, 0, 0, 0, 0, 0]
Output Mask: [0, 0, 1, 0, 0, 0, 0, 0, 0, 0, 0, 0, 0, 0, 0, 0, 0, 0, 0, 0, 0, 0, 0, 0, 0, 0, 0, 0, 0, 0, 0, 0]

Linear characteristic probability 2^-37
Nr of Solutions: 147597
Probability distribution: {37: 4, 38: 4, 39: 30, 40: 121, 41: 699, 42: 4524, 43: 24700, 44: 117515}
Probability impact: {37: '-35.00', 38: '-36.00', 39: '-34.09', 40: '-33.08', 41: '-31.55', 42: '-29.86', 43: '-28.41', 44: '-27.16'}
Linear probability 2^-26.43
Input Mask:  [0, 0, 0, 0, 0, 0, 0, 0, 0, 1, 0, 0, 0, 0, 0, 0, 0, 0, 0, 0, 0, 0, 0, 0, 0, 0, 0, 0, 0, 0, 0, 0]
Output Mask: [0, 0, 0, 0, 0, 0, 0, 0, 0, 0, 0, 0, 0, 0, 0, 0, 0, 0, 0, 0, 0, 0, 0, 0, 0, 0, 0, 0, 0, 1, 0, 1]

Linear characteristic probability 2^-37
Nr of Solutions: 161443
Probability distribution: {37: 1, 38: 4, 39: 18, 40: 141, 41: 958, 42: 5311, 43: 27825, 44: 127185}
Probability impact: {37: '-37.00', 38: '-36.00', 39: '-34.83', 40: '-32.86', 41: '-31.10', 42: '-29.63', 43: '-28.24', 44: '-27.04'}
Linear probability 2^-26.29
Input Mask:  [0, 0, 0, 0, 0, 0, 0, 0, 0, 0, 0, 0, 0, 0, 0, 0, 1, 0, 0, 0, 0, 0, 0, 0, 0, 0, 0, 0, 0, 0, 0, 0]
Output Mask: [1, 0, 0, 0, 0, 0, 0, 0, 0, 0, 0, 0, 0, 0, 0, 0, 0, 0, 0, 0, 0, 0, 0, 0, 0, 0, 0, 0, 0, 0, 0, 0]

Linear characteristic probability 2^-37
Nr of Solutions: 161168
Probability distribution: {37: 2, 38: 5, 39: 35, 40: 152, 41: 793, 42: 5236, 43: 27233, 44: 127712}
Probability impact: {37: '-36.00', 38: '-35.68', 39: '-33.87', 40: '-32.75', 41: '-31.37', 42: '-29.65', 43: '-28.27', 44: '-27.04'}
Linear probability 2^-26.30
Input Mask:  [0, 0, 0, 0, 0, 0, 1, 1, 0, 0, 0, 0, 0, 0, 0, 0, 0, 0, 0, 0, 0, 0, 0, 0, 0, 0, 0, 0, 0, 0, 0, 0]
Output Mask: [0, 0, 0, 0, 0, 0, 0, 0, 0, 0, 1, 0, 0, 0, 0, 0, 0, 0, 0, 0, 0, 0, 0, 0, 0, 0, 0, 0, 0, 0, 0, 0]

Linear characteristic probability 2^-37
Nr of Solutions: 149486
Probability distribution: {37: 2, 38: 4, 39: 21, 40: 102, 41: 710, 42: 4573, 43: 25108, 44: 118966}
Probability impact: {37: '-36.00', 38: '-36.00', 39: '-34.61', 40: '-33.33', 41: '-31.53', 42: '-29.84', 43: '-28.38', 44: '-27.14'}
Linear probability 2^-26.42
Input Mask:  [0, 0, 0, 0, 0, 0, 0, 0, 0, 1, 1, 0, 0, 0, 0, 0, 0, 0, 0, 0, 0, 0, 0, 0, 0, 0, 0, 0, 0, 0, 0, 0]
Output Mask: [0, 0, 0, 0, 0, 0, 0, 0, 0, 0, 0, 0, 0, 0, 0, 0, 0, 0, 0, 0, 0, 0, 0, 0, 0, 0, 0, 0, 1, 1, 1, 0]

Linear characteristic probability 2^-37
Nr of Solutions: 146542
Probability distribution: {37: 1, 38: 7, 39: 23, 40: 118, 41: 680, 42: 4453, 43: 24341, 44: 116919}
Probability impact: {37: '-37.00', 38: '-35.19', 39: '-34.48', 40: '-33.12', 41: '-31.59', 42: '-29.88', 43: '-28.43', 44: '-27.16'}
Linear probability 2^-26.45
Input Mask:  [0, 0, 0, 1, 0, 0, 0, 0, 0, 0, 0, 0, 0, 0, 0, 0, 0, 0, 0, 0, 0, 0, 0, 0, 0, 0, 0, 0, 0, 0, 0, 0]
Output Mask: [0, 0, 0, 0, 0, 0, 0, 0, 0, 0, 0, 0, 0, 0, 0, 0, 0, 0, 0, 0, 0, 0, 0, 0, 1, 0, 0, 0, 0, 0, 0, 0]

Linear characteristic probability 2^-37
Nr of Solutions: 153873
Probability distribution: {37: 1, 38: 2, 39: 21, 40: 124, 41: 820, 42: 4878, 43: 25686, 44: 122341}
Probability impact: {37: '-37.00', 38: '-37.00', 39: '-34.61', 40: '-33.05', 41: '-31.32', 42: '-29.75', 43: '-28.35', 44: '-27.10'}
Linear probability 2^-26.37
Input Mask:  [0, 0, 0, 0, 1, 1, 1, 0, 0, 0, 0, 0, 0, 0, 0, 0, 0, 0, 0, 0, 0, 0, 0, 0, 0, 0, 0, 0, 0, 0, 0, 0]
Output Mask: [0, 0, 0, 0, 0, 0, 0, 0, 0, 0, 0, 0, 0, 0, 0, 0, 1, 0, 0, 1, 0, 0, 0, 0, 0, 0, 0, 0, 0, 0, 0, 0]

Linear characteristic probability 2^-37
Nr of Solutions: 164956
Probability distribution: {37: 2, 38: 9, 39: 37, 40: 170, 41: 994, 42: 5604, 43: 28319, 44: 129821}
Probability impact: {37: '-36.00', 38: '-34.83', 39: '-33.79', 40: '-32.59', 41: '-31.04', 42: '-29.55', 43: '-28.21', 44: '-27.01'}
Linear probability 2^-26.24
Input Mask:  [0, 0, 0, 0, 0, 0, 0, 0, 0, 0, 0, 0, 1, 1, 0, 1, 0, 0, 0, 0, 0, 0, 0, 0, 0, 0, 0, 0, 0, 0, 0, 0]
Output Mask: [0, 0, 0, 0, 0, 0, 0, 0, 1, 0, 1, 0, 0, 0, 0, 0, 0, 0, 0, 0, 0, 0, 0, 0, 0, 0, 0, 0, 0, 0, 0, 0]

Linear characteristic probability 2^-37
Nr of Solutions: 159401
Probability distribution: {37: 1, 38: 3, 39: 23, 40: 142, 41: 820, 42: 5361, 43: 27250, 44: 125801}
Probability impact: {37: '-37.00', 38: '-36.42', 39: '-34.48', 40: '-32.85', 41: '-31.32', 42: '-29.61', 43: '-28.27', 44: '-27.06'}
Linear probability 2^-26.31
Input Mask:  [0, 0, 0, 0, 0, 0, 0, 0, 0, 0, 0, 0, 0, 0, 0, 0, 0, 1, 0, 1, 0, 0, 0, 0, 0, 0, 0, 0, 0, 0, 0, 0]
Output Mask: [1, 0, 0, 1, 0, 0, 0, 0, 0, 0, 0, 0, 0, 0, 0, 0, 0, 0, 0, 0, 0, 0, 0, 0, 0, 0, 0, 0, 0, 0, 0, 0]

Linear characteristic probability 2^-37
Nr of Solutions: 173870
Probability distribution: {37: 1, 38: 2, 39: 26, 40: 153, 41: 1098, 42: 6055, 43: 30674, 44: 135861}
Probability impact: {37: '-37.00', 38: '-37.00', 39: '-34.30', 40: '-32.74', 41: '-30.90', 42: '-29.44', 43: '-28.10', 44: '-26.95'}
Linear probability 2^-26.17
Input Mask:  [0, 0, 0, 0, 0, 0, 0, 0, 1, 1, 1, 0, 0, 0, 0, 0, 0, 0, 0, 0, 0, 0, 0, 0, 0, 0, 0, 0, 0, 0, 0, 0]
Output Mask: [0, 0, 0, 0, 0, 0, 0, 0, 0, 0, 0, 0, 0, 0, 0, 0, 0, 1, 0, 1, 0, 0, 0, 0, 0, 0, 0, 0, 0, 0, 0, 0]

Linear characteristic probability 2^-37
Nr of Solutions: 155506
Probability distribution: {37: 1, 38: 3, 39: 20, 40: 159, 41: 878, 42: 4878, 43: 26078, 44: 123489}
Probability impact: {37: '-37.00', 38: '-36.42', 39: '-34.68', 40: '-32.69', 41: '-31.22', 42: '-29.75', 43: '-28.33', 44: '-27.09'}
Linear probability 2^-26.35
Input Mask:  [0, 0, 0, 0, 1, 0, 0, 0, 0, 0, 0, 0, 0, 0, 0, 0, 0, 0, 0, 0, 0, 0, 0, 0, 0, 0, 0, 0, 0, 0, 0, 0]
Output Mask: [0, 0, 0, 0, 0, 0, 0, 0, 0, 0, 0, 0, 0, 0, 0, 0, 0, 0, 1, 1, 0, 0, 0, 0, 0, 0, 0, 0, 0, 0, 0, 0]

Linear characteristic probability 2^-37
Nr of Solutions: 148595
Probability distribution: {37: 2, 38: 2, 39: 21, 40: 128, 41: 795, 42: 4805, 43: 24794, 44: 118048}
Probability impact: {37: '-36.00', 38: '-37.00', 39: '-34.61', 40: '-33.00', 41: '-31.37', 42: '-29.77', 43: '-28.40', 44: '-27.15'}
Linear probability 2^-26.42
Input Mask:  [0, 0, 0, 0, 0, 0, 0, 0, 0, 0, 0, 0, 0, 0, 0, 0, 0, 0, 0, 0, 0, 1, 0, 0, 0, 0, 0, 0, 0, 0, 0, 0]
Output Mask: [0, 0, 1, 1, 0, 0, 0, 0, 0, 0, 0, 0, 0, 0, 0, 0, 0, 0, 0, 0, 0, 0, 0, 0, 0, 0, 0, 0, 0, 0, 0, 0]

Linear characteristic probability 2^-37
Nr of Solutions: 168604
Probability distribution: {37: 1, 38: 1, 39: 18, 40: 133, 41: 960, 42: 5659, 43: 28961, 44: 132871}
Probability impact: {37: '-37.00', 38: '-38.00', 39: '-34.83', 40: '-32.94', 41: '-31.09', 42: '-29.53', 43: '-28.18', 44: '-26.98'}
Linear probability 2^-26.23
Input Mask:  [0, 0, 0, 0, 0, 0, 0, 0, 0, 0, 0, 0, 0, 0, 0, 0, 1, 0, 1, 0, 0, 0, 0, 0, 0, 0, 0, 0, 0, 0, 0, 0]
Output Mask: [0, 0, 0, 0, 0, 0, 0, 0, 0, 0, 0, 0, 1, 1, 0, 0, 0, 0, 0, 0, 0, 0, 0, 0, 0, 0, 0, 0, 0, 0, 0, 0]

Linear characteristic probability 2^-37
Nr of Solutions: 171230
Probability distribution: {37: 6, 38: 8, 39: 9, 40: 130, 41: 906, 42: 5773, 43: 29759, 44: 134639}
Probability impact: {37: '-34.42', 38: '-35.00', 39: '-35.83', 40: '-32.98', 41: '-31.18', 42: '-29.50', 43: '-28.14', 44: '-26.96'}
Linear probability 2^-26.20
Input Mask:  [0, 0, 0, 0, 0, 0, 0, 0, 1, 1, 0, 1, 0, 0, 0, 0, 0, 0, 0, 0, 0, 0, 0, 0, 0, 0, 0, 0, 0, 0, 0, 0]
Output Mask: [0, 0, 0, 0, 0, 0, 0, 0, 0, 0, 1, 1, 0, 0, 0, 0, 0, 0, 0, 0, 0, 0, 0, 0, 0, 0, 0, 0, 0, 0, 0, 0]

Linear characteristic probability 2^-37
Nr of Solutions: 171073
Probability distribution: {37: 2, 38: 2, 39: 43, 40: 175, 41: 1023, 42: 5864, 43: 29822, 44: 134142}
Probability impact: {37: '-36.00', 38: '-37.00', 39: '-33.57', 40: '-32.55', 41: '-31.00', 42: '-29.48', 43: '-28.14', 44: '-26.97'}
Linear probability 2^-26.19
Input Mask:  [0, 0, 0, 0, 0, 0, 0, 0, 0, 1, 0, 1, 0, 0, 0, 0, 0, 0, 0, 0, 0, 0, 0, 0, 0, 0, 0, 0, 0, 0, 0, 0]
Output Mask: [0, 0, 0, 0, 0, 0, 0, 0, 0, 0, 0, 0, 0, 0, 0, 0, 1, 1, 1, 0, 0, 0, 0, 0, 0, 0, 0, 0, 0, 0, 0, 0]

Linear characteristic probability 2^-37
Nr of Solutions: 156104
Probability distribution: {37: 2, 38: 4, 39: 22, 40: 181, 41: 893, 42: 5083, 43: 26443, 44: 123476}
Probability impact: {37: '-36.00', 38: '-36.00', 39: '-34.54', 40: '-32.50', 41: '-31.20', 42: '-29.69', 43: '-28.31', 44: '-27.09'}
Linear probability 2^-26.33
Input Mask:  [1, 0, 0, 0, 0, 0, 0, 0, 0, 0, 0, 0, 0, 0, 0, 0, 0, 0, 0, 0, 0, 0, 0, 0, 0, 0, 0, 0, 0, 0, 0, 0]
Output Mask: [0, 0, 0, 0, 0, 0, 0, 0, 0, 0, 0, 0, 0, 0, 0, 0, 0, 0, 0, 0, 0, 0, 1, 0, 0, 0, 0, 0, 0, 0, 0, 0]

Linear characteristic probability 2^-37
Nr of Solutions: 144795
Probability distribution: {37: 2, 38: 4, 39: 18, 40: 110, 41: 696, 42: 4347, 43: 23903, 44: 115715}
Probability impact: {37: '-36.00', 38: '-36.00', 39: '-34.83', 40: '-33.22', 41: '-31.56', 42: '-29.91', 43: '-28.46', 44: '-27.18'}
Linear probability 2^-26.47
Input Mask:  [0, 1, 1, 1, 0, 0, 0, 0, 0, 0, 0, 0, 0, 0, 0, 0, 0, 0, 0, 0, 0, 0, 0, 0, 0, 0, 0, 0, 0, 0, 0, 0]
Output Mask: [0, 0, 0, 0, 0, 0, 0, 0, 0, 0, 0, 0, 0, 0, 0, 0, 0, 0, 0, 0, 0, 0, 0, 0, 1, 0, 0, 1, 0, 0, 0, 0]

Linear characteristic probability 2^-37
Nr of Solutions: 153873
Probability distribution: {37: 1, 38: 2, 39: 21, 40: 124, 41: 820, 42: 4878, 43: 25686, 44: 122341}
Probability impact: {37: '-37.00', 38: '-37.00', 39: '-34.61', 40: '-33.05', 41: '-31.32', 42: '-29.75', 43: '-28.35', 44: '-27.10'}
Linear probability 2^-26.37
Input Mask:  [1, 1, 1, 0, 0, 0, 0, 0, 0, 0, 0, 0, 0, 0, 0, 0, 0, 0, 0, 0, 0, 0, 0, 0, 0, 0, 0, 0, 0, 0, 0, 0]
Output Mask: [0, 0, 0, 0, 0, 0, 0, 0, 0, 0, 0, 0, 0, 0, 0, 0, 0, 0, 0, 0, 1, 0, 0, 1, 0, 0, 0, 0, 0, 0, 0, 0]

Linear characteristic probability 2^-37
Nr of Solutions: 139244
Probability distribution: {37: 2, 38: 6, 39: 22, 40: 136, 41: 669, 42: 4267, 43: 22628, 44: 111514}
Probability impact: {37: '-36.00', 38: '-35.42', 39: '-34.54', 40: '-32.91', 41: '-31.61', 42: '-29.94', 43: '-28.53', 44: '-27.23'}
Linear probability 2^-26.52
Input Mask:  [0, 0, 0, 0, 0, 0, 0, 0, 0, 0, 0, 0, 0, 0, 0, 0, 0, 0, 1, 0, 0, 0, 0, 0, 0, 0, 0, 0, 0, 0, 0, 0]
Output Mask: [0, 0, 0, 0, 0, 0, 0, 0, 0, 0, 0, 0, 0, 0, 0, 0, 0, 0, 0, 0, 0, 0, 0, 0, 0, 1, 0, 1, 0, 0, 0, 0]

Linear characteristic probability 2^-37
Nr of Solutions: 164021
Probability distribution: {37: 1, 38: 2, 39: 20, 40: 140, 41: 990, 42: 5650, 43: 28814, 44: 128404}
Probability impact: {37: '-37.00', 38: '-37.00', 39: '-34.68', 40: '-32.87', 41: '-31.05', 42: '-29.54', 43: '-28.19', 44: '-27.03'}
Linear probability 2^-26.25
Input Mask:  [0, 0, 0, 0, 0, 0, 0, 0, 0, 0, 0, 0, 0, 0, 0, 0, 0, 0, 0, 0, 1, 0, 0, 1, 0, 0, 0, 0, 0, 0, 0, 0]
Output Mask: [0, 0, 0, 0, 1, 0, 1, 0, 0, 0, 0, 0, 0, 0, 0, 0, 0, 0, 0, 0, 0, 0, 0, 0, 0, 0, 0, 0, 0, 0, 0, 0]

Linear characteristic probability 2^-37
Nr of Solutions: 147751
Probability distribution: {37: 2, 38: 2, 39: 18, 40: 87, 41: 789, 42: 4566, 43: 24891, 44: 117396}
Probability impact: {37: '-36.00', 38: '-37.00', 39: '-34.83', 40: '-33.56', 41: '-31.38', 42: '-29.84', 43: '-28.40', 44: '-27.16'}
Linear probability 2^-26.43
Input Mask:  [0, 0, 0, 0, 0, 0, 0, 0, 0, 0, 0, 0, 0, 0, 0, 0, 0, 0, 0, 0, 0, 0, 0, 0, 0, 0, 0, 0, 1, 0, 1, 0]
Output Mask: [0, 0, 0, 1, 0, 0, 0, 0, 0, 0, 0, 0, 0, 0, 0, 0, 0, 0, 0, 0, 0, 0, 0, 0, 0, 0, 0, 0, 0, 0, 0, 0]

Linear characteristic probability 2^-37
Nr of Solutions: 163037
Probability distribution: {37: 2, 38: 4, 39: 42, 40: 160, 41: 1031, 42: 5409, 43: 28338, 44: 128051}
Probability impact: {37: '-36.00', 38: '-36.00', 39: '-33.61', 40: '-32.68', 41: '-30.99', 42: '-29.60', 43: '-28.21', 44: '-27.03'}
Linear probability 2^-26.26
Input Mask:  [0, 0, 0, 0, 0, 0, 0, 0, 0, 0, 0, 0, 0, 0, 0, 0, 0, 1, 1, 0, 0, 0, 0, 0, 0, 0, 0, 0, 0, 0, 0, 0]
Output Mask: [0, 0, 0, 0, 0, 0, 0, 0, 0, 0, 0, 0, 0, 0, 0, 0, 0, 0, 0, 0, 0, 1, 0, 0, 0, 0, 0, 0, 0, 0, 0, 0]

Linear characteristic probability 2^-37
Nr of Solutions: 155299
Probability distribution: {37: 2, 38: 2, 39: 18, 40: 86, 41: 783, 42: 4884, 43: 26424, 44: 123100}
Probability impact: {37: '-36.00', 38: '-37.00', 39: '-34.83', 40: '-33.57', 41: '-31.39', 42: '-29.75', 43: '-28.31', 44: '-27.09'}
Linear probability 2^-26.36
Input Mask:  [0, 0, 0, 0, 0, 0, 0, 0, 0, 0, 0, 0, 0, 0, 0, 0, 0, 0, 0, 0, 0, 0, 0, 0, 1, 1, 1, 0, 0, 0, 0, 0]
Output Mask: [0, 0, 0, 0, 0, 0, 0, 1, 0, 0, 0, 0, 0, 0, 0, 0, 0, 0, 0, 0, 0, 0, 0, 0, 0, 0, 0, 0, 0, 0, 0, 0]

Linear characteristic probability 2^-37
Nr of Solutions: 146542
Probability distribution: {37: 1, 38: 7, 39: 23, 40: 118, 41: 680, 42: 4453, 43: 24341, 44: 116919}
Probability impact: {37: '-37.00', 38: '-35.19', 39: '-34.48', 40: '-33.12', 41: '-31.59', 42: '-29.88', 43: '-28.43', 44: '-27.16'}
Linear probability 2^-26.45
Input Mask:  [0, 0, 0, 0, 0, 0, 0, 1, 0, 0, 0, 0, 0, 0, 0, 0, 0, 0, 0, 0, 0, 0, 0, 0, 0, 0, 0, 0, 0, 0, 0, 0]
Output Mask: [0, 0, 0, 0, 0, 0, 0, 0, 0, 0, 0, 0, 0, 0, 0, 0, 0, 0, 0, 0, 0, 0, 0, 0, 0, 0, 0, 0, 1, 0, 0, 0]

Linear characteristic probability 2^-37
Nr of Solutions: 147124
Probability distribution: {37: 1, 38: 4, 39: 20, 40: 136, 41: 749, 42: 4603, 43: 24402, 44: 117209}
Probability impact: {37: '-37.00', 38: '-36.00', 39: '-34.68', 40: '-32.91', 41: '-31.45', 42: '-29.83', 43: '-28.43', 44: '-27.16'}
Linear probability 2^-26.44
Input Mask:  [0, 0, 0, 0, 0, 0, 0, 0, 0, 0, 0, 0, 0, 0, 0, 0, 0, 0, 0, 0, 1, 1, 0, 1, 0, 0, 0, 0, 0, 0, 0, 0]
Output Mask: [0, 0, 0, 0, 0, 0, 0, 0, 0, 0, 0, 0, 0, 0, 0, 0, 0, 0, 0, 0, 0, 0, 0, 0, 0, 0, 0, 0, 1, 0, 0, 1]

Linear characteristic probability 2^-37
Nr of Solutions: 150410
Probability distribution: {37: 1, 38: 2, 39: 20, 40: 120, 41: 736, 42: 4461, 43: 24971, 44: 120099}
Probability impact: {37: '-37.00', 38: '-37.00', 39: '-34.68', 40: '-33.09', 41: '-31.48', 42: '-29.88', 43: '-28.39', 44: '-27.13'}
Linear probability 2^-26.42
Input Mask:  [0, 0, 0, 0, 1, 1, 0, 1, 0, 0, 0, 0, 0, 0, 0, 0, 0, 0, 0, 0, 0, 0, 0, 0, 0, 0, 0, 0, 0, 0, 0, 0]
Output Mask: [0, 0, 0, 0, 0, 0, 0, 0, 0, 0, 0, 0, 0, 0, 0, 0, 0, 0, 0, 0, 0, 0, 0, 0, 0, 0, 0, 0, 0, 0, 1, 1]

Linear characteristic probability 2^-37
Nr of Solutions: 155221
Probability distribution: {37: 1, 38: 6, 39: 25, 40: 152, 41: 876, 42: 5096, 43: 26539, 44: 122526}
Probability impact: {37: '-37.00', 38: '-35.42', 39: '-34.36', 40: '-32.75', 41: '-31.23', 42: '-29.68', 43: '-28.30', 44: '-27.10'}
Linear probability 2^-26.34
Input Mask:  [0, 0, 0, 0, 0, 0, 0, 0, 0, 0, 0, 0, 0, 0, 0, 0, 0, 0, 0, 0, 0, 0, 1, 0, 0, 0, 0, 0, 0, 0, 0, 0]
Output Mask: [0, 0, 0, 0, 0, 0, 0, 0, 0, 0, 0, 0, 1, 0, 1, 0, 0, 0, 0, 0, 0, 0, 0, 0, 0, 0, 0, 0, 0, 0, 0, 0]

Linear characteristic probability 2^-37
Nr of Solutions: 164764
Probability distribution: {37: 1, 38: 2, 39: 8, 40: 88, 41: 834, 42: 5510, 43: 28653, 44: 129668}
Probability impact: {37: '-37.00', 38: '-37.00', 39: '-36.00', 40: '-33.54', 41: '-31.30', 42: '-29.57', 43: '-28.19', 44: '-27.02'}
Linear probability 2^-26.27
Input Mask:  [0, 0, 0, 0, 0, 0, 0, 0, 0, 0, 0, 0, 1, 1, 1, 0, 0, 0, 0, 0, 0, 0, 0, 0, 0, 0, 0, 0, 0, 0, 0, 0]
Output Mask: [0, 0, 0, 0, 0, 1, 0, 0, 0, 0, 0, 0, 0, 0, 0, 0, 0, 0, 0, 0, 0, 0, 0, 0, 0, 0, 0, 0, 0, 0, 0, 0]

Linear characteristic probability 2^-37
Nr of Solutions: 35742
Probability distribution: {37: 2, 39: 14, 40: 14, 41: 120, 42: 731, 43: 5036, 44: 29825}
Probability impact: {37: '-36.00', 39: '-35.19', 40: '-36.19', 41: '-34.09', 42: '-32.49', 43: '-30.70', 44: '-29.14'}
Linear probability 2^-28.55
Input Mask:  [0, 0, 0, 0, 0, 0, 0, 0, 0, 0, 0, 0, 0, 0, 0, 0, 0, 0, 1, 0, 0, 0, 0, 0, 0, 0, 0, 0, 1, 0, 0, 1]
Output Mask: [0, 0, 0, 0, 0, 0, 0, 0, 0, 0, 0, 0, 0, 0, 0, 0, 0, 0, 0, 0, 1, 0, 0, 0, 0, 0, 0, 0, 0, 0, 0, 0]

Linear characteristic probability 2^-37
Nr of Solutions: 168604
Probability distribution: {37: 1, 38: 1, 39: 18, 40: 133, 41: 960, 42: 5659, 43: 28961, 44: 132871}
Probability impact: {37: '-37.00', 38: '-38.00', 39: '-34.83', 40: '-32.94', 41: '-31.09', 42: '-29.53', 43: '-28.18', 44: '-26.98'}
Linear probability 2^-26.23
Input Mask:  [0, 0, 0, 0, 0, 0, 0, 0, 0, 0, 0, 0, 0, 0, 0, 0, 0, 0, 0, 0, 1, 0, 1, 0, 0, 0, 0, 0, 0, 0, 0, 0]
Output Mask: [0, 0, 0, 0, 0, 0, 0, 0, 1, 1, 0, 0, 0, 0, 0, 0, 0, 0, 0, 0, 0, 0, 0, 0, 0, 0, 0, 0, 0, 0, 0, 0]

Linear characteristic probability 2^-37
Nr of Solutions: 163268
Probability distribution: {37: 2, 39: 22, 40: 127, 41: 891, 42: 5285, 43: 27711, 44: 129230}
Probability impact: {37: '-36.00', 39: '-34.54', 40: '-33.01', 41: '-31.20', 42: '-29.63', 43: '-28.24', 44: '-27.02'}
Linear probability 2^-26.28
Input Mask:  [0, 0, 0, 0, 0, 0, 0, 0, 0, 0, 0, 0, 0, 0, 0, 0, 1, 1, 1, 0, 0, 0, 0, 0, 0, 0, 0, 0, 0, 0, 0, 0]
Output Mask: [0, 0, 0, 0, 0, 0, 0, 0, 0, 0, 0, 0, 1, 1, 1, 1, 0, 0, 0, 0, 0, 0, 0, 0, 0, 0, 0, 0, 0, 0, 0, 0]

Linear characteristic probability 2^-37
Nr of Solutions: 170093
Probability distribution: {37: 1, 38: 2, 39: 29, 40: 162, 41: 1012, 42: 5807, 43: 29753, 44: 133327}
Probability impact: {37: '-37.00', 38: '-37.00', 39: '-34.14', 40: '-32.66', 41: '-31.02', 42: '-29.50', 43: '-28.14', 44: '-26.98'}
Linear probability 2^-26.20
Input Mask:  [0, 0, 0, 0, 0, 0, 0, 0, 0, 0, 0, 0, 0, 1, 0, 1, 0, 0, 0, 0, 0, 0, 0, 0, 0, 0, 0, 0, 0, 0, 0, 0]
Output Mask: [0, 0, 0, 0, 0, 0, 0, 0, 0, 0, 0, 0, 0, 0, 0, 0, 0, 0, 0, 0, 0, 1, 0, 1, 0, 0, 0, 0, 0, 0, 0, 0]

Linear characteristic probability 2^-37
Nr of Solutions: 163268
Probability distribution: {37: 2, 39: 22, 40: 127, 41: 891, 42: 5285, 43: 27711, 44: 129230}
Probability impact: {37: '-36.00', 39: '-34.54', 40: '-33.01', 41: '-31.20', 42: '-29.63', 43: '-28.24', 44: '-27.02'}
Linear probability 2^-26.28
Input Mask:  [0, 0, 0, 0, 0, 0, 0, 0, 0, 0, 0, 0, 0, 0, 0, 0, 0, 0, 0, 0, 1, 1, 1, 0, 0, 0, 0, 0, 0, 0, 0, 0]
Output Mask: [0, 0, 0, 0, 0, 0, 0, 0, 1, 1, 1, 1, 0, 0, 0, 0, 0, 0, 0, 0, 0, 0, 0, 0, 0, 0, 0, 0, 0, 0, 0, 0]

Linear characteristic probability 2^-37
Nr of Solutions: 169824
Probability distribution: {37: 1, 38: 1, 39: 30, 40: 237, 41: 1201, 42: 6246, 43: 29784, 44: 132324}
Probability impact: {37: '-37.00', 38: '-38.00', 39: '-34.09', 40: '-32.11', 41: '-30.77', 42: '-29.39', 43: '-28.14', 44: '-26.99'}
Linear probability 2^-26.18
Input Mask:  [0, 0, 0, 0, 0, 0, 0, 0, 0, 0, 1, 0, 0, 0, 0, 0, 0, 0, 0, 0, 0, 0, 0, 0, 0, 0, 0, 0, 0, 0, 0, 0]
Output Mask: [0, 0, 0, 0, 0, 0, 0, 0, 0, 0, 0, 0, 0, 0, 0, 0, 0, 0, 0, 0, 0, 0, 1, 1, 0, 0, 0, 0, 0, 0, 0, 0]

Linear characteristic probability 2^-37
Nr of Solutions: 163208
Probability distribution: {37: 1, 38: 2, 39: 20, 40: 156, 41: 887, 42: 5172, 43: 28131, 44: 128839}
Probability impact: {37: '-37.00', 38: '-37.00', 39: '-34.68', 40: '-32.71', 41: '-31.21', 42: '-29.66', 43: '-28.22', 44: '-27.02'}
Linear probability 2^-26.28
Input Mask:  [0, 0, 0, 0, 0, 1, 0, 0, 0, 0, 0, 0, 0, 0, 0, 0, 0, 0, 0, 0, 0, 0, 0, 0, 0, 0, 0, 0, 0, 0, 0, 0]
Output Mask: [0, 0, 0, 0, 0, 0, 0, 0, 0, 0, 0, 0, 0, 0, 0, 0, 0, 0, 0, 1, 0, 0, 0, 0, 0, 0, 0, 0, 0, 0, 0, 0]

Linear characteristic probability 2^-37
Nr of Solutions: 162652
Probability distribution: {37: 1, 38: 1, 39: 11, 40: 111, 41: 821, 42: 5397, 43: 28421, 44: 127889}
Probability impact: {37: '-37.00', 38: '-38.00', 39: '-35.54', 40: '-33.21', 41: '-31.32', 42: '-29.60', 43: '-28.21', 44: '-27.04'}
Linear probability 2^-26.28
Input Mask:  [0, 0, 0, 0, 0, 0, 0, 0, 0, 0, 0, 0, 1, 0, 0, 0, 0, 0, 0, 0, 0, 0, 0, 0, 0, 0, 0, 0, 0, 0, 0, 0]
Output Mask: [0, 1, 1, 0, 0, 0, 0, 0, 0, 0, 0, 0, 0, 0, 0, 0, 0, 0, 0, 0, 0, 0, 0, 0, 0, 0, 0, 0, 0, 0, 0, 0]

Linear characteristic probability 2^-37
Nr of Solutions: 149036
Probability distribution: {37: 1, 38: 3, 39: 16, 40: 148, 41: 758, 42: 4908, 43: 25288, 44: 117914}
Probability impact: {37: '-37.00', 38: '-36.42', 39: '-35.00', 40: '-32.79', 41: '-31.43', 42: '-29.74', 43: '-28.37', 44: '-27.15'}
Linear probability 2^-26.41
Input Mask:  [0, 0, 0, 0, 0, 0, 0, 0, 0, 0, 0, 0, 0, 0, 0, 0, 0, 0, 0, 0, 0, 1, 1, 0, 0, 0, 0, 0, 0, 0, 0, 0]
Output Mask: [0, 0, 0, 0, 0, 0, 0, 0, 0, 0, 0, 0, 0, 0, 0, 0, 0, 0, 0, 0, 0, 0, 0, 0, 0, 0, 0, 0, 0, 0, 1, 0]
