Left Branch: 4, Right Branch: 1, Iterations: 100
Differential characteristic probability 2^-34
Nr of Solutions: 33
Probability distribution: {34: 2, 36: 4, 37: 6, 39: 8, 40: 5, 41: 8}
Probability impact: {34: '-33.00', 36: '-34.00', 37: '-34.42', 39: '-36.00', 40: '-37.68', 41: '-38.00'}
Differential probability 2^-31.95
Input Mask:  [0, 0, 0, 0, 0, 0, 1, 1, 0, 0, 0, 0, 0, 0, 1, 1, 0, 0, 0, 0, 0, 0, 0, 1, 0, 0, 1, 1, 0, 0, 0, 0]
Output Mask: [0, 0, 0, 0, 0, 0, 0, 0, 0, 0, 0, 0, 1, 0, 0, 0, 0, 0, 0, 0, 0, 0, 0, 0, 0, 0, 0, 0, 0, 0, 0, 0]

Differential characteristic probability 2^-34
Nr of Solutions: 33
Probability distribution: {34: 2, 36: 4, 37: 6, 39: 8, 40: 5, 41: 8}
Probability impact: {34: '-33.00', 36: '-34.00', 37: '-34.42', 39: '-36.00', 40: '-37.68', 41: '-38.00'}
Differential probability 2^-31.95
Input Mask:  [0, 0, 1, 1, 0, 0, 0, 0, 0, 0, 1, 1, 0, 0, 0, 0, 0, 0, 0, 1, 0, 0, 0, 0, 0, 0, 0, 0, 0, 0, 1, 1]
Output Mask: [0, 0, 0, 0, 0, 0, 0, 0, 1, 0, 0, 0, 0, 0, 0, 0, 0, 0, 0, 0, 0, 0, 0, 0, 0, 0, 0, 0, 0, 0, 0, 0]

Differential characteristic probability 2^-34
Nr of Solutions: 19
Probability distribution: {34: 1, 36: 1, 37: 1, 38: 3, 39: 1, 40: 3, 41: 9}
Probability impact: {34: '-34.00', 36: '-36.00', 37: '-37.00', 38: '-36.42', 39: '-39.00', 40: '-38.42', 41: '-37.83'}
Differential probability 2^-33.23
Input Mask:  [0, 0, 0, 0, 0, 0, 1, 1, 0, 0, 0, 0, 0, 0, 1, 1, 0, 0, 0, 0, 0, 0, 1, 1, 0, 0, 1, 1, 0, 0, 0, 0]
Output Mask: [0, 0, 0, 0, 0, 0, 0, 0, 0, 0, 0, 0, 0, 0, 1, 0, 0, 0, 0, 0, 0, 0, 0, 0, 0, 0, 0, 0, 0, 0, 0, 0]

Differential characteristic probability 2^-34
Nr of Solutions: 10
Probability distribution: {34: 2, 35: 1, 40: 1, 41: 6}
Probability impact: {34: '-33.00', 35: '-35.00', 40: '-40.00', 41: '-38.42'}
Differential probability 2^-32.64
Input Mask:  [1, 0, 1, 0, 1, 0, 0, 0, 1, 0, 0, 1, 0, 0, 0, 0, 1, 1, 1, 0, 0, 0, 0, 0, 0, 0, 0, 0, 0, 0, 0, 0]
Output Mask: [0, 0, 0, 0, 0, 0, 0, 0, 1, 0, 0, 1, 0, 0, 0, 0, 0, 0, 0, 0, 0, 0, 0, 0, 0, 0, 0, 0, 0, 0, 0, 0]

Differential characteristic probability 2^-34
Nr of Solutions: 11
Probability distribution: {34: 2, 35: 1, 40: 1, 41: 7}
Probability impact: {34: '-33.00', 35: '-35.00', 40: '-40.00', 41: '-38.19'}
Differential probability 2^-32.64
Input Mask:  [1, 0, 0, 0, 1, 1, 1, 0, 0, 0, 0, 0, 1, 0, 0, 1, 0, 0, 0, 0, 1, 0, 1, 0, 0, 0, 0, 0, 0, 0, 0, 0]
Output Mask: [0, 0, 0, 0, 0, 0, 0, 0, 0, 0, 0, 0, 1, 0, 0, 1, 0, 0, 0, 0, 0, 0, 0, 0, 0, 0, 0, 0, 0, 0, 0, 0]

Differential characteristic probability 2^-34
Nr of Solutions: 15
Probability distribution: {34: 1, 35: 1, 39: 1, 40: 2, 41: 10}
Probability impact: {34: '-34.00', 35: '-35.00', 39: '-39.00', 40: '-39.00', 41: '-37.68'}
Differential probability 2^-33.29
Input Mask:  [1, 0, 0, 0, 1, 0, 1, 0, 0, 0, 0, 0, 1, 0, 0, 1, 0, 0, 0, 0, 1, 0, 1, 0, 0, 0, 0, 0, 0, 0, 0, 0]
Output Mask: [0, 0, 0, 0, 0, 0, 0, 0, 0, 0, 0, 0, 1, 1, 0, 0, 0, 0, 0, 0, 0, 0, 0, 0, 0, 0, 0, 0, 0, 0, 0, 0]

Differential characteristic probability 2^-34
Nr of Solutions: 10
Probability distribution: {34: 1, 35: 3, 41: 6}
Probability impact: {34: '-34.00', 35: '-33.42', 41: '-38.42'}
Differential probability 2^-32.65
Input Mask:  [1, 0, 0, 0, 1, 0, 1, 0, 0, 0, 0, 0, 1, 0, 0, 1, 0, 0, 0, 0, 1, 1, 1, 0, 0, 0, 0, 0, 0, 0, 0, 0]
Output Mask: [0, 0, 0, 0, 0, 0, 0, 0, 0, 0, 0, 0, 0, 1, 0, 0, 0, 0, 0, 0, 0, 0, 0, 0, 0, 0, 0, 0, 0, 0, 0, 0]

Differential characteristic probability 2^-34
Nr of Solutions: 19
Probability distribution: {34: 1, 36: 1, 37: 1, 38: 3, 39: 1, 40: 3, 41: 9}
Probability impact: {34: '-34.00', 36: '-36.00', 37: '-37.00', 38: '-36.42', 39: '-39.00', 40: '-38.42', 41: '-37.83'}
Differential probability 2^-33.23
Input Mask:  [0, 0, 1, 1, 0, 0, 0, 0, 0, 0, 1, 1, 0, 0, 0, 0, 0, 0, 1, 1, 0, 0, 0, 0, 0, 0, 0, 0, 0, 0, 1, 1]
Output Mask: [0, 0, 0, 0, 0, 0, 0, 0, 0, 0, 1, 0, 0, 0, 0, 0, 0, 0, 0, 0, 0, 0, 0, 0, 0, 0, 0, 0, 0, 0, 0, 0]

Differential characteristic probability 2^-34
Nr of Solutions: 13
Probability distribution: {34: 1, 35: 3, 41: 9}
Probability impact: {34: '-34.00', 35: '-33.42', 41: '-37.83'}
Differential probability 2^-32.64
Input Mask:  [1, 0, 1, 0, 1, 0, 0, 0, 1, 0, 0, 1, 0, 0, 0, 0, 1, 0, 1, 0, 0, 0, 0, 0, 0, 0, 0, 0, 0, 0, 0, 0]
Output Mask: [0, 0, 0, 0, 0, 0, 0, 0, 0, 1, 0, 0, 0, 0, 0, 0, 0, 0, 0, 0, 0, 0, 0, 0, 0, 0, 0, 0, 0, 0, 0, 0]

Differential characteristic probability 2^-34
Nr of Solutions: 15
Probability distribution: {34: 1, 35: 1, 39: 1, 40: 2, 41: 10}
Probability impact: {34: '-34.00', 35: '-35.00', 39: '-39.00', 40: '-39.00', 41: '-37.68'}
Differential probability 2^-33.29
Input Mask:  [1, 1, 1, 0, 1, 0, 0, 0, 1, 0, 0, 1, 0, 0, 0, 0, 1, 0, 1, 0, 0, 0, 0, 0, 0, 0, 0, 0, 0, 0, 0, 0]
Output Mask: [0, 0, 0, 0, 0, 0, 0, 0, 1, 1, 0, 0, 0, 0, 0, 0, 0, 0, 0, 0, 0, 0, 0, 0, 0, 0, 0, 0, 0, 0, 0, 0]

Differential characteristic probability 2^-35
Nr of Solutions: 60
Probability distribution: {35: 4, 39: 5, 41: 14, 42: 37}
Probability impact: {35: '-33.00', 39: '-36.68', 41: '-37.19', 42: '-36.79'}
Differential probability 2^-32.73
Input Mask:  [1, 0, 0, 0, 1, 1, 1, 0, 0, 0, 0, 0, 1, 0, 0, 1, 0, 0, 0, 0, 1, 1, 1, 0, 0, 0, 0, 0, 0, 0, 0, 0]
Output Mask: [0, 0, 0, 0, 0, 0, 0, 0, 0, 0, 0, 0, 1, 1, 0, 1, 0, 0, 0, 0, 0, 0, 0, 0, 0, 0, 0, 0, 0, 0, 0, 0]

Differential characteristic probability 2^-35
Nr of Solutions: 56
Probability distribution: {35: 8, 39: 8, 41: 4, 42: 36}
Probability impact: {35: '-32.00', 39: '-36.00', 41: '-39.00', 42: '-36.83'}
Differential probability 2^-31.86
Input Mask:  [1, 1, 1, 0, 1, 0, 0, 0, 1, 0, 0, 1, 0, 0, 0, 0, 1, 1, 1, 0, 0, 0, 0, 0, 0, 0, 0, 0, 0, 0, 0, 0]
Output Mask: [0, 0, 0, 0, 0, 0, 0, 0, 0, 1, 1, 1, 0, 0, 0, 0, 0, 0, 0, 0, 0, 0, 0, 0, 0, 0, 0, 0, 0, 0, 0, 0]

Differential characteristic probability 2^-35
Nr of Solutions: 65
Probability distribution: {35: 1, 36: 5, 37: 6, 38: 1, 39: 4, 40: 5, 41: 15, 42: 28}
Probability impact: {35: '-35.00', 36: '-33.68', 37: '-34.42', 38: '-38.00', 39: '-37.00', 40: '-37.68', 41: '-37.09', 42: '-37.19'}
Differential probability 2^-32.42
Input Mask:  [0, 0, 0, 0, 0, 0, 0, 0, 0, 0, 0, 0, 0, 0, 1, 1, 0, 0, 0, 0, 1, 0, 0, 0, 1, 1, 1, 0, 1, 0, 0, 0]
Output Mask: [0, 0, 0, 0, 0, 0, 0, 0, 0, 0, 0, 0, 0, 0, 0, 0, 0, 0, 0, 0, 0, 1, 0, 0, 0, 0, 0, 0, 0, 0, 0, 0]

Differential characteristic probability 2^-35
Nr of Solutions: 69
Probability distribution: {35: 1, 37: 1, 39: 4, 40: 7, 41: 14, 42: 42}
Probability impact: {35: '-35.00', 37: '-37.00', 39: '-37.00', 40: '-37.19', 41: '-37.19', 42: '-36.61'}
Differential probability 2^-33.82
Input Mask:  [1, 1, 0, 0, 0, 0, 0, 0, 1, 0, 0, 1, 0, 0, 0, 0, 1, 0, 0, 0, 1, 0, 0, 0, 0, 0, 0, 0, 0, 0, 0, 0]
Output Mask: [0, 0, 0, 0, 0, 0, 0, 0, 0, 0, 0, 0, 0, 0, 0, 0, 0, 0, 0, 0, 1, 1, 0, 0, 0, 0, 0, 0, 0, 0, 0, 0]

Differential characteristic probability 2^-35
Nr of Solutions: 52
Probability distribution: {35: 1, 36: 3, 39: 3, 40: 3, 41: 11, 42: 31}
Probability impact: {35: '-35.00', 36: '-34.42', 39: '-37.42', 40: '-38.42', 41: '-37.54', 42: '-37.05'}
Differential probability 2^-33.32
Input Mask:  [0, 0, 0, 0, 0, 0, 0, 0, 0, 0, 1, 1, 0, 0, 0, 0, 1, 0, 0, 0, 0, 0, 0, 0, 1, 0, 0, 0, 1, 1, 1, 0]
Output Mask: [0, 0, 0, 0, 0, 0, 0, 0, 0, 0, 0, 0, 0, 0, 0, 0, 0, 0, 1, 1, 0, 0, 0, 0, 0, 0, 0, 0, 0, 0, 0, 0]

Differential characteristic probability 2^-35
Nr of Solutions: 39
Probability distribution: {35: 1, 37: 1, 39: 2, 40: 6, 41: 8, 42: 21}
Probability impact: {35: '-35.00', 37: '-37.00', 39: '-38.00', 40: '-37.42', 41: '-38.00', 42: '-37.61'}
Differential probability 2^-34.11
Input Mask:  [0, 0, 0, 0, 1, 1, 0, 0, 0, 0, 0, 0, 1, 0, 0, 1, 0, 0, 1, 0, 1, 0, 0, 0, 0, 0, 0, 0, 0, 0, 0, 0]
Output Mask: [0, 0, 0, 0, 0, 0, 0, 0, 0, 0, 0, 0, 0, 0, 0, 0, 1, 1, 0, 0, 0, 0, 0, 0, 0, 0, 0, 0, 0, 0, 0, 0]

Differential characteristic probability 2^-35
Nr of Solutions: 36
Probability distribution: {35: 1, 37: 6, 39: 5, 40: 1, 41: 1, 42: 22}
Probability impact: {35: '-35.00', 37: '-34.42', 39: '-36.68', 40: '-40.00', 41: '-41.00', 42: '-37.54'}
Differential probability 2^-33.40
Input Mask:  [1, 1, 1, 0, 1, 1, 0, 0, 0, 0, 0, 0, 0, 0, 0, 0, 0, 0, 0, 1, 1, 0, 0, 0, 0, 0, 0, 0, 0, 0, 0, 0]
Output Mask: [0, 0, 0, 0, 0, 0, 0, 0, 0, 0, 0, 0, 0, 0, 0, 0, 1, 1, 0, 1, 0, 0, 0, 0, 0, 0, 0, 0, 0, 0, 0, 0]

Differential characteristic probability 2^-35
Nr of Solutions: 28
Probability distribution: {35: 1, 36: 1, 37: 1, 38: 2, 39: 1, 41: 3, 42: 19}
Probability impact: {35: '-35.00', 36: '-36.00', 37: '-37.00', 38: '-37.00', 39: '-39.00', 41: '-39.42', 42: '-37.75'}
Differential probability 2^-33.83
Input Mask:  [0, 0, 0, 0, 0, 0, 0, 0, 0, 0, 0, 0, 0, 0, 1, 1, 0, 0, 0, 0, 0, 0, 1, 0, 1, 1, 1, 0, 1, 0, 0, 0]
Output Mask: [0, 0, 0, 0, 0, 0, 0, 0, 0, 0, 0, 0, 0, 0, 0, 0, 0, 0, 0, 0, 1, 0, 0, 1, 0, 0, 0, 0, 0, 0, 0, 0]

Differential characteristic probability 2^-35
Nr of Solutions: 21
Probability distribution: {35: 1, 36: 3, 39: 1, 42: 16}
Probability impact: {35: '-35.00', 36: '-34.42', 39: '-39.00', 42: '-38.00'}
Differential probability 2^-33.57
Input Mask:  [0, 0, 0, 0, 0, 0, 0, 0, 0, 0, 1, 1, 0, 0, 0, 0, 0, 0, 1, 0, 0, 0, 0, 0, 1, 0, 0, 0, 1, 1, 1, 0]
Output Mask: [0, 0, 0, 0, 0, 0, 0, 0, 0, 0, 0, 0, 0, 0, 0, 0, 1, 1, 1, 0, 0, 0, 0, 0, 0, 0, 0, 0, 0, 0, 0, 0]

Differential characteristic probability 2^-35
Nr of Solutions: 44
Probability distribution: {35: 1, 37: 6, 39: 1, 40: 6, 41: 11, 42: 19}
Probability impact: {35: '-35.00', 37: '-34.42', 39: '-39.00', 40: '-37.42', 41: '-37.54', 42: '-37.75'}
Differential probability 2^-33.38
Input Mask:  [1, 1, 0, 0, 0, 0, 0, 0, 1, 0, 0, 1, 0, 0, 0, 0, 1, 0, 0, 0, 0, 0, 1, 0, 0, 0, 0, 0, 0, 0, 0, 0]
Output Mask: [0, 0, 0, 0, 0, 0, 0, 0, 0, 0, 0, 0, 0, 0, 0, 0, 0, 0, 0, 0, 1, 1, 0, 1, 0, 0, 0, 0, 0, 0, 0, 0]

Differential characteristic probability 2^-36
Nr of Solutions: 179
Probability distribution: {36: 1, 38: 6, 39: 2, 40: 2, 41: 9, 42: 46, 43: 113}
Probability impact: {36: '-36.00', 38: '-35.42', 39: '-38.00', 40: '-39.00', 41: '-37.83', 42: '-36.48', 43: '-36.18'}
Differential probability 2^-33.75
Input Mask:  [0, 0, 0, 0, 1, 0, 0, 1, 0, 0, 0, 0, 0, 0, 0, 0, 1, 1, 1, 0, 1, 0, 0, 1, 0, 0, 0, 0, 0, 0, 1, 0]
Output Mask: [0, 0, 0, 0, 0, 0, 0, 0, 1, 0, 1, 0, 0, 0, 0, 0, 0, 0, 0, 0, 0, 0, 0, 0, 0, 0, 0, 0, 0, 0, 0, 0]

Differential characteristic probability 2^-36
Nr of Solutions: 301
Probability distribution: {36: 1, 38: 1, 40: 5, 41: 14, 42: 60, 43: 220}
Probability impact: {36: '-36.00', 38: '-38.00', 40: '-37.68', 41: '-37.19', 42: '-36.09', 43: '-35.22'}
Differential probability 2^-33.78
Input Mask:  [0, 0, 0, 0, 0, 0, 0, 0, 1, 0, 0, 0, 1, 0, 0, 1, 1, 0, 0, 0, 1, 1, 0, 0, 0, 0, 0, 0, 0, 0, 0, 0]
Output Mask: [0, 0, 0, 0, 0, 0, 0, 0, 0, 0, 0, 0, 0, 0, 0, 0, 0, 0, 0, 0, 0, 0, 0, 0, 0, 0, 0, 0, 1, 1, 0, 0]

Differential characteristic probability 2^-36
Nr of Solutions: 169
Probability distribution: {36: 1, 38: 7, 39: 8, 40: 4, 41: 14, 42: 27, 43: 108}
Probability impact: {36: '-36.00', 38: '-35.19', 39: '-36.00', 40: '-38.00', 41: '-37.19', 42: '-37.25', 43: '-36.25'}
Differential probability 2^-33.49
Input Mask:  [0, 0, 0, 0, 0, 0, 0, 0, 0, 0, 0, 0, 0, 0, 0, 0, 1, 1, 0, 0, 0, 0, 1, 0, 1, 1, 1, 0, 0, 0, 0, 0]
Output Mask: [0, 0, 0, 0, 0, 0, 0, 0, 0, 0, 0, 0, 0, 0, 0, 0, 0, 0, 0, 1, 0, 0, 0, 0, 0, 0, 0, 0, 0, 0, 0, 0]

Differential characteristic probability 2^-36
Nr of Solutions: 122
Probability distribution: {36: 1, 38: 7, 40: 8, 41: 8, 42: 31, 43: 67}
Probability impact: {36: '-36.00', 38: '-35.19', 40: '-37.00', 41: '-38.00', 42: '-37.05', 43: '-36.93'}
Differential probability 2^-33.83
Input Mask:  [0, 0, 0, 0, 0, 0, 1, 0, 0, 0, 0, 0, 0, 0, 0, 1, 0, 0, 0, 0, 1, 0, 0, 1, 0, 0, 0, 0, 1, 0, 0, 1]
Output Mask: [1, 0, 1, 0, 0, 0, 0, 0, 0, 0, 0, 0, 0, 0, 0, 0, 0, 0, 0, 0, 0, 0, 0, 0, 0, 0, 0, 0, 0, 0, 0, 0]

Differential characteristic probability 2^-36
Nr of Solutions: 109
Probability distribution: {36: 2, 38: 18, 40: 40, 41: 1, 42: 33, 43: 15}
Probability impact: {36: '-35.00', 38: '-33.83', 40: '-34.68', 41: '-41.00', 42: '-36.96', 43: '-39.09'}
Differential probability 2^-32.73
Input Mask:  [1, 1, 0, 0, 1, 0, 1, 0, 1, 1, 0, 0, 0, 0, 0, 0, 1, 1, 0, 0, 0, 0, 0, 1, 0, 0, 0, 0, 0, 0, 1, 0]
Output Mask: [0, 0, 0, 0, 0, 1, 0, 0, 0, 0, 0, 0, 1, 1, 0, 0, 0, 0, 0, 0, 1, 0, 1, 0, 0, 0, 0, 0, 0, 0, 0, 0]

Differential characteristic probability 2^-36
Nr of Solutions: 172
Probability distribution: {36: 1, 38: 1, 39: 2, 40: 2, 41: 10, 42: 31, 43: 125}
Probability impact: {36: '-36.00', 38: '-38.00', 39: '-38.00', 40: '-39.00', 41: '-37.68', 42: '-37.05', 43: '-36.03'}
Differential probability 2^-34.24
Input Mask:  [0, 0, 0, 0, 1, 0, 0, 1, 0, 0, 0, 0, 0, 0, 0, 0, 1, 1, 1, 0, 1, 0, 0, 1, 0, 0, 0, 0, 0, 1, 0, 1]
Output Mask: [0, 0, 0, 0, 0, 0, 0, 0, 1, 1, 1, 0, 0, 0, 0, 0, 0, 0, 0, 0, 0, 0, 0, 0, 0, 0, 0, 0, 0, 0, 0, 0]

Differential characteristic probability 2^-36
Nr of Solutions: 47
Probability distribution: {36: 2, 38: 8, 40: 10, 41: 2, 42: 15, 43: 10}
Probability impact: {36: '-35.00', 38: '-35.00', 40: '-36.68', 41: '-40.00', 42: '-38.09', 43: '-39.68'}
Differential probability 2^-33.68
Input Mask:  [1, 1, 0, 0, 1, 0, 1, 0, 1, 1, 0, 0, 0, 0, 0, 0, 1, 1, 0, 0, 0, 0, 0, 1, 0, 0, 0, 0, 1, 0, 0, 0]
Output Mask: [0, 0, 0, 0, 0, 1, 0, 0, 0, 0, 0, 0, 1, 1, 0, 0, 0, 0, 0, 0, 1, 1, 1, 0, 0, 0, 0, 0, 0, 0, 0, 0]

Differential characteristic probability 2^-36
Nr of Solutions: 121
Probability distribution: {36: 1, 38: 6, 40: 8, 41: 7, 42: 29, 43: 70}
Probability impact: {36: '-36.00', 38: '-35.42', 40: '-37.00', 41: '-38.19', 42: '-37.14', 43: '-36.87'}
Differential probability 2^-33.92
Input Mask:  [1, 1, 1, 0, 0, 0, 0, 0, 0, 0, 0, 1, 0, 0, 0, 0, 0, 0, 0, 1, 0, 0, 0, 1, 0, 0, 0, 0, 0, 0, 0, 0]
Output Mask: [0, 0, 0, 0, 0, 0, 0, 0, 0, 0, 0, 0, 0, 0, 0, 0, 0, 0, 0, 0, 0, 0, 1, 0, 0, 0, 0, 0, 0, 0, 0, 0]

Differential characteristic probability 2^-36
Nr of Solutions: 157
Probability distribution: {36: 5, 40: 6, 41: 7, 42: 36, 43: 103}
Probability impact: {36: '-33.68', 40: '-37.42', 41: '-38.19', 42: '-36.83', 43: '-36.31'}
Differential probability 2^-33.20
Input Mask:  [1, 0, 0, 0, 0, 0, 0, 0, 0, 0, 0, 0, 1, 0, 0, 1, 0, 0, 0, 0, 1, 1, 0, 0, 1, 0, 0, 1, 0, 0, 0, 0]
Output Mask: [0, 0, 0, 0, 0, 0, 0, 0, 0, 0, 0, 0, 0, 0, 0, 1, 0, 0, 0, 0, 0, 0, 0, 0, 0, 0, 0, 0, 0, 0, 0, 0]

Differential characteristic probability 2^-36
Nr of Solutions: 49
Probability distribution: {36: 1, 38: 8, 40: 13, 42: 9, 43: 18}
Probability impact: {36: '-36.00', 38: '-35.00', 40: '-36.30', 42: '-38.83', 43: '-38.83'}
Differential probability 2^-33.97
Input Mask:  [1, 1, 0, 0, 1, 0, 1, 0, 1, 1, 0, 0, 0, 0, 0, 0, 1, 1, 0, 0, 0, 0, 1, 1, 0, 0, 0, 0, 0, 0, 1, 0]
Output Mask: [0, 0, 0, 0, 0, 1, 0, 0, 0, 0, 0, 0, 1, 1, 0, 1, 0, 0, 0, 0, 1, 0, 1, 0, 0, 0, 0, 0, 0, 0, 0, 0]

Differential characteristic probability 2^-36
Nr of Solutions: 41
Probability distribution: {36: 1, 37: 3, 39: 1, 40: 1, 41: 2, 42: 3, 43: 30}
Probability impact: {36: '-36.00', 37: '-35.42', 39: '-39.00', 40: '-40.00', 41: '-40.00', 42: '-40.42', 43: '-38.09'}
Differential probability 2^-34.40
Input Mask:  [0, 0, 0, 0, 1, 0, 0, 0, 0, 0, 0, 0, 1, 1, 1, 0, 1, 0, 0, 1, 0, 0, 0, 0, 0, 0, 0, 0, 1, 1, 0, 0]
Output Mask: [0, 0, 0, 0, 0, 0, 0, 0, 0, 0, 0, 0, 0, 0, 0, 0, 0, 0, 0, 0, 0, 0, 0, 0, 0, 0, 0, 0, 0, 1, 0, 0]

Differential characteristic probability 2^-36
Nr of Solutions: 134
Probability distribution: {36: 1, 38: 1, 39: 2, 40: 5, 41: 12, 42: 22, 43: 91}
Probability impact: {36: '-36.00', 38: '-38.00', 39: '-38.00', 40: '-37.68', 41: '-37.42', 42: '-37.54', 43: '-36.49'}
Differential probability 2^-34.30
Input Mask:  [0, 0, 0, 0, 0, 0, 0, 0, 0, 0, 0, 1, 0, 0, 0, 0, 0, 1, 0, 0, 0, 0, 0, 1, 0, 0, 0, 0, 1, 1, 1, 0]
Output Mask: [0, 0, 0, 0, 0, 0, 0, 0, 0, 0, 0, 0, 0, 0, 0, 0, 0, 0, 0, 0, 1, 0, 0, 0, 0, 0, 0, 0, 0, 0, 0, 0]

Differential characteristic probability 2^-36
Nr of Solutions: 296
Probability distribution: {36: 1, 38: 7, 39: 2, 40: 6, 41: 21, 42: 64, 43: 195}
Probability impact: {36: '-36.00', 38: '-35.19', 39: '-38.00', 40: '-37.42', 41: '-36.61', 42: '-36.00', 43: '-35.39'}
Differential probability 2^-33.29
Input Mask:  [0, 0, 0, 0, 1, 0, 0, 0, 0, 0, 0, 0, 0, 0, 1, 1, 0, 0, 0, 0, 1, 1, 1, 0, 0, 0, 0, 0, 0, 0, 0, 0]
Output Mask: [0, 0, 0, 0, 0, 0, 0, 0, 0, 0, 0, 0, 0, 0, 0, 0, 0, 0, 0, 0, 0, 0, 0, 1, 0, 0, 0, 0, 0, 0, 0, 0]

Differential characteristic probability 2^-36
Nr of Solutions: 83
Probability distribution: {36: 1, 38: 6, 41: 8, 42: 8, 43: 60}
Probability impact: {36: '-36.00', 38: '-35.42', 41: '-38.00', 42: '-39.00', 43: '-37.09'}
Differential probability 2^-34.26
Input Mask:  [0, 0, 0, 0, 0, 0, 0, 0, 1, 0, 0, 0, 0, 0, 0, 0, 0, 0, 0, 0, 0, 0, 0, 1, 1, 1, 0, 0, 1, 0, 0, 1]
Output Mask: [0, 0, 0, 0, 0, 0, 0, 0, 1, 1, 0, 1, 0, 0, 0, 0, 0, 0, 0, 0, 0, 0, 0, 0, 0, 0, 0, 0, 0, 0, 0, 0]

Differential characteristic probability 2^-36
Nr of Solutions: 35
Probability distribution: {36: 1, 38: 3, 40: 3, 42: 7, 43: 21}
Probability impact: {36: '-36.00', 38: '-36.42', 40: '-38.42', 42: '-39.19', 43: '-38.61'}
Differential probability 2^-34.86
Input Mask:  [1, 1, 0, 0, 1, 0, 1, 0, 1, 1, 0, 0, 0, 0, 0, 0, 1, 1, 0, 0, 0, 0, 1, 1, 0, 0, 0, 0, 1, 0, 0, 0]
Output Mask: [0, 0, 0, 0, 0, 1, 0, 0, 0, 0, 0, 0, 1, 1, 0, 1, 0, 0, 0, 0, 1, 1, 1, 0, 0, 0, 0, 0, 0, 0, 0, 0]

Differential characteristic probability 2^-36
Nr of Solutions: 97
Probability distribution: {36: 1, 38: 1, 39: 1, 41: 2, 42: 6, 43: 86}
Probability impact: {36: '-36.00', 38: '-38.00', 39: '-39.00', 41: '-40.00', 42: '-39.42', 43: '-36.57'}
Differential probability 2^-34.86
Input Mask:  [0, 0, 1, 0, 0, 0, 1, 1, 0, 0, 0, 0, 0, 0, 0, 0, 0, 0, 0, 0, 0, 0, 0, 0, 0, 0, 0, 1, 0, 0, 1, 0]
Output Mask: [1, 1, 1, 0, 0, 0, 0, 0, 0, 0, 0, 0, 0, 0, 0, 0, 0, 0, 0, 0, 0, 0, 0, 0, 0, 0, 0, 0, 0, 0, 0, 0]

Differential characteristic probability 2^-36
Nr of Solutions: 32
Probability distribution: {36: 2, 37: 1, 39: 6, 40: 1, 42: 5, 43: 17}
Probability impact: {36: '-35.00', 37: '-37.00', 39: '-36.42', 40: '-40.00', 42: '-39.68', 43: '-38.91'}
Differential probability 2^-34.18
Input Mask:  [0, 0, 1, 0, 0, 0, 0, 0, 0, 0, 1, 1, 0, 0, 0, 0, 0, 0, 0, 1, 0, 0, 0, 0, 0, 0, 0, 0, 0, 0, 1, 1]
Output Mask: [0, 0, 0, 0, 0, 0, 0, 0, 1, 0, 1, 1, 0, 0, 0, 0, 0, 0, 0, 0, 0, 0, 0, 0, 0, 0, 0, 0, 0, 0, 0, 0]

Differential characteristic probability 2^-36
Nr of Solutions: 387
Probability distribution: {36: 1, 37: 3, 38: 2, 39: 8, 40: 7, 41: 38, 42: 92, 43: 236}
Probability impact: {36: '-36.00', 37: '-35.42', 38: '-37.00', 39: '-36.00', 40: '-37.19', 41: '-35.75', 42: '-35.48', 43: '-35.12'}
Differential probability 2^-32.85
Input Mask:  [1, 0, 0, 1, 0, 0, 0, 0, 1, 0, 0, 1, 0, 0, 0, 0, 1, 0, 0, 1, 0, 0, 0, 0, 0, 0, 0, 0, 0, 0, 0, 0]
Output Mask: [0, 0, 1, 0, 0, 0, 0, 0, 0, 0, 0, 0, 0, 0, 0, 0, 0, 0, 0, 0, 0, 0, 0, 0, 0, 0, 0, 0, 0, 0, 0, 0]

Differential characteristic probability 2^-36
Nr of Solutions: 28
Probability distribution: {36: 1, 37: 2, 39: 5, 40: 2, 42: 6, 43: 12}
Probability impact: {36: '-36.00', 37: '-36.00', 39: '-36.68', 40: '-39.00', 42: '-39.42', 43: '-39.42'}
Differential probability 2^-34.45
Input Mask:  [0, 0, 0, 0, 0, 0, 1, 0, 0, 0, 0, 0, 0, 0, 1, 1, 0, 0, 0, 0, 0, 0, 0, 1, 0, 0, 1, 1, 0, 0, 0, 0]
Output Mask: [0, 0, 0, 0, 0, 0, 0, 0, 0, 0, 0, 0, 0, 1, 1, 1, 0, 0, 0, 0, 0, 0, 0, 0, 0, 0, 0, 0, 0, 0, 0, 0]

Differential characteristic probability 2^-36
Nr of Solutions: 173
Probability distribution: {36: 2, 37: 1, 38: 1, 40: 3, 41: 10, 42: 44, 43: 112}
Probability impact: {36: '-35.00', 37: '-37.00', 38: '-38.00', 40: '-38.42', 41: '-37.68', 42: '-36.54', 43: '-36.19'}
Differential probability 2^-33.73
Input Mask:  [0, 0, 0, 0, 1, 0, 0, 0, 0, 0, 0, 0, 1, 0, 0, 0, 0, 0, 0, 0, 0, 0, 0, 0, 1, 0, 1, 0, 1, 0, 0, 0]
Output Mask: [0, 0, 0, 0, 0, 0, 0, 0, 0, 0, 0, 0, 0, 0, 0, 0, 0, 0, 0, 0, 0, 0, 0, 0, 0, 0, 0, 0, 1, 0, 0, 0]

Differential characteristic probability 2^-36
Nr of Solutions: 221
Probability distribution: {36: 2, 37: 2, 38: 4, 39: 5, 40: 3, 41: 12, 42: 45, 43: 148}
Probability impact: {36: '-35.00', 37: '-36.00', 38: '-36.00', 39: '-36.68', 40: '-38.42', 41: '-37.42', 42: '-36.51', 43: '-35.79'}
Differential probability 2^-33.18
Input Mask:  [0, 0, 0, 0, 0, 0, 0, 0, 0, 0, 0, 0, 1, 0, 0, 0, 1, 1, 1, 0, 1, 1, 0, 0, 1, 1, 1, 0, 0, 0, 0, 0]
Output Mask: [0, 0, 0, 0, 0, 0, 0, 0, 0, 0, 0, 0, 0, 0, 0, 0, 0, 0, 0, 0, 0, 0, 0, 0, 1, 1, 0, 0, 0, 0, 0, 0]

Differential characteristic probability 2^-36
Nr of Solutions: 109
Probability distribution: {36: 2, 38: 18, 40: 40, 41: 1, 42: 33, 43: 15}
Probability impact: {36: '-35.00', 38: '-33.83', 40: '-34.68', 41: '-41.00', 42: '-36.96', 43: '-39.09'}
Differential probability 2^-32.73
Input Mask:  [1, 0, 1, 0, 1, 1, 0, 0, 0, 0, 0, 0, 1, 1, 0, 0, 0, 0, 0, 1, 1, 1, 0, 0, 0, 0, 1, 0, 0, 0, 0, 0]
Output Mask: [0, 1, 0, 0, 0, 0, 0, 0, 1, 1, 0, 0, 0, 0, 0, 0, 1, 0, 1, 0, 0, 0, 0, 0, 0, 0, 0, 0, 0, 0, 0, 0]

Differential characteristic probability 2^-36
Nr of Solutions: 359
Probability distribution: {36: 1, 38: 1, 39: 7, 40: 4, 41: 31, 42: 73, 43: 242}
Probability impact: {36: '-36.00', 38: '-38.00', 39: '-36.19', 40: '-38.00', 41: '-36.05', 42: '-35.81', 43: '-35.08'}
Differential probability 2^-33.33
Input Mask:  [1, 1, 0, 0, 0, 0, 0, 0, 0, 0, 0, 0, 1, 0, 0, 1, 0, 0, 0, 0, 0, 0, 0, 0, 0, 0, 1, 1, 0, 0, 0, 0]
Output Mask: [0, 0, 0, 0, 0, 0, 0, 0, 0, 0, 0, 0, 0, 0, 0, 0, 0, 0, 0, 0, 0, 0, 0, 0, 0, 0, 1, 1, 0, 0, 0, 0]

Differential characteristic probability 2^-36
Nr of Solutions: 47
Probability distribution: {36: 2, 38: 8, 40: 10, 41: 2, 42: 15, 43: 10}
Probability impact: {36: '-35.00', 38: '-35.00', 40: '-36.68', 41: '-40.00', 42: '-38.09', 43: '-39.68'}
Differential probability 2^-33.68
Input Mask:  [1, 0, 1, 0, 1, 1, 0, 0, 0, 0, 0, 0, 1, 1, 0, 0, 0, 0, 0, 1, 1, 1, 0, 0, 1, 0, 0, 0, 0, 0, 0, 0]
Output Mask: [0, 1, 0, 0, 0, 0, 0, 0, 1, 1, 0, 0, 0, 0, 0, 0, 1, 1, 1, 0, 0, 0, 0, 0, 0, 0, 0, 0, 0, 0, 0, 0]

Differential characteristic probability 2^-36
Nr of Solutions: 336
Probability distribution: {36: 1, 38: 1, 39: 2, 40: 6, 41: 22, 42: 105, 43: 199}
Probability impact: {36: '-36.00', 38: '-38.00', 39: '-38.00', 40: '-37.42', 41: '-36.54', 42: '-35.29', 43: '-35.36'}
Differential probability 2^-33.47
Input Mask:  [0, 0, 0, 0, 1, 0, 0, 1, 0, 0, 0, 0, 0, 0, 0, 0, 1, 1, 0, 0, 0, 0, 0, 0, 1, 1, 1, 0, 0, 0, 0, 0]
Output Mask: [0, 0, 0, 0, 0, 0, 0, 0, 0, 0, 0, 0, 0, 0, 0, 0, 0, 0, 0, 0, 0, 0, 0, 0, 0, 0, 0, 0, 1, 0, 1, 0]

Differential characteristic probability 2^-36
Nr of Solutions: 49
Probability distribution: {36: 1, 38: 8, 40: 13, 42: 9, 43: 18}
Probability impact: {36: '-36.00', 38: '-35.00', 40: '-36.30', 42: '-38.83', 43: '-38.83'}
Differential probability 2^-33.97
Input Mask:  [1, 0, 1, 0, 1, 1, 0, 0, 0, 0, 0, 0, 1, 1, 0, 0, 0, 0, 1, 1, 1, 1, 0, 0, 0, 0, 1, 0, 0, 0, 0, 0]
Output Mask: [0, 1, 0, 0, 0, 0, 0, 0, 1, 1, 0, 1, 0, 0, 0, 0, 1, 0, 1, 0, 0, 0, 0, 0, 0, 0, 0, 0, 0, 0, 0, 0]

Differential characteristic probability 2^-36
Nr of Solutions: 277
Probability distribution: {36: 4, 38: 40, 40: 112, 41: 2, 42: 105, 43: 14}
Probability impact: {36: '-34.00', 38: '-32.68', 40: '-33.19', 41: '-40.00', 42: '-35.29', 43: '-39.19'}
Differential probability 2^-31.49
Input Mask:  [1, 1, 0, 0, 1, 1, 1, 0, 1, 1, 0, 0, 0, 0, 0, 0, 1, 1, 0, 0, 0, 0, 0, 1, 0, 0, 0, 0, 0, 0, 1, 0]
Output Mask: [0, 0, 0, 0, 1, 0, 0, 1, 0, 0, 0, 0, 1, 1, 0, 0, 0, 0, 0, 0, 1, 0, 1, 0, 0, 0, 0, 0, 0, 0, 0, 0]

Differential characteristic probability 2^-36
Nr of Solutions: 119
Probability distribution: {36: 1, 38: 2, 39: 4, 40: 5, 41: 4, 42: 34, 43: 69}
Probability impact: {36: '-36.00', 38: '-37.00', 39: '-37.00', 40: '-37.68', 41: '-39.00', 42: '-36.91', 43: '-36.89'}
Differential probability 2^-34.19
Input Mask:  [0, 0, 0, 0, 0, 1, 0, 0, 0, 0, 0, 0, 0, 0, 0, 0, 1, 1, 0, 0, 0, 1, 0, 0, 0, 0, 0, 0, 0, 0, 0, 1]
Output Mask: [0, 0, 0, 0, 0, 0, 0, 0, 0, 0, 0, 0, 0, 0, 1, 1, 0, 0, 0, 0, 0, 0, 0, 0, 0, 0, 0, 0, 0, 0, 0, 0]

Differential characteristic probability 2^-36
Nr of Solutions: 93
Probability distribution: {36: 4, 38: 20, 40: 32, 41: 4, 42: 24, 43: 9}
Probability impact: {36: '-34.00', 38: '-33.68', 40: '-35.00', 41: '-39.00', 42: '-37.42', 43: '-39.83'}
Differential probability 2^-32.47
Input Mask:  [1, 1, 0, 0, 1, 1, 1, 0, 1, 1, 0, 0, 0, 0, 0, 0, 1, 1, 0, 0, 0, 0, 0, 1, 0, 0, 0, 0, 1, 0, 0, 0]
Output Mask: [0, 0, 0, 0, 1, 0, 0, 1, 0, 0, 0, 0, 1, 1, 0, 0, 0, 0, 0, 0, 1, 1, 1, 0, 0, 0, 0, 0, 0, 0, 0, 0]

Differential characteristic probability 2^-36
Nr of Solutions: 35
Probability distribution: {36: 1, 38: 3, 40: 3, 42: 7, 43: 21}
Probability impact: {36: '-36.00', 38: '-36.42', 40: '-38.42', 42: '-39.19', 43: '-38.61'}
Differential probability 2^-34.86
Input Mask:  [1, 0, 1, 0, 1, 1, 0, 0, 0, 0, 0, 0, 1, 1, 0, 0, 0, 0, 1, 1, 1, 1, 0, 0, 1, 0, 0, 0, 0, 0, 0, 0]
Output Mask: [0, 1, 0, 0, 0, 0, 0, 0, 1, 1, 0, 1, 0, 0, 0, 0, 1, 1, 1, 0, 0, 0, 0, 0, 0, 0, 0, 0, 0, 0, 0, 0]

Differential characteristic probability 2^-36
Nr of Solutions: 125
Probability distribution: {36: 1, 38: 6, 40: 2, 41: 4, 42: 17, 43: 95}
Probability impact: {36: '-36.00', 38: '-35.42', 40: '-39.00', 41: '-39.00', 42: '-37.91', 43: '-36.43'}
Differential probability 2^-34.09
Input Mask:  [0, 0, 0, 1, 1, 1, 0, 0, 0, 0, 0, 0, 1, 0, 0, 0, 0, 0, 0, 0, 0, 0, 0, 0, 0, 0, 1, 1, 0, 0, 0, 0]
Output Mask: [0, 0, 0, 0, 0, 0, 0, 0, 0, 0, 0, 0, 0, 0, 0, 0, 0, 0, 0, 0, 0, 0, 0, 0, 1, 1, 0, 1, 0, 0, 0, 0]

Differential characteristic probability 2^-36
Nr of Solutions: 196
Probability distribution: {36: 1, 37: 3, 38: 1, 40: 8, 41: 13, 42: 44, 43: 126}
Probability impact: {36: '-36.00', 37: '-35.42', 38: '-38.00', 40: '-37.00', 41: '-37.30', 42: '-36.54', 43: '-36.02'}
Differential probability 2^-33.59
Input Mask:  [1, 0, 0, 0, 0, 0, 0, 0, 1, 0, 0, 0, 0, 0, 0, 0, 0, 0, 0, 0, 0, 0, 0, 0, 1, 0, 0, 0, 1, 0, 1, 0]
Output Mask: [0, 0, 0, 0, 0, 0, 0, 0, 0, 0, 0, 0, 0, 0, 0, 0, 0, 0, 0, 0, 0, 0, 0, 0, 1, 1, 1, 0, 0, 0, 0, 0]

Differential characteristic probability 2^-36
Nr of Solutions: 336
Probability distribution: {36: 1, 38: 1, 39: 2, 40: 6, 41: 22, 42: 105, 43: 199}
Probability impact: {36: '-36.00', 38: '-38.00', 39: '-38.00', 40: '-37.42', 41: '-36.54', 42: '-35.29', 43: '-35.36'}
Differential probability 2^-33.47
Input Mask:  [1, 0, 0, 1, 0, 0, 0, 0, 0, 0, 0, 0, 0, 0, 0, 0, 0, 0, 0, 0, 1, 1, 0, 0, 0, 0, 0, 0, 1, 1, 1, 0]
Output Mask: [0, 0, 0, 0, 0, 0, 0, 0, 0, 0, 0, 0, 0, 0, 0, 0, 0, 0, 0, 0, 0, 0, 0, 0, 1, 0, 1, 0, 0, 0, 0, 0]

Differential characteristic probability 2^-36
Nr of Solutions: 174
Probability distribution: {36: 1, 38: 13, 40: 48, 41: 7, 42: 71, 43: 34}
Probability impact: {36: '-36.00', 38: '-34.30', 40: '-34.42', 41: '-38.19', 42: '-35.85', 43: '-37.91'}
Differential probability 2^-32.86
Input Mask:  [1, 0, 1, 0, 1, 1, 0, 1, 0, 0, 0, 0, 1, 1, 0, 0, 0, 0, 1, 1, 1, 1, 0, 0, 0, 0, 1, 0, 0, 0, 0, 0]
Output Mask: [0, 0, 0, 0, 0, 0, 0, 0, 0, 0, 0, 1, 0, 0, 0, 0, 0, 1, 0, 0, 0, 0, 0, 0, 1, 1, 0, 0, 0, 0, 0, 0]

Differential characteristic probability 2^-36
Nr of Solutions: 179
Probability distribution: {36: 1, 38: 6, 39: 2, 40: 2, 41: 9, 42: 46, 43: 113}
Probability impact: {36: '-36.00', 38: '-35.42', 39: '-38.00', 40: '-39.00', 41: '-37.83', 42: '-36.48', 43: '-36.18'}
Differential probability 2^-33.75
Input Mask:  [1, 0, 0, 1, 0, 0, 0, 0, 0, 0, 0, 0, 0, 0, 0, 0, 1, 0, 0, 1, 1, 1, 1, 0, 0, 0, 1, 0, 0, 0, 0, 0]
Output Mask: [0, 0, 0, 0, 0, 0, 0, 0, 0, 0, 0, 0, 1, 0, 1, 0, 0, 0, 0, 0, 0, 0, 0, 0, 0, 0, 0, 0, 0, 0, 0, 0]

Differential characteristic probability 2^-36
Nr of Solutions: 358
Probability distribution: {36: 1, 38: 1, 40: 9, 41: 26, 42: 77, 43: 244}
Probability impact: {36: '-36.00', 38: '-38.00', 40: '-36.83', 41: '-36.30', 42: '-35.73', 43: '-35.07'}
Differential probability 2^-33.48
Input Mask:  [0, 0, 0, 0, 0, 0, 0, 0, 1, 0, 0, 0, 1, 0, 0, 1, 1, 0, 0, 0, 1, 0, 0, 0, 0, 0, 0, 0, 0, 0, 0, 0]
Output Mask: [0, 0, 0, 0, 0, 0, 0, 0, 0, 0, 0, 0, 0, 0, 0, 0, 1, 0, 0, 0, 0, 0, 0, 0, 0, 0, 0, 0, 0, 0, 0, 0]

Differential characteristic probability 2^-36
Nr of Solutions: 224
Probability distribution: {36: 5, 40: 6, 41: 9, 42: 42, 43: 162}
Probability impact: {36: '-33.68', 40: '-37.42', 41: '-37.83', 42: '-36.61', 43: '-35.66'}
Differential probability 2^-33.08
Input Mask:  [0, 0, 0, 0, 1, 0, 0, 0, 1, 0, 0, 1, 0, 0, 0, 0, 1, 1, 0, 0, 0, 0, 0, 0, 0, 0, 0, 0, 0, 1, 0, 0]
Output Mask: [0, 0, 0, 0, 0, 0, 0, 0, 0, 0, 0, 1, 0, 0, 0, 0, 0, 0, 0, 0, 0, 0, 0, 0, 0, 0, 0, 0, 0, 0, 0, 0]

Differential characteristic probability 2^-36
Nr of Solutions: 85
Probability distribution: {36: 1, 37: 3, 38: 5, 40: 1, 41: 3, 42: 18, 43: 54}
Probability impact: {36: '-36.00', 37: '-35.42', 38: '-35.68', 40: '-40.00', 41: '-39.42', 42: '-37.83', 43: '-37.25'}
Differential probability 2^-33.80
Input Mask:  [0, 0, 1, 0, 0, 0, 0, 0, 1, 0, 0, 0, 0, 0, 0, 0, 0, 0, 0, 0, 0, 0, 0, 0, 0, 0, 1, 0, 1, 0, 1, 0]
Output Mask: [0, 0, 0, 0, 0, 0, 0, 0, 0, 0, 0, 0, 0, 0, 0, 0, 0, 0, 0, 0, 0, 0, 0, 0, 0, 0, 1, 0, 0, 0, 0, 0]

Differential characteristic probability 2^-36
Nr of Solutions: 171
Probability distribution: {36: 2, 37: 1, 38: 12, 39: 6, 40: 1, 41: 11, 42: 21, 43: 117}
Probability impact: {36: '-35.00', 37: '-37.00', 38: '-34.42', 39: '-36.42', 40: '-40.00', 41: '-37.54', 42: '-37.61', 43: '-36.13'}
Differential probability 2^-33.02
Input Mask:  [0, 0, 1, 0, 0, 0, 0, 0, 1, 0, 0, 0, 0, 0, 0, 0, 1, 0, 0, 1, 1, 0, 1, 0, 0, 0, 0, 0, 0, 0, 0, 0]
Output Mask: [0, 0, 0, 0, 1, 0, 1, 0, 0, 0, 0, 0, 0, 0, 0, 0, 0, 0, 0, 0, 0, 0, 0, 0, 0, 0, 0, 0, 0, 0, 0, 0]

Differential characteristic probability 2^-36
Nr of Solutions: 186
Probability distribution: {36: 1, 37: 3, 40: 10, 41: 19, 42: 16, 43: 137}
Probability impact: {36: '-36.00', 37: '-35.42', 40: '-36.68', 41: '-36.75', 42: '-38.00', 43: '-35.90'}
Differential probability 2^-33.67
Input Mask:  [0, 0, 0, 0, 1, 1, 0, 0, 0, 0, 0, 0, 1, 0, 0, 1, 1, 0, 0, 0, 1, 0, 0, 0, 0, 0, 0, 0, 0, 0, 0, 0]
Output Mask: [0, 0, 0, 0, 0, 0, 0, 0, 0, 0, 0, 0, 0, 0, 0, 0, 0, 1, 0, 1, 0, 0, 0, 0, 0, 0, 0, 0, 0, 0, 0, 0]

Differential characteristic probability 2^-36
Nr of Solutions: 281
Probability distribution: {36: 4, 38: 40, 40: 112, 41: 2, 42: 113, 43: 10}
Probability impact: {36: '-34.00', 38: '-32.68', 40: '-33.19', 41: '-40.00', 42: '-35.18', 43: '-39.68'}
Differential probability 2^-31.48
Input Mask:  [1, 0, 1, 0, 1, 1, 0, 1, 0, 0, 0, 0, 1, 1, 0, 0, 0, 0, 0, 1, 1, 1, 0, 0, 0, 0, 1, 0, 0, 0, 0, 0]
Output Mask: [1, 0, 0, 1, 0, 0, 0, 0, 1, 1, 0, 0, 0, 0, 0, 0, 1, 0, 1, 0, 0, 0, 0, 0, 0, 0, 0, 0, 0, 0, 0, 0]

Differential characteristic probability 2^-36
Nr of Solutions: 97
Probability distribution: {36: 4, 38: 20, 40: 32, 41: 4, 42: 32, 43: 5}
Probability impact: {36: '-34.00', 38: '-33.68', 40: '-35.00', 41: '-39.00', 42: '-37.00', 43: '-40.68'}
Differential probability 2^-32.46
Input Mask:  [1, 0, 1, 0, 1, 1, 0, 1, 0, 0, 0, 0, 1, 1, 0, 0, 0, 0, 0, 1, 1, 1, 0, 0, 1, 0, 0, 0, 0, 0, 0, 0]
Output Mask: [1, 0, 0, 1, 0, 0, 0, 0, 1, 1, 0, 0, 0, 0, 0, 0, 1, 1, 1, 0, 0, 0, 0, 0, 0, 0, 0, 0, 0, 0, 0, 0]

Differential characteristic probability 2^-36
Nr of Solutions: 99
Probability distribution: {36: 1, 37: 3, 39: 5, 40: 2, 42: 30, 43: 58}
Probability impact: {36: '-36.00', 37: '-35.42', 39: '-36.68', 40: '-39.00', 42: '-37.09', 43: '-37.14'}
Differential probability 2^-33.94
Input Mask:  [1, 1, 0, 0, 1, 1, 1, 0, 0, 0, 0, 0, 0, 0, 0, 0, 1, 0, 0, 0, 0, 0, 0, 1, 0, 0, 0, 0, 0, 0, 0, 0]
Output Mask: [0, 0, 0, 0, 0, 0, 0, 0, 0, 0, 0, 0, 0, 0, 0, 0, 0, 0, 0, 0, 0, 1, 0, 1, 0, 0, 0, 0, 0, 0, 0, 0]

Differential characteristic probability 2^-36
Nr of Solutions: 131
Probability distribution: {36: 2, 38: 18, 40: 40, 41: 2, 42: 30, 43: 39}
Probability impact: {36: '-35.00', 38: '-33.83', 40: '-34.68', 41: '-40.00', 42: '-37.09', 43: '-37.71'}
Differential probability 2^-32.70
Input Mask:  [1, 1, 0, 0, 1, 1, 1, 0, 1, 1, 0, 0, 0, 0, 0, 0, 1, 1, 0, 0, 0, 0, 1, 1, 0, 0, 0, 0, 0, 0, 1, 0]
Output Mask: [0, 0, 0, 0, 1, 0, 0, 1, 0, 0, 0, 0, 1, 1, 0, 1, 0, 0, 0, 0, 1, 0, 1, 0, 0, 0, 0, 0, 0, 0, 0, 0]

Differential characteristic probability 2^-36
Nr of Solutions: 113
Probability distribution: {36: 2, 38: 18, 40: 40, 42: 32, 43: 21}
Probability impact: {36: '-35.00', 38: '-33.83', 40: '-34.68', 42: '-37.00', 43: '-38.61'}
Differential probability 2^-32.73
Input Mask:  [1, 0, 1, 0, 1, 1, 0, 1, 0, 0, 0, 0, 1, 1, 0, 0, 0, 0, 1, 1, 1, 1, 0, 0, 1, 0, 0, 0, 0, 0, 0, 0]
Output Mask: [1, 0, 0, 1, 0, 0, 0, 0, 1, 1, 0, 1, 0, 0, 0, 0, 1, 0, 1, 0, 0, 0, 0, 0, 0, 0, 0, 0, 0, 0, 0, 0]

Differential characteristic probability 2^-36
Nr of Solutions: 281
Probability distribution: {36: 1, 37: 1, 38: 6, 39: 7, 40: 10, 41: 8, 42: 79, 43: 169}
Probability impact: {36: '-36.00', 37: '-37.00', 38: '-35.42', 39: '-36.19', 40: '-36.68', 41: '-38.00', 42: '-35.70', 43: '-35.60'}
Differential probability 2^-33.13
Input Mask:  [0, 0, 1, 0, 0, 0, 0, 0, 0, 0, 0, 0, 0, 0, 0, 0, 0, 0, 0, 0, 0, 1, 0, 1, 1, 0, 0, 1, 0, 0, 0, 0]
Output Mask: [0, 0, 0, 0, 0, 0, 0, 0, 0, 0, 0, 0, 0, 0, 0, 0, 0, 0, 1, 0, 0, 0, 0, 0, 0, 0, 0, 0, 0, 0, 0, 0]

Differential characteristic probability 2^-36
Nr of Solutions: 387
Probability distribution: {36: 1, 37: 3, 38: 2, 39: 8, 40: 7, 41: 38, 42: 92, 43: 236}
Probability impact: {36: '-36.00', 37: '-35.42', 38: '-37.00', 39: '-36.00', 40: '-37.19', 41: '-35.75', 42: '-35.48', 43: '-35.12'}
Differential probability 2^-32.85
Input Mask:  [0, 0, 0, 0, 1, 0, 0, 1, 0, 0, 0, 0, 1, 0, 0, 1, 0, 0, 0, 0, 1, 0, 0, 1, 0, 0, 0, 0, 0, 0, 0, 0]
Output Mask: [0, 0, 0, 0, 0, 0, 1, 0, 0, 0, 0, 0, 0, 0, 0, 0, 0, 0, 0, 0, 0, 0, 0, 0, 0, 0, 0, 0, 0, 0, 0, 0]

Differential characteristic probability 2^-36
Nr of Solutions: 91
Probability distribution: {36: 1, 37: 1, 39: 5, 40: 1, 41: 4, 42: 24, 43: 55}
Probability impact: {36: '-36.00', 37: '-37.00', 39: '-36.68', 40: '-40.00', 41: '-39.00', 42: '-37.42', 43: '-37.22'}
Differential probability 2^-34.36
Input Mask:  [1, 1, 1, 0, 0, 0, 0, 0, 0, 0, 1, 1, 0, 0, 0, 1, 0, 0, 1, 1, 0, 0, 0, 0, 0, 0, 0, 0, 0, 0, 0, 0]
Output Mask: [0, 0, 0, 0, 0, 0, 0, 0, 1, 1, 1, 1, 0, 0, 0, 0, 0, 0, 0, 0, 0, 0, 0, 0, 0, 0, 0, 0, 0, 0, 0, 0]

Differential characteristic probability 2^-36
Nr of Solutions: 58
Probability distribution: {36: 2, 38: 8, 40: 10, 41: 2, 42: 16, 43: 20}
Probability impact: {36: '-35.00', 38: '-35.00', 40: '-36.68', 41: '-40.00', 42: '-38.00', 43: '-38.68'}
Differential probability 2^-33.65
Input Mask:  [1, 1, 0, 0, 1, 1, 1, 0, 1, 1, 0, 0, 0, 0, 0, 0, 1, 1, 0, 0, 0, 0, 1, 1, 0, 0, 0, 0, 1, 0, 0, 0]
Output Mask: [0, 0, 0, 0, 1, 0, 0, 1, 0, 0, 0, 0, 1, 1, 0, 1, 0, 0, 0, 0, 1, 1, 1, 0, 0, 0, 0, 0, 0, 0, 0, 0]

Differential characteristic probability 2^-36
Nr of Solutions: 357
Probability distribution: {36: 1, 38: 4, 39: 7, 40: 16, 41: 27, 42: 76, 43: 226}
Probability impact: {36: '-36.00', 38: '-36.00', 39: '-36.19', 40: '-36.00', 41: '-36.25', 42: '-35.75', 43: '-35.18'}
Differential probability 2^-33.06
Input Mask:  [0, 0, 0, 0, 0, 0, 0, 0, 0, 0, 0, 0, 0, 0, 0, 0, 1, 0, 0, 0, 1, 1, 0, 0, 0, 0, 0, 0, 1, 1, 1, 0]
Output Mask: [0, 0, 0, 0, 0, 0, 0, 0, 0, 0, 0, 0, 0, 0, 0, 0, 0, 0, 0, 0, 0, 0, 1, 1, 0, 0, 0, 0, 0, 0, 0, 0]

Differential characteristic probability 2^-36
Nr of Solutions: 45
Probability distribution: {36: 1, 37: 2, 39: 2, 40: 1, 41: 2, 42: 10, 43: 27}
Probability impact: {36: '-36.00', 37: '-36.00', 39: '-38.00', 40: '-40.00', 41: '-40.00', 42: '-38.68', 43: '-38.25'}
Differential probability 2^-34.54
Input Mask:  [1, 0, 0, 0, 0, 0, 0, 0, 1, 1, 1, 0, 0, 0, 0, 0, 0, 0, 0, 0, 1, 0, 0, 1, 1, 1, 0, 0, 0, 0, 0, 0]
Output Mask: [0, 0, 0, 0, 0, 0, 0, 0, 0, 0, 0, 0, 0, 0, 0, 0, 0, 0, 0, 0, 0, 0, 0, 0, 1, 0, 0, 0, 0, 0, 0, 0]

Differential characteristic probability 2^-36
Nr of Solutions: 119
Probability distribution: {36: 1, 38: 2, 39: 4, 40: 5, 41: 4, 42: 34, 43: 69}
Probability impact: {36: '-36.00', 38: '-37.00', 39: '-37.00', 40: '-37.68', 41: '-39.00', 42: '-36.91', 43: '-36.89'}
Differential probability 2^-34.19
Input Mask:  [0, 1, 0, 0, 0, 0, 0, 0, 0, 0, 0, 0, 0, 0, 0, 0, 0, 1, 0, 0, 1, 1, 0, 0, 0, 0, 0, 1, 0, 0, 0, 0]
Output Mask: [0, 0, 0, 0, 0, 0, 0, 0, 0, 0, 1, 1, 0, 0, 0, 0, 0, 0, 0, 0, 0, 0, 0, 0, 0, 0, 0, 0, 0, 0, 0, 0]

Differential characteristic probability 2^-36
Nr of Solutions: 127
Probability distribution: {36: 4, 40: 4, 41: 12, 42: 22, 43: 85}
Probability impact: {36: '-34.00', 40: '-38.00', 41: '-37.42', 42: '-37.54', 43: '-36.59'}
Differential probability 2^-33.51
Input Mask:  [0, 0, 0, 0, 1, 0, 0, 0, 1, 0, 0, 1, 0, 0, 0, 0, 1, 1, 0, 0, 0, 0, 0, 0, 0, 0, 0, 0, 1, 0, 0, 1]
Output Mask: [0, 0, 0, 0, 0, 0, 0, 0, 0, 1, 0, 1, 0, 0, 0, 0, 0, 0, 0, 0, 0, 0, 0, 0, 0, 0, 0, 0, 0, 0, 0, 0]

Differential characteristic probability 2^-36
Nr of Solutions: 78
Probability distribution: {36: 1, 37: 2, 38: 2, 39: 2, 40: 2, 41: 2, 42: 16, 43: 51}
Probability impact: {36: '-36.00', 37: '-36.00', 38: '-37.00', 39: '-38.00', 40: '-39.00', 41: '-40.00', 42: '-38.00', 43: '-37.33'}
Differential probability 2^-34.16
Input Mask:  [0, 0, 0, 0, 0, 1, 0, 0, 0, 0, 0, 0, 0, 0, 1, 1, 0, 0, 0, 0, 0, 0, 0, 1, 0, 0, 1, 1, 0, 0, 0, 0]
Output Mask: [0, 0, 0, 0, 0, 0, 0, 0, 0, 0, 0, 0, 1, 1, 1, 0, 0, 0, 0, 0, 0, 0, 0, 0, 0, 0, 0, 0, 0, 0, 0, 0]

Differential characteristic probability 2^-36
Nr of Solutions: 149
Probability distribution: {36: 1, 38: 2, 39: 2, 40: 2, 41: 6, 42: 23, 43: 113}
Probability impact: {36: '-36.00', 38: '-37.00', 39: '-38.00', 40: '-39.00', 41: '-38.42', 42: '-37.48', 43: '-36.18'}
Differential probability 2^-34.28
Input Mask:  [1, 1, 1, 0, 1, 1, 0, 0, 0, 0, 0, 0, 0, 0, 0, 0, 0, 0, 1, 1, 1, 0, 0, 0, 0, 0, 0, 0, 0, 0, 0, 0]
Output Mask: [0, 0, 0, 0, 0, 0, 0, 0, 0, 0, 0, 0, 0, 0, 0, 0, 1, 0, 0, 1, 0, 0, 0, 0, 0, 0, 0, 0, 0, 0, 0, 0]

Differential characteristic probability 2^-36
Nr of Solutions: 316
Probability distribution: {36: 1, 38: 8, 39: 4, 40: 4, 41: 19, 42: 74, 43: 206}
Probability impact: {36: '-36.00', 38: '-35.00', 39: '-37.00', 40: '-38.00', 41: '-36.75', 42: '-35.79', 43: '-35.31'}
Differential probability 2^-33.17
Input Mask:  [0, 0, 0, 0, 1, 1, 0, 0, 0, 0, 0, 0, 0, 0, 0, 0, 1, 1, 0, 0, 0, 0, 0, 1, 0, 0, 0, 0, 0, 0, 0, 0]
Output Mask: [0, 1, 0, 0, 0, 0, 0, 0, 0, 0, 0, 0, 0, 0, 0, 0, 0, 0, 0, 0, 0, 0, 0, 0, 0, 0, 0, 0, 0, 0, 0, 0]

Differential characteristic probability 2^-36
Nr of Solutions: 167
Probability distribution: {36: 2, 37: 1, 38: 4, 40: 4, 41: 7, 42: 23, 43: 126}
Probability impact: {36: '-35.00', 37: '-37.00', 38: '-36.00', 40: '-38.00', 41: '-38.19', 42: '-37.48', 43: '-36.02'}
Differential probability 2^-33.59
Input Mask:  [1, 1, 0, 0, 1, 1, 1, 0, 0, 0, 0, 0, 0, 0, 0, 0, 1, 0, 0, 0, 0, 0, 1, 1, 0, 0, 0, 0, 0, 0, 0, 0]
Output Mask: [0, 0, 0, 0, 0, 0, 0, 0, 0, 0, 0, 0, 0, 0, 0, 0, 0, 0, 0, 0, 1, 1, 1, 0, 0, 0, 0, 0, 0, 0, 0, 0]

Differential characteristic probability 2^-36
Nr of Solutions: 28
Probability distribution: {36: 1, 38: 1, 39: 1, 40: 3, 41: 2, 42: 3, 43: 17}
Probability impact: {36: '-36.00', 38: '-38.00', 39: '-39.00', 40: '-38.42', 41: '-40.00', 42: '-40.42', 43: '-38.91'}
Differential probability 2^-35.15
Input Mask:  [0, 0, 0, 0, 0, 0, 0, 0, 1, 0, 1, 0, 0, 0, 0, 0, 1, 0, 1, 0, 0, 0, 1, 1, 1, 1, 1, 0, 1, 1, 0, 0]
Output Mask: [0, 0, 0, 0, 0, 0, 0, 0, 0, 0, 0, 0, 0, 0, 0, 0, 0, 0, 0, 0, 0, 0, 0, 0, 0, 0, 0, 0, 1, 1, 0, 1]

Differential characteristic probability 2^-36
Nr of Solutions: 174
Probability distribution: {36: 1, 38: 13, 40: 48, 41: 7, 42: 71, 43: 34}
Probability impact: {36: '-36.00', 38: '-34.30', 40: '-34.42', 41: '-38.19', 42: '-35.85', 43: '-37.91'}
Differential probability 2^-32.86
Input Mask:  [1, 1, 0, 1, 1, 0, 1, 0, 1, 1, 0, 0, 0, 0, 0, 0, 1, 1, 0, 0, 0, 0, 0, 1, 0, 0, 0, 0, 0, 0, 1, 0]
Output Mask: [0, 0, 0, 0, 0, 0, 0, 0, 0, 0, 0, 0, 0, 0, 0, 1, 0, 0, 0, 0, 0, 1, 0, 0, 0, 0, 0, 0, 1, 1, 0, 0]

Differential characteristic probability 2^-36
Nr of Solutions: 50
Probability distribution: {36: 2, 38: 8, 40: 10, 42: 16, 43: 14}
Probability impact: {36: '-35.00', 38: '-35.00', 40: '-36.68', 42: '-38.00', 43: '-39.19'}
Differential probability 2^-33.68
Input Mask:  [1, 1, 1, 0, 1, 1, 0, 0, 0, 0, 0, 0, 1, 1, 0, 0, 0, 0, 0, 1, 1, 1, 0, 0, 0, 0, 1, 0, 0, 0, 0, 0]
Output Mask: [1, 0, 0, 1, 0, 0, 0, 0, 1, 1, 0, 1, 0, 0, 0, 0, 1, 1, 1, 0, 0, 0, 0, 0, 0, 0, 0, 0, 0, 0, 0, 0]

Differential characteristic probability 2^-36
Nr of Solutions: 401
Probability distribution: {36: 1, 38: 18, 40: 108, 41: 7, 42: 219, 43: 48}
Probability impact: {36: '-36.00', 38: '-33.83', 40: '-33.25', 41: '-38.19', 42: '-34.23', 43: '-37.42'}
Differential probability 2^-31.98
Input Mask:  [1, 1, 1, 0, 1, 1, 0, 0, 0, 0, 0, 0, 1, 1, 0, 0, 0, 0, 0, 1, 1, 1, 0, 0, 1, 0, 0, 0, 0, 0, 0, 0]
Output Mask: [0, 0, 0, 0, 0, 0, 0, 0, 0, 0, 0, 1, 0, 0, 0, 0, 0, 1, 0, 0, 0, 0, 0, 0, 1, 1, 0, 1, 0, 0, 0, 0]

Differential characteristic probability 2^-36
Nr of Solutions: 89
Probability distribution: {36: 1, 38: 8, 40: 13, 41: 14, 42: 26, 43: 27}
Probability impact: {36: '-36.00', 38: '-35.00', 40: '-36.30', 41: '-37.19', 42: '-37.30', 43: '-38.25'}
Differential probability 2^-33.72
Input Mask:  [1, 1, 1, 0, 1, 1, 0, 0, 0, 0, 0, 0, 1, 1, 0, 0, 0, 0, 1, 1, 1, 1, 0, 0, 0, 0, 1, 0, 0, 0, 0, 0]
Output Mask: [0, 0, 0, 0, 0, 0, 0, 0, 0, 0, 0, 1, 0, 0, 0, 0, 1, 0, 0, 1, 0, 0, 0, 0, 1, 1, 0, 0, 0, 0, 0, 0]

Differential characteristic probability 2^-36
Nr of Solutions: 167
Probability distribution: {36: 1, 37: 5, 38: 6, 39: 1, 40: 4, 41: 8, 42: 34, 43: 108}
Probability impact: {36: '-36.00', 37: '-34.68', 38: '-35.42', 39: '-39.00', 40: '-38.00', 41: '-38.00', 42: '-36.91', 43: '-36.25'}
Differential probability 2^-33.19
Input Mask:  [0, 0, 0, 0, 0, 0, 0, 0, 0, 1, 0, 1, 0, 0, 0, 0, 1, 0, 0, 0, 0, 0, 0, 0, 1, 0, 0, 0, 1, 1, 1, 0]
Output Mask: [0, 0, 0, 0, 0, 0, 0, 0, 0, 0, 0, 0, 0, 0, 0, 0, 0, 1, 0, 0, 0, 0, 0, 0, 0, 0, 0, 0, 0, 0, 0, 0]

Differential characteristic probability 2^-36
Nr of Solutions: 141
Probability distribution: {36: 1, 37: 3, 38: 5, 40: 2, 41: 11, 42: 39, 43: 80}
Probability impact: {36: '-36.00', 37: '-35.42', 38: '-35.68', 40: '-39.00', 41: '-37.54', 42: '-36.71', 43: '-36.68'}
Differential probability 2^-33.55
Input Mask:  [0, 0, 0, 0, 0, 0, 1, 0, 0, 0, 0, 0, 1, 0, 0, 0, 0, 0, 0, 0, 0, 0, 0, 0, 1, 0, 1, 0, 1, 0, 0, 0]
Output Mask: [0, 0, 0, 0, 0, 0, 0, 0, 0, 0, 0, 0, 0, 0, 0, 0, 0, 0, 0, 0, 0, 0, 0, 0, 0, 0, 0, 0, 0, 0, 1, 0]

Differential characteristic probability 2^-36
Nr of Solutions: 402
Probability distribution: {36: 1, 38: 18, 40: 108, 41: 7, 42: 219, 43: 49}
Probability impact: {36: '-36.00', 38: '-33.83', 40: '-33.25', 41: '-38.19', 42: '-34.23', 43: '-37.39'}
Differential probability 2^-31.98
Input Mask:  [1, 1, 0, 1, 1, 0, 1, 0, 1, 1, 0, 0, 0, 0, 0, 0, 1, 1, 0, 0, 0, 0, 0, 1, 0, 0, 0, 0, 1, 0, 0, 0]
Output Mask: [0, 0, 0, 0, 0, 0, 0, 0, 0, 0, 0, 0, 0, 0, 0, 1, 0, 0, 0, 0, 0, 1, 0, 0, 0, 0, 0, 0, 1, 1, 0, 1]

Differential characteristic probability 2^-36
Nr of Solutions: 150
Probability distribution: {36: 1, 38: 13, 40: 48, 41: 8, 42: 48, 43: 32}
Probability impact: {36: '-36.00', 38: '-34.30', 40: '-34.42', 41: '-38.00', 42: '-36.42', 43: '-38.00'}
Differential probability 2^-32.91
Input Mask:  [1, 1, 1, 0, 1, 1, 0, 0, 0, 0, 0, 0, 1, 1, 0, 0, 0, 0, 1, 1, 1, 1, 0, 0, 1, 0, 0, 0, 0, 0, 0, 0]
Output Mask: [0, 0, 0, 0, 0, 0, 0, 0, 0, 0, 0, 1, 0, 0, 0, 0, 1, 0, 0, 1, 0, 0, 0, 0, 1, 1, 0, 1, 0, 0, 0, 0]

Differential characteristic probability 2^-36
Nr of Solutions: 83
Probability distribution: {36: 1, 38: 8, 40: 13, 41: 13, 42: 26, 43: 22}
Probability impact: {36: '-36.00', 38: '-35.00', 40: '-36.30', 41: '-37.30', 42: '-37.30', 43: '-38.54'}
Differential probability 2^-33.74
Input Mask:  [1, 1, 0, 1, 1, 1, 1, 0, 1, 1, 0, 0, 0, 0, 0, 0, 1, 1, 0, 0, 0, 0, 0, 1, 0, 0, 0, 0, 0, 0, 1, 0]
Output Mask: [0, 0, 0, 0, 0, 0, 0, 0, 0, 0, 0, 0, 0, 0, 0, 1, 0, 0, 0, 0, 1, 0, 0, 1, 0, 0, 0, 0, 1, 1, 0, 0]

Differential characteristic probability 2^-36
Nr of Solutions: 187
Probability distribution: {36: 1, 38: 1, 39: 2, 40: 1, 41: 10, 42: 32, 43: 140}
Probability impact: {36: '-36.00', 38: '-38.00', 39: '-38.00', 40: '-40.00', 41: '-37.68', 42: '-37.00', 43: '-35.87'}
Differential probability 2^-34.21
Input Mask:  [1, 0, 0, 0, 0, 0, 0, 0, 1, 0, 0, 0, 0, 0, 0, 0, 1, 0, 0, 1, 0, 0, 0, 0, 1, 0, 0, 1, 0, 0, 0, 0]
Output Mask: [0, 0, 0, 0, 1, 1, 1, 0, 0, 0, 0, 0, 0, 0, 0, 0, 0, 0, 0, 0, 0, 0, 0, 0, 0, 0, 0, 0, 0, 0, 0, 0]

Differential characteristic probability 2^-36
Nr of Solutions: 142
Probability distribution: {36: 1, 37: 3, 38: 1, 40: 4, 41: 4, 42: 38, 43: 91}
Probability impact: {36: '-36.00', 37: '-35.42', 38: '-38.00', 40: '-38.00', 41: '-39.00', 42: '-36.75', 43: '-36.49'}
Differential probability 2^-33.85
Input Mask:  [0, 0, 0, 0, 0, 0, 1, 0, 0, 0, 0, 0, 1, 0, 0, 0, 0, 0, 0, 0, 0, 0, 0, 0, 1, 1, 1, 0, 1, 0, 0, 0]
Output Mask: [0, 0, 0, 0, 0, 0, 0, 0, 0, 0, 0, 0, 0, 0, 0, 0, 0, 0, 0, 0, 0, 0, 0, 0, 0, 0, 0, 0, 1, 1, 1, 0]

Differential characteristic probability 2^-36
Nr of Solutions: 351
Probability distribution: {36: 2, 38: 7, 39: 5, 40: 5, 41: 25, 42: 78, 43: 229}
Probability impact: {36: '-35.00', 38: '-35.19', 39: '-36.68', 40: '-37.68', 41: '-36.36', 42: '-35.71', 43: '-35.16'}
Differential probability 2^-32.92
Input Mask:  [1, 1, 0, 0, 0, 0, 0, 0, 0, 0, 0, 0, 0, 0, 0, 0, 0, 0, 0, 1, 1, 1, 0, 0, 0, 0, 0, 0, 0, 0, 0, 0]
Output Mask: [0, 0, 0, 0, 1, 0, 0, 1, 0, 0, 0, 0, 0, 0, 0, 0, 0, 0, 0, 0, 0, 0, 0, 0, 0, 0, 0, 0, 0, 0, 0, 0]

Differential characteristic probability 2^-36
Nr of Solutions: 67
Probability distribution: {36: 2, 37: 1, 39: 1, 40: 3, 41: 6, 42: 14, 43: 40}
Probability impact: {36: '-35.00', 37: '-37.00', 39: '-39.00', 40: '-38.42', 41: '-38.42', 42: '-38.19', 43: '-37.68'}
Differential probability 2^-34.18
Input Mask:  [0, 0, 1, 0, 1, 0, 0, 0, 0, 0, 0, 0, 1, 0, 1, 0, 1, 1, 1, 0, 0, 0, 0, 0, 0, 0, 0, 0, 0, 0, 0, 0]
Output Mask: [0, 0, 0, 0, 0, 0, 0, 0, 0, 0, 0, 0, 0, 0, 0, 0, 0, 0, 0, 0, 0, 0, 0, 0, 0, 0, 0, 0, 1, 0, 0, 1]

Differential characteristic probability 2^-36
Nr of Solutions: 146
Probability distribution: {36: 1, 38: 13, 40: 50, 41: 2, 42: 36, 43: 44}
Probability impact: {36: '-36.00', 38: '-34.30', 40: '-34.36', 41: '-40.00', 42: '-36.83', 43: '-37.54'}
Differential probability 2^-32.94
Input Mask:  [1, 1, 1, 0, 1, 1, 0, 1, 0, 0, 0, 0, 1, 1, 0, 0, 0, 0, 0, 1, 1, 1, 0, 0, 1, 0, 0, 0, 0, 0, 0, 0]
Output Mask: [0, 0, 0, 0, 0, 0, 0, 0, 0, 0, 1, 1, 0, 0, 0, 0, 0, 1, 0, 0, 0, 0, 0, 0, 1, 1, 0, 1, 0, 0, 0, 0]

Differential characteristic probability 2^-36
Nr of Solutions: 44
Probability distribution: {36: 4, 42: 8, 43: 32}
Probability impact: {36: '-34.00', 42: '-39.00', 43: '-38.00'}
Differential probability 2^-33.87
Input Mask:  [1, 0, 1, 0, 0, 0, 0, 0, 0, 0, 0, 0, 0, 0, 0, 0, 1, 1, 1, 0, 0, 0, 1, 0, 1, 0, 1, 0, 0, 0, 0, 0]
Output Mask: [0, 0, 0, 0, 0, 0, 0, 0, 0, 1, 1, 0, 0, 0, 0, 0, 0, 0, 0, 0, 0, 0, 0, 0, 0, 0, 0, 0, 0, 0, 0, 0]

Differential characteristic probability 2^-36
Nr of Solutions: 123
Probability distribution: {36: 4, 40: 2, 41: 1, 42: 28, 43: 88}
Probability impact: {36: '-34.00', 40: '-39.00', 41: '-41.00', 42: '-37.19', 43: '-36.54'}
Differential probability 2^-33.60
Input Mask:  [1, 0, 0, 0, 1, 1, 0, 0, 0, 0, 0, 0, 1, 0, 0, 1, 0, 0, 0, 0, 1, 0, 1, 0, 0, 0, 0, 0, 0, 0, 0, 0]
Output Mask: [0, 0, 0, 0, 0, 0, 0, 0, 0, 0, 0, 0, 0, 1, 1, 0, 0, 0, 0, 0, 0, 0, 0, 0, 0, 0, 0, 0, 0, 0, 0, 0]

Differential characteristic probability 2^-36
Nr of Solutions: 97
Probability distribution: {36: 1, 38: 8, 40: 15, 41: 6, 42: 28, 43: 39}
Probability impact: {36: '-36.00', 38: '-35.00', 40: '-36.09', 41: '-38.42', 42: '-37.19', 43: '-37.71'}
Differential probability 2^-33.72
Input Mask:  [1, 1, 1, 0, 1, 1, 0, 1, 0, 0, 0, 0, 1, 1, 0, 0, 0, 0, 0, 1, 1, 1, 0, 0, 0, 0, 1, 0, 0, 0, 0, 0]
Output Mask: [0, 0, 0, 0, 0, 0, 0, 0, 0, 0, 1, 1, 0, 0, 0, 0, 0, 1, 0, 0, 0, 0, 0, 0, 1, 1, 0, 0, 0, 0, 0, 0]

Differential characteristic probability 2^-36
Nr of Solutions: 137
Probability distribution: {36: 1, 38: 13, 40: 48, 41: 7, 42: 48, 43: 20}
Probability impact: {36: '-36.00', 38: '-34.30', 40: '-34.42', 41: '-38.19', 42: '-36.42', 43: '-38.68'}
Differential probability 2^-32.93
Input Mask:  [1, 1, 0, 1, 1, 0, 1, 0, 1, 1, 0, 0, 0, 0, 0, 0, 1, 1, 0, 0, 0, 0, 1, 1, 0, 0, 0, 0, 0, 0, 1, 0]
Output Mask: [0, 0, 0, 0, 0, 0, 0, 0, 0, 0, 0, 0, 0, 0, 0, 1, 0, 0, 0, 0, 1, 0, 0, 1, 0, 0, 0, 0, 1, 1, 0, 1]

Differential characteristic probability 2^-36
Nr of Solutions: 325
Probability distribution: {36: 1, 38: 8, 39: 5, 40: 10, 41: 17, 42: 80, 43: 204}
Probability impact: {36: '-36.00', 38: '-35.00', 39: '-36.68', 40: '-36.68', 41: '-36.91', 42: '-35.68', 43: '-35.33'}
Differential probability 2^-33.07
Input Mask:  [1, 1, 0, 0, 0, 0, 0, 0, 0, 0, 0, 0, 0, 0, 0, 0, 0, 0, 1, 1, 1, 1, 0, 0, 0, 0, 0, 0, 0, 0, 0, 0]
Output Mask: [0, 0, 0, 0, 0, 1, 0, 0, 0, 0, 0, 0, 0, 0, 0, 0, 0, 0, 0, 0, 0, 0, 0, 0, 0, 0, 0, 0, 0, 0, 0, 0]

Differential characteristic probability 2^-36
Nr of Solutions: 354
Probability distribution: {36: 2, 38: 7, 39: 8, 40: 10, 41: 23, 42: 94, 43: 210}
Probability impact: {36: '-35.00', 38: '-35.19', 39: '-36.00', 40: '-36.68', 41: '-36.48', 42: '-35.45', 43: '-35.29'}
Differential probability 2^-32.80
Input Mask:  [0, 0, 0, 0, 1, 1, 0, 0, 0, 0, 0, 0, 0, 0, 0, 0, 1, 1, 0, 0, 0, 0, 1, 1, 0, 0, 0, 0, 0, 0, 0, 0]
Output Mask: [1, 0, 0, 1, 0, 0, 0, 0, 0, 0, 0, 0, 0, 0, 0, 0, 0, 0, 0, 0, 0, 0, 0, 0, 0, 0, 0, 0, 0, 0, 0, 0]

Differential characteristic probability 2^-36
Nr of Solutions: 54
Probability distribution: {36: 1, 38: 3, 40: 5, 41: 13, 42: 12, 43: 20}
Probability impact: {36: '-36.00', 38: '-36.42', 40: '-37.68', 41: '-37.30', 42: '-38.42', 43: '-38.68'}
Differential probability 2^-34.51
Input Mask:  [1, 1, 1, 0, 1, 1, 0, 1, 0, 0, 0, 0, 1, 1, 0, 0, 0, 0, 1, 1, 1, 1, 0, 0, 1, 0, 0, 0, 0, 0, 0, 0]
Output Mask: [0, 0, 0, 0, 0, 0, 0, 0, 0, 0, 1, 1, 0, 0, 0, 0, 1, 0, 0, 1, 0, 0, 0, 0, 1, 1, 0, 0, 0, 0, 0, 0]

Differential characteristic probability 2^-36
Nr of Solutions: 71
Probability distribution: {36: 1, 38: 8, 40: 15, 41: 3, 42: 15, 43: 29}
Probability impact: {36: '-36.00', 38: '-35.00', 40: '-36.09', 41: '-39.42', 42: '-38.09', 43: '-38.14'}
Differential probability 2^-33.83
Input Mask:  [1, 1, 1, 0, 1, 1, 0, 1, 0, 0, 0, 0, 1, 1, 0, 0, 0, 0, 1, 1, 1, 1, 0, 0, 0, 0, 1, 0, 0, 0, 0, 0]
Output Mask: [0, 0, 0, 0, 0, 0, 0, 0, 0, 0, 1, 1, 0, 0, 0, 0, 1, 0, 0, 1, 0, 0, 0, 0, 1, 1, 0, 1, 0, 0, 0, 0]

